SUCCESS!

2018-01-04 at 17:34:03 Generate AppaAppsPhotoApp version 20180104-173403 philiprbrenan/vocabulary/g/A3LetterWords

2018-01-04 at 17:34:07 Step: parseSource
2018-01-04 at 17:34:07 <b>Good source file!</b>
2018-01-04 at 17:34:07 Step: loadAssets
2018-01-04 at 17:34:30 0 new, 118 reused audio files
2018-01-04 at 17:34:30 Step: multiplyPhotosByFacts
2018-01-04 at 17:34:30 Step: genJavaManifest
2018-01-04 at 17:34:30 Step: genJsonManifest
2018-01-04 at 17:34:30 Step: genGameHtml
2018-01-04 at 17:34:30 Step: genHtmlAssets
2018-01-04 at 17:34:30 Step: zipAssets
2018-01-04 at 17:34:31 Step: compileApp
2018-01-04 at 17:34:36 Step: copyLinksToGitHub
2018-01-04 at 17:34:40 Step: copyFilesIntoPositionOnWebServer
--------------------------------------------------------------------------------
do {
  my $a = bless({
    android => bless({
      action        => "run",
      activity      => "Activity",
      buildFolder   => "/tmp/AppaAppsPhotoApp/build/",
      buildTools    => "/home/phil/Android/sdk/build-tools/25.0.2/",
      debug         => 0,
      device        => "-s emulator-5554",
      fastIcons     => undef,
      home          => "/home/phil/AppaAppsPhotoApp/",
      icon          => "/home/phil/audioImageCache/images/Eye.jpg",
      keyAlias      => "genApp",
      keyStoreFile  => "/home/phil/AppaAppsPhotoApp/keys/genApp.keystore",
      keyStorePwd   => "genApp",
      libs          => [],
      log           => [],
      package       => "com.appaapps.photoapp.philiprbrenanvocabularygA3LetterWords",
      parameters    => {
                         appName  => "vocabulary",
                         appPath  => "g/A3LetterWords",
                         cTime    => 1515087271,
                         devMode  => 1,
                         download => "http://www.appaapps.com",
                         title    => "Three-Letter Words",
                         userid   => "philiprbrenan",
                       },
      permissions   => ["INTERNET", "ACCESS_NETWORK_STATE", "WRITE_EXTERNAL_STORAGE"],
      platform      => "/home/phil/Android/sdk/platforms/android-25/",
      platformTools => "/home/phil/Android/sdk/platform-tools/",
      sdkLevels     => [15, 25],
      src           => [
                         "/home/phil/java/appState/AppState.java",
                         "/home/phil/java/choices/Choices.java",
                         "/home/phil/java/congratulations/Congratulations.java",
                         "/home/phil/java/coloursTransformed/ColoursTransformed.java",
                         "/home/phil/java/download/Download.java",
                         "/home/phil/java/email/Email.java",
                         "/home/phil/java/fourier/Fourier.java",
                         "/home/phil/java/gradients/Gradients.java",
                         "/home/phil/java/log/Log.java",
                         "/home/phil/java/maths/Maths.java",
                         "/home/phil/java/randomChoice/RandomChoice.java",
                         "/home/phil/java/save/Save.java",
                         "/home/phil/java/say/Say.java",
                         "/home/phil/java/sound/Midi.java",
                         "/home/phil/java/sound/Speech.java",
                         "/home/phil/java/svg/Svg.java",
                         "/home/phil/java/time/Time.java",
                         "/home/phil/java/translations/Translations.java",
                         "/home/phil/java/unpackappdescription/Unpackappdescription.java",
                         "/home/phil/java/upload/UploadStream.java",
                         "/home/phil/java/upload/GitHubUploadStream.java",
                         "/home/phil/java/unzip/Unzip.java",
                       ],
      title         => "Three-Letter Words",
      titles        => undef,
      verifyApk     => undef,
      version       => 20180104,
    }, "Android::Build"),
    app => bless({
      cmd => "app",
      defaulted => { language => 1, maxImages => 1, ordered => 1, rightInARow => 1 },
      end => 8,
      index => 0,
      name => "vocabulary.g.A3LetterWords",
      parsedKeys => bless({
        author               => "philiprbrenan",
        cmd                  => "app",
        description          => "Learn about Three-Letter Words in English",
        email                => "philiprbrenan\@gmail.com",
        emphasis             => 12,
        fullNameOnGooglePlay => undef,
        icon                 => "Eye.jpg",
        language             => "en",
        maxImages            => 12,
        name                 => "vocabulary.g.A3LetterWords",
        ordered              => "never",
        rightInARow          => 7,
        screenShots          => "Ant Ape Arm Bag Bat Bay Bed Bee Bin Bog Bow Box Boy Bug Bun Bus Can Cap Car Cat Cow Cup Dam Dog Ear Egg Emu Eye Fan Fin Fox Hat Hoe Ice Jar Jug Key Leg Lid Map Men Mug Oar Owl Pan Peg Pen Pig Pin Rug Sea Sow Sun Tap Toe Van Wok Yak Zip",
        speakers             => "Amy",
        title                => "Three-Letter Words",
      }, "ParsedKeys"),
      start => 1,
      title => "Three-Letter Words",
      titleFile => undef,
    }, "ParsedCmd"),
    dateTimeStamp => "2018-01-04 at 17:34:03",
    error => 0,
    iconFile => "/home/phil/audioImageCache/images/Eye.jpg",
    log => [
      "\n2018-01-04 at 17:34:03 Generate AppaAppsPhotoApp version 20180104-173403 philiprbrenan/vocabulary/g/A3LetterWords\n",
      "2018-01-04 at 17:34:07 Step: parseSource",
      "2018-01-04 at 17:34:07 <b>Good source file!</b>",
      "2018-01-04 at 17:34:07 Step: loadAssets",
      "2018-01-04 at 17:34:30 0 new, 118 reused audio files",
      "2018-01-04 at 17:34:30 Step: multiplyPhotosByFacts",
      "2018-01-04 at 17:34:30 Step: genJavaManifest",
      "2018-01-04 at 17:34:30 Step: genJsonManifest",
      "2018-01-04 at 17:34:30 Step: genGameHtml",
      "2018-01-04 at 17:34:30 Step: genHtmlAssets",
      "2018-01-04 at 17:34:30 Step: zipAssets",
      "2018-01-04 at 17:34:31 Step: compileApp",
      "2018-01-04 at 17:34:36 Step: copyLinksToGitHub",
      "2018-01-04 at 17:34:40 Step: copyFilesIntoPositionOnWebServer",
    ],
    parsedCmds => [
      'fix',
      bless({
        cmd => "photo",
        defaulted => { level => 1, titleFile => 1 },
        end => 12,
        index => 0,
        name => "Ant",
        parsedKeys => bless({
          aFewChars => undef,
          cmd => "photo",
          height => 1330,
          level => 1,
          name => "Ant",
          say => undef,
          screenShot => 1,
          title => "Ant",
          titleFile => "Ant",
          url => "github://philiprbrenan/vocabulary-0/images/A3LetterWords/Ant.jpg",
          width => 1326,
        }, "ParsedKeys"),
        say => undef,
        start => 11,
        title => "Ant",
        titleFile => "Ant",
      }, "ParsedCmd"),
      bless({
        cmd => "photo",
        defaulted => { level => 1, titleFile => 1 },
        end => 15,
        index => 1,
        name => "Ape",
        parsedKeys => bless({
          aFewChars => undef,
          cmd => "photo",
          height => 1458,
          level => 1,
          name => "Ape",
          say => undef,
          screenShot => 1,
          title => "Ape",
          titleFile => "Ape",
          url => "github://philiprbrenan/vocabulary-0/images/A3LetterWords/Ape.jpg",
          width => 1456,
        }, "ParsedKeys"),
        say => undef,
        start => 14,
        title => "Ape",
        titleFile => "Ape",
      }, "ParsedCmd"),
      bless({
        cmd => "photo",
        defaulted => { level => 1, titleFile => 1 },
        end => 18,
        index => 2,
        name => "Arm",
        parsedKeys => bless({
          aFewChars => undef,
          cmd => "photo",
          height => 1054,
          level => 1,
          name => "Arm",
          say => undef,
          screenShot => 1,
          title => "Arm",
          titleFile => "Arm",
          url => "github://philiprbrenan/vocabulary-0/images/A3LetterWords/Arm.jpg",
          width => 1052,
        }, "ParsedKeys"),
        say => undef,
        start => 17,
        title => "Arm",
        titleFile => "Arm",
      }, "ParsedCmd"),
      bless({
        cmd => "photo",
        defaulted => { level => 1, titleFile => 1 },
        end => 21,
        index => 3,
        name => "Bag",
        parsedKeys => bless({
          aFewChars => undef,
          cmd => "photo",
          height => 1867,
          level => 1,
          name => "Bag",
          say => undef,
          screenShot => 1,
          title => "Bag",
          titleFile => "Bag",
          url => "github://philiprbrenan/vocabulary-0/images/A3LetterWords/Bag.jpg",
          width => 1864,
        }, "ParsedKeys"),
        say => undef,
        start => 20,
        title => "Bag",
        titleFile => "Bag",
      }, "ParsedCmd"),
      bless({
        cmd => "photo",
        defaulted => { level => 1, titleFile => 1 },
        end => 24,
        index => 4,
        name => "Bat",
        parsedKeys => bless({
          aFewChars => undef,
          cmd => "photo",
          height => 407,
          level => 1,
          name => "Bat",
          say => undef,
          screenShot => 1,
          title => "Bat",
          titleFile => "Bat",
          url => "github://philiprbrenan/vocabulary-0/images/A3LetterWords/Bat.jpg",
          width => 407,
        }, "ParsedKeys"),
        say => undef,
        start => 23,
        title => "Bat",
        titleFile => "Bat",
      }, "ParsedCmd"),
      bless({
        cmd => "photo",
        defaulted => { level => 1, titleFile => 1 },
        end => 27,
        index => 5,
        name => "Bay",
        parsedKeys => bless({
          aFewChars => undef,
          cmd => "photo",
          height => 1940,
          level => 1,
          name => "Bay",
          say => undef,
          screenShot => 1,
          title => "Bay",
          titleFile => "Bay",
          url => "github://philiprbrenan/vocabulary-0/images/A3LetterWords/Bay.jpg",
          width => 1937,
        }, "ParsedKeys"),
        say => undef,
        start => 26,
        title => "Bay",
        titleFile => "Bay",
      }, "ParsedCmd"),
      bless({
        cmd => "photo",
        defaulted => { level => 1, titleFile => 1 },
        end => 30,
        index => 6,
        name => "Bed",
        parsedKeys => bless({
          aFewChars => undef,
          cmd => "photo",
          height => 1818,
          level => 1,
          name => "Bed",
          say => undef,
          screenShot => 1,
          title => "Bed",
          titleFile => "Bed",
          url => "github://philiprbrenan/vocabulary-0/images/A3LetterWords/Bed.jpg",
          width => 1814,
        }, "ParsedKeys"),
        say => undef,
        start => 29,
        title => "Bed",
        titleFile => "Bed",
      }, "ParsedCmd"),
      bless({
        cmd => "photo",
        defaulted => { level => 1, titleFile => 1 },
        end => 33,
        index => 7,
        name => "Bee",
        parsedKeys => bless({
          aFewChars => undef,
          cmd => "photo",
          height => 659,
          level => 1,
          name => "Bee",
          say => undef,
          screenShot => 1,
          title => "Bee",
          titleFile => "Bee",
          url => "github://philiprbrenan/vocabulary-0/images/A3LetterWords/Bee.jpg",
          width => 658,
        }, "ParsedKeys"),
        say => undef,
        start => 32,
        title => "Bee",
        titleFile => "Bee",
      }, "ParsedCmd"),
      bless({
        cmd => "photo",
        defaulted => { level => 1, titleFile => 1 },
        end => 36,
        index => 8,
        name => "Bin",
        parsedKeys => bless({
          aFewChars => undef,
          cmd => "photo",
          height => 1622,
          level => 1,
          name => "Bin",
          say => undef,
          screenShot => 1,
          title => "Bin",
          titleFile => "Bin",
          url => "github://philiprbrenan/vocabulary-0/images/A3LetterWords/Bin.jpg",
          width => 1620,
        }, "ParsedKeys"),
        say => undef,
        start => 35,
        title => "Bin",
        titleFile => "Bin",
      }, "ParsedCmd"),
      bless({
        cmd => "photo",
        defaulted => { level => 1, titleFile => 1 },
        end => 39,
        index => 9,
        name => "Bog",
        parsedKeys => bless({
          aFewChars => undef,
          cmd => "photo",
          height => 904,
          level => 1,
          name => "Bog",
          say => undef,
          screenShot => 1,
          title => "Bog",
          titleFile => "Bog",
          url => "github://philiprbrenan/vocabulary-0/images/A3LetterWords/Bog.jpg",
          width => 904,
        }, "ParsedKeys"),
        say => undef,
        start => 38,
        title => "Bog",
        titleFile => "Bog",
      }, "ParsedCmd"),
      bless({
        cmd => "photo",
        defaulted => { level => 1, titleFile => 1 },
        end => 42,
        index => 10,
        name => "Bow",
        parsedKeys => bless({
          aFewChars => undef,
          cmd => "photo",
          height => 1589,
          level => 1,
          name => "Bow",
          say => undef,
          screenShot => 1,
          title => "Bow",
          titleFile => "Bow",
          url => "github://philiprbrenan/vocabulary-0/images/A3LetterWords/Bow.jpg",
          width => 1587,
        }, "ParsedKeys"),
        say => undef,
        start => 41,
        title => "Bow",
        titleFile => "Bow",
      }, "ParsedCmd"),
      bless({
        cmd => "photo",
        defaulted => { level => 1, titleFile => 1 },
        end => 45,
        index => 11,
        name => "Box",
        parsedKeys => bless({
          aFewChars => undef,
          cmd => "photo",
          height => 1728,
          level => 1,
          name => "Box",
          say => undef,
          screenShot => 1,
          title => "Box",
          titleFile => "Box",
          url => "github://philiprbrenan/vocabulary-0/images/A3LetterWords/Box.jpg",
          width => 1726,
        }, "ParsedKeys"),
        say => undef,
        start => 44,
        title => "Box",
        titleFile => "Box",
      }, "ParsedCmd"),
      bless({
        cmd => "photo",
        defaulted => { level => 1, titleFile => 1 },
        end => 48,
        index => 12,
        name => "Boy",
        parsedKeys => bless({
          aFewChars => undef,
          cmd => "photo",
          height => 465,
          level => 1,
          name => "Boy",
          say => undef,
          screenShot => 1,
          title => "Boy",
          titleFile => "Boy",
          url => "github://philiprbrenan/vocabulary-0/images/A3LetterWords/Boy.jpg",
          width => 465,
        }, "ParsedKeys"),
        say => undef,
        start => 47,
        title => "Boy",
        titleFile => "Boy",
      }, "ParsedCmd"),
      bless({
        cmd => "photo",
        defaulted => { level => 1, titleFile => 1 },
        end => 51,
        index => 13,
        name => "Bug",
        parsedKeys => bless({
          aFewChars => undef,
          cmd => "photo",
          height => 2656,
          level => 1,
          name => "Bug",
          say => undef,
          screenShot => 1,
          title => "Bug",
          titleFile => "Bug",
          url => "github://philiprbrenan/vocabulary-0/images/A3LetterWords/Bug.jpg",
          width => 2652,
        }, "ParsedKeys"),
        say => undef,
        start => 50,
        title => "Bug",
        titleFile => "Bug",
      }, "ParsedCmd"),
      bless({
        cmd => "photo",
        defaulted => { level => 1, titleFile => 1 },
        end => 54,
        index => 14,
        name => "Bun",
        parsedKeys => bless({
          aFewChars => undef,
          cmd => "photo",
          height => 1536,
          level => 1,
          name => "Bun",
          say => undef,
          screenShot => 1,
          title => "Bun",
          titleFile => "Bun",
          url => "github://philiprbrenan/vocabulary-0/images/A3LetterWords/Bun.jpg",
          width => 1534,
        }, "ParsedKeys"),
        say => undef,
        start => 53,
        title => "Bun",
        titleFile => "Bun",
      }, "ParsedCmd"),
      bless({
        cmd => "photo",
        defaulted => { level => 1, titleFile => 1 },
        end => 57,
        index => 15,
        name => "Bus",
        parsedKeys => bless({
          aFewChars => undef,
          cmd => "photo",
          height => 1363,
          level => 1,
          name => "Bus",
          say => undef,
          screenShot => 1,
          title => "Bus",
          titleFile => "Bus",
          url => "github://philiprbrenan/vocabulary-0/images/A3LetterWords/Bus.jpg",
          width => 1361,
        }, "ParsedKeys"),
        say => undef,
        start => 56,
        title => "Bus",
        titleFile => "Bus",
      }, "ParsedCmd"),
      bless({
        cmd => "photo",
        defaulted => { level => 1, titleFile => 1 },
        end => 60,
        index => 16,
        name => "Can",
        parsedKeys => bless({
          aFewChars => undef,
          cmd => "photo",
          height => 1400,
          level => 1,
          name => "Can",
          say => undef,
          screenShot => 1,
          title => "Can",
          titleFile => "Can",
          url => "github://philiprbrenan/vocabulary-0/images/A3LetterWords/Can.jpg",
          width => 1398,
        }, "ParsedKeys"),
        say => undef,
        start => 59,
        title => "Can",
        titleFile => "Can",
      }, "ParsedCmd"),
      bless({
        cmd => "photo",
        defaulted => { level => 1, titleFile => 1 },
        end => 63,
        index => 17,
        name => "Cap",
        parsedKeys => bless({
          aFewChars => undef,
          cmd => "photo",
          height => 1389,
          level => 1,
          name => "Cap",
          say => undef,
          screenShot => 1,
          title => "Cap",
          titleFile => "Cap",
          url => "github://philiprbrenan/vocabulary-0/images/A3LetterWords/Cap.jpg",
          width => 1388,
        }, "ParsedKeys"),
        say => undef,
        start => 62,
        title => "Cap",
        titleFile => "Cap",
      }, "ParsedCmd"),
      bless({
        cmd => "photo",
        defaulted => { level => 1, titleFile => 1 },
        end => 66,
        index => 18,
        name => "Car",
        parsedKeys => bless({
          aFewChars => undef,
          cmd => "photo",
          height => 318,
          level => 1,
          name => "Car",
          say => undef,
          screenShot => 1,
          title => "Car",
          titleFile => "Car",
          url => "github://philiprbrenan/vocabulary-0/images/A3LetterWords/Car.jpg",
          width => 318,
        }, "ParsedKeys"),
        say => undef,
        start => 65,
        title => "Car",
        titleFile => "Car",
      }, "ParsedCmd"),
      bless({
        cmd => "photo",
        defaulted => { level => 1, titleFile => 1 },
        end => 69,
        index => 19,
        name => "Cat",
        parsedKeys => bless({
          aFewChars => undef,
          cmd => "photo",
          height => 884,
          level => 1,
          name => "Cat",
          say => undef,
          screenShot => 1,
          title => "Cat",
          titleFile => "Cat",
          url => "github://philiprbrenan/vocabulary-0/images/A3LetterWords/Cat.jpg",
          width => 885,
        }, "ParsedKeys"),
        say => undef,
        start => 68,
        title => "Cat",
        titleFile => "Cat",
      }, "ParsedCmd"),
      bless({
        cmd => "photo",
        defaulted => { level => 1, titleFile => 1 },
        end => 72,
        index => 20,
        name => "Cow",
        parsedKeys => bless({
          aFewChars => undef,
          cmd => "photo",
          height => 1462,
          level => 1,
          name => "Cow",
          say => undef,
          screenShot => 1,
          title => "Cow",
          titleFile => "Cow",
          url => "github://philiprbrenan/vocabulary-0/images/A3LetterWords/Cow.jpg",
          width => 1462,
        }, "ParsedKeys"),
        say => undef,
        start => 71,
        title => "Cow",
        titleFile => "Cow",
      }, "ParsedCmd"),
      bless({
        cmd => "photo",
        defaulted => { level => 1, titleFile => 1 },
        end => 75,
        index => 21,
        name => "Cup",
        parsedKeys => bless({
          aFewChars => undef,
          cmd => "photo",
          height => 1592,
          level => 1,
          name => "Cup",
          say => undef,
          screenShot => 1,
          title => "Cup",
          titleFile => "Cup",
          url => "github://philiprbrenan/vocabulary-0/images/A3LetterWords/Cup.jpg",
          width => 1588,
        }, "ParsedKeys"),
        say => undef,
        start => 74,
        title => "Cup",
        titleFile => "Cup",
      }, "ParsedCmd"),
      bless({
        cmd => "photo",
        defaulted => { level => 1, titleFile => 1 },
        end => 78,
        index => 22,
        name => "Dam",
        parsedKeys => bless({
          aFewChars => undef,
          cmd => "photo",
          height => 2315,
          level => 1,
          name => "Dam",
          say => undef,
          screenShot => 1,
          title => "Dam",
          titleFile => "Dam",
          url => "github://philiprbrenan/vocabulary-0/images/A3LetterWords/Dam.jpg",
          width => 2321,
        }, "ParsedKeys"),
        say => undef,
        start => 77,
        title => "Dam",
        titleFile => "Dam",
      }, "ParsedCmd"),
      bless({
        cmd => "photo",
        defaulted => { level => 1, titleFile => 1 },
        end => 81,
        index => 23,
        name => "Dog",
        parsedKeys => bless({
          aFewChars => undef,
          cmd => "photo",
          height => 1520,
          level => 1,
          name => "Dog",
          say => undef,
          screenShot => 1,
          title => "Dog",
          titleFile => "Dog",
          url => "github://philiprbrenan/vocabulary-0/images/A3LetterWords/Dog.jpg",
          width => 1514,
        }, "ParsedKeys"),
        say => undef,
        start => 80,
        title => "Dog",
        titleFile => "Dog",
      }, "ParsedCmd"),
      bless({
        cmd => "photo",
        defaulted => { level => 1, titleFile => 1 },
        end => 84,
        index => 24,
        name => "Ear",
        parsedKeys => bless({
          aFewChars => undef,
          cmd => "photo",
          height => 1132,
          level => 1,
          name => "Ear",
          say => undef,
          screenShot => 1,
          title => "Ear",
          titleFile => "Ear",
          url => "github://philiprbrenan/vocabulary-0/images/A3LetterWords/Ear.jpg",
          width => 1130,
        }, "ParsedKeys"),
        say => undef,
        start => 83,
        title => "Ear",
        titleFile => "Ear",
      }, "ParsedCmd"),
      bless({
        cmd => "photo",
        defaulted => { level => 1, titleFile => 1 },
        end => 87,
        index => 25,
        name => "Egg",
        parsedKeys => bless({
          aFewChars => undef,
          cmd => "photo",
          height => 432,
          level => 1,
          name => "Egg",
          say => undef,
          screenShot => 1,
          title => "Egg",
          titleFile => "Egg",
          url => "github://philiprbrenan/vocabulary-0/images/A3LetterWords/Egg.jpg",
          width => 431,
        }, "ParsedKeys"),
        say => undef,
        start => 86,
        title => "Egg",
        titleFile => "Egg",
      }, "ParsedCmd"),
      bless({
        cmd => "photo",
        defaulted => { level => 1, titleFile => 1 },
        end => 90,
        index => 26,
        name => "Emu",
        parsedKeys => bless({
          aFewChars => undef,
          cmd => "photo",
          height => 2283,
          level => 1,
          name => "Emu",
          say => undef,
          screenShot => 1,
          title => "Emu",
          titleFile => "Emu",
          url => "github://philiprbrenan/vocabulary-0/images/A3LetterWords/Emu.jpg",
          width => 2282,
        }, "ParsedKeys"),
        say => undef,
        start => 89,
        title => "Emu",
        titleFile => "Emu",
      }, "ParsedCmd"),
      bless({
        cmd => "photo",
        defaulted => { level => 1, titleFile => 1 },
        end => 93,
        index => 27,
        name => "Eye",
        parsedKeys => bless({
          aFewChars => undef,
          cmd => "photo",
          height => 1329,
          level => 1,
          name => "Eye",
          say => undef,
          screenShot => 1,
          title => "Eye",
          titleFile => "Eye",
          url => "github://philiprbrenan/vocabulary-0/images/A3LetterWords/Eye.jpg",
          width => 1327,
        }, "ParsedKeys"),
        say => undef,
        start => 92,
        title => "Eye",
        titleFile => "Eye",
      }, "ParsedCmd"),
      bless({
        cmd => "photo",
        defaulted => { level => 1, titleFile => 1 },
        end => 96,
        index => 28,
        name => "Fan",
        parsedKeys => bless({
          aFewChars => undef,
          cmd => "photo",
          height => 1631,
          level => 1,
          name => "Fan",
          say => undef,
          screenShot => 1,
          title => "Fan",
          titleFile => "Fan",
          url => "github://philiprbrenan/vocabulary-0/images/A3LetterWords/Fan.jpg",
          width => 1629,
        }, "ParsedKeys"),
        say => undef,
        start => 95,
        title => "Fan",
        titleFile => "Fan",
      }, "ParsedCmd"),
      bless({
        cmd => "photo",
        defaulted => { level => 1, titleFile => 1 },
        end => 99,
        index => 29,
        name => "Fin",
        parsedKeys => bless({
          aFewChars => undef,
          cmd => "photo",
          height => 976,
          level => 1,
          name => "Fin",
          say => undef,
          screenShot => 1,
          title => "Fin",
          titleFile => "Fin",
          url => "github://philiprbrenan/vocabulary-0/images/A3LetterWords/Fin.jpg",
          width => 975,
        }, "ParsedKeys"),
        say => undef,
        start => 98,
        title => "Fin",
        titleFile => "Fin",
      }, "ParsedCmd"),
      bless({
        cmd => "photo",
        defaulted => { level => 1, titleFile => 1 },
        end => 102,
        index => 30,
        name => "Fox",
        parsedKeys => bless({
          aFewChars => undef,
          cmd => "photo",
          height => 401,
          level => 1,
          name => "Fox",
          say => undef,
          screenShot => 1,
          title => "Fox",
          titleFile => "Fox",
          url => "github://philiprbrenan/vocabulary-0/images/A3LetterWords/Fox.jpg",
          width => 400,
        }, "ParsedKeys"),
        say => undef,
        start => 101,
        title => "Fox",
        titleFile => "Fox",
      }, "ParsedCmd"),
      bless({
        cmd => "photo",
        defaulted => { level => 1, titleFile => 1 },
        end => 105,
        index => 31,
        name => "Hat",
        parsedKeys => bless({
          aFewChars => undef,
          cmd => "photo",
          height => 1667,
          level => 1,
          name => "Hat",
          say => undef,
          screenShot => 1,
          title => "Hat",
          titleFile => "Hat",
          url => "github://philiprbrenan/vocabulary-0/images/A3LetterWords/Hat.jpg",
          width => 1664,
        }, "ParsedKeys"),
        say => undef,
        start => 104,
        title => "Hat",
        titleFile => "Hat",
      }, "ParsedCmd"),
      bless({
        cmd => "photo",
        defaulted => { level => 1, titleFile => 1 },
        end => 108,
        index => 32,
        name => "Hoe",
        parsedKeys => bless({
          aFewChars => undef,
          cmd => "photo",
          height => 1958,
          level => 1,
          name => "Hoe",
          say => undef,
          screenShot => 1,
          title => "Hoe",
          titleFile => "Hoe",
          url => "github://philiprbrenan/vocabulary-0/images/A3LetterWords/Hoe.jpg",
          width => 1956,
        }, "ParsedKeys"),
        say => undef,
        start => 107,
        title => "Hoe",
        titleFile => "Hoe",
      }, "ParsedCmd"),
      bless({
        cmd => "photo",
        defaulted => { level => 1, titleFile => 1 },
        end => 111,
        index => 33,
        name => "Ice",
        parsedKeys => bless({
          aFewChars => undef,
          cmd => "photo",
          height => 1461,
          level => 1,
          name => "Ice",
          say => undef,
          screenShot => 1,
          title => "Ice",
          titleFile => "Ice",
          url => "github://philiprbrenan/vocabulary-0/images/A3LetterWords/Ice.jpg",
          width => 1460,
        }, "ParsedKeys"),
        say => undef,
        start => 110,
        title => "Ice",
        titleFile => "Ice",
      }, "ParsedCmd"),
      bless({
        cmd => "photo",
        defaulted => { level => 1, titleFile => 1 },
        end => 114,
        index => 34,
        name => "Jar",
        parsedKeys => bless({
          aFewChars => undef,
          cmd => "photo",
          height => 1150,
          level => 1,
          name => "Jar",
          say => undef,
          screenShot => 1,
          title => "Jar",
          titleFile => "Jar",
          url => "github://philiprbrenan/vocabulary-0/images/A3LetterWords/Jar.jpg",
          width => 1148,
        }, "ParsedKeys"),
        say => undef,
        start => 113,
        title => "Jar",
        titleFile => "Jar",
      }, "ParsedCmd"),
      bless({
        cmd => "photo",
        defaulted => { level => 1, titleFile => 1 },
        end => 117,
        index => 35,
        name => "Jug",
        parsedKeys => bless({
          aFewChars => undef,
          cmd => "photo",
          height => 1586,
          level => 1,
          name => "Jug",
          say => undef,
          screenShot => 1,
          title => "Jug",
          titleFile => "Jug",
          url => "github://philiprbrenan/vocabulary-0/images/A3LetterWords/Jug.jpg",
          width => 1583,
        }, "ParsedKeys"),
        say => undef,
        start => 116,
        title => "Jug",
        titleFile => "Jug",
      }, "ParsedCmd"),
      bless({
        cmd => "photo",
        defaulted => { level => 1, titleFile => 1 },
        end => 120,
        index => 36,
        name => "Key",
        parsedKeys => bless({
          aFewChars => undef,
          cmd => "photo",
          height => 1492,
          level => 1,
          name => "Key",
          say => undef,
          screenShot => 1,
          title => "Key",
          titleFile => "Key",
          url => "github://philiprbrenan/vocabulary-0/images/A3LetterWords/Key.jpg",
          width => 1490,
        }, "ParsedKeys"),
        say => undef,
        start => 119,
        title => "Key",
        titleFile => "Key",
      }, "ParsedCmd"),
      bless({
        cmd => "photo",
        defaulted => { level => 1, titleFile => 1 },
        end => 123,
        index => 37,
        name => "Leg",
        parsedKeys => bless({
          aFewChars => undef,
          cmd => "photo",
          height => 1037,
          level => 1,
          name => "Leg",
          say => undef,
          screenShot => 1,
          title => "Leg",
          titleFile => "Leg",
          url => "github://philiprbrenan/vocabulary-0/images/A3LetterWords/Leg.jpg",
          width => 1035,
        }, "ParsedKeys"),
        say => undef,
        start => 122,
        title => "Leg",
        titleFile => "Leg",
      }, "ParsedCmd"),
      bless({
        cmd => "photo",
        defaulted => { level => 1, titleFile => 1 },
        end => 126,
        index => 38,
        name => "Lid",
        parsedKeys => bless({
          aFewChars => undef,
          cmd => "photo",
          height => 1739,
          level => 1,
          name => "Lid",
          say => undef,
          screenShot => 1,
          title => "Lid",
          titleFile => "Lid",
          url => "github://philiprbrenan/vocabulary-0/images/A3LetterWords/Lid.jpg",
          width => 1737,
        }, "ParsedKeys"),
        say => undef,
        start => 125,
        title => "Lid",
        titleFile => "Lid",
      }, "ParsedCmd"),
      bless({
        cmd => "photo",
        defaulted => { level => 1, titleFile => 1 },
        end => 129,
        index => 39,
        name => "Map",
        parsedKeys => bless({
          aFewChars => undef,
          cmd => "photo",
          height => 442,
          level => 1,
          name => "Map",
          say => undef,
          screenShot => 1,
          title => "Map",
          titleFile => "Map",
          url => "github://philiprbrenan/vocabulary-0/images/A3LetterWords/Map.jpg",
          width => 441,
        }, "ParsedKeys"),
        say => undef,
        start => 128,
        title => "Map",
        titleFile => "Map",
      }, "ParsedCmd"),
      bless({
        cmd => "photo",
        defaulted => { level => 1, titleFile => 1 },
        end => 132,
        index => 40,
        name => "Men",
        parsedKeys => bless({
          aFewChars => undef,
          cmd => "photo",
          height => 1725,
          level => 1,
          name => "Men",
          say => undef,
          screenShot => 1,
          title => "Men",
          titleFile => "Men",
          url => "github://philiprbrenan/vocabulary-0/images/A3LetterWords/Men.jpg",
          width => 1723,
        }, "ParsedKeys"),
        say => undef,
        start => 131,
        title => "Men",
        titleFile => "Men",
      }, "ParsedCmd"),
      bless({
        cmd => "photo",
        defaulted => { level => 1, titleFile => 1 },
        end => 135,
        index => 41,
        name => "Mug",
        parsedKeys => bless({
          aFewChars => undef,
          cmd => "photo",
          height => 1230,
          level => 1,
          name => "Mug",
          say => undef,
          screenShot => 1,
          title => "Mug",
          titleFile => "Mug",
          url => "github://philiprbrenan/vocabulary-0/images/A3LetterWords/Mug.jpg",
          width => 1228,
        }, "ParsedKeys"),
        say => undef,
        start => 134,
        title => "Mug",
        titleFile => "Mug",
      }, "ParsedCmd"),
      bless({
        cmd => "photo",
        defaulted => { level => 1, titleFile => 1 },
        end => 138,
        index => 42,
        name => "Oar",
        parsedKeys => bless({
          aFewChars => undef,
          cmd => "photo",
          height => 1492,
          level => 1,
          name => "Oar",
          say => undef,
          screenShot => 1,
          title => "Oar",
          titleFile => "Oar",
          url => "github://philiprbrenan/vocabulary-0/images/A3LetterWords/Oar.jpg",
          width => 1490,
        }, "ParsedKeys"),
        say => undef,
        start => 137,
        title => "Oar",
        titleFile => "Oar",
      }, "ParsedCmd"),
      bless({
        cmd => "photo",
        defaulted => { level => 1, titleFile => 1 },
        end => 141,
        index => 43,
        name => "Owl",
        parsedKeys => bless({
          aFewChars => undef,
          cmd => "photo",
          height => 1435,
          level => 1,
          name => "Owl",
          say => undef,
          screenShot => 1,
          title => "Owl",
          titleFile => "Owl",
          url => "github://philiprbrenan/vocabulary-0/images/A3LetterWords/Owl.jpg",
          width => 1431,
        }, "ParsedKeys"),
        say => undef,
        start => 140,
        title => "Owl",
        titleFile => "Owl",
      }, "ParsedCmd"),
      bless({
        cmd => "photo",
        defaulted => { level => 1, titleFile => 1 },
        end => 144,
        index => 44,
        name => "Pan",
        parsedKeys => bless({
          aFewChars => undef,
          cmd => "photo",
          height => 1528,
          level => 1,
          name => "Pan",
          say => undef,
          screenShot => 1,
          title => "Pan",
          titleFile => "Pan",
          url => "github://philiprbrenan/vocabulary-0/images/A3LetterWords/Pan.jpg",
          width => 1524,
        }, "ParsedKeys"),
        say => undef,
        start => 143,
        title => "Pan",
        titleFile => "Pan",
      }, "ParsedCmd"),
      bless({
        cmd => "photo",
        defaulted => { level => 1, titleFile => 1 },
        end => 147,
        index => 45,
        name => "Peg",
        parsedKeys => bless({
          aFewChars => undef,
          cmd => "photo",
          height => 1723,
          level => 1,
          name => "Peg",
          say => undef,
          screenShot => 1,
          title => "Peg",
          titleFile => "Peg",
          url => "github://philiprbrenan/vocabulary-0/images/A3LetterWords/Peg.jpg",
          width => 1721,
        }, "ParsedKeys"),
        say => undef,
        start => 146,
        title => "Peg",
        titleFile => "Peg",
      }, "ParsedCmd"),
      bless({
        cmd => "photo",
        defaulted => { level => 1, titleFile => 1 },
        end => 150,
        index => 46,
        name => "Pen",
        parsedKeys => bless({
          aFewChars => undef,
          cmd => "photo",
          height => 1365,
          level => 1,
          name => "Pen",
          say => undef,
          screenShot => 1,
          title => "Pen",
          titleFile => "Pen",
          url => "github://philiprbrenan/vocabulary-0/images/A3LetterWords/Pen.jpg",
          width => 1363,
        }, "ParsedKeys"),
        say => undef,
        start => 149,
        title => "Pen",
        titleFile => "Pen",
      }, "ParsedCmd"),
      bless({
        cmd => "photo",
        defaulted => { level => 1, titleFile => 1 },
        end => 153,
        index => 47,
        name => "Pig",
        parsedKeys => bless({
          aFewChars => undef,
          cmd => "photo",
          height => 1834,
          level => 1,
          name => "Pig",
          say => undef,
          screenShot => 1,
          title => "Pig",
          titleFile => "Pig",
          url => "github://philiprbrenan/vocabulary-0/images/A3LetterWords/Pig.jpg",
          width => 1830,
        }, "ParsedKeys"),
        say => undef,
        start => 152,
        title => "Pig",
        titleFile => "Pig",
      }, "ParsedCmd"),
      bless({
        cmd => "photo",
        defaulted => { level => 1, titleFile => 1 },
        end => 156,
        index => 48,
        name => "Pin",
        parsedKeys => bless({
          aFewChars => undef,
          cmd => "photo",
          height => 1299,
          level => 1,
          name => "Pin",
          say => undef,
          screenShot => 1,
          title => "Pin",
          titleFile => "Pin",
          url => "github://philiprbrenan/vocabulary-0/images/A3LetterWords/Pin.jpg",
          width => 1296,
        }, "ParsedKeys"),
        say => undef,
        start => 155,
        title => "Pin",
        titleFile => "Pin",
      }, "ParsedCmd"),
      bless({
        cmd => "photo",
        defaulted => { level => 1, titleFile => 1 },
        end => 159,
        index => 49,
        name => "Rug",
        parsedKeys => bless({
          aFewChars => undef,
          cmd => "photo",
          height => 1837,
          level => 1,
          name => "Rug",
          say => undef,
          screenShot => 1,
          title => "Rug",
          titleFile => "Rug",
          url => "github://philiprbrenan/vocabulary-0/images/A3LetterWords/Rug.jpg",
          width => 1834,
        }, "ParsedKeys"),
        say => undef,
        start => 158,
        title => "Rug",
        titleFile => "Rug",
      }, "ParsedCmd"),
      bless({
        cmd => "photo",
        defaulted => { level => 1, titleFile => 1 },
        end => 162,
        index => 50,
        name => "Sea",
        parsedKeys => bless({
          aFewChars => undef,
          cmd => "photo",
          height => 1519,
          level => 1,
          name => "Sea",
          say => undef,
          screenShot => 1,
          title => "Sea",
          titleFile => "Sea",
          url => "github://philiprbrenan/vocabulary-0/images/A3LetterWords/Sea.jpg",
          width => 1516,
        }, "ParsedKeys"),
        say => undef,
        start => 161,
        title => "Sea",
        titleFile => "Sea",
      }, "ParsedCmd"),
      bless({
        cmd => "photo",
        defaulted => { level => 1, titleFile => 1 },
        end => 165,
        index => 51,
        name => "Sow",
        parsedKeys => bless({
          aFewChars => undef,
          cmd => "photo",
          height => 2387,
          level => 1,
          name => "Sow",
          say => undef,
          screenShot => 1,
          title => "Sow",
          titleFile => "Sow",
          url => "github://philiprbrenan/vocabulary-0/images/A3LetterWords/Sow.jpg",
          width => 2382,
        }, "ParsedKeys"),
        say => undef,
        start => 164,
        title => "Sow",
        titleFile => "Sow",
      }, "ParsedCmd"),
      bless({
        cmd => "photo",
        defaulted => { level => 1, titleFile => 1 },
        end => 168,
        index => 52,
        name => "Sun",
        parsedKeys => bless({
          aFewChars => undef,
          cmd => "photo",
          height => 1819,
          level => 1,
          name => "Sun",
          say => undef,
          screenShot => 1,
          title => "Sun",
          titleFile => "Sun",
          url => "github://philiprbrenan/vocabulary-0/images/A3LetterWords/Sun.jpg",
          width => 1814,
        }, "ParsedKeys"),
        say => undef,
        start => 167,
        title => "Sun",
        titleFile => "Sun",
      }, "ParsedCmd"),
      bless({
        cmd => "photo",
        defaulted => { level => 1, titleFile => 1 },
        end => 171,
        index => 53,
        name => "Tap",
        parsedKeys => bless({
          aFewChars => undef,
          cmd => "photo",
          height => 1796,
          level => 1,
          name => "Tap",
          say => undef,
          screenShot => 1,
          title => "Tap",
          titleFile => "Tap",
          url => "github://philiprbrenan/vocabulary-0/images/A3LetterWords/Tap.jpg",
          width => 1794,
        }, "ParsedKeys"),
        say => undef,
        start => 170,
        title => "Tap",
        titleFile => "Tap",
      }, "ParsedCmd"),
      bless({
        cmd => "photo",
        defaulted => { level => 1, titleFile => 1 },
        end => 174,
        index => 54,
        name => "Toe",
        parsedKeys => bless({
          aFewChars => undef,
          cmd => "photo",
          height => 1216,
          level => 1,
          name => "Toe",
          say => undef,
          screenShot => 1,
          title => "Toe",
          titleFile => "Toe",
          url => "github://philiprbrenan/vocabulary-0/images/A3LetterWords/Toe.jpg",
          width => 1217,
        }, "ParsedKeys"),
        say => undef,
        start => 173,
        title => "Toe",
        titleFile => "Toe",
      }, "ParsedCmd"),
      bless({
        cmd => "photo",
        defaulted => { level => 1, titleFile => 1 },
        end => 177,
        index => 55,
        name => "Van",
        parsedKeys => bless({
          aFewChars => undef,
          cmd => "photo",
          height => 1920,
          level => 1,
          name => "Van",
          say => undef,
          screenShot => 1,
          title => "Van",
          titleFile => "Van",
          url => "github://philiprbrenan/vocabulary-0/images/A3LetterWords/Van.jpg",
          width => 1918,
        }, "ParsedKeys"),
        say => undef,
        start => 176,
        title => "Van",
        titleFile => "Van",
      }, "ParsedCmd"),
      bless({
        cmd => "photo",
        defaulted => { level => 1, titleFile => 1 },
        end => 180,
        index => 56,
        name => "Wok",
        parsedKeys => bless({
          aFewChars => undef,
          cmd => "photo",
          height => 1533,
          level => 1,
          name => "Wok",
          say => undef,
          screenShot => 1,
          title => "Wok",
          titleFile => "Wok",
          url => "github://philiprbrenan/vocabulary-0/images/A3LetterWords/Wok.jpg",
          width => 1529,
        }, "ParsedKeys"),
        say => undef,
        start => 179,
        title => "Wok",
        titleFile => "Wok",
      }, "ParsedCmd"),
      bless({
        cmd => "photo",
        defaulted => { level => 1, titleFile => 1 },
        end => 183,
        index => 57,
        name => "Yak",
        parsedKeys => bless({
          aFewChars => undef,
          cmd => "photo",
          height => 2501,
          level => 1,
          name => "Yak",
          say => undef,
          screenShot => 1,
          title => "Yak",
          titleFile => "Yak",
          url => "github://philiprbrenan/vocabulary-0/images/A3LetterWords/Yak.jpg",
          width => 2497,
        }, "ParsedKeys"),
        say => undef,
        start => 182,
        title => "Yak",
        titleFile => "Yak",
      }, "ParsedCmd"),
      bless({
        cmd => "photo",
        defaulted => { level => 1, titleFile => 1 },
        end => 186,
        index => 58,
        name => "Zip",
        parsedKeys => bless({
          aFewChars => undef,
          cmd => "photo",
          height => 1318,
          level => 1,
          name => "Zip",
          say => undef,
          screenShot => 1,
          title => "Zip",
          titleFile => "Zip",
          url => "github://philiprbrenan/vocabulary-0/images/A3LetterWords/Zip.jpg",
          width => 1316,
        }, "ParsedKeys"),
        say => undef,
        start => 185,
        title => "Zip",
        titleFile => "Zip",
      }, "ParsedCmd"),
    ],
    project => "philiprbrenan/vocabulary/g/A3LetterWords",
    source => "app vocabulary.g.A3LetterWords = Three-Letter Words\n  description  = Learn about Three-Letter Words in English\n  icon         = Eye.jpg\n  author       = philiprbrenan\n  email        = philiprbrenan\@gmail.com\n  screenShots  = Ant Ape Arm Bag Bat Bay Bed Bee Bin Bog Bow Box Boy Bug Bun Bus Can Cap Car Cat Cow Cup Dam Dog Ear Egg Emu Eye Fan Fin Fox Hat Hoe Ice Jar Jug Key Leg Lid Map Men Mug Oar Owl Pan Peg Pen Pig Pin Rug Sea Sow Sun Tap Toe Van Wok Yak Zip\n  speakers     = Amy\n  emphasis     = 12\n\n       \nphoto  Ant  =  Ant                                                               \n       url  =  github://philiprbrenan/vocabulary-0/images/A3LetterWords/Ant.jpg  \n       \nphoto  Ape  =  Ape                                                               \n       url  =  github://philiprbrenan/vocabulary-0/images/A3LetterWords/Ape.jpg  \n       \nphoto  Arm  =  Arm                                                               \n       url  =  github://philiprbrenan/vocabulary-0/images/A3LetterWords/Arm.jpg  \n       \nphoto  Bag  =  Bag                                                               \n       url  =  github://philiprbrenan/vocabulary-0/images/A3LetterWords/Bag.jpg  \n       \nphoto  Bat  =  Bat                                                               \n       url  =  github://philiprbrenan/vocabulary-0/images/A3LetterWords/Bat.jpg  \n       \nphoto  Bay  =  Bay                                                               \n       url  =  github://philiprbrenan/vocabulary-0/images/A3LetterWords/Bay.jpg  \n       \nphoto  Bed  =  Bed                                                               \n       url  =  github://philiprbrenan/vocabulary-0/images/A3LetterWords/Bed.jpg  \n       \nphoto  Bee  =  Bee                                                               \n       url  =  github://philiprbrenan/vocabulary-0/images/A3LetterWords/Bee.jpg  \n       \nphoto  Bin  =  Bin                                                               \n       url  =  github://philiprbrenan/vocabulary-0/images/A3LetterWords/Bin.jpg  \n       \nphoto  Bog  =  Bog                                                               \n       url  =  github://philiprbrenan/vocabulary-0/images/A3LetterWords/Bog.jpg  \n       \nphoto  Bow  =  Bow                                                               \n       url  =  github://philiprbrenan/vocabulary-0/images/A3LetterWords/Bow.jpg  \n       \nphoto  Box  =  Box                                                               \n       url  =  github://philiprbrenan/vocabulary-0/images/A3LetterWords/Box.jpg  \n       \nphoto  Boy  =  Boy                                                               \n       url  =  github://philiprbrenan/vocabulary-0/images/A3LetterWords/Boy.jpg  \n       \nphoto  Bug  =  Bug                                                               \n       url  =  github://philiprbrenan/vocabulary-0/images/A3LetterWords/Bug.jpg  \n       \nphoto  Bun  =  Bun                                                               \n       url  =  github://philiprbrenan/vocabulary-0/images/A3LetterWords/Bun.jpg  \n       \nphoto  Bus  =  Bus                                                               \n       url  =  github://philiprbrenan/vocabulary-0/images/A3LetterWords/Bus.jpg  \n       \nphoto  Can  =  Can                                                               \n       url  =  github://philiprbrenan/vocabulary-0/images/A3LetterWords/Can.jpg  \n       \nphoto  Cap  =  Cap                                                               \n       url  =  github://philiprbrenan/vocabulary-0/images/A3LetterWords/Cap.jpg  \n       \nphoto  Car  =  Car                                                               \n       url  =  github://philiprbrenan/vocabulary-0/images/A3LetterWords/Car.jpg  \n       \nphoto  Cat  =  Cat                                                               \n       url  =  github://philiprbrenan/vocabulary-0/images/A3LetterWords/Cat.jpg  \n       \nphoto  Cow  =  Cow                                                               \n       url  =  github://philiprbrenan/vocabulary-0/images/A3LetterWords/Cow.jpg  \n       \nphoto  Cup  =  Cup                                                               \n       url  =  github://philiprbrenan/vocabulary-0/images/A3LetterWords/Cup.jpg  \n       \nphoto  Dam  =  Dam                                                               \n       url  =  github://philiprbrenan/vocabulary-0/images/A3LetterWords/Dam.jpg  \n       \nphoto  Dog  =  Dog                                                               \n       url  =  github://philiprbrenan/vocabulary-0/images/A3LetterWords/Dog.jpg  \n       \nphoto  Ear  =  Ear                                                               \n       url  =  github://philiprbrenan/vocabulary-0/images/A3LetterWords/Ear.jpg  \n       \nphoto  Egg  =  Egg                                                               \n       url  =  github://philiprbrenan/vocabulary-0/images/A3LetterWords/Egg.jpg  \n       \nphoto  Emu  =  Emu                                                               \n       url  =  github://philiprbrenan/vocabulary-0/images/A3LetterWords/Emu.jpg  \n       \nphoto  Eye  =  Eye                                                               \n       url  =  github://philiprbrenan/vocabulary-0/images/A3LetterWords/Eye.jpg  \n       \nphoto  Fan  =  Fan                                                               \n       url  =  github://philiprbrenan/vocabulary-0/images/A3LetterWords/Fan.jpg  \n       \nphoto  Fin  =  Fin                                                               \n       url  =  github://philiprbrenan/vocabulary-0/images/A3LetterWords/Fin.jpg  \n       \nphoto  Fox  =  Fox                                                               \n       url  =  github://philiprbrenan/vocabulary-0/images/A3LetterWords/Fox.jpg  \n       \nphoto  Hat  =  Hat                                                               \n       url  =  github://philiprbrenan/vocabulary-0/images/A3LetterWords/Hat.jpg  \n       \nphoto  Hoe  =  Hoe                                                               \n       url  =  github://philiprbrenan/vocabulary-0/images/A3LetterWords/Hoe.jpg  \n       \nphoto  Ice  =  Ice                                                               \n       url  =  github://philiprbrenan/vocabulary-0/images/A3LetterWords/Ice.jpg  \n       \nphoto  Jar  =  Jar                                                               \n       url  =  github://philiprbrenan/vocabulary-0/images/A3LetterWords/Jar.jpg  \n       \nphoto  Jug  =  Jug                                                               \n       url  =  github://philiprbrenan/vocabulary-0/images/A3LetterWords/Jug.jpg  \n       \nphoto  Key  =  Key                                                               \n       url  =  github://philiprbrenan/vocabulary-0/images/A3LetterWords/Key.jpg  \n       \nphoto  Leg  =  Leg                                                               \n       url  =  github://philiprbrenan/vocabulary-0/images/A3LetterWords/Leg.jpg  \n       \nphoto  Lid  =  Lid                                                               \n       url  =  github://philiprbrenan/vocabulary-0/images/A3LetterWords/Lid.jpg  \n       \nphoto  Map  =  Map                                                               \n       url  =  github://philiprbrenan/vocabulary-0/images/A3LetterWords/Map.jpg  \n       \nphoto  Men  =  Men                                                               \n       url  =  github://philiprbrenan/vocabulary-0/images/A3LetterWords/Men.jpg  \n       \nphoto  Mug  =  Mug                                                               \n       url  =  github://philiprbrenan/vocabulary-0/images/A3LetterWords/Mug.jpg  \n       \nphoto  Oar  =  Oar                                                               \n       url  =  github://philiprbrenan/vocabulary-0/images/A3LetterWords/Oar.jpg  \n       \nphoto  Owl  =  Owl                                                               \n       url  =  github://philiprbrenan/vocabulary-0/images/A3LetterWords/Owl.jpg  \n       \nphoto  Pan  =  Pan                                                               \n       url  =  github://philiprbrenan/vocabulary-0/images/A3LetterWords/Pan.jpg  \n       \nphoto  Peg  =  Peg                                                               \n       url  =  github://philiprbrenan/vocabulary-0/images/A3LetterWords/Peg.jpg  \n       \nphoto  Pen  =  Pen                                                               \n       url  =  github://philiprbrenan/vocabulary-0/images/A3LetterWords/Pen.jpg  \n       \nphoto  Pig  =  Pig                                                               \n       url  =  github://philiprbrenan/vocabulary-0/images/A3LetterWords/Pig.jpg  \n       \nphoto  Pin  =  Pin                                                               \n       url  =  github://philiprbrenan/vocabulary-0/images/A3LetterWords/Pin.jpg  \n       \nphoto  Rug  =  Rug                                                               \n       url  =  github://philiprbrenan/vocabulary-0/images/A3LetterWords/Rug.jpg  \n       \nphoto  Sea  =  Sea                                                               \n       url  =  github://philiprbrenan/vocabulary-0/images/A3LetterWords/Sea.jpg  \n       \nphoto  Sow  =  Sow                                                               \n       url  =  github://philiprbrenan/vocabulary-0/images/A3LetterWords/Sow.jpg  \n       \nphoto  Sun  =  Sun                                                               \n       url  =  github://philiprbrenan/vocabulary-0/images/A3LetterWords/Sun.jpg  \n       \nphoto  Tap  =  Tap                                                               \n       url  =  github://philiprbrenan/vocabulary-0/images/A3LetterWords/Tap.jpg  \n       \nphoto  Toe  =  Toe                                                               \n       url  =  github://philiprbrenan/vocabulary-0/images/A3LetterWords/Toe.jpg  \n       \nphoto  Van  =  Van                                                               \n       url  =  github://philiprbrenan/vocabulary-0/images/A3LetterWords/Van.jpg  \n       \nphoto  Wok  =  Wok                                                               \n       url  =  github://philiprbrenan/vocabulary-0/images/A3LetterWords/Wok.jpg  \n       \nphoto  Yak  =  Yak                                                               \n       url  =  github://philiprbrenan/vocabulary-0/images/A3LetterWords/Yak.jpg  \n       \nphoto  Zip  =  Zip                                                               \n       url  =  github://philiprbrenan/vocabulary-0/images/A3LetterWords/Zip.jpg  \n",
    sourceFileSha => "38b9a0707646dfa188fcac810e63ea217912f57d",
    step => "completed",
    time => 1515087243,
  }, "Manifest");
  $a->{parsedCmds}[0] = $a->{app};
  $a;
}