Failed.

2018-01-09 at 17:00:27 Generate AppaAppsPhotoApp version 20180109-1 philiprbrenan/vocabulary/g/A3LetterWords/l/es/

2018-01-09 at 17:00:29 Step: parseSource
2018-01-09 at 17:00:29 <b>Good source file!</b>
2018-01-09 at 17:00:29 Duplicate titles on lines 139 and 157:
Jarra
Jarra

--------------------------------------------------------------------------------
do {
  my $a = bless({
    app => bless({
      cmd => "app",
      defaulted => { maxImages => 1, ordered => 1, rightInARow => 1 },
      end => 8,
      index => 0,
      name => "vocabulary.g.A3LetterWords.l.es",
      parsedKeys => bless({
        author            => "philiprbrenan",
        cmd               => "app",
        description       => "Aprender sobre palabras de tres letras",
        email             => "philiprbrenan\@gmail.com",
        emphasis          => 12,
        icon              => "github://philiprbrenan/vocabulary-0/images/A3LetterWords/Eye.jpg",
        language          => "es",
        maxImages         => 12,
        name              => "vocabulary.g.A3LetterWords.l.es",
        ordered           => "never",
        rightInARow       => 7,
        saveScreenShotsTo => "philiprbrenan/screenShots-0",
        screenShots       => undef,
        speakers          => "Conchita Enrique Miguel Penelope",
        title             => "Three-Letter Words in Spanish",
      }, "ParsedKeys"),
      start => 1,
      title => "Three-Letter Words in Spanish",
    }, "ParsedCmd"),
    dateTimeStamp => "2018-01-09 at 17:00:27",
    error => 1,
    log => [
      "\n2018-01-09 at 17:00:27 Generate AppaAppsPhotoApp version 20180109-1 philiprbrenan/vocabulary/g/A3LetterWords/l/es/\n",
      "2018-01-09 at 17:00:29 Step: parseSource",
      "2018-01-09 at 17:00:29 <b>Good source file!</b>",
      "2018-01-09 at 17:00:29 Duplicate titles on lines 139 and 157:\nJarra\nJarra\n",
    ],
    parsedCmds => [
      'fix',
      bless({
        cmd => "photo",
        defaulted => { level => 1, titleFile => 1 },
        end => 13,
        index => 0,
        name => "Ant",
        parsedKeys => bless({
          aFewChars => undef,
          cmd => "photo",
          level => 1,
          name => "Ant",
          pointsOfInterest => "(57, 39)",
          say => undef,
          screenShot => "true",
          title => "Hormiga",
          titleFile => "hormiga",
          url => "github://philiprbrenan/vocabulary-0/images/A3LetterWords/Ant.jpg",
        }, "ParsedKeys"),
        say => undef,
        start => 10,
        title => "Hormiga",
        titleFile => "hormiga",
      }, "ParsedCmd"),
      bless({
        cmd => "photo",
        defaulted => { level => 1, titleFile => 1 },
        end => 16,
        index => 1,
        name => "Ape",
        parsedKeys => bless({
          aFewChars => undef,
          cmd => "photo",
          level => 1,
          name => "Ape",
          say => undef,
          title => "Mono",
          titleFile => "mono",
          url => "github://philiprbrenan/vocabulary-0/images/A3LetterWords/Ape.jpg",
        }, "ParsedKeys"),
        say => undef,
        start => 15,
        title => "Mono",
        titleFile => "mono",
      }, "ParsedCmd"),
      bless({
        cmd => "photo",
        defaulted => { level => 1, titleFile => 1 },
        end => 19,
        index => 2,
        name => "Arm",
        parsedKeys => bless({
          aFewChars => undef,
          cmd => "photo",
          level => 1,
          name => "Arm",
          say => undef,
          title => "Brazo",
          titleFile => "brazo",
          url => "github://philiprbrenan/vocabulary-0/images/A3LetterWords/Arm.jpg",
        }, "ParsedKeys"),
        say => undef,
        start => 18,
        title => "Brazo",
        titleFile => "brazo",
      }, "ParsedCmd"),
      bless({
        cmd => "photo",
        defaulted => { level => 1, titleFile => 1 },
        end => 22,
        index => 3,
        name => "Bag",
        parsedKeys => bless({
          aFewChars => undef,
          cmd => "photo",
          level => 1,
          name => "Bag",
          say => undef,
          title => "Bolso",
          titleFile => "bolso",
          url => "github://philiprbrenan/vocabulary-0/images/A3LetterWords/Bag.jpg",
        }, "ParsedKeys"),
        say => undef,
        start => 21,
        title => "Bolso",
        titleFile => "bolso",
      }, "ParsedCmd"),
      bless({
        cmd => "photo",
        defaulted => { level => 1, titleFile => 1 },
        end => 26,
        index => 4,
        name => "Bat",
        parsedKeys => bless({
          aFewChars => undef,
          cmd => "photo",
          level => 1,
          name => "Bat",
          pointsOfInterest => "(51, 45)",
          say => undef,
          title => "Murci\xE9lago",
          titleFile => "murci\xE9lago",
          url => "github://philiprbrenan/vocabulary-0/images/A3LetterWords/Bat.jpg",
        }, "ParsedKeys"),
        say => undef,
        start => 24,
        title => "Murci\xE9lago",
        titleFile => "murci\xE9lago",
      }, "ParsedCmd"),
      bless({
        cmd => "photo",
        defaulted => { level => 1, titleFile => 1 },
        end => 30,
        index => 5,
        name => "Bay",
        parsedKeys => bless({
          aFewChars => undef,
          cmd => "photo",
          level => 1,
          name => "Bay",
          say => undef,
          screenShot => "true",
          title => "Bah\xEDa",
          titleFile => "bah\xEDa",
          url => "github://philiprbrenan/vocabulary-0/images/A3LetterWords/Bay.jpg",
        }, "ParsedKeys"),
        say => undef,
        start => 28,
        title => "Bah\xEDa",
        titleFile => "bah\xEDa",
      }, "ParsedCmd"),
      bless({
        cmd => "photo",
        defaulted => { level => 1, titleFile => 1 },
        end => 34,
        index => 6,
        name => "Bed",
        parsedKeys => bless({
          aFewChars => undef,
          cmd => "photo",
          level => 1,
          name => "Bed",
          pointsOfInterest => "(51, 4)",
          say => undef,
          title => "Cama",
          titleFile => "cama",
          url => "github://philiprbrenan/vocabulary-0/images/A3LetterWords/Bed.jpg",
        }, "ParsedKeys"),
        say => undef,
        start => 32,
        title => "Cama",
        titleFile => "cama",
      }, "ParsedCmd"),
      bless({
        cmd => "photo",
        defaulted => { level => 1, titleFile => 1 },
        end => 38,
        index => 7,
        name => "Bee",
        parsedKeys => bless({
          aFewChars => undef,
          cmd => "photo",
          level => 1,
          name => "Bee",
          pointsOfInterest => "(47, 4)",
          say => undef,
          title => "Abeja",
          titleFile => "abeja",
          url => "github://philiprbrenan/vocabulary-0/images/A3LetterWords/Bee.jpg",
        }, "ParsedKeys"),
        say => undef,
        start => 36,
        title => "Abeja",
        titleFile => "abeja",
      }, "ParsedCmd"),
      bless({
        cmd => "photo",
        defaulted => { level => 1, titleFile => 1 },
        end => 41,
        index => 8,
        name => "Bin",
        parsedKeys => bless({
          aFewChars => undef,
          cmd => "photo",
          level => 1,
          name => "Bin",
          say => undef,
          title => "Compartimiento",
          titleFile => "compartimiento",
          url => "github://philiprbrenan/vocabulary-0/images/A3LetterWords/Bin.jpg",
        }, "ParsedKeys"),
        say => undef,
        start => 40,
        title => "Compartimiento",
        titleFile => "compartimiento",
      }, "ParsedCmd"),
      bless({
        cmd => "photo",
        defaulted => { level => 1, titleFile => 1 },
        end => 44,
        index => 9,
        name => "Bog",
        parsedKeys => bless({
          aFewChars => undef,
          cmd => "photo",
          level => 1,
          name => "Bog",
          say => undef,
          title => "Pantano",
          titleFile => "pantano",
          url => "github://philiprbrenan/vocabulary-0/images/A3LetterWords/Bog.jpg",
        }, "ParsedKeys"),
        say => undef,
        start => 43,
        title => "Pantano",
        titleFile => "pantano",
      }, "ParsedCmd"),
      bless({
        cmd => "photo",
        defaulted => { level => 1, titleFile => 1 },
        end => 48,
        index => 10,
        name => "Bow",
        parsedKeys => bless({
          aFewChars => undef,
          cmd => "photo",
          level => 1,
          name => "Bow",
          pointsOfInterest => "(45, 28)",
          say => undef,
          title => "Arco",
          titleFile => "arco",
          url => "github://philiprbrenan/vocabulary-0/images/A3LetterWords/Bow.jpg",
        }, "ParsedKeys"),
        say => undef,
        start => 46,
        title => "Arco",
        titleFile => "arco",
      }, "ParsedCmd"),
      bless({
        cmd => "photo",
        defaulted => { level => 1, titleFile => 1 },
        end => 51,
        index => 11,
        name => "Box",
        parsedKeys => bless({
          aFewChars => undef,
          cmd => "photo",
          level => 1,
          name => "Box",
          say => undef,
          title => "Caja",
          titleFile => "caja",
          url => "github://philiprbrenan/vocabulary-0/images/A3LetterWords/Box.jpg",
        }, "ParsedKeys"),
        say => undef,
        start => 50,
        title => "Caja",
        titleFile => "caja",
      }, "ParsedCmd"),
      bless({
        cmd => "photo",
        defaulted => { level => 1, titleFile => 1 },
        end => 55,
        index => 12,
        name => "Boy",
        parsedKeys => bless({
          aFewChars => undef,
          cmd => "photo",
          level => 1,
          name => "Boy",
          pointsOfInterest => "(66, 43)",
          say => undef,
          title => "Chico",
          titleFile => "chico",
          url => "github://philiprbrenan/vocabulary-0/images/A3LetterWords/Boy.jpg",
        }, "ParsedKeys"),
        say => undef,
        start => 53,
        title => "Chico",
        titleFile => "chico",
      }, "ParsedCmd"),
      bless({
        cmd => "photo",
        defaulted => { level => 1, titleFile => 1 },
        end => 59,
        index => 13,
        name => "Bug",
        parsedKeys => bless({
          aFewChars => undef,
          cmd => "photo",
          level => 1,
          name => "Bug",
          pointsOfInterest => "(46, 46)",
          say => undef,
          title => "Error",
          titleFile => "error",
          url => "github://philiprbrenan/vocabulary-0/images/A3LetterWords/Bug.jpg",
        }, "ParsedKeys"),
        say => undef,
        start => 57,
        title => "Error",
        titleFile => "error",
      }, "ParsedCmd"),
      bless({
        cmd => "photo",
        defaulted => { level => 1, titleFile => 1 },
        end => 62,
        index => 14,
        name => "Bun",
        parsedKeys => bless({
          aFewChars => undef,
          cmd => "photo",
          level => 1,
          name => "Bun",
          say => undef,
          title => "Bollo",
          titleFile => "bollo",
          url => "github://philiprbrenan/vocabulary-0/images/A3LetterWords/Bun.jpg",
        }, "ParsedKeys"),
        say => undef,
        start => 61,
        title => "Bollo",
        titleFile => "bollo",
      }, "ParsedCmd"),
      bless({
        cmd => "photo",
        defaulted => { level => 1, titleFile => 1 },
        end => 67,
        index => 15,
        name => "Bus",
        parsedKeys => bless({
          aFewChars => undef,
          cmd => "photo",
          level => 1,
          name => "Bus",
          pointsOfInterest => "(64, 51)",
          say => undef,
          screenShot => "true",
          title => "Autob\xFAs",
          titleFile => "autob\xFAs",
          url => "github://philiprbrenan/vocabulary-0/images/A3LetterWords/Bus.jpg",
        }, "ParsedKeys"),
        say => undef,
        start => 64,
        title => "Autob\xFAs",
        titleFile => "autob\xFAs",
      }, "ParsedCmd"),
      bless({
        cmd => "photo",
        defaulted => { level => 1, titleFile => 1 },
        end => 70,
        index => 16,
        name => "Can",
        parsedKeys => bless({
          aFewChars => undef,
          cmd => "photo",
          level => 1,
          name => "Can",
          say => undef,
          title => "Poder",
          titleFile => "poder",
          url => "github://philiprbrenan/vocabulary-0/images/A3LetterWords/Can.jpg",
        }, "ParsedKeys"),
        say => undef,
        start => 69,
        title => "Poder",
        titleFile => "poder",
      }, "ParsedCmd"),
      bless({
        cmd => "photo",
        defaulted => { level => 1, titleFile => 1 },
        end => 73,
        index => 17,
        name => "Cap",
        parsedKeys => bless({
          aFewChars => undef,
          cmd => "photo",
          level => 1,
          name => "Cap",
          say => undef,
          title => "Gorra",
          titleFile => "gorra",
          url => "github://philiprbrenan/vocabulary-0/images/A3LetterWords/Cap.jpg",
        }, "ParsedKeys"),
        say => undef,
        start => 72,
        title => "Gorra",
        titleFile => "gorra",
      }, "ParsedCmd"),
      bless({
        cmd => "photo",
        defaulted => { level => 1, titleFile => 1 },
        end => 78,
        index => 18,
        name => "Car",
        parsedKeys => bless({
          aFewChars => undef,
          cmd => "photo",
          level => 1,
          name => "Car",
          pointsOfInterest => "(6, 57)",
          say => undef,
          screenShot => "true",
          title => "Coche",
          titleFile => "coche",
          url => "github://philiprbrenan/vocabulary-0/images/A3LetterWords/Car.jpg",
        }, "ParsedKeys"),
        say => undef,
        start => 75,
        title => "Coche",
        titleFile => "coche",
      }, "ParsedCmd"),
      bless({
        cmd => "photo",
        defaulted => { level => 1, titleFile => 1 },
        end => 83,
        index => 19,
        name => "Cat",
        parsedKeys => bless({
          aFewChars => undef,
          cmd => "photo",
          level => 1,
          name => "Cat",
          pointsOfInterest => "(52, 52)",
          say => undef,
          screenShot => "true",
          title => "Gato",
          titleFile => "gato",
          url => "github://philiprbrenan/vocabulary-0/images/A3LetterWords/Cat.jpg",
        }, "ParsedKeys"),
        say => undef,
        start => 80,
        title => "Gato",
        titleFile => "gato",
      }, "ParsedCmd"),
      bless({
        cmd => "photo",
        defaulted => { level => 1, titleFile => 1 },
        end => 87,
        index => 20,
        name => "Cow",
        parsedKeys => bless({
          aFewChars => undef,
          cmd => "photo",
          level => 1,
          name => "Cow",
          pointsOfInterest => "(5, 35)",
          say => undef,
          title => "Vaca",
          titleFile => "vaca",
          url => "github://philiprbrenan/vocabulary-0/images/A3LetterWords/Cow.jpg",
        }, "ParsedKeys"),
        say => undef,
        start => 85,
        title => "Vaca",
        titleFile => "vaca",
      }, "ParsedCmd"),
      bless({
        cmd => "photo",
        defaulted => { level => 1, titleFile => 1 },
        end => 90,
        index => 21,
        name => "Cup",
        parsedKeys => bless({
          aFewChars => undef,
          cmd => "photo",
          level => 1,
          name => "Cup",
          say => undef,
          title => "Vaso",
          titleFile => "vaso",
          url => "github://philiprbrenan/vocabulary-0/images/A3LetterWords/Cup.jpg",
        }, "ParsedKeys"),
        say => undef,
        start => 89,
        title => "Vaso",
        titleFile => "vaso",
      }, "ParsedCmd"),
      bless({
        cmd => "photo",
        defaulted => { level => 1, titleFile => 1 },
        end => 93,
        index => 22,
        name => "Dam",
        parsedKeys => bless({
          aFewChars => undef,
          cmd => "photo",
          level => 1,
          name => "Dam",
          say => undef,
          title => "Presa",
          titleFile => "presa",
          url => "github://philiprbrenan/vocabulary-0/images/A3LetterWords/Dam.jpg",
        }, "ParsedKeys"),
        say => undef,
        start => 92,
        title => "Presa",
        titleFile => "presa",
      }, "ParsedCmd"),
      bless({
        cmd => "photo",
        defaulted => { level => 1, titleFile => 1 },
        end => 98,
        index => 23,
        name => "Dog",
        parsedKeys => bless({
          aFewChars => undef,
          cmd => "photo",
          level => 1,
          name => "Dog",
          pointsOfInterest => "(6, 56)",
          say => undef,
          screenShot => "true",
          title => "Perro",
          titleFile => "perro",
          url => "github://philiprbrenan/vocabulary-0/images/A3LetterWords/Dog.jpg",
        }, "ParsedKeys"),
        say => undef,
        start => 95,
        title => "Perro",
        titleFile => "perro",
      }, "ParsedCmd"),
      bless({
        cmd => "photo",
        defaulted => { level => 1, titleFile => 1 },
        end => 101,
        index => 24,
        name => "Ear",
        parsedKeys => bless({
          aFewChars => undef,
          cmd => "photo",
          level => 1,
          name => "Ear",
          say => undef,
          title => "Oreja",
          titleFile => "oreja",
          url => "github://philiprbrenan/vocabulary-0/images/A3LetterWords/Ear.jpg",
        }, "ParsedKeys"),
        say => undef,
        start => 100,
        title => "Oreja",
        titleFile => "oreja",
      }, "ParsedCmd"),
      bless({
        cmd => "photo",
        defaulted => { level => 1, titleFile => 1 },
        end => 105,
        index => 25,
        name => "Egg",
        parsedKeys => bless({
          aFewChars => undef,
          cmd => "photo",
          level => 1,
          name => "Egg",
          pointsOfInterest => "(46, 26)",
          say => undef,
          title => "Huevo",
          titleFile => "huevo",
          url => "github://philiprbrenan/vocabulary-0/images/A3LetterWords/Egg.jpg",
        }, "ParsedKeys"),
        say => undef,
        start => 103,
        title => "Huevo",
        titleFile => "huevo",
      }, "ParsedCmd"),
      bless({
        cmd => "photo",
        defaulted => { level => 1, titleFile => 1 },
        end => 109,
        index => 26,
        name => "Emu",
        parsedKeys => bless({
          aFewChars => undef,
          cmd => "photo",
          level => 1,
          name => "Emu",
          pointsOfInterest => "(32, 22)",
          say => undef,
          title => "Em\xFA",
          titleFile => "em\xFA",
          url => "github://philiprbrenan/vocabulary-0/images/A3LetterWords/Emu.jpg",
        }, "ParsedKeys"),
        say => undef,
        start => 107,
        title => "Em\xFA",
        titleFile => "em\xFA",
      }, "ParsedCmd"),
      bless({
        cmd => "photo",
        defaulted => { level => 1, titleFile => 1 },
        end => 113,
        index => 27,
        name => "Eye",
        parsedKeys => bless({
          aFewChars => undef,
          cmd => "photo",
          level => 1,
          name => "Eye",
          pointsOfInterest => "(45, 51)",
          say => undef,
          title => "Ojo",
          titleFile => "ojo",
          url => "github://philiprbrenan/vocabulary-0/images/A3LetterWords/Eye.jpg",
        }, "ParsedKeys"),
        say => undef,
        start => 111,
        title => "Ojo",
        titleFile => "ojo",
      }, "ParsedCmd"),
      bless({
        cmd => "photo",
        defaulted => { level => 1, titleFile => 1 },
        end => 116,
        index => 28,
        name => "Fan",
        parsedKeys => bless({
          aFewChars => undef,
          cmd => "photo",
          level => 1,
          name => "Fan",
          say => undef,
          title => "Ventilador",
          titleFile => "ventilador",
          url => "github://philiprbrenan/vocabulary-0/images/A3LetterWords/Fan.jpg",
        }, "ParsedKeys"),
        say => undef,
        start => 115,
        title => "Ventilador",
        titleFile => "ventilador",
      }, "ParsedCmd"),
      bless({
        cmd => "photo",
        defaulted => { level => 1, titleFile => 1 },
        end => 120,
        index => 29,
        name => "Fin",
        parsedKeys => bless({
          aFewChars => undef,
          cmd => "photo",
          level => 1,
          name => "Fin",
          pointsOfInterest => "(46, 7)",
          say => undef,
          title => "Aleta",
          titleFile => "aleta",
          url => "github://philiprbrenan/vocabulary-0/images/A3LetterWords/Fin.jpg",
        }, "ParsedKeys"),
        say => undef,
        start => 118,
        title => "Aleta",
        titleFile => "aleta",
      }, "ParsedCmd"),
      bless({
        cmd => "photo",
        defaulted => { level => 1, titleFile => 1 },
        end => 124,
        index => 30,
        name => "Fox",
        parsedKeys => bless({
          aFewChars => undef,
          cmd => "photo",
          level => 1,
          name => "Fox",
          pointsOfInterest => "(55, 22)",
          say => undef,
          title => "Zorro",
          titleFile => "zorro",
          url => "github://philiprbrenan/vocabulary-0/images/A3LetterWords/Fox.jpg",
        }, "ParsedKeys"),
        say => undef,
        start => 122,
        title => "Zorro",
        titleFile => "zorro",
      }, "ParsedCmd"),
      bless({
        cmd => "photo",
        defaulted => { level => 1, titleFile => 1 },
        end => 127,
        index => 31,
        name => "Hat",
        parsedKeys => bless({
          aFewChars => undef,
          cmd => "photo",
          level => 1,
          name => "Hat",
          say => undef,
          title => "Sombrero",
          titleFile => "sombrero",
          url => "github://philiprbrenan/vocabulary-0/images/A3LetterWords/Hat.jpg",
        }, "ParsedKeys"),
        say => undef,
        start => 126,
        title => "Sombrero",
        titleFile => "sombrero",
      }, "ParsedCmd"),
      bless({
        cmd => "photo",
        defaulted => { level => 1, titleFile => 1 },
        end => 130,
        index => 32,
        name => "Hoe",
        parsedKeys => bless({
          aFewChars => undef,
          cmd => "photo",
          level => 1,
          name => "Hoe",
          say => undef,
          title => "Azada",
          titleFile => "azada",
          url => "github://philiprbrenan/vocabulary-0/images/A3LetterWords/Hoe.jpg",
        }, "ParsedKeys"),
        say => undef,
        start => 129,
        title => "Azada",
        titleFile => "azada",
      }, "ParsedCmd"),
      bless({
        cmd => "photo",
        defaulted => { level => 1, titleFile => 1 },
        end => 134,
        index => 33,
        name => "Ice",
        parsedKeys => bless({
          aFewChars => undef,
          cmd => "photo",
          level => 1,
          name => "Ice",
          pointsOfInterest => "(56, 39)",
          say => undef,
          title => "Hielo",
          titleFile => "hielo",
          url => "github://philiprbrenan/vocabulary-0/images/A3LetterWords/Ice.jpg",
        }, "ParsedKeys"),
        say => undef,
        start => 132,
        title => "Hielo",
        titleFile => "hielo",
      }, "ParsedCmd"),
      bless({
        cmd => "photo",
        defaulted => { level => 1, titleFile => 1 },
        end => 137,
        index => 34,
        name => "Jar",
        parsedKeys => bless({
          aFewChars => undef,
          cmd => "photo",
          level => 1,
          name => "Jar",
          say => undef,
          title => "Tarro",
          titleFile => "tarro",
          url => "github://philiprbrenan/vocabulary-0/images/A3LetterWords/Jar.jpg",
        }, "ParsedKeys"),
        say => undef,
        start => 136,
        title => "Tarro",
        titleFile => "tarro",
      }, "ParsedCmd"),
      bless({
        cmd => "photo",
        defaulted => { level => 1, titleFile => 1 },
        end => 140,
        index => 35,
        name => "Jug",
        parsedKeys => bless({
          aFewChars => undef,
          cmd => "photo",
          level => 1,
          name => "Jug",
          say => undef,
          title => "Jarra",
          titleFile => "jarra",
          url => "github://philiprbrenan/vocabulary-0/images/A3LetterWords/Jug.jpg",
        }, "ParsedKeys"),
        say => undef,
        start => 139,
        title => "Jarra",
        titleFile => "jarra",
      }, "ParsedCmd"),
      bless({
        cmd => "photo",
        defaulted => { level => 1, titleFile => 1 },
        end => 143,
        index => 36,
        name => "Key",
        parsedKeys => bless({
          aFewChars => undef,
          cmd => "photo",
          level => 1,
          name => "Key",
          say => undef,
          title => "Llave",
          titleFile => "llave",
          url => "github://philiprbrenan/vocabulary-0/images/A3LetterWords/Key.jpg",
        }, "ParsedKeys"),
        say => undef,
        start => 142,
        title => "Llave",
        titleFile => "llave",
      }, "ParsedCmd"),
      bless({
        cmd => "photo",
        defaulted => { level => 1, titleFile => 1 },
        end => 146,
        index => 37,
        name => "Leg",
        parsedKeys => bless({
          aFewChars => undef,
          cmd => "photo",
          level => 1,
          name => "Leg",
          say => undef,
          title => "Pierna",
          titleFile => "pierna",
          url => "github://philiprbrenan/vocabulary-0/images/A3LetterWords/Leg.jpg",
        }, "ParsedKeys"),
        say => undef,
        start => 145,
        title => "Pierna",
        titleFile => "pierna",
      }, "ParsedCmd"),
      bless({
        cmd => "photo",
        defaulted => { level => 1, titleFile => 1 },
        end => 149,
        index => 38,
        name => "Lid",
        parsedKeys => bless({
          aFewChars => undef,
          cmd => "photo",
          level => 1,
          name => "Lid",
          say => undef,
          title => "Tapa",
          titleFile => "tapa",
          url => "github://philiprbrenan/vocabulary-0/images/A3LetterWords/Lid.jpg",
        }, "ParsedKeys"),
        say => undef,
        start => 148,
        title => "Tapa",
        titleFile => "tapa",
      }, "ParsedCmd"),
      bless({
        cmd => "photo",
        defaulted => { level => 1, titleFile => 1 },
        end => 152,
        index => 39,
        name => "Map",
        parsedKeys => bless({
          aFewChars => undef,
          cmd => "photo",
          level => 1,
          name => "Map",
          say => undef,
          title => "Mapa",
          titleFile => "mapa",
          url => "github://philiprbrenan/vocabulary-0/images/A3LetterWords/Map.jpg",
        }, "ParsedKeys"),
        say => undef,
        start => 151,
        title => "Mapa",
        titleFile => "mapa",
      }, "ParsedCmd"),
      bless({
        cmd => "photo",
        defaulted => { level => 1, titleFile => 1 },
        end => 155,
        index => 40,
        name => "Men",
        parsedKeys => bless({
          aFewChars => undef,
          cmd => "photo",
          level => 1,
          name => "Men",
          say => undef,
          title => "Hombres",
          titleFile => "hombres",
          url => "github://philiprbrenan/vocabulary-0/images/A3LetterWords/Men.jpg",
        }, "ParsedKeys"),
        say => undef,
        start => 154,
        title => "Hombres",
        titleFile => "hombres",
      }, "ParsedCmd"),
      bless({
        cmd => "photo",
        defaulted => { level => 1, titleFile => 1 },
        end => 158,
        index => 41,
        name => "Mug",
        parsedKeys => bless({
          aFewChars => undef,
          cmd => "photo",
          level => 1,
          name => "Mug",
          say => undef,
          title => "Jarra",
          titleFile => "jarra",
          url => "github://philiprbrenan/vocabulary-0/images/A3LetterWords/Mug.jpg",
        }, "ParsedKeys"),
        say => undef,
        start => 157,
        title => "Jarra",
        titleFile => "jarra",
      }, "ParsedCmd"),
      bless({
        cmd => "photo",
        defaulted => { level => 1, titleFile => 1 },
        end => 162,
        index => 42,
        name => "Oar",
        parsedKeys => bless({
          aFewChars => undef,
          cmd => "photo",
          level => 1,
          name => "Oar",
          pointsOfInterest => "(41, 25)",
          say => undef,
          title => "Remo",
          titleFile => "remo",
          url => "github://philiprbrenan/vocabulary-0/images/A3LetterWords/Oar.jpg",
        }, "ParsedKeys"),
        say => undef,
        start => 160,
        title => "Remo",
        titleFile => "remo",
      }, "ParsedCmd"),
      bless({
        cmd => "photo",
        defaulted => { level => 1, titleFile => 1 },
        end => 166,
        index => 43,
        name => "Owl",
        parsedKeys => bless({
          aFewChars => undef,
          cmd => "photo",
          level => 1,
          name => "Owl",
          pointsOfInterest => "(55, 29)",
          say => undef,
          title => "B\xFAho",
          titleFile => "b\xFAho",
          url => "github://philiprbrenan/vocabulary-0/images/A3LetterWords/Owl.jpg",
        }, "ParsedKeys"),
        say => undef,
        start => 164,
        title => "B\xFAho",
        titleFile => "b\xFAho",
      }, "ParsedCmd"),
      bless({
        cmd => "photo",
        defaulted => { level => 1, titleFile => 1 },
        end => 169,
        index => 44,
        name => "Pan",
        parsedKeys => bless({
          aFewChars => undef,
          cmd => "photo",
          level => 1,
          name => "Pan",
          say => undef,
          title => "Pan",
          titleFile => "pan",
          url => "github://philiprbrenan/vocabulary-0/images/A3LetterWords/Pan.jpg",
        }, "ParsedKeys"),
        say => undef,
        start => 168,
        title => "Pan",
        titleFile => "pan",
      }, "ParsedCmd"),
      bless({
        cmd => "photo",
        defaulted => { level => 1, titleFile => 1 },
        end => 173,
        index => 45,
        name => "Peg",
        parsedKeys => bless({
          aFewChars => undef,
          cmd => "photo",
          level => 1,
          name => "Peg",
          pointsOfInterest => "(22, 36)",
          say => undef,
          title => "Clavija",
          titleFile => "clavija",
          url => "github://philiprbrenan/vocabulary-0/images/A3LetterWords/Peg.jpg",
        }, "ParsedKeys"),
        say => undef,
        start => 171,
        title => "Clavija",
        titleFile => "clavija",
      }, "ParsedCmd"),
      bless({
        cmd => "photo",
        defaulted => { level => 1, titleFile => 1 },
        end => 176,
        index => 46,
        name => "Pen",
        parsedKeys => bless({
          aFewChars => undef,
          cmd => "photo",
          level => 1,
          name => "Pen",
          say => undef,
          title => "Bol\xEDgrafo",
          titleFile => "bol\xEDgrafo",
          url => "github://philiprbrenan/vocabulary-0/images/A3LetterWords/Pen.jpg",
        }, "ParsedKeys"),
        say => undef,
        start => 175,
        title => "Bol\xEDgrafo",
        titleFile => "bol\xEDgrafo",
      }, "ParsedCmd"),
      bless({
        cmd => "photo",
        defaulted => { level => 1, titleFile => 1 },
        end => 180,
        index => 47,
        name => "Pig",
        parsedKeys => bless({
          aFewChars => undef,
          cmd => "photo",
          level => 1,
          name => "Pig",
          pointsOfInterest => "(79, 66)",
          say => undef,
          title => "Cerdo",
          titleFile => "cerdo",
          url => "github://philiprbrenan/vocabulary-0/images/A3LetterWords/Pig.jpg",
        }, "ParsedKeys"),
        say => undef,
        start => 178,
        title => "Cerdo",
        titleFile => "cerdo",
      }, "ParsedCmd"),
      bless({
        cmd => "photo",
        defaulted => { level => 1, titleFile => 1 },
        end => 184,
        index => 48,
        name => "Pin",
        parsedKeys => bless({
          aFewChars => undef,
          cmd => "photo",
          level => 1,
          name => "Pin",
          pointsOfInterest => "(75, 26)",
          say => undef,
          title => "Alfiler",
          titleFile => "alfiler",
          url => "github://philiprbrenan/vocabulary-0/images/A3LetterWords/Pin.jpg",
        }, "ParsedKeys"),
        say => undef,
        start => 182,
        title => "Alfiler",
        titleFile => "alfiler",
      }, "ParsedCmd"),
      bless({
        cmd => "photo",
        defaulted => { level => 1, titleFile => 1 },
        end => 187,
        index => 49,
        name => "Rug",
        parsedKeys => bless({
          aFewChars => undef,
          cmd => "photo",
          level => 1,
          name => "Rug",
          say => undef,
          title => "Alfombra",
          titleFile => "alfombra",
          url => "github://philiprbrenan/vocabulary-0/images/A3LetterWords/Rug.jpg",
        }, "ParsedKeys"),
        say => undef,
        start => 186,
        title => "Alfombra",
        titleFile => "alfombra",
      }, "ParsedCmd"),
      bless({
        cmd => "photo",
        defaulted => { level => 1, titleFile => 1 },
        end => 191,
        index => 50,
        name => "Sea",
        parsedKeys => bless({
          aFewChars => undef,
          cmd => "photo",
          level => 1,
          name => "Sea",
          pointsOfInterest => "(48, 55)",
          say => undef,
          title => "Mar",
          titleFile => "mar",
          url => "github://philiprbrenan/vocabulary-0/images/A3LetterWords/Sea.jpg",
        }, "ParsedKeys"),
        say => undef,
        start => 189,
        title => "Mar",
        titleFile => "mar",
      }, "ParsedCmd"),
      bless({
        cmd => "photo",
        defaulted => { level => 1, titleFile => 1 },
        end => 195,
        index => 51,
        name => "Sow",
        parsedKeys => bless({
          aFewChars => undef,
          cmd => "photo",
          level => 1,
          name => "Sow",
          pointsOfInterest => "(84, 6)",
          say => undef,
          title => "Sembrar",
          titleFile => "sembrar",
          url => "github://philiprbrenan/vocabulary-0/images/A3LetterWords/Sow.jpg",
        }, "ParsedKeys"),
        say => undef,
        start => 193,
        title => "Sembrar",
        titleFile => "sembrar",
      }, "ParsedCmd"),
      bless({
        cmd => "photo",
        defaulted => { level => 1, titleFile => 1 },
        end => 200,
        index => 52,
        name => "Sun",
        parsedKeys => bless({
          aFewChars => undef,
          cmd => "photo",
          level => 1,
          name => "Sun",
          pointsOfInterest => "(49, 46)",
          say => undef,
          screenShot => "true",
          title => "Sol",
          titleFile => "sol",
          url => "github://philiprbrenan/vocabulary-0/images/A3LetterWords/Sun.jpg",
        }, "ParsedKeys"),
        say => undef,
        start => 197,
        title => "Sol",
        titleFile => "sol",
      }, "ParsedCmd"),
      bless({
        cmd => "photo",
        defaulted => { level => 1, titleFile => 1 },
        end => 204,
        index => 53,
        name => "Tap",
        parsedKeys => bless({
          aFewChars => undef,
          cmd => "photo",
          level => 1,
          name => "Tap",
          pointsOfInterest => "(72, 35)",
          say => undef,
          title => "Grifo",
          titleFile => "grifo",
          url => "github://philiprbrenan/vocabulary-0/images/A3LetterWords/Tap.jpg",
        }, "ParsedKeys"),
        say => undef,
        start => 202,
        title => "Grifo",
        titleFile => "grifo",
      }, "ParsedCmd"),
      bless({
        cmd => "photo",
        defaulted => { level => 1, titleFile => 1 },
        end => 208,
        index => 54,
        name => "Toe",
        parsedKeys => bless({
          aFewChars => undef,
          cmd => "photo",
          level => 1,
          name => "Toe",
          pointsOfInterest => "(38, 17)",
          say => undef,
          title => "Dedo del pie",
          titleFile => "dedoDelPie",
          url => "github://philiprbrenan/vocabulary-0/images/A3LetterWords/Toe.jpg",
        }, "ParsedKeys"),
        say => undef,
        start => 206,
        title => "Dedo del pie",
        titleFile => "dedoDelPie",
      }, "ParsedCmd"),
      bless({
        cmd => "photo",
        defaulted => { level => 1, titleFile => 1 },
        end => 213,
        index => 55,
        name => "Van",
        parsedKeys => bless({
          aFewChars => undef,
          cmd => "photo",
          level => 1,
          name => "Van",
          pointsOfInterest => "(36, 39)",
          say => undef,
          screenShot => "true",
          title => "Camioneta",
          titleFile => "camioneta",
          url => "github://philiprbrenan/vocabulary-0/images/A3LetterWords/Van.jpg",
        }, "ParsedKeys"),
        say => undef,
        start => 210,
        title => "Camioneta",
        titleFile => "camioneta",
      }, "ParsedCmd"),
      bless({
        cmd => "photo",
        defaulted => { level => 1, titleFile => 1 },
        end => 216,
        index => 56,
        name => "Wok",
        parsedKeys => bless({
          aFewChars => undef,
          cmd => "photo",
          level => 1,
          name => "Wok",
          say => undef,
          title => "Wok",
          titleFile => "wok",
          url => "github://philiprbrenan/vocabulary-0/images/A3LetterWords/Wok.jpg",
        }, "ParsedKeys"),
        say => undef,
        start => 215,
        title => "Wok",
        titleFile => "wok",
      }, "ParsedCmd"),
      bless({
        cmd => "photo",
        defaulted => { level => 1, titleFile => 1 },
        end => 220,
        index => 57,
        name => "Yak",
        parsedKeys => bless({
          aFewChars => undef,
          cmd => "photo",
          level => 1,
          name => "Yak",
          pointsOfInterest => "(71, 38)",
          say => undef,
          title => "Yak",
          titleFile => "yak",
          url => "github://philiprbrenan/vocabulary-0/images/A3LetterWords/Yak.jpg",
        }, "ParsedKeys"),
        say => undef,
        start => 218,
        title => "Yak",
        titleFile => "yak",
      }, "ParsedCmd"),
      bless({
        cmd => "photo",
        defaulted => { level => 1, titleFile => 1 },
        end => 224,
        index => 58,
        name => "Zip",
        parsedKeys => bless({
          aFewChars => undef,
          cmd => "photo",
          level => 1,
          name => "Zip",
          pointsOfInterest => "(46, 5)",
          say => undef,
          title => "Cremallera",
          titleFile => "cremallera",
          url => "github://philiprbrenan/vocabulary-0/images/A3LetterWords/Zip.jpg",
        }, "ParsedKeys"),
        say => undef,
        start => 222,
        title => "Cremallera",
        titleFile => "cremallera",
      }, "ParsedCmd"),
    ],
    project => "philiprbrenan/vocabulary/g/A3LetterWords/l/es/",
    source => "app    vocabulary.g.A3LetterWords.l.es  =  Three-Letter Words in Spanish                                     \n       author                           =  philiprbrenan                                                     \n       description                      =  Aprender sobre palabras de tres letras                            \n       email                            =  philiprbrenan\@gmail.com                                           \n       emphasis                         =                                                                12  \n       icon                             =  github://philiprbrenan/vocabulary-0/images/A3LetterWords/Eye.jpg  \n       saveScreenShotsTo                =  philiprbrenan/screenShots-0                                       \n       language                         =  es                                                                \n       \nphoto  Ant                              =  Hormiga                                                           \n       pointsOfInterest                 =  (57, 39)                                                          \n       screenShot                       =  true                                                              \n       url                              =  github://philiprbrenan/vocabulary-0/images/A3LetterWords/Ant.jpg  \n       \nphoto  Ape                              =  Mono                                                              \n       url                              =  github://philiprbrenan/vocabulary-0/images/A3LetterWords/Ape.jpg  \n       \nphoto  Arm                              =  Brazo                                                             \n       url                              =  github://philiprbrenan/vocabulary-0/images/A3LetterWords/Arm.jpg  \n       \nphoto  Bag                              =  Bolso                                                             \n       url                              =  github://philiprbrenan/vocabulary-0/images/A3LetterWords/Bag.jpg  \n       \nphoto  Bat                              =  Murci\xE9lago                                                        \n       pointsOfInterest                 =  (51, 45)                                                          \n       url                              =  github://philiprbrenan/vocabulary-0/images/A3LetterWords/Bat.jpg  \n       \nphoto  Bay                              =  Bah\xEDa                                                             \n       screenShot                       =  true                                                              \n       url                              =  github://philiprbrenan/vocabulary-0/images/A3LetterWords/Bay.jpg  \n       \nphoto  Bed                              =  Cama                                                              \n       pointsOfInterest                 =  (51, 4)                                                           \n       url                              =  github://philiprbrenan/vocabulary-0/images/A3LetterWords/Bed.jpg  \n       \nphoto  Bee                              =  Abeja                                                             \n       pointsOfInterest                 =  (47, 4)                                                           \n       url                              =  github://philiprbrenan/vocabulary-0/images/A3LetterWords/Bee.jpg  \n       \nphoto  Bin                              =  Compartimiento                                                    \n       url                              =  github://philiprbrenan/vocabulary-0/images/A3LetterWords/Bin.jpg  \n       \nphoto  Bog                              =  Pantano                                                           \n       url                              =  github://philiprbrenan/vocabulary-0/images/A3LetterWords/Bog.jpg  \n       \nphoto  Bow                              =  Arco                                                              \n       pointsOfInterest                 =  (45, 28)                                                          \n       url                              =  github://philiprbrenan/vocabulary-0/images/A3LetterWords/Bow.jpg  \n       \nphoto  Box                              =  Caja                                                              \n       url                              =  github://philiprbrenan/vocabulary-0/images/A3LetterWords/Box.jpg  \n       \nphoto  Boy                              =  Chico                                                             \n       pointsOfInterest                 =  (66, 43)                                                          \n       url                              =  github://philiprbrenan/vocabulary-0/images/A3LetterWords/Boy.jpg  \n       \nphoto  Bug                              =  Error                                                             \n       pointsOfInterest                 =  (46, 46)                                                          \n       url                              =  github://philiprbrenan/vocabulary-0/images/A3LetterWords/Bug.jpg  \n       \nphoto  Bun                              =  Bollo                                                             \n       url                              =  github://philiprbrenan/vocabulary-0/images/A3LetterWords/Bun.jpg  \n       \nphoto  Bus                              =  Autob\xFAs                                                           \n       pointsOfInterest                 =  (64, 51)                                                          \n       screenShot                       =  true                                                              \n       url                              =  github://philiprbrenan/vocabulary-0/images/A3LetterWords/Bus.jpg  \n       \nphoto  Can                              =  Poder                                                             \n       url                              =  github://philiprbrenan/vocabulary-0/images/A3LetterWords/Can.jpg  \n       \nphoto  Cap                              =  Gorra                                                             \n       url                              =  github://philiprbrenan/vocabulary-0/images/A3LetterWords/Cap.jpg  \n       \nphoto  Car                              =  Coche                                                             \n       pointsOfInterest                 =  (6, 57)                                                           \n       screenShot                       =  true                                                              \n       url                              =  github://philiprbrenan/vocabulary-0/images/A3LetterWords/Car.jpg  \n       \nphoto  Cat                              =  Gato                                                              \n       pointsOfInterest                 =  (52, 52)                                                          \n       screenShot                       =  true                                                              \n       url                              =  github://philiprbrenan/vocabulary-0/images/A3LetterWords/Cat.jpg  \n       \nphoto  Cow                              =  Vaca                                                              \n       pointsOfInterest                 =  (5, 35)                                                           \n       url                              =  github://philiprbrenan/vocabulary-0/images/A3LetterWords/Cow.jpg  \n       \nphoto  Cup                              =  Vaso                                                              \n       url                              =  github://philiprbrenan/vocabulary-0/images/A3LetterWords/Cup.jpg  \n       \nphoto  Dam                              =  Presa                                                             \n       url                              =  github://philiprbrenan/vocabulary-0/images/A3LetterWords/Dam.jpg  \n       \nphoto  Dog                              =  Perro                                                             \n       pointsOfInterest                 =  (6, 56)                                                           \n       screenShot                       =  true                                                              \n       url                              =  github://philiprbrenan/vocabulary-0/images/A3LetterWords/Dog.jpg  \n       \nphoto  Ear                              =  Oreja                                                             \n       url                              =  github://philiprbrenan/vocabulary-0/images/A3LetterWords/Ear.jpg  \n       \nphoto  Egg                              =  Huevo                                                             \n       pointsOfInterest                 =  (46, 26)                                                          \n       url                              =  github://philiprbrenan/vocabulary-0/images/A3LetterWords/Egg.jpg  \n       \nphoto  Emu                              =  Em\xFA                                                               \n       pointsOfInterest                 =  (32, 22)                                                          \n       url                              =  github://philiprbrenan/vocabulary-0/images/A3LetterWords/Emu.jpg  \n       \nphoto  Eye                              =  Ojo                                                               \n       pointsOfInterest                 =  (45, 51)                                                          \n       url                              =  github://philiprbrenan/vocabulary-0/images/A3LetterWords/Eye.jpg  \n       \nphoto  Fan                              =  Ventilador                                                        \n       url                              =  github://philiprbrenan/vocabulary-0/images/A3LetterWords/Fan.jpg  \n       \nphoto  Fin                              =  Aleta                                                             \n       pointsOfInterest                 =  (46, 7)                                                           \n       url                              =  github://philiprbrenan/vocabulary-0/images/A3LetterWords/Fin.jpg  \n       \nphoto  Fox                              =  Zorro                                                             \n       pointsOfInterest                 =  (55, 22)                                                          \n       url                              =  github://philiprbrenan/vocabulary-0/images/A3LetterWords/Fox.jpg  \n       \nphoto  Hat                              =  Sombrero                                                          \n       url                              =  github://philiprbrenan/vocabulary-0/images/A3LetterWords/Hat.jpg  \n       \nphoto  Hoe                              =  Azada                                                             \n       url                              =  github://philiprbrenan/vocabulary-0/images/A3LetterWords/Hoe.jpg  \n       \nphoto  Ice                              =  Hielo                                                             \n       pointsOfInterest                 =  (56, 39)                                                          \n       url                              =  github://philiprbrenan/vocabulary-0/images/A3LetterWords/Ice.jpg  \n       \nphoto  Jar                              =  Tarro                                                             \n       url                              =  github://philiprbrenan/vocabulary-0/images/A3LetterWords/Jar.jpg  \n       \nphoto  Jug                              =  Jarra                                                             \n       url                              =  github://philiprbrenan/vocabulary-0/images/A3LetterWords/Jug.jpg  \n       \nphoto  Key                              =  Llave                                                             \n       url                              =  github://philiprbrenan/vocabulary-0/images/A3LetterWords/Key.jpg  \n       \nphoto  Leg                              =  Pierna                                                            \n       url                              =  github://philiprbrenan/vocabulary-0/images/A3LetterWords/Leg.jpg  \n       \nphoto  Lid                              =  Tapa                                                              \n       url                              =  github://philiprbrenan/vocabulary-0/images/A3LetterWords/Lid.jpg  \n       \nphoto  Map                              =  Mapa                                                              \n       url                              =  github://philiprbrenan/vocabulary-0/images/A3LetterWords/Map.jpg  \n       \nphoto  Men                              =  Hombres                                                           \n       url                              =  github://philiprbrenan/vocabulary-0/images/A3LetterWords/Men.jpg  \n       \nphoto  Mug                              =  Jarra                                                             \n       url                              =  github://philiprbrenan/vocabulary-0/images/A3LetterWords/Mug.jpg  \n       \nphoto  Oar                              =  Remo                                                              \n       pointsOfInterest                 =  (41, 25)                                                          \n       url                              =  github://philiprbrenan/vocabulary-0/images/A3LetterWords/Oar.jpg  \n       \nphoto  Owl                              =  B\xFAho                                                              \n       pointsOfInterest                 =  (55, 29)                                                          \n       url                              =  github://philiprbrenan/vocabulary-0/images/A3LetterWords/Owl.jpg  \n       \nphoto  Pan                              =  Pan                                                               \n       url                              =  github://philiprbrenan/vocabulary-0/images/A3LetterWords/Pan.jpg  \n       \nphoto  Peg                              =  Clavija                                                           \n       pointsOfInterest                 =  (22, 36)                                                          \n       url                              =  github://philiprbrenan/vocabulary-0/images/A3LetterWords/Peg.jpg  \n       \nphoto  Pen                              =  Bol\xEDgrafo                                                         \n       url                              =  github://philiprbrenan/vocabulary-0/images/A3LetterWords/Pen.jpg  \n       \nphoto  Pig                              =  Cerdo                                                             \n       pointsOfInterest                 =  (79, 66)                                                          \n       url                              =  github://philiprbrenan/vocabulary-0/images/A3LetterWords/Pig.jpg  \n       \nphoto  Pin                              =  Alfiler                                                           \n       pointsOfInterest                 =  (75, 26)                                                          \n       url                              =  github://philiprbrenan/vocabulary-0/images/A3LetterWords/Pin.jpg  \n       \nphoto  Rug                              =  Alfombra                                                          \n       url                              =  github://philiprbrenan/vocabulary-0/images/A3LetterWords/Rug.jpg  \n       \nphoto  Sea                              =  Mar                                                               \n       pointsOfInterest                 =  (48, 55)                                                          \n       url                              =  github://philiprbrenan/vocabulary-0/images/A3LetterWords/Sea.jpg  \n       \nphoto  Sow                              =  Sembrar                                                           \n       pointsOfInterest                 =  (84, 6)                                                           \n       url                              =  github://philiprbrenan/vocabulary-0/images/A3LetterWords/Sow.jpg  \n       \nphoto  Sun                              =  Sol                                                               \n       pointsOfInterest                 =  (49, 46)                                                          \n       screenShot                       =  true                                                              \n       url                              =  github://philiprbrenan/vocabulary-0/images/A3LetterWords/Sun.jpg  \n       \nphoto  Tap                              =  Grifo                                                             \n       pointsOfInterest                 =  (72, 35)                                                          \n       url                              =  github://philiprbrenan/vocabulary-0/images/A3LetterWords/Tap.jpg  \n       \nphoto  Toe                              =  Dedo del pie                                                      \n       pointsOfInterest                 =  (38, 17)                                                          \n       url                              =  github://philiprbrenan/vocabulary-0/images/A3LetterWords/Toe.jpg  \n       \nphoto  Van                              =  Camioneta                                                         \n       pointsOfInterest                 =  (36, 39)                                                          \n       screenShot                       =  true                                                              \n       url                              =  github://philiprbrenan/vocabulary-0/images/A3LetterWords/Van.jpg  \n       \nphoto  Wok                              =  Wok                                                               \n       url                              =  github://philiprbrenan/vocabulary-0/images/A3LetterWords/Wok.jpg  \n       \nphoto  Yak                              =  Yak                                                               \n       pointsOfInterest                 =  (71, 38)                                                          \n       url                              =  github://philiprbrenan/vocabulary-0/images/A3LetterWords/Yak.jpg  \n       \nphoto  Zip                              =  Cremallera                                                        \n       pointsOfInterest                 =  (46, 5)                                                           \n       url                              =  github://philiprbrenan/vocabulary-0/images/A3LetterWords/Zip.jpg  \n",
    sourceFileSha => "f99e879cfed1cfe31877817ad01ca3a8b831f5d8",
    step => "parseSource",
    time => 1515517227,
  }, "Manifest");
  $a->{parsedCmds}[0] = $a->{app};
  $a;
}