Failed.

2018-01-09 at 17:06:16 Generate AppaAppsPhotoApp version 20180109-1 philiprbrenan/vocabulary/g/A3LetterWords/l/is/

2018-01-09 at 17:06:17 Step: parseSource
2018-01-09 at 17:06:18 <b>Good source file!</b>
2018-01-09 at 17:06:18 Duplicate titles on lines 89 and 139:
Bolli
Bolli

2018-01-09 at 17:06:18 Duplicate titles on lines 72 and 148:
Loki
Loki

--------------------------------------------------------------------------------
do {
  my $a = bless({
    app => bless({
      cmd => "app",
      defaulted => { maxImages => 1, ordered => 1, rightInARow => 1 },
      end => 8,
      index => 0,
      name => "vocabulary.g.A3LetterWords.l.is",
      parsedKeys => bless({
        author            => "philiprbrenan",
        cmd               => "app",
        description       => "L\xE6ra um \xFEriggja stafa or\xF0",
        email             => "philiprbrenan\@gmail.com",
        emphasis          => 12,
        icon              => "github://philiprbrenan/vocabulary-0/images/A3LetterWords/Eye.jpg",
        language          => "is",
        maxImages         => 12,
        name              => "vocabulary.g.A3LetterWords.l.is",
        ordered           => "never",
        rightInARow       => 7,
        saveScreenShotsTo => "philiprbrenan/screenShots-0",
        screenShots       => undef,
        speakers          => "Dora Karl",
        title             => "Three-Letter Words in Icelandic",
      }, "ParsedKeys"),
      start => 1,
      title => "Three-Letter Words in Icelandic",
    }, "ParsedCmd"),
    dateTimeStamp => "2018-01-09 at 17:06:16",
    error => 2,
    log => [
      "\n2018-01-09 at 17:06:16 Generate AppaAppsPhotoApp version 20180109-1 philiprbrenan/vocabulary/g/A3LetterWords/l/is/\n",
      "2018-01-09 at 17:06:17 Step: parseSource",
      "2018-01-09 at 17:06:18 <b>Good source file!</b>",
      "2018-01-09 at 17:06:18 Duplicate titles on lines 89 and 139:\nBolli\nBolli\n",
      "2018-01-09 at 17:06:18 Duplicate titles on lines 72 and 148:\nLoki\nLoki\n",
    ],
    parsedCmds => [
      'fix',
      bless({
        cmd => "photo",
        defaulted => { level => 1, titleFile => 1 },
        end => 13,
        index => 0,
        name => "Ant",
        parsedKeys => bless({
          aFewChars => undef,
          cmd => "photo",
          level => 1,
          name => "Ant",
          pointsOfInterest => "(57, 39)",
          say => undef,
          screenShot => "true",
          title => "Maur",
          titleFile => "maur",
          url => "github://philiprbrenan/vocabulary-0/images/A3LetterWords/Ant.jpg",
        }, "ParsedKeys"),
        say => undef,
        start => 10,
        title => "Maur",
        titleFile => "maur",
      }, "ParsedCmd"),
      bless({
        cmd => "photo",
        defaulted => { level => 1, titleFile => 1 },
        end => 16,
        index => 1,
        name => "Ape",
        parsedKeys => bless({
          aFewChars => undef,
          cmd => "photo",
          level => 1,
          name => "Ape",
          say => undef,
          title => "Apa",
          titleFile => "apa",
          url => "github://philiprbrenan/vocabulary-0/images/A3LetterWords/Ape.jpg",
        }, "ParsedKeys"),
        say => undef,
        start => 15,
        title => "Apa",
        titleFile => "apa",
      }, "ParsedCmd"),
      bless({
        cmd => "photo",
        defaulted => { level => 1, titleFile => 1 },
        end => 19,
        index => 2,
        name => "Arm",
        parsedKeys => bless({
          aFewChars => undef,
          cmd => "photo",
          level => 1,
          name => "Arm",
          say => undef,
          title => "Armur",
          titleFile => "armur",
          url => "github://philiprbrenan/vocabulary-0/images/A3LetterWords/Arm.jpg",
        }, "ParsedKeys"),
        say => undef,
        start => 18,
        title => "Armur",
        titleFile => "armur",
      }, "ParsedCmd"),
      bless({
        cmd => "photo",
        defaulted => { level => 1, titleFile => 1 },
        end => 22,
        index => 3,
        name => "Bag",
        parsedKeys => bless({
          aFewChars => undef,
          cmd => "photo",
          level => 1,
          name => "Bag",
          say => undef,
          title => "Taska",
          titleFile => "taska",
          url => "github://philiprbrenan/vocabulary-0/images/A3LetterWords/Bag.jpg",
        }, "ParsedKeys"),
        say => undef,
        start => 21,
        title => "Taska",
        titleFile => "taska",
      }, "ParsedCmd"),
      bless({
        cmd => "photo",
        defaulted => { level => 1, titleFile => 1 },
        end => 26,
        index => 4,
        name => "Bat",
        parsedKeys => bless({
          aFewChars => undef,
          cmd => "photo",
          level => 1,
          name => "Bat",
          pointsOfInterest => "(51, 45)",
          say => undef,
          title => "Kylfu",
          titleFile => "kylfu",
          url => "github://philiprbrenan/vocabulary-0/images/A3LetterWords/Bat.jpg",
        }, "ParsedKeys"),
        say => undef,
        start => 24,
        title => "Kylfu",
        titleFile => "kylfu",
      }, "ParsedCmd"),
      bless({
        cmd => "photo",
        defaulted => { level => 1, titleFile => 1 },
        end => 30,
        index => 5,
        name => "Bay",
        parsedKeys => bless({
          aFewChars => undef,
          cmd => "photo",
          level => 1,
          name => "Bay",
          say => undef,
          screenShot => "true",
          title => "Fl\xF3i",
          titleFile => "fl\xF3i",
          url => "github://philiprbrenan/vocabulary-0/images/A3LetterWords/Bay.jpg",
        }, "ParsedKeys"),
        say => undef,
        start => 28,
        title => "Fl\xF3i",
        titleFile => "fl\xF3i",
      }, "ParsedCmd"),
      bless({
        cmd => "photo",
        defaulted => { level => 1, titleFile => 1 },
        end => 34,
        index => 6,
        name => "Bed",
        parsedKeys => bless({
          aFewChars => undef,
          cmd => "photo",
          level => 1,
          name => "Bed",
          pointsOfInterest => "(51, 4)",
          say => undef,
          title => "R\xFAm",
          titleFile => "r\xFAm",
          url => "github://philiprbrenan/vocabulary-0/images/A3LetterWords/Bed.jpg",
        }, "ParsedKeys"),
        say => undef,
        start => 32,
        title => "R\xFAm",
        titleFile => "r\xFAm",
      }, "ParsedCmd"),
      bless({
        cmd => "photo",
        defaulted => { level => 1, titleFile => 1 },
        end => 38,
        index => 7,
        name => "Bee",
        parsedKeys => bless({
          aFewChars => undef,
          cmd => "photo",
          level => 1,
          name => "Bee",
          pointsOfInterest => "(47, 4)",
          say => undef,
          title => "B\xED",
          titleFile => "b\xED",
          url => "github://philiprbrenan/vocabulary-0/images/A3LetterWords/Bee.jpg",
        }, "ParsedKeys"),
        say => undef,
        start => 36,
        title => "B\xED",
        titleFile => "b\xED",
      }, "ParsedCmd"),
      bless({
        cmd => "photo",
        defaulted => { level => 1, titleFile => 1 },
        end => 41,
        index => 8,
        name => "Bin",
        parsedKeys => bless({
          aFewChars => undef,
          cmd => "photo",
          level => 1,
          name => "Bin",
          say => undef,
          title => "Bin",
          titleFile => "bin",
          url => "github://philiprbrenan/vocabulary-0/images/A3LetterWords/Bin.jpg",
        }, "ParsedKeys"),
        say => undef,
        start => 40,
        title => "Bin",
        titleFile => "bin",
      }, "ParsedCmd"),
      bless({
        cmd => "photo",
        defaulted => { level => 1, titleFile => 1 },
        end => 44,
        index => 9,
        name => "Bog",
        parsedKeys => bless({
          aFewChars => undef,
          cmd => "photo",
          level => 1,
          name => "Bog",
          say => undef,
          title => "M\xFDri",
          titleFile => "m\xFDri",
          url => "github://philiprbrenan/vocabulary-0/images/A3LetterWords/Bog.jpg",
        }, "ParsedKeys"),
        say => undef,
        start => 43,
        title => "M\xFDri",
        titleFile => "m\xFDri",
      }, "ParsedCmd"),
      bless({
        cmd => "photo",
        defaulted => { level => 1, titleFile => 1 },
        end => 48,
        index => 10,
        name => "Bow",
        parsedKeys => bless({
          aFewChars => undef,
          cmd => "photo",
          level => 1,
          name => "Bow",
          pointsOfInterest => "(45, 28)",
          say => undef,
          title => "Bogi",
          titleFile => "bogi",
          url => "github://philiprbrenan/vocabulary-0/images/A3LetterWords/Bow.jpg",
        }, "ParsedKeys"),
        say => undef,
        start => 46,
        title => "Bogi",
        titleFile => "bogi",
      }, "ParsedCmd"),
      bless({
        cmd => "photo",
        defaulted => { level => 1, titleFile => 1 },
        end => 51,
        index => 11,
        name => "Box",
        parsedKeys => bless({
          aFewChars => undef,
          cmd => "photo",
          level => 1,
          name => "Box",
          say => undef,
          title => "Kassi",
          titleFile => "kassi",
          url => "github://philiprbrenan/vocabulary-0/images/A3LetterWords/Box.jpg",
        }, "ParsedKeys"),
        say => undef,
        start => 50,
        title => "Kassi",
        titleFile => "kassi",
      }, "ParsedCmd"),
      bless({
        cmd => "photo",
        defaulted => { level => 1, titleFile => 1 },
        end => 55,
        index => 12,
        name => "Boy",
        parsedKeys => bless({
          aFewChars => undef,
          cmd => "photo",
          level => 1,
          name => "Boy",
          pointsOfInterest => "(66, 43)",
          say => undef,
          title => "Str\xE1kur",
          titleFile => "str\xE1kur",
          url => "github://philiprbrenan/vocabulary-0/images/A3LetterWords/Boy.jpg",
        }, "ParsedKeys"),
        say => undef,
        start => 53,
        title => "Str\xE1kur",
        titleFile => "str\xE1kur",
      }, "ParsedCmd"),
      bless({
        cmd => "photo",
        defaulted => { level => 1, titleFile => 1 },
        end => 59,
        index => 13,
        name => "Bug",
        parsedKeys => bless({
          aFewChars => undef,
          cmd => "photo",
          level => 1,
          name => "Bug",
          pointsOfInterest => "(46, 46)",
          say => undef,
          title => "Galla",
          titleFile => "galla",
          url => "github://philiprbrenan/vocabulary-0/images/A3LetterWords/Bug.jpg",
        }, "ParsedKeys"),
        say => undef,
        start => 57,
        title => "Galla",
        titleFile => "galla",
      }, "ParsedCmd"),
      bless({
        cmd => "photo",
        defaulted => { level => 1, titleFile => 1 },
        end => 62,
        index => 14,
        name => "Bun",
        parsedKeys => bless({
          aFewChars => undef,
          cmd => "photo",
          level => 1,
          name => "Bun",
          say => undef,
          title => "Bolla",
          titleFile => "bolla",
          url => "github://philiprbrenan/vocabulary-0/images/A3LetterWords/Bun.jpg",
        }, "ParsedKeys"),
        say => undef,
        start => 61,
        title => "Bolla",
        titleFile => "bolla",
      }, "ParsedCmd"),
      bless({
        cmd => "photo",
        defaulted => { level => 1, titleFile => 1 },
        end => 67,
        index => 15,
        name => "Bus",
        parsedKeys => bless({
          aFewChars => undef,
          cmd => "photo",
          level => 1,
          name => "Bus",
          pointsOfInterest => "(64, 51)",
          say => undef,
          screenShot => "true",
          title => "R\xFAtu",
          titleFile => "r\xFAtu",
          url => "github://philiprbrenan/vocabulary-0/images/A3LetterWords/Bus.jpg",
        }, "ParsedKeys"),
        say => undef,
        start => 64,
        title => "R\xFAtu",
        titleFile => "r\xFAtu",
      }, "ParsedCmd"),
      bless({
        cmd => "photo",
        defaulted => { level => 1, titleFile => 1 },
        end => 70,
        index => 16,
        name => "Can",
        parsedKeys => bless({
          aFewChars => undef,
          cmd => "photo",
          level => 1,
          name => "Can",
          say => undef,
          title => "D\xF3s",
          titleFile => "d\xF3s",
          url => "github://philiprbrenan/vocabulary-0/images/A3LetterWords/Can.jpg",
        }, "ParsedKeys"),
        say => undef,
        start => 69,
        title => "D\xF3s",
        titleFile => "d\xF3s",
      }, "ParsedCmd"),
      bless({
        cmd => "photo",
        defaulted => { level => 1, titleFile => 1 },
        end => 73,
        index => 17,
        name => "Cap",
        parsedKeys => bless({
          aFewChars => undef,
          cmd => "photo",
          level => 1,
          name => "Cap",
          say => undef,
          title => "Loki",
          titleFile => "loki",
          url => "github://philiprbrenan/vocabulary-0/images/A3LetterWords/Cap.jpg",
        }, "ParsedKeys"),
        say => undef,
        start => 72,
        title => "Loki",
        titleFile => "loki",
      }, "ParsedCmd"),
      bless({
        cmd => "photo",
        defaulted => { level => 1, titleFile => 1 },
        end => 78,
        index => 18,
        name => "Car",
        parsedKeys => bless({
          aFewChars => undef,
          cmd => "photo",
          level => 1,
          name => "Car",
          pointsOfInterest => "(6, 57)",
          say => undef,
          screenShot => "true",
          title => "B\xEDll",
          titleFile => "b\xEDll",
          url => "github://philiprbrenan/vocabulary-0/images/A3LetterWords/Car.jpg",
        }, "ParsedKeys"),
        say => undef,
        start => 75,
        title => "B\xEDll",
        titleFile => "b\xEDll",
      }, "ParsedCmd"),
      bless({
        cmd => "photo",
        defaulted => { level => 1, titleFile => 1 },
        end => 83,
        index => 19,
        name => "Cat",
        parsedKeys => bless({
          aFewChars => undef,
          cmd => "photo",
          level => 1,
          name => "Cat",
          pointsOfInterest => "(52, 52)",
          say => undef,
          screenShot => "true",
          title => "K\xF6ttur",
          titleFile => "k\xF6ttur",
          url => "github://philiprbrenan/vocabulary-0/images/A3LetterWords/Cat.jpg",
        }, "ParsedKeys"),
        say => undef,
        start => 80,
        title => "K\xF6ttur",
        titleFile => "k\xF6ttur",
      }, "ParsedCmd"),
      bless({
        cmd => "photo",
        defaulted => { level => 1, titleFile => 1 },
        end => 87,
        index => 20,
        name => "Cow",
        parsedKeys => bless({
          aFewChars => undef,
          cmd => "photo",
          level => 1,
          name => "Cow",
          pointsOfInterest => "(5, 35)",
          say => undef,
          title => "K\xFDr",
          titleFile => "k\xFDr",
          url => "github://philiprbrenan/vocabulary-0/images/A3LetterWords/Cow.jpg",
        }, "ParsedKeys"),
        say => undef,
        start => 85,
        title => "K\xFDr",
        titleFile => "k\xFDr",
      }, "ParsedCmd"),
      bless({
        cmd => "photo",
        defaulted => { level => 1, titleFile => 1 },
        end => 90,
        index => 21,
        name => "Cup",
        parsedKeys => bless({
          aFewChars => undef,
          cmd => "photo",
          level => 1,
          name => "Cup",
          say => undef,
          title => "Bolli",
          titleFile => "bolli",
          url => "github://philiprbrenan/vocabulary-0/images/A3LetterWords/Cup.jpg",
        }, "ParsedKeys"),
        say => undef,
        start => 89,
        title => "Bolli",
        titleFile => "bolli",
      }, "ParsedCmd"),
      bless({
        cmd => "photo",
        defaulted => { level => 1, titleFile => 1 },
        end => 93,
        index => 22,
        name => "Dam",
        parsedKeys => bless({
          aFewChars => undef,
          cmd => "photo",
          level => 1,
          name => "Dam",
          say => undef,
          title => "St\xEDflu",
          titleFile => "st\xEDflu",
          url => "github://philiprbrenan/vocabulary-0/images/A3LetterWords/Dam.jpg",
        }, "ParsedKeys"),
        say => undef,
        start => 92,
        title => "St\xEDflu",
        titleFile => "st\xEDflu",
      }, "ParsedCmd"),
      bless({
        cmd => "photo",
        defaulted => { level => 1, titleFile => 1 },
        end => 98,
        index => 23,
        name => "Dog",
        parsedKeys => bless({
          aFewChars => undef,
          cmd => "photo",
          level => 1,
          name => "Dog",
          pointsOfInterest => "(6, 56)",
          say => undef,
          screenShot => "true",
          title => "Hundur",
          titleFile => "hundur",
          url => "github://philiprbrenan/vocabulary-0/images/A3LetterWords/Dog.jpg",
        }, "ParsedKeys"),
        say => undef,
        start => 95,
        title => "Hundur",
        titleFile => "hundur",
      }, "ParsedCmd"),
      bless({
        cmd => "photo",
        defaulted => { level => 1, titleFile => 1 },
        end => 101,
        index => 24,
        name => "Ear",
        parsedKeys => bless({
          aFewChars => undef,
          cmd => "photo",
          level => 1,
          name => "Ear",
          say => undef,
          title => "Eyra",
          titleFile => "eyra",
          url => "github://philiprbrenan/vocabulary-0/images/A3LetterWords/Ear.jpg",
        }, "ParsedKeys"),
        say => undef,
        start => 100,
        title => "Eyra",
        titleFile => "eyra",
      }, "ParsedCmd"),
      bless({
        cmd => "photo",
        defaulted => { level => 1, titleFile => 1 },
        end => 105,
        index => 25,
        name => "Egg",
        parsedKeys => bless({
          aFewChars => undef,
          cmd => "photo",
          level => 1,
          name => "Egg",
          pointsOfInterest => "(46, 26)",
          say => undef,
          title => "Egg",
          titleFile => "egg",
          url => "github://philiprbrenan/vocabulary-0/images/A3LetterWords/Egg.jpg",
        }, "ParsedKeys"),
        say => undef,
        start => 103,
        title => "Egg",
        titleFile => "egg",
      }, "ParsedCmd"),
      bless({
        cmd => "photo",
        defaulted => { level => 1, titleFile => 1 },
        end => 109,
        index => 26,
        name => "Emu",
        parsedKeys => bless({
          aFewChars => undef,
          cmd => "photo",
          level => 1,
          name => "Emu",
          pointsOfInterest => "(32, 22)",
          say => undef,
          title => "Emu",
          titleFile => "emu",
          url => "github://philiprbrenan/vocabulary-0/images/A3LetterWords/Emu.jpg",
        }, "ParsedKeys"),
        say => undef,
        start => 107,
        title => "Emu",
        titleFile => "emu",
      }, "ParsedCmd"),
      bless({
        cmd => "photo",
        defaulted => { level => 1, titleFile => 1 },
        end => 113,
        index => 27,
        name => "Eye",
        parsedKeys => bless({
          aFewChars => undef,
          cmd => "photo",
          level => 1,
          name => "Eye",
          pointsOfInterest => "(45, 51)",
          say => undef,
          title => "Auga",
          titleFile => "auga",
          url => "github://philiprbrenan/vocabulary-0/images/A3LetterWords/Eye.jpg",
        }, "ParsedKeys"),
        say => undef,
        start => 111,
        title => "Auga",
        titleFile => "auga",
      }, "ParsedCmd"),
      bless({
        cmd => "photo",
        defaulted => { level => 1, titleFile => 1 },
        end => 116,
        index => 28,
        name => "Fan",
        parsedKeys => bless({
          aFewChars => undef,
          cmd => "photo",
          level => 1,
          name => "Fan",
          say => undef,
          title => "A\xF0d\xE1andi",
          titleFile => "a\xF0d\xE1andi",
          url => "github://philiprbrenan/vocabulary-0/images/A3LetterWords/Fan.jpg",
        }, "ParsedKeys"),
        say => undef,
        start => 115,
        title => "A\xF0d\xE1andi",
        titleFile => "a\xF0d\xE1andi",
      }, "ParsedCmd"),
      bless({
        cmd => "photo",
        defaulted => { level => 1, titleFile => 1 },
        end => 120,
        index => 29,
        name => "Fin",
        parsedKeys => bless({
          aFewChars => undef,
          cmd => "photo",
          level => 1,
          name => "Fin",
          pointsOfInterest => "(46, 7)",
          say => undef,
          title => "F\xEDnn",
          titleFile => "f\xEDnn",
          url => "github://philiprbrenan/vocabulary-0/images/A3LetterWords/Fin.jpg",
        }, "ParsedKeys"),
        say => undef,
        start => 118,
        title => "F\xEDnn",
        titleFile => "f\xEDnn",
      }, "ParsedCmd"),
      bless({
        cmd => "photo",
        defaulted => { level => 1, titleFile => 1 },
        end => 124,
        index => 30,
        name => "Fox",
        parsedKeys => bless({
          aFewChars => undef,
          cmd => "photo",
          level => 1,
          name => "Fox",
          pointsOfInterest => "(55, 22)",
          say => undef,
          title => "Refur",
          titleFile => "refur",
          url => "github://philiprbrenan/vocabulary-0/images/A3LetterWords/Fox.jpg",
        }, "ParsedKeys"),
        say => undef,
        start => 122,
        title => "Refur",
        titleFile => "refur",
      }, "ParsedCmd"),
      bless({
        cmd => "photo",
        defaulted => { level => 1, titleFile => 1 },
        end => 127,
        index => 31,
        name => "Hat",
        parsedKeys => bless({
          aFewChars => undef,
          cmd => "photo",
          level => 1,
          name => "Hat",
          say => undef,
          title => "Hattur",
          titleFile => "hattur",
          url => "github://philiprbrenan/vocabulary-0/images/A3LetterWords/Hat.jpg",
        }, "ParsedKeys"),
        say => undef,
        start => 126,
        title => "Hattur",
        titleFile => "hattur",
      }, "ParsedCmd"),
      bless({
        cmd => "photo",
        defaulted => { level => 1, titleFile => 1 },
        end => 130,
        index => 32,
        name => "Hoe",
        parsedKeys => bless({
          aFewChars => undef,
          cmd => "photo",
          level => 1,
          name => "Hoe",
          say => undef,
          title => "Hoe",
          titleFile => "hoe",
          url => "github://philiprbrenan/vocabulary-0/images/A3LetterWords/Hoe.jpg",
        }, "ParsedKeys"),
        say => undef,
        start => 129,
        title => "Hoe",
        titleFile => "hoe",
      }, "ParsedCmd"),
      bless({
        cmd => "photo",
        defaulted => { level => 1, titleFile => 1 },
        end => 134,
        index => 33,
        name => "Ice",
        parsedKeys => bless({
          aFewChars => undef,
          cmd => "photo",
          level => 1,
          name => "Ice",
          pointsOfInterest => "(56, 39)",
          say => undef,
          title => "\xCDs",
          titleFile => "\xEDs",
          url => "github://philiprbrenan/vocabulary-0/images/A3LetterWords/Ice.jpg",
        }, "ParsedKeys"),
        say => undef,
        start => 132,
        title => "\xCDs",
        titleFile => "\xEDs",
      }, "ParsedCmd"),
      bless({
        cmd => "photo",
        defaulted => { level => 1, titleFile => 1 },
        end => 137,
        index => 34,
        name => "Jar",
        parsedKeys => bless({
          aFewChars => undef,
          cmd => "photo",
          level => 1,
          name => "Jar",
          say => undef,
          title => "Krukku",
          titleFile => "krukku",
          url => "github://philiprbrenan/vocabulary-0/images/A3LetterWords/Jar.jpg",
        }, "ParsedKeys"),
        say => undef,
        start => 136,
        title => "Krukku",
        titleFile => "krukku",
      }, "ParsedCmd"),
      bless({
        cmd => "photo",
        defaulted => { level => 1, titleFile => 1 },
        end => 140,
        index => 35,
        name => "Jug",
        parsedKeys => bless({
          aFewChars => undef,
          cmd => "photo",
          level => 1,
          name => "Jug",
          say => undef,
          title => "Bolli",
          titleFile => "bolli",
          url => "github://philiprbrenan/vocabulary-0/images/A3LetterWords/Jug.jpg",
        }, "ParsedKeys"),
        say => undef,
        start => 139,
        title => "Bolli",
        titleFile => "bolli",
      }, "ParsedCmd"),
      bless({
        cmd => "photo",
        defaulted => { level => 1, titleFile => 1 },
        end => 143,
        index => 36,
        name => "Key",
        parsedKeys => bless({
          aFewChars => undef,
          cmd => "photo",
          level => 1,
          name => "Key",
          say => undef,
          title => "Lykillinn",
          titleFile => "lykillinn",
          url => "github://philiprbrenan/vocabulary-0/images/A3LetterWords/Key.jpg",
        }, "ParsedKeys"),
        say => undef,
        start => 142,
        title => "Lykillinn",
        titleFile => "lykillinn",
      }, "ParsedCmd"),
      bless({
        cmd => "photo",
        defaulted => { level => 1, titleFile => 1 },
        end => 146,
        index => 37,
        name => "Leg",
        parsedKeys => bless({
          aFewChars => undef,
          cmd => "photo",
          level => 1,
          name => "Leg",
          say => undef,
          title => "F\xF3tur",
          titleFile => "f\xF3tur",
          url => "github://philiprbrenan/vocabulary-0/images/A3LetterWords/Leg.jpg",
        }, "ParsedKeys"),
        say => undef,
        start => 145,
        title => "F\xF3tur",
        titleFile => "f\xF3tur",
      }, "ParsedCmd"),
      bless({
        cmd => "photo",
        defaulted => { level => 1, titleFile => 1 },
        end => 149,
        index => 38,
        name => "Lid",
        parsedKeys => bless({
          aFewChars => undef,
          cmd => "photo",
          level => 1,
          name => "Lid",
          say => undef,
          title => "Loki",
          titleFile => "loki",
          url => "github://philiprbrenan/vocabulary-0/images/A3LetterWords/Lid.jpg",
        }, "ParsedKeys"),
        say => undef,
        start => 148,
        title => "Loki",
        titleFile => "loki",
      }, "ParsedCmd"),
      bless({
        cmd => "photo",
        defaulted => { level => 1, titleFile => 1 },
        end => 152,
        index => 39,
        name => "Map",
        parsedKeys => bless({
          aFewChars => undef,
          cmd => "photo",
          level => 1,
          name => "Map",
          say => undef,
          title => "Kort",
          titleFile => "kort",
          url => "github://philiprbrenan/vocabulary-0/images/A3LetterWords/Map.jpg",
        }, "ParsedKeys"),
        say => undef,
        start => 151,
        title => "Kort",
        titleFile => "kort",
      }, "ParsedCmd"),
      bless({
        cmd => "photo",
        defaulted => { level => 1, titleFile => 1 },
        end => 155,
        index => 40,
        name => "Men",
        parsedKeys => bless({
          aFewChars => undef,
          cmd => "photo",
          level => 1,
          name => "Men",
          say => undef,
          title => "Menn",
          titleFile => "menn",
          url => "github://philiprbrenan/vocabulary-0/images/A3LetterWords/Men.jpg",
        }, "ParsedKeys"),
        say => undef,
        start => 154,
        title => "Menn",
        titleFile => "menn",
      }, "ParsedCmd"),
      bless({
        cmd => "photo",
        defaulted => { level => 1, titleFile => 1 },
        end => 158,
        index => 41,
        name => "Mug",
        parsedKeys => bless({
          aFewChars => undef,
          cmd => "photo",
          level => 1,
          name => "Mug",
          say => undef,
          title => "M\xE1l",
          titleFile => "m\xE1l",
          url => "github://philiprbrenan/vocabulary-0/images/A3LetterWords/Mug.jpg",
        }, "ParsedKeys"),
        say => undef,
        start => 157,
        title => "M\xE1l",
        titleFile => "m\xE1l",
      }, "ParsedCmd"),
      bless({
        cmd => "photo",
        defaulted => { level => 1, titleFile => 1 },
        end => 162,
        index => 42,
        name => "Oar",
        parsedKeys => bless({
          aFewChars => undef,
          cmd => "photo",
          level => 1,
          name => "Oar",
          pointsOfInterest => "(41, 25)",
          say => undef,
          title => "\xC1rst\xED\xF0",
          titleFile => "\xE1rst\xED\xF0",
          url => "github://philiprbrenan/vocabulary-0/images/A3LetterWords/Oar.jpg",
        }, "ParsedKeys"),
        say => undef,
        start => 160,
        title => "\xC1rst\xED\xF0",
        titleFile => "\xE1rst\xED\xF0",
      }, "ParsedCmd"),
      bless({
        cmd => "photo",
        defaulted => { level => 1, titleFile => 1 },
        end => 166,
        index => 43,
        name => "Owl",
        parsedKeys => bless({
          aFewChars => undef,
          cmd => "photo",
          level => 1,
          name => "Owl",
          pointsOfInterest => "(55, 29)",
          say => undef,
          title => "Ugla",
          titleFile => "ugla",
          url => "github://philiprbrenan/vocabulary-0/images/A3LetterWords/Owl.jpg",
        }, "ParsedKeys"),
        say => undef,
        start => 164,
        title => "Ugla",
        titleFile => "ugla",
      }, "ParsedCmd"),
      bless({
        cmd => "photo",
        defaulted => { level => 1, titleFile => 1 },
        end => 169,
        index => 44,
        name => "Pan",
        parsedKeys => bless({
          aFewChars => undef,
          cmd => "photo",
          level => 1,
          name => "Pan",
          say => undef,
          title => "P\xF6nnu",
          titleFile => "p\xF6nnu",
          url => "github://philiprbrenan/vocabulary-0/images/A3LetterWords/Pan.jpg",
        }, "ParsedKeys"),
        say => undef,
        start => 168,
        title => "P\xF6nnu",
        titleFile => "p\xF6nnu",
      }, "ParsedCmd"),
      bless({
        cmd => "photo",
        defaulted => { level => 1, titleFile => 1 },
        end => 173,
        index => 45,
        name => "Peg",
        parsedKeys => bless({
          aFewChars => undef,
          cmd => "photo",
          level => 1,
          name => "Peg",
          pointsOfInterest => "(22, 36)",
          say => undef,
          title => "Peg",
          titleFile => "peg",
          url => "github://philiprbrenan/vocabulary-0/images/A3LetterWords/Peg.jpg",
        }, "ParsedKeys"),
        say => undef,
        start => 171,
        title => "Peg",
        titleFile => "peg",
      }, "ParsedCmd"),
      bless({
        cmd => "photo",
        defaulted => { level => 1, titleFile => 1 },
        end => 176,
        index => 46,
        name => "Pen",
        parsedKeys => bless({
          aFewChars => undef,
          cmd => "photo",
          level => 1,
          name => "Pen",
          say => undef,
          title => "Penni",
          titleFile => "penni",
          url => "github://philiprbrenan/vocabulary-0/images/A3LetterWords/Pen.jpg",
        }, "ParsedKeys"),
        say => undef,
        start => 175,
        title => "Penni",
        titleFile => "penni",
      }, "ParsedCmd"),
      bless({
        cmd => "photo",
        defaulted => { level => 1, titleFile => 1 },
        end => 180,
        index => 47,
        name => "Pig",
        parsedKeys => bless({
          aFewChars => undef,
          cmd => "photo",
          level => 1,
          name => "Pig",
          pointsOfInterest => "(79, 66)",
          say => undef,
          title => "Sv\xEDn",
          titleFile => "sv\xEDn",
          url => "github://philiprbrenan/vocabulary-0/images/A3LetterWords/Pig.jpg",
        }, "ParsedKeys"),
        say => undef,
        start => 178,
        title => "Sv\xEDn",
        titleFile => "sv\xEDn",
      }, "ParsedCmd"),
      bless({
        cmd => "photo",
        defaulted => { level => 1, titleFile => 1 },
        end => 184,
        index => 48,
        name => "Pin",
        parsedKeys => bless({
          aFewChars => undef,
          cmd => "photo",
          level => 1,
          name => "Pin",
          pointsOfInterest => "(75, 26)",
          say => undef,
          title => "Pinna",
          titleFile => "pinna",
          url => "github://philiprbrenan/vocabulary-0/images/A3LetterWords/Pin.jpg",
        }, "ParsedKeys"),
        say => undef,
        start => 182,
        title => "Pinna",
        titleFile => "pinna",
      }, "ParsedCmd"),
      bless({
        cmd => "photo",
        defaulted => { level => 1, titleFile => 1 },
        end => 187,
        index => 49,
        name => "Rug",
        parsedKeys => bless({
          aFewChars => undef,
          cmd => "photo",
          level => 1,
          name => "Rug",
          say => undef,
          title => "G\xF3lfmotta",
          titleFile => "g\xF3lfmotta",
          url => "github://philiprbrenan/vocabulary-0/images/A3LetterWords/Rug.jpg",
        }, "ParsedKeys"),
        say => undef,
        start => 186,
        title => "G\xF3lfmotta",
        titleFile => "g\xF3lfmotta",
      }, "ParsedCmd"),
      bless({
        cmd => "photo",
        defaulted => { level => 1, titleFile => 1 },
        end => 191,
        index => 50,
        name => "Sea",
        parsedKeys => bless({
          aFewChars => undef,
          cmd => "photo",
          level => 1,
          name => "Sea",
          pointsOfInterest => "(48, 55)",
          say => undef,
          title => "Sj\xF3",
          titleFile => "sj\xF3",
          url => "github://philiprbrenan/vocabulary-0/images/A3LetterWords/Sea.jpg",
        }, "ParsedKeys"),
        say => undef,
        start => 189,
        title => "Sj\xF3",
        titleFile => "sj\xF3",
      }, "ParsedCmd"),
      bless({
        cmd => "photo",
        defaulted => { level => 1, titleFile => 1 },
        end => 195,
        index => 51,
        name => "Sow",
        parsedKeys => bless({
          aFewChars => undef,
          cmd => "photo",
          level => 1,
          name => "Sow",
          pointsOfInterest => "(84, 6)",
          say => undef,
          title => "S\xE1",
          titleFile => "s\xE1",
          url => "github://philiprbrenan/vocabulary-0/images/A3LetterWords/Sow.jpg",
        }, "ParsedKeys"),
        say => undef,
        start => 193,
        title => "S\xE1",
        titleFile => "s\xE1",
      }, "ParsedCmd"),
      bless({
        cmd => "photo",
        defaulted => { level => 1, titleFile => 1 },
        end => 200,
        index => 52,
        name => "Sun",
        parsedKeys => bless({
          aFewChars => undef,
          cmd => "photo",
          level => 1,
          name => "Sun",
          pointsOfInterest => "(49, 46)",
          say => undef,
          screenShot => "true",
          title => "S\xF3l",
          titleFile => "s\xF3l",
          url => "github://philiprbrenan/vocabulary-0/images/A3LetterWords/Sun.jpg",
        }, "ParsedKeys"),
        say => undef,
        start => 197,
        title => "S\xF3l",
        titleFile => "s\xF3l",
      }, "ParsedCmd"),
      bless({
        cmd => "photo",
        defaulted => { level => 1, titleFile => 1 },
        end => 204,
        index => 53,
        name => "Tap",
        parsedKeys => bless({
          aFewChars => undef,
          cmd => "photo",
          level => 1,
          name => "Tap",
          pointsOfInterest => "(72, 35)",
          say => undef,
          title => "Banka\xF0u \xE1",
          titleFile => "banka\xF0u\xC1",
          url => "github://philiprbrenan/vocabulary-0/images/A3LetterWords/Tap.jpg",
        }, "ParsedKeys"),
        say => undef,
        start => 202,
        title => "Banka\xF0u \xE1",
        titleFile => "banka\xF0u\xC1",
      }, "ParsedCmd"),
      bless({
        cmd => "photo",
        defaulted => { level => 1, titleFile => 1 },
        end => 208,
        index => 54,
        name => "Toe",
        parsedKeys => bless({
          aFewChars => undef,
          cmd => "photo",
          level => 1,
          name => "Toe",
          pointsOfInterest => "(38, 17)",
          say => undef,
          title => "T\xE1",
          titleFile => "t\xE1",
          url => "github://philiprbrenan/vocabulary-0/images/A3LetterWords/Toe.jpg",
        }, "ParsedKeys"),
        say => undef,
        start => 206,
        title => "T\xE1",
        titleFile => "t\xE1",
      }, "ParsedCmd"),
      bless({
        cmd => "photo",
        defaulted => { level => 1, titleFile => 1 },
        end => 213,
        index => 55,
        name => "Van",
        parsedKeys => bless({
          aFewChars => undef,
          cmd => "photo",
          level => 1,
          name => "Van",
          pointsOfInterest => "(36, 39)",
          say => undef,
          screenShot => "true",
          title => "Van",
          titleFile => "van",
          url => "github://philiprbrenan/vocabulary-0/images/A3LetterWords/Van.jpg",
        }, "ParsedKeys"),
        say => undef,
        start => 210,
        title => "Van",
        titleFile => "van",
      }, "ParsedCmd"),
      bless({
        cmd => "photo",
        defaulted => { level => 1, titleFile => 1 },
        end => 216,
        index => 56,
        name => "Wok",
        parsedKeys => bless({
          aFewChars => undef,
          cmd => "photo",
          level => 1,
          name => "Wok",
          say => undef,
          title => "Wok",
          titleFile => "wok",
          url => "github://philiprbrenan/vocabulary-0/images/A3LetterWords/Wok.jpg",
        }, "ParsedKeys"),
        say => undef,
        start => 215,
        title => "Wok",
        titleFile => "wok",
      }, "ParsedCmd"),
      bless({
        cmd => "photo",
        defaulted => { level => 1, titleFile => 1 },
        end => 220,
        index => 57,
        name => "Yak",
        parsedKeys => bless({
          aFewChars => undef,
          cmd => "photo",
          level => 1,
          name => "Yak",
          pointsOfInterest => "(71, 38)",
          say => undef,
          title => "Branco",
          titleFile => "branco",
          url => "github://philiprbrenan/vocabulary-0/images/A3LetterWords/Yak.jpg",
        }, "ParsedKeys"),
        say => undef,
        start => 218,
        title => "Branco",
        titleFile => "branco",
      }, "ParsedCmd"),
      bless({
        cmd => "photo",
        defaulted => { level => 1, titleFile => 1 },
        end => 224,
        index => 58,
        name => "Zip",
        parsedKeys => bless({
          aFewChars => undef,
          cmd => "photo",
          level => 1,
          name => "Zip",
          pointsOfInterest => "(46, 5)",
          say => undef,
          title => "Rennil\xE1s",
          titleFile => "rennil\xE1s",
          url => "github://philiprbrenan/vocabulary-0/images/A3LetterWords/Zip.jpg",
        }, "ParsedKeys"),
        say => undef,
        start => 222,
        title => "Rennil\xE1s",
        titleFile => "rennil\xE1s",
      }, "ParsedCmd"),
    ],
    project => "philiprbrenan/vocabulary/g/A3LetterWords/l/is/",
    source => "app    vocabulary.g.A3LetterWords.l.is  =  Three-Letter Words in Icelandic                                   \n       author                           =  philiprbrenan                                                     \n       description                      =  L\xE6ra um \xFEriggja stafa or\xF0                                         \n       email                            =  philiprbrenan\@gmail.com                                           \n       emphasis                         =                                                                12  \n       icon                             =  github://philiprbrenan/vocabulary-0/images/A3LetterWords/Eye.jpg  \n       saveScreenShotsTo                =  philiprbrenan/screenShots-0                                       \n       language                         =  is                                                                \n       \nphoto  Ant                              =  Maur                                                              \n       pointsOfInterest                 =  (57, 39)                                                          \n       screenShot                       =  true                                                              \n       url                              =  github://philiprbrenan/vocabulary-0/images/A3LetterWords/Ant.jpg  \n       \nphoto  Ape                              =  Apa                                                               \n       url                              =  github://philiprbrenan/vocabulary-0/images/A3LetterWords/Ape.jpg  \n       \nphoto  Arm                              =  Armur                                                             \n       url                              =  github://philiprbrenan/vocabulary-0/images/A3LetterWords/Arm.jpg  \n       \nphoto  Bag                              =  Taska                                                             \n       url                              =  github://philiprbrenan/vocabulary-0/images/A3LetterWords/Bag.jpg  \n       \nphoto  Bat                              =  Kylfu                                                             \n       pointsOfInterest                 =  (51, 45)                                                          \n       url                              =  github://philiprbrenan/vocabulary-0/images/A3LetterWords/Bat.jpg  \n       \nphoto  Bay                              =  Fl\xF3i                                                              \n       screenShot                       =  true                                                              \n       url                              =  github://philiprbrenan/vocabulary-0/images/A3LetterWords/Bay.jpg  \n       \nphoto  Bed                              =  R\xFAm                                                               \n       pointsOfInterest                 =  (51, 4)                                                           \n       url                              =  github://philiprbrenan/vocabulary-0/images/A3LetterWords/Bed.jpg  \n       \nphoto  Bee                              =  B\xED                                                                \n       pointsOfInterest                 =  (47, 4)                                                           \n       url                              =  github://philiprbrenan/vocabulary-0/images/A3LetterWords/Bee.jpg  \n       \nphoto  Bin                              =  Bin                                                               \n       url                              =  github://philiprbrenan/vocabulary-0/images/A3LetterWords/Bin.jpg  \n       \nphoto  Bog                              =  M\xFDri                                                              \n       url                              =  github://philiprbrenan/vocabulary-0/images/A3LetterWords/Bog.jpg  \n       \nphoto  Bow                              =  Bogi                                                              \n       pointsOfInterest                 =  (45, 28)                                                          \n       url                              =  github://philiprbrenan/vocabulary-0/images/A3LetterWords/Bow.jpg  \n       \nphoto  Box                              =  Kassi                                                             \n       url                              =  github://philiprbrenan/vocabulary-0/images/A3LetterWords/Box.jpg  \n       \nphoto  Boy                              =  Str\xE1kur                                                           \n       pointsOfInterest                 =  (66, 43)                                                          \n       url                              =  github://philiprbrenan/vocabulary-0/images/A3LetterWords/Boy.jpg  \n       \nphoto  Bug                              =  Galla                                                             \n       pointsOfInterest                 =  (46, 46)                                                          \n       url                              =  github://philiprbrenan/vocabulary-0/images/A3LetterWords/Bug.jpg  \n       \nphoto  Bun                              =  Bolla                                                             \n       url                              =  github://philiprbrenan/vocabulary-0/images/A3LetterWords/Bun.jpg  \n       \nphoto  Bus                              =  R\xFAtu                                                              \n       pointsOfInterest                 =  (64, 51)                                                          \n       screenShot                       =  true                                                              \n       url                              =  github://philiprbrenan/vocabulary-0/images/A3LetterWords/Bus.jpg  \n       \nphoto  Can                              =  D\xF3s                                                               \n       url                              =  github://philiprbrenan/vocabulary-0/images/A3LetterWords/Can.jpg  \n       \nphoto  Cap                              =  Loki                                                              \n       url                              =  github://philiprbrenan/vocabulary-0/images/A3LetterWords/Cap.jpg  \n       \nphoto  Car                              =  B\xEDll                                                              \n       pointsOfInterest                 =  (6, 57)                                                           \n       screenShot                       =  true                                                              \n       url                              =  github://philiprbrenan/vocabulary-0/images/A3LetterWords/Car.jpg  \n       \nphoto  Cat                              =  K\xF6ttur                                                            \n       pointsOfInterest                 =  (52, 52)                                                          \n       screenShot                       =  true                                                              \n       url                              =  github://philiprbrenan/vocabulary-0/images/A3LetterWords/Cat.jpg  \n       \nphoto  Cow                              =  K\xFDr                                                               \n       pointsOfInterest                 =  (5, 35)                                                           \n       url                              =  github://philiprbrenan/vocabulary-0/images/A3LetterWords/Cow.jpg  \n       \nphoto  Cup                              =  Bolli                                                             \n       url                              =  github://philiprbrenan/vocabulary-0/images/A3LetterWords/Cup.jpg  \n       \nphoto  Dam                              =  St\xEDflu                                                            \n       url                              =  github://philiprbrenan/vocabulary-0/images/A3LetterWords/Dam.jpg  \n       \nphoto  Dog                              =  Hundur                                                            \n       pointsOfInterest                 =  (6, 56)                                                           \n       screenShot                       =  true                                                              \n       url                              =  github://philiprbrenan/vocabulary-0/images/A3LetterWords/Dog.jpg  \n       \nphoto  Ear                              =  Eyra                                                              \n       url                              =  github://philiprbrenan/vocabulary-0/images/A3LetterWords/Ear.jpg  \n       \nphoto  Egg                              =  Egg                                                               \n       pointsOfInterest                 =  (46, 26)                                                          \n       url                              =  github://philiprbrenan/vocabulary-0/images/A3LetterWords/Egg.jpg  \n       \nphoto  Emu                              =  Emu                                                               \n       pointsOfInterest                 =  (32, 22)                                                          \n       url                              =  github://philiprbrenan/vocabulary-0/images/A3LetterWords/Emu.jpg  \n       \nphoto  Eye                              =  Auga                                                              \n       pointsOfInterest                 =  (45, 51)                                                          \n       url                              =  github://philiprbrenan/vocabulary-0/images/A3LetterWords/Eye.jpg  \n       \nphoto  Fan                              =  A\xF0d\xE1andi                                                          \n       url                              =  github://philiprbrenan/vocabulary-0/images/A3LetterWords/Fan.jpg  \n       \nphoto  Fin                              =  F\xEDnn                                                              \n       pointsOfInterest                 =  (46, 7)                                                           \n       url                              =  github://philiprbrenan/vocabulary-0/images/A3LetterWords/Fin.jpg  \n       \nphoto  Fox                              =  Refur                                                             \n       pointsOfInterest                 =  (55, 22)                                                          \n       url                              =  github://philiprbrenan/vocabulary-0/images/A3LetterWords/Fox.jpg  \n       \nphoto  Hat                              =  Hattur                                                            \n       url                              =  github://philiprbrenan/vocabulary-0/images/A3LetterWords/Hat.jpg  \n       \nphoto  Hoe                              =  Hoe                                                               \n       url                              =  github://philiprbrenan/vocabulary-0/images/A3LetterWords/Hoe.jpg  \n       \nphoto  Ice                              =  \xCDs                                                                \n       pointsOfInterest                 =  (56, 39)                                                          \n       url                              =  github://philiprbrenan/vocabulary-0/images/A3LetterWords/Ice.jpg  \n       \nphoto  Jar                              =  Krukku                                                            \n       url                              =  github://philiprbrenan/vocabulary-0/images/A3LetterWords/Jar.jpg  \n       \nphoto  Jug                              =  Bolli                                                             \n       url                              =  github://philiprbrenan/vocabulary-0/images/A3LetterWords/Jug.jpg  \n       \nphoto  Key                              =  Lykillinn                                                         \n       url                              =  github://philiprbrenan/vocabulary-0/images/A3LetterWords/Key.jpg  \n       \nphoto  Leg                              =  F\xF3tur                                                             \n       url                              =  github://philiprbrenan/vocabulary-0/images/A3LetterWords/Leg.jpg  \n       \nphoto  Lid                              =  Loki                                                              \n       url                              =  github://philiprbrenan/vocabulary-0/images/A3LetterWords/Lid.jpg  \n       \nphoto  Map                              =  Kort                                                              \n       url                              =  github://philiprbrenan/vocabulary-0/images/A3LetterWords/Map.jpg  \n       \nphoto  Men                              =  Menn                                                              \n       url                              =  github://philiprbrenan/vocabulary-0/images/A3LetterWords/Men.jpg  \n       \nphoto  Mug                              =  M\xE1l                                                               \n       url                              =  github://philiprbrenan/vocabulary-0/images/A3LetterWords/Mug.jpg  \n       \nphoto  Oar                              =  \xC1rst\xED\xF0                                                            \n       pointsOfInterest                 =  (41, 25)                                                          \n       url                              =  github://philiprbrenan/vocabulary-0/images/A3LetterWords/Oar.jpg  \n       \nphoto  Owl                              =  Ugla                                                              \n       pointsOfInterest                 =  (55, 29)                                                          \n       url                              =  github://philiprbrenan/vocabulary-0/images/A3LetterWords/Owl.jpg  \n       \nphoto  Pan                              =  P\xF6nnu                                                             \n       url                              =  github://philiprbrenan/vocabulary-0/images/A3LetterWords/Pan.jpg  \n       \nphoto  Peg                              =  Peg                                                               \n       pointsOfInterest                 =  (22, 36)                                                          \n       url                              =  github://philiprbrenan/vocabulary-0/images/A3LetterWords/Peg.jpg  \n       \nphoto  Pen                              =  Penni                                                             \n       url                              =  github://philiprbrenan/vocabulary-0/images/A3LetterWords/Pen.jpg  \n       \nphoto  Pig                              =  Sv\xEDn                                                              \n       pointsOfInterest                 =  (79, 66)                                                          \n       url                              =  github://philiprbrenan/vocabulary-0/images/A3LetterWords/Pig.jpg  \n       \nphoto  Pin                              =  Pinna                                                             \n       pointsOfInterest                 =  (75, 26)                                                          \n       url                              =  github://philiprbrenan/vocabulary-0/images/A3LetterWords/Pin.jpg  \n       \nphoto  Rug                              =  G\xF3lfmotta                                                         \n       url                              =  github://philiprbrenan/vocabulary-0/images/A3LetterWords/Rug.jpg  \n       \nphoto  Sea                              =  Sj\xF3                                                               \n       pointsOfInterest                 =  (48, 55)                                                          \n       url                              =  github://philiprbrenan/vocabulary-0/images/A3LetterWords/Sea.jpg  \n       \nphoto  Sow                              =  S\xE1                                                                \n       pointsOfInterest                 =  (84, 6)                                                           \n       url                              =  github://philiprbrenan/vocabulary-0/images/A3LetterWords/Sow.jpg  \n       \nphoto  Sun                              =  S\xF3l                                                               \n       pointsOfInterest                 =  (49, 46)                                                          \n       screenShot                       =  true                                                              \n       url                              =  github://philiprbrenan/vocabulary-0/images/A3LetterWords/Sun.jpg  \n       \nphoto  Tap                              =  Banka\xF0u \xE1                                                         \n       pointsOfInterest                 =  (72, 35)                                                          \n       url                              =  github://philiprbrenan/vocabulary-0/images/A3LetterWords/Tap.jpg  \n       \nphoto  Toe                              =  T\xE1                                                                \n       pointsOfInterest                 =  (38, 17)                                                          \n       url                              =  github://philiprbrenan/vocabulary-0/images/A3LetterWords/Toe.jpg  \n       \nphoto  Van                              =  Van                                                               \n       pointsOfInterest                 =  (36, 39)                                                          \n       screenShot                       =  true                                                              \n       url                              =  github://philiprbrenan/vocabulary-0/images/A3LetterWords/Van.jpg  \n       \nphoto  Wok                              =  Wok                                                               \n       url                              =  github://philiprbrenan/vocabulary-0/images/A3LetterWords/Wok.jpg  \n       \nphoto  Yak                              =  Branco                                                            \n       pointsOfInterest                 =  (71, 38)                                                          \n       url                              =  github://philiprbrenan/vocabulary-0/images/A3LetterWords/Yak.jpg  \n       \nphoto  Zip                              =  Rennil\xE1s                                                          \n       pointsOfInterest                 =  (46, 5)                                                           \n       url                              =  github://philiprbrenan/vocabulary-0/images/A3LetterWords/Zip.jpg  \n",
    sourceFileSha => "55d9f4aa26f4ee546cf9b0f3822703876be062a4",
    step => "parseSource",
    time => 1515517576,
  }, "Manifest");
  $a->{parsedCmds}[0] = $a->{app};
  $a;
}