SUCCESS!

2018-01-09 at 16:45:18 Generate AppaAppsPhotoApp version 20180109-1 philiprbrenan/vocabulary/g/A3LetterWords/l/da/

2018-01-09 at 16:45:19 Step: parseSource
2018-01-09 at 16:45:19 <b>Good source file!</b>
2018-01-09 at 16:45:19 Step: loadAssets
2018-01-09 at 16:46:02 0 new, 236 reused audio files
2018-01-09 at 16:46:02 Step: multiplyPhotosByFacts
2018-01-09 at 16:46:02 Step: genJavaManifest
2018-01-09 at 16:46:02 Step: genJsonManifest
2018-01-09 at 16:46:02 Step: genGameHtml
2018-01-09 at 16:46:02 Step: genHtmlAssets
2018-01-09 at 16:46:02 Step: zipAssets
2018-01-09 at 16:46:02 Step: compileApp
2018-01-09 at 16:46:14 Step: copyLinksToGitHub
2018-01-09 at 16:46:15 Step: copyFilesIntoPositionOnWebServer
--------------------------------------------------------------------------------
do {
  my $a = bless({
    android => bless({
      action        => "run",
      activity      => "Activity",
      buildFolder   => "/tmp/AppaAppsPhotoApp/build/",
      buildTools    => "/home/phil/Android/sdk/build-tools/25.0.3/",
      debug         => 0,
      device        => "-s emulator-5554",
      fastIcons     => undef,
      home          => "/root/",
      icon          => "/home/phil/audioImageCache/images/Eye.jpg",
      keyAlias      => "genApp",
      keyStoreFile  => "/home/phil/AppaAppsPhotoApp/keys/genApp.keystore",
      keyStorePwd   => "genApp",
      libs          => [],
      log           => [],
      package       => "com.appaapps.photoapp.philiprbrenanvocabularygA3LetterWordslda",
      parameters    => {
                         appName  => "vocabulary",
                         appPath  => "g/A3LetterWords/l/da/",
                         cTime    => 1515516362,
                         devMode  => 0,
                         download => "http://www.appaapps.com",
                         title    => "Three-Letter Words in Danish",
                         userid   => "philiprbrenan",
                       },
      permissions   => ["INTERNET", "ACCESS_NETWORK_STATE", "WRITE_EXTERNAL_STORAGE"],
      platform      => "/home/phil/Android/sdk/platforms/android-25/",
      platformTools => "/home/phil/Android/sdk/platform-tools/",
      sdkLevels     => [15, 25],
      src           => [
                         "/home/phil/java/appState/AppState.java",
                         "/home/phil/java/choices/Choices.java",
                         "/home/phil/java/congratulations/Congratulations.java",
                         "/home/phil/java/coloursTransformed/ColoursTransformed.java",
                         "/home/phil/java/download/Download.java",
                         "/home/phil/java/downloadAndUnzip/DownloadAndUnzip.java",
                         "/home/phil/java/email/Email.java",
                         "/home/phil/java/fourier/Fourier.java",
                         "/home/phil/java/gradients/Gradients.java",
                         "/home/phil/java/log/Log.java",
                         "/home/phil/java/maths/Maths.java",
                         "/home/phil/java/randomChoice/RandomChoice.java",
                         "/home/phil/java/save/Save.java",
                         "/home/phil/java/say/Say.java",
                         "/home/phil/java/sound/Midi.java",
                         "/home/phil/java/sound/Speech.java",
                         "/home/phil/java/svg/Svg.java",
                         "/home/phil/java/time/Time.java",
                         "/home/phil/java/translations/Translations.java",
                         "/home/phil/java/translations/TextTranslations.java",
                         "/home/phil/java/unpackappdescription/Unpackappdescription.java",
                         "/home/phil/java/upload/UploadStream.java",
                         "/home/phil/java/upload/GitHubUploadStream.java",
                         "/home/phil/java/unzip/Unzip.java",
                       ],
      title         => "Three-Letter Words in Danish",
      titles        => undef,
      verifyApk     => undef,
      version       => 20180109,
    }, "Android::Build"),
    app => bless({
      cmd => "app",
      defaulted => { maxImages => 1, ordered => 1, rightInARow => 1 },
      end => 8,
      index => 0,
      name => "vocabulary.g.A3LetterWords.l.da",
      parsedKeys => bless({
        author               => "philiprbrenan",
        cmd                  => "app",
        description          => "L\xE6re om tre bogstaver ord",
        email                => "philiprbrenan\@gmail.com",
        emphasis             => 12,
        fullNameOnGooglePlay => undef,
        icon                 => "github://philiprbrenan/vocabulary-0/images/A3LetterWords/Eye.jpg",
        language             => "da",
        maxImages            => 12,
        name                 => "vocabulary.g.A3LetterWords.l.da",
        ordered              => "never",
        rightInARow          => 7,
        saveScreenShotsTo    => "philiprbrenan/screenShots-0",
        screenShots          => undef,
        speakers             => "Mads Naja",
        title                => "Three-Letter Words in Danish",
      }, "ParsedKeys"),
      start => 1,
      title => "Three-Letter Words in Danish",
      titleFile => undef,
    }, "ParsedCmd"),
    dateTimeStamp => "2018-01-09 at 16:45:18",
    error => 0,
    iconFile => "/home/phil/audioImageCache/images/Eye.jpg",
    log => [
      "\n2018-01-09 at 16:45:18 Generate AppaAppsPhotoApp version 20180109-1 philiprbrenan/vocabulary/g/A3LetterWords/l/da/\n",
      "2018-01-09 at 16:45:19 Step: parseSource",
      "2018-01-09 at 16:45:19 <b>Good source file!</b>",
      "2018-01-09 at 16:45:19 Step: loadAssets",
      "2018-01-09 at 16:46:02 0 new, 236 reused audio files",
      "2018-01-09 at 16:46:02 Step: multiplyPhotosByFacts",
      "2018-01-09 at 16:46:02 Step: genJavaManifest",
      "2018-01-09 at 16:46:02 Step: genJsonManifest",
      "2018-01-09 at 16:46:02 Step: genGameHtml",
      "2018-01-09 at 16:46:02 Step: genHtmlAssets",
      "2018-01-09 at 16:46:02 Step: zipAssets",
      "2018-01-09 at 16:46:02 Step: compileApp",
      "2018-01-09 at 16:46:14 Step: copyLinksToGitHub",
      "2018-01-09 at 16:46:15 Step: copyFilesIntoPositionOnWebServer",
    ],
    parsedCmds => [
      'fix',
      bless({
        cmd => "photo",
        defaulted => { level => 1, titleFile => 1 },
        end => 13,
        index => 0,
        name => "Ant",
        parsedKeys => bless({
          aFewChars        => undef,
          cmd              => "photo",
          height           => 1330,
          level            => 1,
          name             => "Ant",
          pointsOfInterest => "(57, 39)",
          say              => undef,
          screenShot       => "true",
          title            => "Myre",
          titleFile        => "myre",
          url              => "github://philiprbrenan/vocabulary-0/images/A3LetterWords/Ant.jpg",
          width            => 1326,
        }, "ParsedKeys"),
        say => undef,
        start => 10,
        title => "Myre",
        titleFile => "myre",
      }, "ParsedCmd"),
      bless({
        cmd => "photo",
        defaulted => { level => 1, titleFile => 1 },
        end => 16,
        index => 1,
        name => "Ape",
        parsedKeys => bless({
          aFewChars => undef,
          cmd => "photo",
          height => 1458,
          level => 1,
          name => "Ape",
          say => undef,
          title => "Abe",
          titleFile => "abe",
          url => "github://philiprbrenan/vocabulary-0/images/A3LetterWords/Ape.jpg",
          width => 1456,
        }, "ParsedKeys"),
        say => undef,
        start => 15,
        title => "Abe",
        titleFile => "abe",
      }, "ParsedCmd"),
      bless({
        cmd => "photo",
        defaulted => { level => 1, titleFile => 1 },
        end => 19,
        index => 2,
        name => "Arm",
        parsedKeys => bless({
          aFewChars => undef,
          cmd => "photo",
          height => 1054,
          level => 1,
          name => "Arm",
          say => undef,
          title => "Arm",
          titleFile => "arm",
          url => "github://philiprbrenan/vocabulary-0/images/A3LetterWords/Arm.jpg",
          width => 1052,
        }, "ParsedKeys"),
        say => undef,
        start => 18,
        title => "Arm",
        titleFile => "arm",
      }, "ParsedCmd"),
      bless({
        cmd => "photo",
        defaulted => { level => 1, titleFile => 1 },
        end => 22,
        index => 3,
        name => "Bag",
        parsedKeys => bless({
          aFewChars => undef,
          cmd => "photo",
          height => 1867,
          level => 1,
          name => "Bag",
          say => undef,
          title => "Taske",
          titleFile => "taske",
          url => "github://philiprbrenan/vocabulary-0/images/A3LetterWords/Bag.jpg",
          width => 1864,
        }, "ParsedKeys"),
        say => undef,
        start => 21,
        title => "Taske",
        titleFile => "taske",
      }, "ParsedCmd"),
      bless({
        cmd => "photo",
        defaulted => { level => 1, titleFile => 1 },
        end => 26,
        index => 4,
        name => "Bat",
        parsedKeys => bless({
          aFewChars        => undef,
          cmd              => "photo",
          height           => 407,
          level            => 1,
          name             => "Bat",
          pointsOfInterest => "(51, 45)",
          say              => undef,
          title            => "Flagermus",
          titleFile        => "flagermus",
          url              => "github://philiprbrenan/vocabulary-0/images/A3LetterWords/Bat.jpg",
          width            => 407,
        }, "ParsedKeys"),
        say => undef,
        start => 24,
        title => "Flagermus",
        titleFile => "flagermus",
      }, "ParsedCmd"),
      bless({
        cmd => "photo",
        defaulted => { level => 1, titleFile => 1 },
        end => 30,
        index => 5,
        name => "Bay",
        parsedKeys => bless({
          aFewChars => undef,
          cmd => "photo",
          height => 1940,
          level => 1,
          name => "Bay",
          say => undef,
          screenShot => "true",
          title => "Bugt",
          titleFile => "bugt",
          url => "github://philiprbrenan/vocabulary-0/images/A3LetterWords/Bay.jpg",
          width => 1937,
        }, "ParsedKeys"),
        say => undef,
        start => 28,
        title => "Bugt",
        titleFile => "bugt",
      }, "ParsedCmd"),
      bless({
        cmd => "photo",
        defaulted => { level => 1, titleFile => 1 },
        end => 34,
        index => 6,
        name => "Bed",
        parsedKeys => bless({
          aFewChars        => undef,
          cmd              => "photo",
          height           => 1818,
          level            => 1,
          name             => "Bed",
          pointsOfInterest => "(51, 4)",
          say              => undef,
          title            => "Seng",
          titleFile        => "seng",
          url              => "github://philiprbrenan/vocabulary-0/images/A3LetterWords/Bed.jpg",
          width            => 1814,
        }, "ParsedKeys"),
        say => undef,
        start => 32,
        title => "Seng",
        titleFile => "seng",
      }, "ParsedCmd"),
      bless({
        cmd => "photo",
        defaulted => { level => 1, titleFile => 1 },
        end => 38,
        index => 7,
        name => "Bee",
        parsedKeys => bless({
          aFewChars        => undef,
          cmd              => "photo",
          height           => 659,
          level            => 1,
          name             => "Bee",
          pointsOfInterest => "(47, 4)",
          say              => undef,
          title            => "Bi",
          titleFile        => "bi",
          url              => "github://philiprbrenan/vocabulary-0/images/A3LetterWords/Bee.jpg",
          width            => 658,
        }, "ParsedKeys"),
        say => undef,
        start => 36,
        title => "Bi",
        titleFile => "bi",
      }, "ParsedCmd"),
      bless({
        cmd => "photo",
        defaulted => { level => 1, titleFile => 1 },
        end => 41,
        index => 8,
        name => "Bin",
        parsedKeys => bless({
          aFewChars => undef,
          cmd => "photo",
          height => 1622,
          level => 1,
          name => "Bin",
          say => undef,
          title => "Beholder",
          titleFile => "beholder",
          url => "github://philiprbrenan/vocabulary-0/images/A3LetterWords/Bin.jpg",
          width => 1620,
        }, "ParsedKeys"),
        say => undef,
        start => 40,
        title => "Beholder",
        titleFile => "beholder",
      }, "ParsedCmd"),
      bless({
        cmd => "photo",
        defaulted => { level => 1, titleFile => 1 },
        end => 44,
        index => 9,
        name => "Bog",
        parsedKeys => bless({
          aFewChars => undef,
          cmd => "photo",
          height => 904,
          level => 1,
          name => "Bog",
          say => undef,
          title => "Mose",
          titleFile => "mose",
          url => "github://philiprbrenan/vocabulary-0/images/A3LetterWords/Bog.jpg",
          width => 904,
        }, "ParsedKeys"),
        say => undef,
        start => 43,
        title => "Mose",
        titleFile => "mose",
      }, "ParsedCmd"),
      bless({
        cmd => "photo",
        defaulted => { level => 1, titleFile => 1 },
        end => 48,
        index => 10,
        name => "Bow",
        parsedKeys => bless({
          aFewChars        => undef,
          cmd              => "photo",
          height           => 1589,
          level            => 1,
          name             => "Bow",
          pointsOfInterest => "(45, 28)",
          say              => undef,
          title            => "Sl\xF8jfe",
          titleFile        => "sl\xF8jfe",
          url              => "github://philiprbrenan/vocabulary-0/images/A3LetterWords/Bow.jpg",
          width            => 1587,
        }, "ParsedKeys"),
        say => undef,
        start => 46,
        title => "Sl\xF8jfe",
        titleFile => "sl\xF8jfe",
      }, "ParsedCmd"),
      bless({
        cmd => "photo",
        defaulted => { level => 1, titleFile => 1 },
        end => 51,
        index => 11,
        name => "Box",
        parsedKeys => bless({
          aFewChars => undef,
          cmd => "photo",
          height => 1728,
          level => 1,
          name => "Box",
          say => undef,
          title => "Boks",
          titleFile => "boks",
          url => "github://philiprbrenan/vocabulary-0/images/A3LetterWords/Box.jpg",
          width => 1726,
        }, "ParsedKeys"),
        say => undef,
        start => 50,
        title => "Boks",
        titleFile => "boks",
      }, "ParsedCmd"),
      bless({
        cmd => "photo",
        defaulted => { level => 1, titleFile => 1 },
        end => 55,
        index => 12,
        name => "Boy",
        parsedKeys => bless({
          aFewChars        => undef,
          cmd              => "photo",
          height           => 465,
          level            => 1,
          name             => "Boy",
          pointsOfInterest => "(66, 43)",
          say              => undef,
          title            => "Dreng",
          titleFile        => "dreng",
          url              => "github://philiprbrenan/vocabulary-0/images/A3LetterWords/Boy.jpg",
          width            => 465,
        }, "ParsedKeys"),
        say => undef,
        start => 53,
        title => "Dreng",
        titleFile => "dreng",
      }, "ParsedCmd"),
      bless({
        cmd => "photo",
        defaulted => { level => 1, titleFile => 1 },
        end => 59,
        index => 13,
        name => "Bug",
        parsedKeys => bless({
          aFewChars        => undef,
          cmd              => "photo",
          height           => 2656,
          level            => 1,
          name             => "Bug",
          pointsOfInterest => "(46, 46)",
          say              => undef,
          title            => "Insekt",
          titleFile        => "insekt",
          url              => "github://philiprbrenan/vocabulary-0/images/A3LetterWords/Bug.jpg",
          width            => 2652,
        }, "ParsedKeys"),
        say => undef,
        start => 57,
        title => "Insekt",
        titleFile => "insekt",
      }, "ParsedCmd"),
      bless({
        cmd => "photo",
        defaulted => { level => 1, titleFile => 1 },
        end => 62,
        index => 14,
        name => "Bun",
        parsedKeys => bless({
          aFewChars => undef,
          cmd => "photo",
          height => 1536,
          level => 1,
          name => "Bun",
          say => undef,
          title => "Bolle",
          titleFile => "bolle",
          url => "github://philiprbrenan/vocabulary-0/images/A3LetterWords/Bun.jpg",
          width => 1534,
        }, "ParsedKeys"),
        say => undef,
        start => 61,
        title => "Bolle",
        titleFile => "bolle",
      }, "ParsedCmd"),
      bless({
        cmd => "photo",
        defaulted => { level => 1, titleFile => 1 },
        end => 67,
        index => 15,
        name => "Bus",
        parsedKeys => bless({
          aFewChars        => undef,
          cmd              => "photo",
          height           => 1363,
          level            => 1,
          name             => "Bus",
          pointsOfInterest => "(64, 51)",
          say              => undef,
          screenShot       => "true",
          title            => "Bus",
          titleFile        => "bus",
          url              => "github://philiprbrenan/vocabulary-0/images/A3LetterWords/Bus.jpg",
          width            => 1361,
        }, "ParsedKeys"),
        say => undef,
        start => 64,
        title => "Bus",
        titleFile => "bus",
      }, "ParsedCmd"),
      bless({
        cmd => "photo",
        defaulted => { level => 1, titleFile => 1 },
        end => 70,
        index => 16,
        name => "Can",
        parsedKeys => bless({
          aFewChars => undef,
          cmd => "photo",
          height => 1400,
          level => 1,
          name => "Can",
          say => undef,
          title => "Kan",
          titleFile => "kan",
          url => "github://philiprbrenan/vocabulary-0/images/A3LetterWords/Can.jpg",
          width => 1398,
        }, "ParsedKeys"),
        say => undef,
        start => 69,
        title => "Kan",
        titleFile => "kan",
      }, "ParsedCmd"),
      bless({
        cmd => "photo",
        defaulted => { level => 1, titleFile => 1 },
        end => 73,
        index => 17,
        name => "Cap",
        parsedKeys => bless({
          aFewChars => undef,
          cmd => "photo",
          height => 1389,
          level => 1,
          name => "Cap",
          say => undef,
          title => "Kasket",
          titleFile => "kasket",
          url => "github://philiprbrenan/vocabulary-0/images/A3LetterWords/Cap.jpg",
          width => 1388,
        }, "ParsedKeys"),
        say => undef,
        start => 72,
        title => "Kasket",
        titleFile => "kasket",
      }, "ParsedCmd"),
      bless({
        cmd => "photo",
        defaulted => { level => 1, titleFile => 1 },
        end => 78,
        index => 18,
        name => "Car",
        parsedKeys => bless({
          aFewChars        => undef,
          cmd              => "photo",
          height           => 318,
          level            => 1,
          name             => "Car",
          pointsOfInterest => "(6, 57)",
          say              => undef,
          screenShot       => "true",
          title            => "Bil",
          titleFile        => "bil",
          url              => "github://philiprbrenan/vocabulary-0/images/A3LetterWords/Car.jpg",
          width            => 318,
        }, "ParsedKeys"),
        say => undef,
        start => 75,
        title => "Bil",
        titleFile => "bil",
      }, "ParsedCmd"),
      bless({
        cmd => "photo",
        defaulted => { level => 1, titleFile => 1 },
        end => 83,
        index => 19,
        name => "Cat",
        parsedKeys => bless({
          aFewChars        => undef,
          cmd              => "photo",
          height           => 884,
          level            => 1,
          name             => "Cat",
          pointsOfInterest => "(52, 52)",
          say              => undef,
          screenShot       => "true",
          title            => "Kat",
          titleFile        => "kat",
          url              => "github://philiprbrenan/vocabulary-0/images/A3LetterWords/Cat.jpg",
          width            => 885,
        }, "ParsedKeys"),
        say => undef,
        start => 80,
        title => "Kat",
        titleFile => "kat",
      }, "ParsedCmd"),
      bless({
        cmd => "photo",
        defaulted => { level => 1, titleFile => 1 },
        end => 87,
        index => 20,
        name => "Cow",
        parsedKeys => bless({
          aFewChars        => undef,
          cmd              => "photo",
          height           => 1462,
          level            => 1,
          name             => "Cow",
          pointsOfInterest => "(5, 35)",
          say              => undef,
          title            => "Ko",
          titleFile        => "ko",
          url              => "github://philiprbrenan/vocabulary-0/images/A3LetterWords/Cow.jpg",
          width            => 1462,
        }, "ParsedKeys"),
        say => undef,
        start => 85,
        title => "Ko",
        titleFile => "ko",
      }, "ParsedCmd"),
      bless({
        cmd => "photo",
        defaulted => { level => 1, titleFile => 1 },
        end => 90,
        index => 21,
        name => "Cup",
        parsedKeys => bless({
          aFewChars => undef,
          cmd => "photo",
          height => 1592,
          level => 1,
          name => "Cup",
          say => undef,
          title => "Kop",
          titleFile => "kop",
          url => "github://philiprbrenan/vocabulary-0/images/A3LetterWords/Cup.jpg",
          width => 1588,
        }, "ParsedKeys"),
        say => undef,
        start => 89,
        title => "Kop",
        titleFile => "kop",
      }, "ParsedCmd"),
      bless({
        cmd => "photo",
        defaulted => { level => 1, titleFile => 1 },
        end => 93,
        index => 22,
        name => "Dam",
        parsedKeys => bless({
          aFewChars => undef,
          cmd => "photo",
          height => 2315,
          level => 1,
          name => "Dam",
          say => undef,
          title => "D\xE6mning",
          titleFile => "d\xE6mning",
          url => "github://philiprbrenan/vocabulary-0/images/A3LetterWords/Dam.jpg",
          width => 2321,
        }, "ParsedKeys"),
        say => undef,
        start => 92,
        title => "D\xE6mning",
        titleFile => "d\xE6mning",
      }, "ParsedCmd"),
      bless({
        cmd => "photo",
        defaulted => { level => 1, titleFile => 1 },
        end => 98,
        index => 23,
        name => "Dog",
        parsedKeys => bless({
          aFewChars        => undef,
          cmd              => "photo",
          height           => 1520,
          level            => 1,
          name             => "Dog",
          pointsOfInterest => "(6, 56)",
          say              => undef,
          screenShot       => "true",
          title            => "Hund",
          titleFile        => "hund",
          url              => "github://philiprbrenan/vocabulary-0/images/A3LetterWords/Dog.jpg",
          width            => 1514,
        }, "ParsedKeys"),
        say => undef,
        start => 95,
        title => "Hund",
        titleFile => "hund",
      }, "ParsedCmd"),
      bless({
        cmd => "photo",
        defaulted => { level => 1, titleFile => 1 },
        end => 101,
        index => 24,
        name => "Ear",
        parsedKeys => bless({
          aFewChars => undef,
          cmd => "photo",
          height => 1132,
          level => 1,
          name => "Ear",
          say => undef,
          title => "\xD8re",
          titleFile => "\xF8re",
          url => "github://philiprbrenan/vocabulary-0/images/A3LetterWords/Ear.jpg",
          width => 1130,
        }, "ParsedKeys"),
        say => undef,
        start => 100,
        title => "\xD8re",
        titleFile => "\xF8re",
      }, "ParsedCmd"),
      bless({
        cmd => "photo",
        defaulted => { level => 1, titleFile => 1 },
        end => 105,
        index => 25,
        name => "Egg",
        parsedKeys => bless({
          aFewChars        => undef,
          cmd              => "photo",
          height           => 432,
          level            => 1,
          name             => "Egg",
          pointsOfInterest => "(46, 26)",
          say              => undef,
          title            => "\xC6g",
          titleFile        => "\xE6g",
          url              => "github://philiprbrenan/vocabulary-0/images/A3LetterWords/Egg.jpg",
          width            => 431,
        }, "ParsedKeys"),
        say => undef,
        start => 103,
        title => "\xC6g",
        titleFile => "\xE6g",
      }, "ParsedCmd"),
      bless({
        cmd => "photo",
        defaulted => { level => 1, titleFile => 1 },
        end => 109,
        index => 26,
        name => "Emu",
        parsedKeys => bless({
          aFewChars        => undef,
          cmd              => "photo",
          height           => 2283,
          level            => 1,
          name             => "Emu",
          pointsOfInterest => "(32, 22)",
          say              => undef,
          title            => "Emu",
          titleFile        => "emu",
          url              => "github://philiprbrenan/vocabulary-0/images/A3LetterWords/Emu.jpg",
          width            => 2282,
        }, "ParsedKeys"),
        say => undef,
        start => 107,
        title => "Emu",
        titleFile => "emu",
      }, "ParsedCmd"),
      bless({
        cmd => "photo",
        defaulted => { level => 1, titleFile => 1 },
        end => 113,
        index => 27,
        name => "Eye",
        parsedKeys => bless({
          aFewChars        => undef,
          cmd              => "photo",
          height           => 1329,
          level            => 1,
          name             => "Eye",
          pointsOfInterest => "(45, 51)",
          say              => undef,
          title            => "\xD8je",
          titleFile        => "\xF8je",
          url              => "github://philiprbrenan/vocabulary-0/images/A3LetterWords/Eye.jpg",
          width            => 1327,
        }, "ParsedKeys"),
        say => undef,
        start => 111,
        title => "\xD8je",
        titleFile => "\xF8je",
      }, "ParsedCmd"),
      bless({
        cmd => "photo",
        defaulted => { level => 1, titleFile => 1 },
        end => 116,
        index => 28,
        name => "Fan",
        parsedKeys => bless({
          aFewChars => undef,
          cmd => "photo",
          height => 1631,
          level => 1,
          name => "Fan",
          say => undef,
          title => "Ventilator",
          titleFile => "ventilator",
          url => "github://philiprbrenan/vocabulary-0/images/A3LetterWords/Fan.jpg",
          width => 1629,
        }, "ParsedKeys"),
        say => undef,
        start => 115,
        title => "Ventilator",
        titleFile => "ventilator",
      }, "ParsedCmd"),
      bless({
        cmd => "photo",
        defaulted => { level => 1, titleFile => 1 },
        end => 120,
        index => 29,
        name => "Fin",
        parsedKeys => bless({
          aFewChars        => undef,
          cmd              => "photo",
          height           => 976,
          level            => 1,
          name             => "Fin",
          pointsOfInterest => "(46, 7)",
          say              => undef,
          title            => "Finne",
          titleFile        => "finne",
          url              => "github://philiprbrenan/vocabulary-0/images/A3LetterWords/Fin.jpg",
          width            => 975,
        }, "ParsedKeys"),
        say => undef,
        start => 118,
        title => "Finne",
        titleFile => "finne",
      }, "ParsedCmd"),
      bless({
        cmd => "photo",
        defaulted => { level => 1, titleFile => 1 },
        end => 124,
        index => 30,
        name => "Fox",
        parsedKeys => bless({
          aFewChars        => undef,
          cmd              => "photo",
          height           => 401,
          level            => 1,
          name             => "Fox",
          pointsOfInterest => "(55, 22)",
          say              => undef,
          title            => "R\xE6v",
          titleFile        => "r\xE6v",
          url              => "github://philiprbrenan/vocabulary-0/images/A3LetterWords/Fox.jpg",
          width            => 400,
        }, "ParsedKeys"),
        say => undef,
        start => 122,
        title => "R\xE6v",
        titleFile => "r\xE6v",
      }, "ParsedCmd"),
      bless({
        cmd => "photo",
        defaulted => { level => 1, titleFile => 1 },
        end => 127,
        index => 31,
        name => "Hat",
        parsedKeys => bless({
          aFewChars => undef,
          cmd => "photo",
          height => 1667,
          level => 1,
          name => "Hat",
          say => undef,
          title => "Hat",
          titleFile => "hat",
          url => "github://philiprbrenan/vocabulary-0/images/A3LetterWords/Hat.jpg",
          width => 1664,
        }, "ParsedKeys"),
        say => undef,
        start => 126,
        title => "Hat",
        titleFile => "hat",
      }, "ParsedCmd"),
      bless({
        cmd => "photo",
        defaulted => { level => 1, titleFile => 1 },
        end => 130,
        index => 32,
        name => "Hoe",
        parsedKeys => bless({
          aFewChars => undef,
          cmd => "photo",
          height => 1958,
          level => 1,
          name => "Hoe",
          say => undef,
          title => "Hakke",
          titleFile => "hakke",
          url => "github://philiprbrenan/vocabulary-0/images/A3LetterWords/Hoe.jpg",
          width => 1956,
        }, "ParsedKeys"),
        say => undef,
        start => 129,
        title => "Hakke",
        titleFile => "hakke",
      }, "ParsedCmd"),
      bless({
        cmd => "photo",
        defaulted => { level => 1, titleFile => 1 },
        end => 134,
        index => 33,
        name => "Ice",
        parsedKeys => bless({
          aFewChars        => undef,
          cmd              => "photo",
          height           => 1461,
          level            => 1,
          name             => "Ice",
          pointsOfInterest => "(56, 39)",
          say              => undef,
          title            => "Is",
          titleFile        => "is",
          url              => "github://philiprbrenan/vocabulary-0/images/A3LetterWords/Ice.jpg",
          width            => 1460,
        }, "ParsedKeys"),
        say => undef,
        start => 132,
        title => "Is",
        titleFile => "is",
      }, "ParsedCmd"),
      bless({
        cmd => "photo",
        defaulted => { level => 1, titleFile => 1 },
        end => 137,
        index => 34,
        name => "Jar",
        parsedKeys => bless({
          aFewChars => undef,
          cmd => "photo",
          height => 1150,
          level => 1,
          name => "Jar",
          say => undef,
          title => "Krukke",
          titleFile => "krukke",
          url => "github://philiprbrenan/vocabulary-0/images/A3LetterWords/Jar.jpg",
          width => 1148,
        }, "ParsedKeys"),
        say => undef,
        start => 136,
        title => "Krukke",
        titleFile => "krukke",
      }, "ParsedCmd"),
      bless({
        cmd => "photo",
        defaulted => { level => 1, titleFile => 1 },
        end => 140,
        index => 35,
        name => "Jug",
        parsedKeys => bless({
          aFewChars => undef,
          cmd => "photo",
          height => 1586,
          level => 1,
          name => "Jug",
          say => undef,
          title => "Kande",
          titleFile => "kande",
          url => "github://philiprbrenan/vocabulary-0/images/A3LetterWords/Jug.jpg",
          width => 1583,
        }, "ParsedKeys"),
        say => undef,
        start => 139,
        title => "Kande",
        titleFile => "kande",
      }, "ParsedCmd"),
      bless({
        cmd => "photo",
        defaulted => { level => 1, titleFile => 1 },
        end => 143,
        index => 36,
        name => "Key",
        parsedKeys => bless({
          aFewChars => undef,
          cmd => "photo",
          height => 1492,
          level => 1,
          name => "Key",
          say => undef,
          title => "N\xF8gle",
          titleFile => "n\xF8gle",
          url => "github://philiprbrenan/vocabulary-0/images/A3LetterWords/Key.jpg",
          width => 1490,
        }, "ParsedKeys"),
        say => undef,
        start => 142,
        title => "N\xF8gle",
        titleFile => "n\xF8gle",
      }, "ParsedCmd"),
      bless({
        cmd => "photo",
        defaulted => { level => 1, titleFile => 1 },
        end => 146,
        index => 37,
        name => "Leg",
        parsedKeys => bless({
          aFewChars => undef,
          cmd => "photo",
          height => 1037,
          level => 1,
          name => "Leg",
          say => undef,
          title => "Ben",
          titleFile => "ben",
          url => "github://philiprbrenan/vocabulary-0/images/A3LetterWords/Leg.jpg",
          width => 1035,
        }, "ParsedKeys"),
        say => undef,
        start => 145,
        title => "Ben",
        titleFile => "ben",
      }, "ParsedCmd"),
      bless({
        cmd => "photo",
        defaulted => { level => 1, titleFile => 1 },
        end => 149,
        index => 38,
        name => "Lid",
        parsedKeys => bless({
          aFewChars => undef,
          cmd => "photo",
          height => 1739,
          level => 1,
          name => "Lid",
          say => undef,
          title => "L\xE5g",
          titleFile => "l\xE5g",
          url => "github://philiprbrenan/vocabulary-0/images/A3LetterWords/Lid.jpg",
          width => 1737,
        }, "ParsedKeys"),
        say => undef,
        start => 148,
        title => "L\xE5g",
        titleFile => "l\xE5g",
      }, "ParsedCmd"),
      bless({
        cmd => "photo",
        defaulted => { level => 1, titleFile => 1 },
        end => 152,
        index => 39,
        name => "Map",
        parsedKeys => bless({
          aFewChars => undef,
          cmd => "photo",
          height => 442,
          level => 1,
          name => "Map",
          say => undef,
          title => "Kort",
          titleFile => "kort",
          url => "github://philiprbrenan/vocabulary-0/images/A3LetterWords/Map.jpg",
          width => 441,
        }, "ParsedKeys"),
        say => undef,
        start => 151,
        title => "Kort",
        titleFile => "kort",
      }, "ParsedCmd"),
      bless({
        cmd => "photo",
        defaulted => { level => 1, titleFile => 1 },
        end => 155,
        index => 40,
        name => "Men",
        parsedKeys => bless({
          aFewChars => undef,
          cmd => "photo",
          height => 1725,
          level => 1,
          name => "Men",
          say => undef,
          title => "Herrer",
          titleFile => "herrer",
          url => "github://philiprbrenan/vocabulary-0/images/A3LetterWords/Men.jpg",
          width => 1723,
        }, "ParsedKeys"),
        say => undef,
        start => 154,
        title => "Herrer",
        titleFile => "herrer",
      }, "ParsedCmd"),
      bless({
        cmd => "photo",
        defaulted => { level => 1, titleFile => 1 },
        end => 158,
        index => 41,
        name => "Mug",
        parsedKeys => bless({
          aFewChars => undef,
          cmd => "photo",
          height => 1230,
          level => 1,
          name => "Mug",
          say => undef,
          title => "Krus",
          titleFile => "krus",
          url => "github://philiprbrenan/vocabulary-0/images/A3LetterWords/Mug.jpg",
          width => 1228,
        }, "ParsedKeys"),
        say => undef,
        start => 157,
        title => "Krus",
        titleFile => "krus",
      }, "ParsedCmd"),
      bless({
        cmd => "photo",
        defaulted => { level => 1, titleFile => 1 },
        end => 162,
        index => 42,
        name => "Oar",
        parsedKeys => bless({
          aFewChars        => undef,
          cmd              => "photo",
          height           => 1492,
          level            => 1,
          name             => "Oar",
          pointsOfInterest => "(41, 25)",
          say              => undef,
          title            => "\xC5re",
          titleFile        => "\xE5re",
          url              => "github://philiprbrenan/vocabulary-0/images/A3LetterWords/Oar.jpg",
          width            => 1490,
        }, "ParsedKeys"),
        say => undef,
        start => 160,
        title => "\xC5re",
        titleFile => "\xE5re",
      }, "ParsedCmd"),
      bless({
        cmd => "photo",
        defaulted => { level => 1, titleFile => 1 },
        end => 166,
        index => 43,
        name => "Owl",
        parsedKeys => bless({
          aFewChars        => undef,
          cmd              => "photo",
          height           => 1435,
          level            => 1,
          name             => "Owl",
          pointsOfInterest => "(55, 29)",
          say              => undef,
          title            => "Ugle",
          titleFile        => "ugle",
          url              => "github://philiprbrenan/vocabulary-0/images/A3LetterWords/Owl.jpg",
          width            => 1431,
        }, "ParsedKeys"),
        say => undef,
        start => 164,
        title => "Ugle",
        titleFile => "ugle",
      }, "ParsedCmd"),
      bless({
        cmd => "photo",
        defaulted => { level => 1, titleFile => 1 },
        end => 169,
        index => 44,
        name => "Pan",
        parsedKeys => bless({
          aFewChars => undef,
          cmd => "photo",
          height => 1528,
          level => 1,
          name => "Pan",
          say => undef,
          title => "Pande",
          titleFile => "pande",
          url => "github://philiprbrenan/vocabulary-0/images/A3LetterWords/Pan.jpg",
          width => 1524,
        }, "ParsedKeys"),
        say => undef,
        start => 168,
        title => "Pande",
        titleFile => "pande",
      }, "ParsedCmd"),
      bless({
        cmd => "photo",
        defaulted => { level => 1, titleFile => 1 },
        end => 173,
        index => 45,
        name => "Peg",
        parsedKeys => bless({
          aFewChars        => undef,
          cmd              => "photo",
          height           => 1723,
          level            => 1,
          name             => "Peg",
          pointsOfInterest => "(22, 36)",
          say              => undef,
          title            => "Pind",
          titleFile        => "pind",
          url              => "github://philiprbrenan/vocabulary-0/images/A3LetterWords/Peg.jpg",
          width            => 1721,
        }, "ParsedKeys"),
        say => undef,
        start => 171,
        title => "Pind",
        titleFile => "pind",
      }, "ParsedCmd"),
      bless({
        cmd => "photo",
        defaulted => { level => 1, titleFile => 1 },
        end => 176,
        index => 46,
        name => "Pen",
        parsedKeys => bless({
          aFewChars => undef,
          cmd => "photo",
          height => 1365,
          level => 1,
          name => "Pen",
          say => undef,
          title => "Pen",
          titleFile => "pen",
          url => "github://philiprbrenan/vocabulary-0/images/A3LetterWords/Pen.jpg",
          width => 1363,
        }, "ParsedKeys"),
        say => undef,
        start => 175,
        title => "Pen",
        titleFile => "pen",
      }, "ParsedCmd"),
      bless({
        cmd => "photo",
        defaulted => { level => 1, titleFile => 1 },
        end => 180,
        index => 47,
        name => "Pig",
        parsedKeys => bless({
          aFewChars        => undef,
          cmd              => "photo",
          height           => 1834,
          level            => 1,
          name             => "Pig",
          pointsOfInterest => "(79, 66)",
          say              => undef,
          title            => "Svin",
          titleFile        => "svin",
          url              => "github://philiprbrenan/vocabulary-0/images/A3LetterWords/Pig.jpg",
          width            => 1830,
        }, "ParsedKeys"),
        say => undef,
        start => 178,
        title => "Svin",
        titleFile => "svin",
      }, "ParsedCmd"),
      bless({
        cmd => "photo",
        defaulted => { level => 1, titleFile => 1 },
        end => 184,
        index => 48,
        name => "Pin",
        parsedKeys => bless({
          aFewChars        => undef,
          cmd              => "photo",
          height           => 1299,
          level            => 1,
          name             => "Pin",
          pointsOfInterest => "(75, 26)",
          say              => undef,
          title            => "Pin",
          titleFile        => "pin",
          url              => "github://philiprbrenan/vocabulary-0/images/A3LetterWords/Pin.jpg",
          width            => 1296,
        }, "ParsedKeys"),
        say => undef,
        start => 182,
        title => "Pin",
        titleFile => "pin",
      }, "ParsedCmd"),
      bless({
        cmd => "photo",
        defaulted => { level => 1, titleFile => 1 },
        end => 187,
        index => 49,
        name => "Rug",
        parsedKeys => bless({
          aFewChars => undef,
          cmd => "photo",
          height => 1837,
          level => 1,
          name => "Rug",
          say => undef,
          title => "T\xE6ppe",
          titleFile => "t\xE6ppe",
          url => "github://philiprbrenan/vocabulary-0/images/A3LetterWords/Rug.jpg",
          width => 1834,
        }, "ParsedKeys"),
        say => undef,
        start => 186,
        title => "T\xE6ppe",
        titleFile => "t\xE6ppe",
      }, "ParsedCmd"),
      bless({
        cmd => "photo",
        defaulted => { level => 1, titleFile => 1 },
        end => 191,
        index => 50,
        name => "Sea",
        parsedKeys => bless({
          aFewChars        => undef,
          cmd              => "photo",
          height           => 1519,
          level            => 1,
          name             => "Sea",
          pointsOfInterest => "(48, 55)",
          say              => undef,
          title            => "Hav",
          titleFile        => "hav",
          url              => "github://philiprbrenan/vocabulary-0/images/A3LetterWords/Sea.jpg",
          width            => 1516,
        }, "ParsedKeys"),
        say => undef,
        start => 189,
        title => "Hav",
        titleFile => "hav",
      }, "ParsedCmd"),
      bless({
        cmd => "photo",
        defaulted => { level => 1, titleFile => 1 },
        end => 195,
        index => 51,
        name => "Sow",
        parsedKeys => bless({
          aFewChars        => undef,
          cmd              => "photo",
          height           => 2387,
          level            => 1,
          name             => "Sow",
          pointsOfInterest => "(84, 6)",
          say              => undef,
          title            => "So",
          titleFile        => "so",
          url              => "github://philiprbrenan/vocabulary-0/images/A3LetterWords/Sow.jpg",
          width            => 2382,
        }, "ParsedKeys"),
        say => undef,
        start => 193,
        title => "So",
        titleFile => "so",
      }, "ParsedCmd"),
      bless({
        cmd => "photo",
        defaulted => { level => 1, titleFile => 1 },
        end => 200,
        index => 52,
        name => "Sun",
        parsedKeys => bless({
          aFewChars        => undef,
          cmd              => "photo",
          height           => 1819,
          level            => 1,
          name             => "Sun",
          pointsOfInterest => "(49, 46)",
          say              => undef,
          screenShot       => "true",
          title            => "Sol",
          titleFile        => "sol",
          url              => "github://philiprbrenan/vocabulary-0/images/A3LetterWords/Sun.jpg",
          width            => 1814,
        }, "ParsedKeys"),
        say => undef,
        start => 197,
        title => "Sol",
        titleFile => "sol",
      }, "ParsedCmd"),
      bless({
        cmd => "photo",
        defaulted => { level => 1, titleFile => 1 },
        end => 204,
        index => 53,
        name => "Tap",
        parsedKeys => bless({
          aFewChars        => undef,
          cmd              => "photo",
          height           => 1796,
          level            => 1,
          name             => "Tap",
          pointsOfInterest => "(72, 35)",
          say              => undef,
          title            => "Hanen",
          titleFile        => "hanen",
          url              => "github://philiprbrenan/vocabulary-0/images/A3LetterWords/Tap.jpg",
          width            => 1794,
        }, "ParsedKeys"),
        say => undef,
        start => 202,
        title => "Hanen",
        titleFile => "hanen",
      }, "ParsedCmd"),
      bless({
        cmd => "photo",
        defaulted => { level => 1, titleFile => 1 },
        end => 208,
        index => 54,
        name => "Toe",
        parsedKeys => bless({
          aFewChars        => undef,
          cmd              => "photo",
          height           => 1216,
          level            => 1,
          name             => "Toe",
          pointsOfInterest => "(38, 17)",
          say              => undef,
          title            => "T\xE5",
          titleFile        => "t\xE5",
          url              => "github://philiprbrenan/vocabulary-0/images/A3LetterWords/Toe.jpg",
          width            => 1217,
        }, "ParsedKeys"),
        say => undef,
        start => 206,
        title => "T\xE5",
        titleFile => "t\xE5",
      }, "ParsedCmd"),
      bless({
        cmd => "photo",
        defaulted => { level => 1, titleFile => 1 },
        end => 213,
        index => 55,
        name => "Van",
        parsedKeys => bless({
          aFewChars        => undef,
          cmd              => "photo",
          height           => 1920,
          level            => 1,
          name             => "Van",
          pointsOfInterest => "(36, 39)",
          say              => undef,
          screenShot       => "true",
          title            => "Van",
          titleFile        => "van",
          url              => "github://philiprbrenan/vocabulary-0/images/A3LetterWords/Van.jpg",
          width            => 1918,
        }, "ParsedKeys"),
        say => undef,
        start => 210,
        title => "Van",
        titleFile => "van",
      }, "ParsedCmd"),
      bless({
        cmd => "photo",
        defaulted => { level => 1, titleFile => 1 },
        end => 216,
        index => 56,
        name => "Wok",
        parsedKeys => bless({
          aFewChars => undef,
          cmd => "photo",
          height => 1533,
          level => 1,
          name => "Wok",
          say => undef,
          title => "Wok",
          titleFile => "wok",
          url => "github://philiprbrenan/vocabulary-0/images/A3LetterWords/Wok.jpg",
          width => 1529,
        }, "ParsedKeys"),
        say => undef,
        start => 215,
        title => "Wok",
        titleFile => "wok",
      }, "ParsedCmd"),
      bless({
        cmd => "photo",
        defaulted => { level => 1, titleFile => 1 },
        end => 220,
        index => 57,
        name => "Yak",
        parsedKeys => bless({
          aFewChars        => undef,
          cmd              => "photo",
          height           => 2501,
          level            => 1,
          name             => "Yak",
          pointsOfInterest => "(71, 38)",
          say              => undef,
          title            => "Yak",
          titleFile        => "yak",
          url              => "github://philiprbrenan/vocabulary-0/images/A3LetterWords/Yak.jpg",
          width            => 2497,
        }, "ParsedKeys"),
        say => undef,
        start => 218,
        title => "Yak",
        titleFile => "yak",
      }, "ParsedCmd"),
      bless({
        cmd => "photo",
        defaulted => { level => 1, titleFile => 1 },
        end => 224,
        index => 58,
        name => "Zip",
        parsedKeys => bless({
          aFewChars        => undef,
          cmd              => "photo",
          height           => 1318,
          level            => 1,
          name             => "Zip",
          pointsOfInterest => "(46, 5)",
          say              => undef,
          title            => "Lynl\xE5s",
          titleFile        => "lynl\xE5s",
          url              => "github://philiprbrenan/vocabulary-0/images/A3LetterWords/Zip.jpg",
          width            => 1316,
        }, "ParsedKeys"),
        say => undef,
        start => 222,
        title => "Lynl\xE5s",
        titleFile => "lynl\xE5s",
      }, "ParsedCmd"),
    ],
    project => "philiprbrenan/vocabulary/g/A3LetterWords/l/da/",
    source => "app    vocabulary.g.A3LetterWords.l.da  =  Three-Letter Words in Danish                                      \n       author                           =  philiprbrenan                                                     \n       description                      =  L\xE6re om tre bogstaver ord                                         \n       email                            =  philiprbrenan\@gmail.com                                           \n       emphasis                         =                                                                12  \n       icon                             =  github://philiprbrenan/vocabulary-0/images/A3LetterWords/Eye.jpg  \n       saveScreenShotsTo                =  philiprbrenan/screenShots-0                                       \n       language                         =  da                                                                \n       \nphoto  Ant                              =  Myre                                                              \n       pointsOfInterest                 =  (57, 39)                                                          \n       screenShot                       =  true                                                              \n       url                              =  github://philiprbrenan/vocabulary-0/images/A3LetterWords/Ant.jpg  \n       \nphoto  Ape                              =  Abe                                                               \n       url                              =  github://philiprbrenan/vocabulary-0/images/A3LetterWords/Ape.jpg  \n       \nphoto  Arm                              =  Arm                                                               \n       url                              =  github://philiprbrenan/vocabulary-0/images/A3LetterWords/Arm.jpg  \n       \nphoto  Bag                              =  Taske                                                             \n       url                              =  github://philiprbrenan/vocabulary-0/images/A3LetterWords/Bag.jpg  \n       \nphoto  Bat                              =  Flagermus                                                         \n       pointsOfInterest                 =  (51, 45)                                                          \n       url                              =  github://philiprbrenan/vocabulary-0/images/A3LetterWords/Bat.jpg  \n       \nphoto  Bay                              =  Bugt                                                              \n       screenShot                       =  true                                                              \n       url                              =  github://philiprbrenan/vocabulary-0/images/A3LetterWords/Bay.jpg  \n       \nphoto  Bed                              =  Seng                                                              \n       pointsOfInterest                 =  (51, 4)                                                           \n       url                              =  github://philiprbrenan/vocabulary-0/images/A3LetterWords/Bed.jpg  \n       \nphoto  Bee                              =  Bi                                                                \n       pointsOfInterest                 =  (47, 4)                                                           \n       url                              =  github://philiprbrenan/vocabulary-0/images/A3LetterWords/Bee.jpg  \n       \nphoto  Bin                              =  Beholder                                                          \n       url                              =  github://philiprbrenan/vocabulary-0/images/A3LetterWords/Bin.jpg  \n       \nphoto  Bog                              =  Mose                                                              \n       url                              =  github://philiprbrenan/vocabulary-0/images/A3LetterWords/Bog.jpg  \n       \nphoto  Bow                              =  Sl\xF8jfe                                                            \n       pointsOfInterest                 =  (45, 28)                                                          \n       url                              =  github://philiprbrenan/vocabulary-0/images/A3LetterWords/Bow.jpg  \n       \nphoto  Box                              =  Boks                                                              \n       url                              =  github://philiprbrenan/vocabulary-0/images/A3LetterWords/Box.jpg  \n       \nphoto  Boy                              =  Dreng                                                             \n       pointsOfInterest                 =  (66, 43)                                                          \n       url                              =  github://philiprbrenan/vocabulary-0/images/A3LetterWords/Boy.jpg  \n       \nphoto  Bug                              =  Insekt                                                            \n       pointsOfInterest                 =  (46, 46)                                                          \n       url                              =  github://philiprbrenan/vocabulary-0/images/A3LetterWords/Bug.jpg  \n       \nphoto  Bun                              =  Bolle                                                             \n       url                              =  github://philiprbrenan/vocabulary-0/images/A3LetterWords/Bun.jpg  \n       \nphoto  Bus                              =  Bus                                                               \n       pointsOfInterest                 =  (64, 51)                                                          \n       screenShot                       =  true                                                              \n       url                              =  github://philiprbrenan/vocabulary-0/images/A3LetterWords/Bus.jpg  \n       \nphoto  Can                              =  Kan                                                               \n       url                              =  github://philiprbrenan/vocabulary-0/images/A3LetterWords/Can.jpg  \n       \nphoto  Cap                              =  Kasket                                                            \n       url                              =  github://philiprbrenan/vocabulary-0/images/A3LetterWords/Cap.jpg  \n       \nphoto  Car                              =  Bil                                                               \n       pointsOfInterest                 =  (6, 57)                                                           \n       screenShot                       =  true                                                              \n       url                              =  github://philiprbrenan/vocabulary-0/images/A3LetterWords/Car.jpg  \n       \nphoto  Cat                              =  Kat                                                               \n       pointsOfInterest                 =  (52, 52)                                                          \n       screenShot                       =  true                                                              \n       url                              =  github://philiprbrenan/vocabulary-0/images/A3LetterWords/Cat.jpg  \n       \nphoto  Cow                              =  Ko                                                                \n       pointsOfInterest                 =  (5, 35)                                                           \n       url                              =  github://philiprbrenan/vocabulary-0/images/A3LetterWords/Cow.jpg  \n       \nphoto  Cup                              =  Kop                                                               \n       url                              =  github://philiprbrenan/vocabulary-0/images/A3LetterWords/Cup.jpg  \n       \nphoto  Dam                              =  D\xE6mning                                                           \n       url                              =  github://philiprbrenan/vocabulary-0/images/A3LetterWords/Dam.jpg  \n       \nphoto  Dog                              =  Hund                                                              \n       pointsOfInterest                 =  (6, 56)                                                           \n       screenShot                       =  true                                                              \n       url                              =  github://philiprbrenan/vocabulary-0/images/A3LetterWords/Dog.jpg  \n       \nphoto  Ear                              =  \xD8re                                                               \n       url                              =  github://philiprbrenan/vocabulary-0/images/A3LetterWords/Ear.jpg  \n       \nphoto  Egg                              =  \xC6g                                                                \n       pointsOfInterest                 =  (46, 26)                                                          \n       url                              =  github://philiprbrenan/vocabulary-0/images/A3LetterWords/Egg.jpg  \n       \nphoto  Emu                              =  Emu                                                               \n       pointsOfInterest                 =  (32, 22)                                                          \n       url                              =  github://philiprbrenan/vocabulary-0/images/A3LetterWords/Emu.jpg  \n       \nphoto  Eye                              =  \xD8je                                                               \n       pointsOfInterest                 =  (45, 51)                                                          \n       url                              =  github://philiprbrenan/vocabulary-0/images/A3LetterWords/Eye.jpg  \n       \nphoto  Fan                              =  Ventilator                                                        \n       url                              =  github://philiprbrenan/vocabulary-0/images/A3LetterWords/Fan.jpg  \n       \nphoto  Fin                              =  Finne                                                             \n       pointsOfInterest                 =  (46, 7)                                                           \n       url                              =  github://philiprbrenan/vocabulary-0/images/A3LetterWords/Fin.jpg  \n       \nphoto  Fox                              =  R\xE6v                                                               \n       pointsOfInterest                 =  (55, 22)                                                          \n       url                              =  github://philiprbrenan/vocabulary-0/images/A3LetterWords/Fox.jpg  \n       \nphoto  Hat                              =  Hat                                                               \n       url                              =  github://philiprbrenan/vocabulary-0/images/A3LetterWords/Hat.jpg  \n       \nphoto  Hoe                              =  Hakke                                                             \n       url                              =  github://philiprbrenan/vocabulary-0/images/A3LetterWords/Hoe.jpg  \n       \nphoto  Ice                              =  Is                                                                \n       pointsOfInterest                 =  (56, 39)                                                          \n       url                              =  github://philiprbrenan/vocabulary-0/images/A3LetterWords/Ice.jpg  \n       \nphoto  Jar                              =  Krukke                                                            \n       url                              =  github://philiprbrenan/vocabulary-0/images/A3LetterWords/Jar.jpg  \n       \nphoto  Jug                              =  Kande                                                             \n       url                              =  github://philiprbrenan/vocabulary-0/images/A3LetterWords/Jug.jpg  \n       \nphoto  Key                              =  N\xF8gle                                                             \n       url                              =  github://philiprbrenan/vocabulary-0/images/A3LetterWords/Key.jpg  \n       \nphoto  Leg                              =  Ben                                                               \n       url                              =  github://philiprbrenan/vocabulary-0/images/A3LetterWords/Leg.jpg  \n       \nphoto  Lid                              =  L\xE5g                                                               \n       url                              =  github://philiprbrenan/vocabulary-0/images/A3LetterWords/Lid.jpg  \n       \nphoto  Map                              =  Kort                                                              \n       url                              =  github://philiprbrenan/vocabulary-0/images/A3LetterWords/Map.jpg  \n       \nphoto  Men                              =  Herrer                                                            \n       url                              =  github://philiprbrenan/vocabulary-0/images/A3LetterWords/Men.jpg  \n       \nphoto  Mug                              =  Krus                                                              \n       url                              =  github://philiprbrenan/vocabulary-0/images/A3LetterWords/Mug.jpg  \n       \nphoto  Oar                              =  \xC5re                                                               \n       pointsOfInterest                 =  (41, 25)                                                          \n       url                              =  github://philiprbrenan/vocabulary-0/images/A3LetterWords/Oar.jpg  \n       \nphoto  Owl                              =  Ugle                                                              \n       pointsOfInterest                 =  (55, 29)                                                          \n       url                              =  github://philiprbrenan/vocabulary-0/images/A3LetterWords/Owl.jpg  \n       \nphoto  Pan                              =  Pande                                                             \n       url                              =  github://philiprbrenan/vocabulary-0/images/A3LetterWords/Pan.jpg  \n       \nphoto  Peg                              =  Pind                                                              \n       pointsOfInterest                 =  (22, 36)                                                          \n       url                              =  github://philiprbrenan/vocabulary-0/images/A3LetterWords/Peg.jpg  \n       \nphoto  Pen                              =  Pen                                                               \n       url                              =  github://philiprbrenan/vocabulary-0/images/A3LetterWords/Pen.jpg  \n       \nphoto  Pig                              =  Svin                                                              \n       pointsOfInterest                 =  (79, 66)                                                          \n       url                              =  github://philiprbrenan/vocabulary-0/images/A3LetterWords/Pig.jpg  \n       \nphoto  Pin                              =  Pin                                                               \n       pointsOfInterest                 =  (75, 26)                                                          \n       url                              =  github://philiprbrenan/vocabulary-0/images/A3LetterWords/Pin.jpg  \n       \nphoto  Rug                              =  T\xE6ppe                                                             \n       url                              =  github://philiprbrenan/vocabulary-0/images/A3LetterWords/Rug.jpg  \n       \nphoto  Sea                              =  Hav                                                               \n       pointsOfInterest                 =  (48, 55)                                                          \n       url                              =  github://philiprbrenan/vocabulary-0/images/A3LetterWords/Sea.jpg  \n       \nphoto  Sow                              =  So                                                                \n       pointsOfInterest                 =  (84, 6)                                                           \n       url                              =  github://philiprbrenan/vocabulary-0/images/A3LetterWords/Sow.jpg  \n       \nphoto  Sun                              =  Sol                                                               \n       pointsOfInterest                 =  (49, 46)                                                          \n       screenShot                       =  true                                                              \n       url                              =  github://philiprbrenan/vocabulary-0/images/A3LetterWords/Sun.jpg  \n       \nphoto  Tap                              =  Hanen                                                             \n       pointsOfInterest                 =  (72, 35)                                                          \n       url                              =  github://philiprbrenan/vocabulary-0/images/A3LetterWords/Tap.jpg  \n       \nphoto  Toe                              =  T\xE5                                                                \n       pointsOfInterest                 =  (38, 17)                                                          \n       url                              =  github://philiprbrenan/vocabulary-0/images/A3LetterWords/Toe.jpg  \n       \nphoto  Van                              =  Van                                                               \n       pointsOfInterest                 =  (36, 39)                                                          \n       screenShot                       =  true                                                              \n       url                              =  github://philiprbrenan/vocabulary-0/images/A3LetterWords/Van.jpg  \n       \nphoto  Wok                              =  Wok                                                               \n       url                              =  github://philiprbrenan/vocabulary-0/images/A3LetterWords/Wok.jpg  \n       \nphoto  Yak                              =  Yak                                                               \n       pointsOfInterest                 =  (71, 38)                                                          \n       url                              =  github://philiprbrenan/vocabulary-0/images/A3LetterWords/Yak.jpg  \n       \nphoto  Zip                              =  Lynl\xE5s                                                            \n       pointsOfInterest                 =  (46, 5)                                                           \n       url                              =  github://philiprbrenan/vocabulary-0/images/A3LetterWords/Zip.jpg  \n",
    sourceFileSha => "f09977468bf70a48ee6d31a035203ed865c6d695",
    step => "completed",
    time => 1515516318,
  }, "Manifest");
  $a->{parsedCmds}[0] = $a->{app};
  $a;
}