SUCCESS!

2018-01-04 at 19:20:11 Generate AppaAppsPhotoApp version 20180104-192011 philiprbrenan/vocabulary/g/A3LetterWords/l/cy

2018-01-04 at 19:20:14 Step: parseSource
2018-01-04 at 19:20:14 <b>Good source file!</b>
2018-01-04 at 19:20:14 Step: loadAssets
2018-01-04 at 19:21:55 118 new, 0 reused audio files
2018-01-04 at 19:21:55 Step: multiplyPhotosByFacts
2018-01-04 at 19:21:55 Step: genJavaManifest
2018-01-04 at 19:21:55 Step: genJsonManifest
2018-01-04 at 19:21:55 Step: genGameHtml
2018-01-04 at 19:21:55 Step: genHtmlAssets
2018-01-04 at 19:21:55 Step: zipAssets
2018-01-04 at 19:21:56 Step: compileApp
2018-01-04 at 19:22:01 Step: copyLinksToGitHub
2018-01-04 at 19:22:05 Step: copyFilesIntoPositionOnWebServer
--------------------------------------------------------------------------------
do {
  my $a = bless({
    android => bless({
      action        => "run",
      activity      => "Activity",
      buildFolder   => "/tmp/AppaAppsPhotoApp/build/",
      buildTools    => "/home/phil/Android/sdk/build-tools/25.0.2/",
      debug         => 0,
      device        => "-s emulator-5554",
      fastIcons     => undef,
      home          => "/home/phil/AppaAppsPhotoApp/",
      icon          => "/home/phil/audioImageCache/images/Eye.jpg",
      keyAlias      => "genApp",
      keyStoreFile  => "/home/phil/AppaAppsPhotoApp/keys/genApp.keystore",
      keyStorePwd   => "genApp",
      libs          => [],
      log           => [],
      package       => "com.appaapps.photoapp.philiprbrenanvocabularygA3LetterWordslcy",
      parameters    => {
                         appName  => "vocabulary",
                         appPath  => "g/A3LetterWords/l/cy",
                         cTime    => 1515093716,
                         devMode  => 1,
                         download => "http://www.appaapps.com",
                         title    => "Three-Letter Words in Welsh",
                         userid   => "philiprbrenan",
                       },
      permissions   => ["INTERNET", "ACCESS_NETWORK_STATE", "WRITE_EXTERNAL_STORAGE"],
      platform      => "/home/phil/Android/sdk/platforms/android-25/",
      platformTools => "/home/phil/Android/sdk/platform-tools/",
      sdkLevels     => [15, 25],
      src           => [
                         "/home/phil/java/appState/AppState.java",
                         "/home/phil/java/choices/Choices.java",
                         "/home/phil/java/congratulations/Congratulations.java",
                         "/home/phil/java/coloursTransformed/ColoursTransformed.java",
                         "/home/phil/java/download/Download.java",
                         "/home/phil/java/email/Email.java",
                         "/home/phil/java/fourier/Fourier.java",
                         "/home/phil/java/gradients/Gradients.java",
                         "/home/phil/java/log/Log.java",
                         "/home/phil/java/maths/Maths.java",
                         "/home/phil/java/randomChoice/RandomChoice.java",
                         "/home/phil/java/save/Save.java",
                         "/home/phil/java/say/Say.java",
                         "/home/phil/java/sound/Midi.java",
                         "/home/phil/java/sound/Speech.java",
                         "/home/phil/java/svg/Svg.java",
                         "/home/phil/java/time/Time.java",
                         "/home/phil/java/translations/Translations.java",
                         "/home/phil/java/unpackappdescription/Unpackappdescription.java",
                         "/home/phil/java/upload/UploadStream.java",
                         "/home/phil/java/upload/GitHubUploadStream.java",
                         "/home/phil/java/unzip/Unzip.java",
                       ],
      title         => "Three-Letter Words in Welsh",
      titles        => undef,
      verifyApk     => undef,
      version       => 20180104,
    }, "Android::Build"),
    app => bless({
      cmd => "app",
      defaulted => { maxImages => 1, ordered => 1, rightInARow => 1 },
      end => 8,
      index => 0,
      name => "vocabulary.g.A3LetterWords.l.cy",
      parsedKeys => bless({
        author               => "philiprbrenan",
        cmd                  => "app",
        description          => "Dysgu am Geiriau Tair Llythyr yn Saesneg",
        email                => "philiprbrenan\@gmail.com",
        emphasis             => 12,
        fullNameOnGooglePlay => undef,
        icon                 => "Eye.jpg",
        language             => "cy",
        maxImages            => 12,
        name                 => "vocabulary.g.A3LetterWords.l.cy",
        ordered              => "never",
        rightInARow          => 7,
        screenShots          => "Ant Bay Bus Car Cat Dog Sun Van",
        speakers             => "Gwyneth",
        title                => "Three-Letter Words in Welsh",
      }, "ParsedKeys"),
      start => 1,
      title => "Three-Letter Words in Welsh",
      titleFile => undef,
    }, "ParsedCmd"),
    dateTimeStamp => "2018-01-04 at 19:20:11",
    error => 0,
    iconFile => "/home/phil/audioImageCache/images/Eye.jpg",
    log => [
      "\n2018-01-04 at 19:20:11 Generate AppaAppsPhotoApp version 20180104-192011 philiprbrenan/vocabulary/g/A3LetterWords/l/cy\n",
      "2018-01-04 at 19:20:14 Step: parseSource",
      "2018-01-04 at 19:20:14 <b>Good source file!</b>",
      "2018-01-04 at 19:20:14 Step: loadAssets",
      "2018-01-04 at 19:21:55 118 new, 0 reused audio files",
      "2018-01-04 at 19:21:55 Step: multiplyPhotosByFacts",
      "2018-01-04 at 19:21:55 Step: genJavaManifest",
      "2018-01-04 at 19:21:55 Step: genJsonManifest",
      "2018-01-04 at 19:21:55 Step: genGameHtml",
      "2018-01-04 at 19:21:55 Step: genHtmlAssets",
      "2018-01-04 at 19:21:55 Step: zipAssets",
      "2018-01-04 at 19:21:56 Step: compileApp",
      "2018-01-04 at 19:22:01 Step: copyLinksToGitHub",
      "2018-01-04 at 19:22:05 Step: copyFilesIntoPositionOnWebServer",
    ],
    parsedCmds => [
      'fix',
      bless({
        cmd => "photo",
        defaulted => { level => 1, titleFile => 1 },
        end => 12,
        index => 0,
        name => "Ant",
        parsedKeys => bless({
          aFewChars => undef,
          cmd => "photo",
          height => 1330,
          level => 1,
          name => "Ant",
          say => undef,
          screenShot => 1,
          title => "Ant",
          titleFile => "Ant",
          url => "github://philiprbrenan/vocabulary-0/images/A3LetterWords/Ant.jpg",
          width => 1326,
        }, "ParsedKeys"),
        say => undef,
        start => 10,
        title => "Ant",
        titleFile => "Ant",
      }, "ParsedCmd"),
      bless({
        cmd => "photo",
        defaulted => { level => 1, titleFile => 1 },
        end => 15,
        index => 1,
        name => "Ape",
        parsedKeys => bless({
          aFewChars => undef,
          cmd => "photo",
          height => 1458,
          level => 1,
          name => "Ape",
          say => undef,
          title => "Ape",
          titleFile => "Ape",
          url => "github://philiprbrenan/vocabulary-0/images/A3LetterWords/Ape.jpg",
          width => 1456,
        }, "ParsedKeys"),
        say => undef,
        start => 14,
        title => "Ape",
        titleFile => "Ape",
      }, "ParsedCmd"),
      bless({
        cmd => "photo",
        defaulted => { level => 1, titleFile => 1 },
        end => 18,
        index => 2,
        name => "Arm",
        parsedKeys => bless({
          aFewChars => undef,
          cmd => "photo",
          height => 1054,
          level => 1,
          name => "Arm",
          say => undef,
          title => "Braich",
          titleFile => "Braich",
          url => "github://philiprbrenan/vocabulary-0/images/A3LetterWords/Arm.jpg",
          width => 1052,
        }, "ParsedKeys"),
        say => undef,
        start => 17,
        title => "Braich",
        titleFile => "Braich",
      }, "ParsedCmd"),
      bless({
        cmd => "photo",
        defaulted => { level => 1, titleFile => 1 },
        end => 21,
        index => 3,
        name => "Bag",
        parsedKeys => bless({
          aFewChars => undef,
          cmd => "photo",
          height => 1867,
          level => 1,
          name => "Bag",
          say => undef,
          title => "Bag",
          titleFile => "Bag",
          url => "github://philiprbrenan/vocabulary-0/images/A3LetterWords/Bag.jpg",
          width => 1864,
        }, "ParsedKeys"),
        say => undef,
        start => 20,
        title => "Bag",
        titleFile => "Bag",
      }, "ParsedCmd"),
      bless({
        cmd => "photo",
        defaulted => { level => 1, titleFile => 1 },
        end => 24,
        index => 4,
        name => "Bat",
        parsedKeys => bless({
          aFewChars => undef,
          cmd => "photo",
          height => 407,
          level => 1,
          name => "Bat",
          say => undef,
          title => "Ystlumod",
          titleFile => "Ystlumod",
          url => "github://philiprbrenan/vocabulary-0/images/A3LetterWords/Bat.jpg",
          width => 407,
        }, "ParsedKeys"),
        say => undef,
        start => 23,
        title => "Ystlumod",
        titleFile => "Ystlumod",
      }, "ParsedCmd"),
      bless({
        cmd => "photo",
        defaulted => { level => 1, titleFile => 1 },
        end => 28,
        index => 5,
        name => "Bay",
        parsedKeys => bless({
          aFewChars => undef,
          cmd => "photo",
          height => 1940,
          level => 1,
          name => "Bay",
          say => undef,
          screenShot => 1,
          title => "Bae",
          titleFile => "Bae",
          url => "github://philiprbrenan/vocabulary-0/images/A3LetterWords/Bay.jpg",
          width => 1937,
        }, "ParsedKeys"),
        say => undef,
        start => 26,
        title => "Bae",
        titleFile => "Bae",
      }, "ParsedCmd"),
      bless({
        cmd => "photo",
        defaulted => { level => 1, titleFile => 1 },
        end => 31,
        index => 6,
        name => "Bed",
        parsedKeys => bless({
          aFewChars => undef,
          cmd => "photo",
          height => 1818,
          level => 1,
          name => "Bed",
          say => undef,
          title => "Gwely",
          titleFile => "Gwely",
          url => "github://philiprbrenan/vocabulary-0/images/A3LetterWords/Bed.jpg",
          width => 1814,
        }, "ParsedKeys"),
        say => undef,
        start => 30,
        title => "Gwely",
        titleFile => "Gwely",
      }, "ParsedCmd"),
      bless({
        cmd => "photo",
        defaulted => { level => 1, titleFile => 1 },
        end => 34,
        index => 7,
        name => "Bee",
        parsedKeys => bless({
          aFewChars => undef,
          cmd => "photo",
          height => 659,
          level => 1,
          name => "Bee",
          say => undef,
          title => "Bee",
          titleFile => "Bee",
          url => "github://philiprbrenan/vocabulary-0/images/A3LetterWords/Bee.jpg",
          width => 658,
        }, "ParsedKeys"),
        say => undef,
        start => 33,
        title => "Bee",
        titleFile => "Bee",
      }, "ParsedCmd"),
      bless({
        cmd => "photo",
        defaulted => { level => 1, titleFile => 1 },
        end => 37,
        index => 8,
        name => "Bin",
        parsedKeys => bless({
          aFewChars => undef,
          cmd => "photo",
          height => 1622,
          level => 1,
          name => "Bin",
          say => undef,
          title => "Bin",
          titleFile => "Bin",
          url => "github://philiprbrenan/vocabulary-0/images/A3LetterWords/Bin.jpg",
          width => 1620,
        }, "ParsedKeys"),
        say => undef,
        start => 36,
        title => "Bin",
        titleFile => "Bin",
      }, "ParsedCmd"),
      bless({
        cmd => "photo",
        defaulted => { level => 1, titleFile => 1 },
        end => 40,
        index => 9,
        name => "Bog",
        parsedKeys => bless({
          aFewChars => undef,
          cmd => "photo",
          height => 904,
          level => 1,
          name => "Bog",
          say => undef,
          title => "Cors",
          titleFile => "Cors",
          url => "github://philiprbrenan/vocabulary-0/images/A3LetterWords/Bog.jpg",
          width => 904,
        }, "ParsedKeys"),
        say => undef,
        start => 39,
        title => "Cors",
        titleFile => "Cors",
      }, "ParsedCmd"),
      bless({
        cmd => "photo",
        defaulted => { level => 1, titleFile => 1 },
        end => 43,
        index => 10,
        name => "Bow",
        parsedKeys => bless({
          aFewChars => undef,
          cmd => "photo",
          height => 1589,
          level => 1,
          name => "Bow",
          say => undef,
          title => "Bow",
          titleFile => "Bow",
          url => "github://philiprbrenan/vocabulary-0/images/A3LetterWords/Bow.jpg",
          width => 1587,
        }, "ParsedKeys"),
        say => undef,
        start => 42,
        title => "Bow",
        titleFile => "Bow",
      }, "ParsedCmd"),
      bless({
        cmd => "photo",
        defaulted => { level => 1, titleFile => 1 },
        end => 46,
        index => 11,
        name => "Box",
        parsedKeys => bless({
          aFewChars => undef,
          cmd => "photo",
          height => 1728,
          level => 1,
          name => "Box",
          say => undef,
          title => "Blwch",
          titleFile => "Blwch",
          url => "github://philiprbrenan/vocabulary-0/images/A3LetterWords/Box.jpg",
          width => 1726,
        }, "ParsedKeys"),
        say => undef,
        start => 45,
        title => "Blwch",
        titleFile => "Blwch",
      }, "ParsedCmd"),
      bless({
        cmd => "photo",
        defaulted => { level => 1, titleFile => 1 },
        end => 49,
        index => 12,
        name => "Boy",
        parsedKeys => bless({
          aFewChars => undef,
          cmd => "photo",
          height => 465,
          level => 1,
          name => "Boy",
          say => undef,
          title => "Bachgen",
          titleFile => "Bachgen",
          url => "github://philiprbrenan/vocabulary-0/images/A3LetterWords/Boy.jpg",
          width => 465,
        }, "ParsedKeys"),
        say => undef,
        start => 48,
        title => "Bachgen",
        titleFile => "Bachgen",
      }, "ParsedCmd"),
      bless({
        cmd => "photo",
        defaulted => { level => 1, titleFile => 1 },
        end => 52,
        index => 13,
        name => "Bug",
        parsedKeys => bless({
          aFewChars => undef,
          cmd => "photo",
          height => 2656,
          level => 1,
          name => "Bug",
          say => undef,
          title => "Bug",
          titleFile => "Bug",
          url => "github://philiprbrenan/vocabulary-0/images/A3LetterWords/Bug.jpg",
          width => 2652,
        }, "ParsedKeys"),
        say => undef,
        start => 51,
        title => "Bug",
        titleFile => "Bug",
      }, "ParsedCmd"),
      bless({
        cmd => "photo",
        defaulted => { level => 1, titleFile => 1 },
        end => 55,
        index => 14,
        name => "Bun",
        parsedKeys => bless({
          aFewChars => undef,
          cmd => "photo",
          height => 1536,
          level => 1,
          name => "Bun",
          say => undef,
          title => "Bun",
          titleFile => "Bun",
          url => "github://philiprbrenan/vocabulary-0/images/A3LetterWords/Bun.jpg",
          width => 1534,
        }, "ParsedKeys"),
        say => undef,
        start => 54,
        title => "Bun",
        titleFile => "Bun",
      }, "ParsedCmd"),
      bless({
        cmd => "photo",
        defaulted => { level => 1, titleFile => 1 },
        end => 59,
        index => 15,
        name => "Bus",
        parsedKeys => bless({
          aFewChars => undef,
          cmd => "photo",
          height => 1363,
          level => 1,
          name => "Bus",
          say => undef,
          screenShot => 1,
          title => "Bws",
          titleFile => "Bws",
          url => "github://philiprbrenan/vocabulary-0/images/A3LetterWords/Bus.jpg",
          width => 1361,
        }, "ParsedKeys"),
        say => undef,
        start => 57,
        title => "Bws",
        titleFile => "Bws",
      }, "ParsedCmd"),
      bless({
        cmd => "photo",
        defaulted => { level => 1, titleFile => 1 },
        end => 62,
        index => 16,
        name => "Can",
        parsedKeys => bless({
          aFewChars => undef,
          cmd => "photo",
          height => 1400,
          level => 1,
          name => "Can",
          say => undef,
          title => "Gall",
          titleFile => "Gall",
          url => "github://philiprbrenan/vocabulary-0/images/A3LetterWords/Can.jpg",
          width => 1398,
        }, "ParsedKeys"),
        say => undef,
        start => 61,
        title => "Gall",
        titleFile => "Gall",
      }, "ParsedCmd"),
      bless({
        cmd => "photo",
        defaulted => { level => 1, titleFile => 1 },
        end => 65,
        index => 17,
        name => "Cap",
        parsedKeys => bless({
          aFewChars => undef,
          cmd => "photo",
          height => 1389,
          level => 1,
          name => "Cap",
          say => undef,
          title => "Cap",
          titleFile => "Cap",
          url => "github://philiprbrenan/vocabulary-0/images/A3LetterWords/Cap.jpg",
          width => 1388,
        }, "ParsedKeys"),
        say => undef,
        start => 64,
        title => "Cap",
        titleFile => "Cap",
      }, "ParsedCmd"),
      bless({
        cmd => "photo",
        defaulted => { level => 1, titleFile => 1 },
        end => 69,
        index => 18,
        name => "Car",
        parsedKeys => bless({
          aFewChars => undef,
          cmd => "photo",
          height => 318,
          level => 1,
          name => "Car",
          say => undef,
          screenShot => 1,
          title => "Car",
          titleFile => "Car",
          url => "github://philiprbrenan/vocabulary-0/images/A3LetterWords/Car.jpg",
          width => 318,
        }, "ParsedKeys"),
        say => undef,
        start => 67,
        title => "Car",
        titleFile => "Car",
      }, "ParsedCmd"),
      bless({
        cmd => "photo",
        defaulted => { level => 1, titleFile => 1 },
        end => 73,
        index => 19,
        name => "Cat",
        parsedKeys => bless({
          aFewChars => undef,
          cmd => "photo",
          height => 884,
          level => 1,
          name => "Cat",
          say => undef,
          screenShot => 1,
          title => "Cat",
          titleFile => "Cat",
          url => "github://philiprbrenan/vocabulary-0/images/A3LetterWords/Cat.jpg",
          width => 885,
        }, "ParsedKeys"),
        say => undef,
        start => 71,
        title => "Cat",
        titleFile => "Cat",
      }, "ParsedCmd"),
      bless({
        cmd => "photo",
        defaulted => { level => 1, titleFile => 1 },
        end => 76,
        index => 20,
        name => "Cow",
        parsedKeys => bless({
          aFewChars => undef,
          cmd => "photo",
          height => 1462,
          level => 1,
          name => "Cow",
          say => undef,
          title => "Cow",
          titleFile => "Cow",
          url => "github://philiprbrenan/vocabulary-0/images/A3LetterWords/Cow.jpg",
          width => 1462,
        }, "ParsedKeys"),
        say => undef,
        start => 75,
        title => "Cow",
        titleFile => "Cow",
      }, "ParsedCmd"),
      bless({
        cmd => "photo",
        defaulted => { level => 1, titleFile => 1 },
        end => 79,
        index => 21,
        name => "Cup",
        parsedKeys => bless({
          aFewChars => undef,
          cmd => "photo",
          height => 1592,
          level => 1,
          name => "Cup",
          say => undef,
          title => "Cwpan",
          titleFile => "Cwpan",
          url => "github://philiprbrenan/vocabulary-0/images/A3LetterWords/Cup.jpg",
          width => 1588,
        }, "ParsedKeys"),
        say => undef,
        start => 78,
        title => "Cwpan",
        titleFile => "Cwpan",
      }, "ParsedCmd"),
      bless({
        cmd => "photo",
        defaulted => { level => 1, titleFile => 1 },
        end => 82,
        index => 22,
        name => "Dam",
        parsedKeys => bless({
          aFewChars => undef,
          cmd => "photo",
          height => 2315,
          level => 1,
          name => "Dam",
          say => undef,
          title => "Dam",
          titleFile => "Dam",
          url => "github://philiprbrenan/vocabulary-0/images/A3LetterWords/Dam.jpg",
          width => 2321,
        }, "ParsedKeys"),
        say => undef,
        start => 81,
        title => "Dam",
        titleFile => "Dam",
      }, "ParsedCmd"),
      bless({
        cmd => "photo",
        defaulted => { level => 1, titleFile => 1 },
        end => 86,
        index => 23,
        name => "Dog",
        parsedKeys => bless({
          aFewChars => undef,
          cmd => "photo",
          height => 1520,
          level => 1,
          name => "Dog",
          say => undef,
          screenShot => 1,
          title => "C\x{175}n",
          titleFile => "C\x{175}n",
          url => "github://philiprbrenan/vocabulary-0/images/A3LetterWords/Dog.jpg",
          width => 1514,
        }, "ParsedKeys"),
        say => undef,
        start => 84,
        title => "C\x{175}n",
        titleFile => "C\x{175}n",
      }, "ParsedCmd"),
      bless({
        cmd => "photo",
        defaulted => { level => 1, titleFile => 1 },
        end => 89,
        index => 24,
        name => "Ear",
        parsedKeys => bless({
          aFewChars => undef,
          cmd => "photo",
          height => 1132,
          level => 1,
          name => "Ear",
          say => undef,
          title => "Clust",
          titleFile => "Clust",
          url => "github://philiprbrenan/vocabulary-0/images/A3LetterWords/Ear.jpg",
          width => 1130,
        }, "ParsedKeys"),
        say => undef,
        start => 88,
        title => "Clust",
        titleFile => "Clust",
      }, "ParsedCmd"),
      bless({
        cmd => "photo",
        defaulted => { level => 1, titleFile => 1 },
        end => 92,
        index => 25,
        name => "Egg",
        parsedKeys => bless({
          aFewChars => undef,
          cmd => "photo",
          height => 432,
          level => 1,
          name => "Egg",
          say => undef,
          title => "Wyau",
          titleFile => "Wyau",
          url => "github://philiprbrenan/vocabulary-0/images/A3LetterWords/Egg.jpg",
          width => 431,
        }, "ParsedKeys"),
        say => undef,
        start => 91,
        title => "Wyau",
        titleFile => "Wyau",
      }, "ParsedCmd"),
      bless({
        cmd => "photo",
        defaulted => { level => 1, titleFile => 1 },
        end => 95,
        index => 26,
        name => "Emu",
        parsedKeys => bless({
          aFewChars => undef,
          cmd => "photo",
          height => 2283,
          level => 1,
          name => "Emu",
          say => undef,
          title => "Emu",
          titleFile => "Emu",
          url => "github://philiprbrenan/vocabulary-0/images/A3LetterWords/Emu.jpg",
          width => 2282,
        }, "ParsedKeys"),
        say => undef,
        start => 94,
        title => "Emu",
        titleFile => "Emu",
      }, "ParsedCmd"),
      bless({
        cmd => "photo",
        defaulted => { level => 1, titleFile => 1 },
        end => 98,
        index => 27,
        name => "Eye",
        parsedKeys => bless({
          aFewChars => undef,
          cmd => "photo",
          height => 1329,
          level => 1,
          name => "Eye",
          say => undef,
          title => "Llygad",
          titleFile => "Llygad",
          url => "github://philiprbrenan/vocabulary-0/images/A3LetterWords/Eye.jpg",
          width => 1327,
        }, "ParsedKeys"),
        say => undef,
        start => 97,
        title => "Llygad",
        titleFile => "Llygad",
      }, "ParsedCmd"),
      bless({
        cmd => "photo",
        defaulted => { level => 1, titleFile => 1 },
        end => 101,
        index => 28,
        name => "Fan",
        parsedKeys => bless({
          aFewChars => undef,
          cmd => "photo",
          height => 1631,
          level => 1,
          name => "Fan",
          say => undef,
          title => "Fan",
          titleFile => "Fan",
          url => "github://philiprbrenan/vocabulary-0/images/A3LetterWords/Fan.jpg",
          width => 1629,
        }, "ParsedKeys"),
        say => undef,
        start => 100,
        title => "Fan",
        titleFile => "Fan",
      }, "ParsedCmd"),
      bless({
        cmd => "photo",
        defaulted => { level => 1, titleFile => 1 },
        end => 104,
        index => 29,
        name => "Fin",
        parsedKeys => bless({
          aFewChars => undef,
          cmd => "photo",
          height => 976,
          level => 1,
          name => "Fin",
          say => undef,
          title => "Gorffen",
          titleFile => "Gorffen",
          url => "github://philiprbrenan/vocabulary-0/images/A3LetterWords/Fin.jpg",
          width => 975,
        }, "ParsedKeys"),
        say => undef,
        start => 103,
        title => "Gorffen",
        titleFile => "Gorffen",
      }, "ParsedCmd"),
      bless({
        cmd => "photo",
        defaulted => { level => 1, titleFile => 1 },
        end => 107,
        index => 30,
        name => "Fox",
        parsedKeys => bless({
          aFewChars => undef,
          cmd => "photo",
          height => 401,
          level => 1,
          name => "Fox",
          say => undef,
          title => "Fox",
          titleFile => "Fox",
          url => "github://philiprbrenan/vocabulary-0/images/A3LetterWords/Fox.jpg",
          width => 400,
        }, "ParsedKeys"),
        say => undef,
        start => 106,
        title => "Fox",
        titleFile => "Fox",
      }, "ParsedCmd"),
      bless({
        cmd => "photo",
        defaulted => { level => 1, titleFile => 1 },
        end => 110,
        index => 31,
        name => "Hat",
        parsedKeys => bless({
          aFewChars => undef,
          cmd => "photo",
          height => 1667,
          level => 1,
          name => "Hat",
          say => undef,
          title => "Hat",
          titleFile => "Hat",
          url => "github://philiprbrenan/vocabulary-0/images/A3LetterWords/Hat.jpg",
          width => 1664,
        }, "ParsedKeys"),
        say => undef,
        start => 109,
        title => "Hat",
        titleFile => "Hat",
      }, "ParsedCmd"),
      bless({
        cmd => "photo",
        defaulted => { level => 1, titleFile => 1 },
        end => 113,
        index => 32,
        name => "Hoe",
        parsedKeys => bless({
          aFewChars => undef,
          cmd => "photo",
          height => 1958,
          level => 1,
          name => "Hoe",
          say => undef,
          title => "Hoe",
          titleFile => "Hoe",
          url => "github://philiprbrenan/vocabulary-0/images/A3LetterWords/Hoe.jpg",
          width => 1956,
        }, "ParsedKeys"),
        say => undef,
        start => 112,
        title => "Hoe",
        titleFile => "Hoe",
      }, "ParsedCmd"),
      bless({
        cmd => "photo",
        defaulted => { level => 1, titleFile => 1 },
        end => 116,
        index => 33,
        name => "Ice",
        parsedKeys => bless({
          aFewChars => undef,
          cmd => "photo",
          height => 1461,
          level => 1,
          name => "Ice",
          say => undef,
          title => "I\xE2",
          titleFile => "I\xE2",
          url => "github://philiprbrenan/vocabulary-0/images/A3LetterWords/Ice.jpg",
          width => 1460,
        }, "ParsedKeys"),
        say => undef,
        start => 115,
        title => "I\xE2",
        titleFile => "I\xE2",
      }, "ParsedCmd"),
      bless({
        cmd => "photo",
        defaulted => { level => 1, titleFile => 1 },
        end => 119,
        index => 34,
        name => "Jar",
        parsedKeys => bless({
          aFewChars => undef,
          cmd => "photo",
          height => 1150,
          level => 1,
          name => "Jar",
          say => undef,
          title => "Jar",
          titleFile => "Jar",
          url => "github://philiprbrenan/vocabulary-0/images/A3LetterWords/Jar.jpg",
          width => 1148,
        }, "ParsedKeys"),
        say => undef,
        start => 118,
        title => "Jar",
        titleFile => "Jar",
      }, "ParsedCmd"),
      bless({
        cmd => "photo",
        defaulted => { level => 1, titleFile => 1 },
        end => 122,
        index => 35,
        name => "Jug",
        parsedKeys => bless({
          aFewChars => undef,
          cmd => "photo",
          height => 1586,
          level => 1,
          name => "Jug",
          say => undef,
          title => "Jug",
          titleFile => "Jug",
          url => "github://philiprbrenan/vocabulary-0/images/A3LetterWords/Jug.jpg",
          width => 1583,
        }, "ParsedKeys"),
        say => undef,
        start => 121,
        title => "Jug",
        titleFile => "Jug",
      }, "ParsedCmd"),
      bless({
        cmd => "photo",
        defaulted => { level => 1, titleFile => 1 },
        end => 125,
        index => 36,
        name => "Key",
        parsedKeys => bless({
          aFewChars => undef,
          cmd => "photo",
          height => 1492,
          level => 1,
          name => "Key",
          say => undef,
          title => "Allwedd",
          titleFile => "Allwedd",
          url => "github://philiprbrenan/vocabulary-0/images/A3LetterWords/Key.jpg",
          width => 1490,
        }, "ParsedKeys"),
        say => undef,
        start => 124,
        title => "Allwedd",
        titleFile => "Allwedd",
      }, "ParsedCmd"),
      bless({
        cmd => "photo",
        defaulted => { level => 1, titleFile => 1 },
        end => 128,
        index => 37,
        name => "Leg",
        parsedKeys => bless({
          aFewChars => undef,
          cmd => "photo",
          height => 1037,
          level => 1,
          name => "Leg",
          say => undef,
          title => "Cyfnod",
          titleFile => "Cyfnod",
          url => "github://philiprbrenan/vocabulary-0/images/A3LetterWords/Leg.jpg",
          width => 1035,
        }, "ParsedKeys"),
        say => undef,
        start => 127,
        title => "Cyfnod",
        titleFile => "Cyfnod",
      }, "ParsedCmd"),
      bless({
        cmd => "photo",
        defaulted => { level => 1, titleFile => 1 },
        end => 131,
        index => 38,
        name => "Lid",
        parsedKeys => bless({
          aFewChars => undef,
          cmd => "photo",
          height => 1739,
          level => 1,
          name => "Lid",
          say => undef,
          title => "Lid",
          titleFile => "Lid",
          url => "github://philiprbrenan/vocabulary-0/images/A3LetterWords/Lid.jpg",
          width => 1737,
        }, "ParsedKeys"),
        say => undef,
        start => 130,
        title => "Lid",
        titleFile => "Lid",
      }, "ParsedCmd"),
      bless({
        cmd => "photo",
        defaulted => { level => 1, titleFile => 1 },
        end => 134,
        index => 39,
        name => "Map",
        parsedKeys => bless({
          aFewChars => undef,
          cmd => "photo",
          height => 442,
          level => 1,
          name => "Map",
          say => undef,
          title => "Map",
          titleFile => "Map",
          url => "github://philiprbrenan/vocabulary-0/images/A3LetterWords/Map.jpg",
          width => 441,
        }, "ParsedKeys"),
        say => undef,
        start => 133,
        title => "Map",
        titleFile => "Map",
      }, "ParsedCmd"),
      bless({
        cmd => "photo",
        defaulted => { level => 1, titleFile => 1 },
        end => 137,
        index => 40,
        name => "Men",
        parsedKeys => bless({
          aFewChars => undef,
          cmd => "photo",
          height => 1725,
          level => 1,
          name => "Men",
          say => undef,
          title => "Dynion",
          titleFile => "Dynion",
          url => "github://philiprbrenan/vocabulary-0/images/A3LetterWords/Men.jpg",
          width => 1723,
        }, "ParsedKeys"),
        say => undef,
        start => 136,
        title => "Dynion",
        titleFile => "Dynion",
      }, "ParsedCmd"),
      bless({
        cmd => "photo",
        defaulted => { level => 1, titleFile => 1 },
        end => 140,
        index => 41,
        name => "Mug",
        parsedKeys => bless({
          aFewChars => undef,
          cmd => "photo",
          height => 1230,
          level => 1,
          name => "Mug",
          say => undef,
          title => "Mwg",
          titleFile => "Mwg",
          url => "github://philiprbrenan/vocabulary-0/images/A3LetterWords/Mug.jpg",
          width => 1228,
        }, "ParsedKeys"),
        say => undef,
        start => 139,
        title => "Mwg",
        titleFile => "Mwg",
      }, "ParsedCmd"),
      bless({
        cmd => "photo",
        defaulted => { level => 1, titleFile => 1 },
        end => 143,
        index => 42,
        name => "Oar",
        parsedKeys => bless({
          aFewChars => undef,
          cmd => "photo",
          height => 1492,
          level => 1,
          name => "Oar",
          say => undef,
          title => "Oar",
          titleFile => "Oar",
          url => "github://philiprbrenan/vocabulary-0/images/A3LetterWords/Oar.jpg",
          width => 1490,
        }, "ParsedKeys"),
        say => undef,
        start => 142,
        title => "Oar",
        titleFile => "Oar",
      }, "ParsedCmd"),
      bless({
        cmd => "photo",
        defaulted => { level => 1, titleFile => 1 },
        end => 146,
        index => 43,
        name => "Owl",
        parsedKeys => bless({
          aFewChars => undef,
          cmd => "photo",
          height => 1435,
          level => 1,
          name => "Owl",
          say => undef,
          title => "Owl",
          titleFile => "Owl",
          url => "github://philiprbrenan/vocabulary-0/images/A3LetterWords/Owl.jpg",
          width => 1431,
        }, "ParsedKeys"),
        say => undef,
        start => 145,
        title => "Owl",
        titleFile => "Owl",
      }, "ParsedCmd"),
      bless({
        cmd => "photo",
        defaulted => { level => 1, titleFile => 1 },
        end => 149,
        index => 44,
        name => "Pan",
        parsedKeys => bless({
          aFewChars => undef,
          cmd => "photo",
          height => 1528,
          level => 1,
          name => "Pan",
          say => undef,
          title => "Pan",
          titleFile => "Pan",
          url => "github://philiprbrenan/vocabulary-0/images/A3LetterWords/Pan.jpg",
          width => 1524,
        }, "ParsedKeys"),
        say => undef,
        start => 148,
        title => "Pan",
        titleFile => "Pan",
      }, "ParsedCmd"),
      bless({
        cmd => "photo",
        defaulted => { level => 1, titleFile => 1 },
        end => 152,
        index => 45,
        name => "Peg",
        parsedKeys => bless({
          aFewChars => undef,
          cmd => "photo",
          height => 1723,
          level => 1,
          name => "Peg",
          say => undef,
          title => "Peg",
          titleFile => "Peg",
          url => "github://philiprbrenan/vocabulary-0/images/A3LetterWords/Peg.jpg",
          width => 1721,
        }, "ParsedKeys"),
        say => undef,
        start => 151,
        title => "Peg",
        titleFile => "Peg",
      }, "ParsedCmd"),
      bless({
        cmd => "photo",
        defaulted => { level => 1, titleFile => 1 },
        end => 155,
        index => 46,
        name => "Pen",
        parsedKeys => bless({
          aFewChars => undef,
          cmd => "photo",
          height => 1365,
          level => 1,
          name => "Pen",
          say => undef,
          title => "Pen",
          titleFile => "Pen",
          url => "github://philiprbrenan/vocabulary-0/images/A3LetterWords/Pen.jpg",
          width => 1363,
        }, "ParsedKeys"),
        say => undef,
        start => 154,
        title => "Pen",
        titleFile => "Pen",
      }, "ParsedCmd"),
      bless({
        cmd => "photo",
        defaulted => { level => 1, titleFile => 1 },
        end => 158,
        index => 47,
        name => "Pig",
        parsedKeys => bless({
          aFewChars => undef,
          cmd => "photo",
          height => 1834,
          level => 1,
          name => "Pig",
          say => undef,
          title => "Mochyn",
          titleFile => "Mochyn",
          url => "github://philiprbrenan/vocabulary-0/images/A3LetterWords/Pig.jpg",
          width => 1830,
        }, "ParsedKeys"),
        say => undef,
        start => 157,
        title => "Mochyn",
        titleFile => "Mochyn",
      }, "ParsedCmd"),
      bless({
        cmd => "photo",
        defaulted => { level => 1, titleFile => 1 },
        end => 161,
        index => 48,
        name => "Pin",
        parsedKeys => bless({
          aFewChars => undef,
          cmd => "photo",
          height => 1299,
          level => 1,
          name => "Pin",
          say => undef,
          title => "Pin",
          titleFile => "Pin",
          url => "github://philiprbrenan/vocabulary-0/images/A3LetterWords/Pin.jpg",
          width => 1296,
        }, "ParsedKeys"),
        say => undef,
        start => 160,
        title => "Pin",
        titleFile => "Pin",
      }, "ParsedCmd"),
      bless({
        cmd => "photo",
        defaulted => { level => 1, titleFile => 1 },
        end => 164,
        index => 49,
        name => "Rug",
        parsedKeys => bless({
          aFewChars => undef,
          cmd => "photo",
          height => 1837,
          level => 1,
          name => "Rug",
          say => undef,
          title => "Ryg",
          titleFile => "Ryg",
          url => "github://philiprbrenan/vocabulary-0/images/A3LetterWords/Rug.jpg",
          width => 1834,
        }, "ParsedKeys"),
        say => undef,
        start => 163,
        title => "Ryg",
        titleFile => "Ryg",
      }, "ParsedCmd"),
      bless({
        cmd => "photo",
        defaulted => { level => 1, titleFile => 1 },
        end => 167,
        index => 50,
        name => "Sea",
        parsedKeys => bless({
          aFewChars => undef,
          cmd => "photo",
          height => 1519,
          level => 1,
          name => "Sea",
          say => undef,
          title => "M\xF4r",
          titleFile => "M\xF4r",
          url => "github://philiprbrenan/vocabulary-0/images/A3LetterWords/Sea.jpg",
          width => 1516,
        }, "ParsedKeys"),
        say => undef,
        start => 166,
        title => "M\xF4r",
        titleFile => "M\xF4r",
      }, "ParsedCmd"),
      bless({
        cmd => "photo",
        defaulted => { level => 1, titleFile => 1 },
        end => 170,
        index => 51,
        name => "Sow",
        parsedKeys => bless({
          aFewChars => undef,
          cmd => "photo",
          height => 2387,
          level => 1,
          name => "Sow",
          say => undef,
          title => "Rhowch",
          titleFile => "Rhowch",
          url => "github://philiprbrenan/vocabulary-0/images/A3LetterWords/Sow.jpg",
          width => 2382,
        }, "ParsedKeys"),
        say => undef,
        start => 169,
        title => "Rhowch",
        titleFile => "Rhowch",
      }, "ParsedCmd"),
      bless({
        cmd => "photo",
        defaulted => { level => 1, titleFile => 1 },
        end => 174,
        index => 52,
        name => "Sun",
        parsedKeys => bless({
          aFewChars => undef,
          cmd => "photo",
          height => 1819,
          level => 1,
          name => "Sun",
          say => undef,
          screenShot => 1,
          title => "Sul",
          titleFile => "Sul",
          url => "github://philiprbrenan/vocabulary-0/images/A3LetterWords/Sun.jpg",
          width => 1814,
        }, "ParsedKeys"),
        say => undef,
        start => 172,
        title => "Sul",
        titleFile => "Sul",
      }, "ParsedCmd"),
      bless({
        cmd => "photo",
        defaulted => { level => 1, titleFile => 1 },
        end => 177,
        index => 53,
        name => "Tap",
        parsedKeys => bless({
          aFewChars => undef,
          cmd => "photo",
          height => 1796,
          level => 1,
          name => "Tap",
          say => undef,
          title => "Tap",
          titleFile => "Tap",
          url => "github://philiprbrenan/vocabulary-0/images/A3LetterWords/Tap.jpg",
          width => 1794,
        }, "ParsedKeys"),
        say => undef,
        start => 176,
        title => "Tap",
        titleFile => "Tap",
      }, "ParsedCmd"),
      bless({
        cmd => "photo",
        defaulted => { level => 1, titleFile => 1 },
        end => 180,
        index => 54,
        name => "Toe",
        parsedKeys => bless({
          aFewChars => undef,
          cmd => "photo",
          height => 1216,
          level => 1,
          name => "Toe",
          say => undef,
          title => "Toe",
          titleFile => "Toe",
          url => "github://philiprbrenan/vocabulary-0/images/A3LetterWords/Toe.jpg",
          width => 1217,
        }, "ParsedKeys"),
        say => undef,
        start => 179,
        title => "Toe",
        titleFile => "Toe",
      }, "ParsedCmd"),
      bless({
        cmd => "photo",
        defaulted => { level => 1, titleFile => 1 },
        end => 184,
        index => 55,
        name => "Van",
        parsedKeys => bless({
          aFewChars => undef,
          cmd => "photo",
          height => 1920,
          level => 1,
          name => "Van",
          say => undef,
          screenShot => 1,
          title => "Van",
          titleFile => "Van",
          url => "github://philiprbrenan/vocabulary-0/images/A3LetterWords/Van.jpg",
          width => 1918,
        }, "ParsedKeys"),
        say => undef,
        start => 182,
        title => "Van",
        titleFile => "Van",
      }, "ParsedCmd"),
      bless({
        cmd => "photo",
        defaulted => { level => 1, titleFile => 1 },
        end => 187,
        index => 56,
        name => "Wok",
        parsedKeys => bless({
          aFewChars => undef,
          cmd => "photo",
          height => 1533,
          level => 1,
          name => "Wok",
          say => undef,
          title => "Wok",
          titleFile => "Wok",
          url => "github://philiprbrenan/vocabulary-0/images/A3LetterWords/Wok.jpg",
          width => 1529,
        }, "ParsedKeys"),
        say => undef,
        start => 186,
        title => "Wok",
        titleFile => "Wok",
      }, "ParsedCmd"),
      bless({
        cmd => "photo",
        defaulted => { level => 1, titleFile => 1 },
        end => 190,
        index => 57,
        name => "Yak",
        parsedKeys => bless({
          aFewChars => undef,
          cmd => "photo",
          height => 2501,
          level => 1,
          name => "Yak",
          say => undef,
          title => "Yak",
          titleFile => "Yak",
          url => "github://philiprbrenan/vocabulary-0/images/A3LetterWords/Yak.jpg",
          width => 2497,
        }, "ParsedKeys"),
        say => undef,
        start => 189,
        title => "Yak",
        titleFile => "Yak",
      }, "ParsedCmd"),
      bless({
        cmd => "photo",
        defaulted => { level => 1, titleFile => 1 },
        end => 193,
        index => 58,
        name => "Zip",
        parsedKeys => bless({
          aFewChars => undef,
          cmd => "photo",
          height => 1318,
          level => 1,
          name => "Zip",
          say => undef,
          title => "Zipper",
          titleFile => "Zipper",
          url => "github://philiprbrenan/vocabulary-0/images/A3LetterWords/Zip.jpg",
          width => 1316,
        }, "ParsedKeys"),
        say => undef,
        start => 192,
        title => "Zipper",
        titleFile => "Zipper",
      }, "ParsedCmd"),
    ],
    project => "philiprbrenan/vocabulary/g/A3LetterWords/l/cy",
    source => "app    vocabulary.g.A3LetterWords.l.cy  =  Three-Letter Words in Welsh                                       \n       author                           =  philiprbrenan                                                     \n       description                      =  Dysgu am Geiriau Tair Llythyr yn Saesneg                          \n       email                            =  philiprbrenan\@gmail.com                                           \n       emphasis                         =                                                                12  \n       icon                             =  Eye.jpg                                                           \n       screenShots                      =  Ant Bay Bus Car Cat Dog Sun Van                                   \n       language                         =  cy                                                                \n       \nphoto  Ant                              =  Ant                                                               \n       screenShot                       =                                                                 1  \n       url                              =  github://philiprbrenan/vocabulary-0/images/A3LetterWords/Ant.jpg  \n       \nphoto  Ape                              =  Ape                                                               \n       url                              =  github://philiprbrenan/vocabulary-0/images/A3LetterWords/Ape.jpg  \n       \nphoto  Arm                              =  Braich                                                            \n       url                              =  github://philiprbrenan/vocabulary-0/images/A3LetterWords/Arm.jpg  \n       \nphoto  Bag                              =  Bag                                                               \n       url                              =  github://philiprbrenan/vocabulary-0/images/A3LetterWords/Bag.jpg  \n       \nphoto  Bat                              =  Ystlumod                                                          \n       url                              =  github://philiprbrenan/vocabulary-0/images/A3LetterWords/Bat.jpg  \n       \nphoto  Bay                              =  Bae                                                               \n       screenShot                       =                                                                 1  \n       url                              =  github://philiprbrenan/vocabulary-0/images/A3LetterWords/Bay.jpg  \n       \nphoto  Bed                              =  Gwely                                                             \n       url                              =  github://philiprbrenan/vocabulary-0/images/A3LetterWords/Bed.jpg  \n       \nphoto  Bee                              =  Bee                                                               \n       url                              =  github://philiprbrenan/vocabulary-0/images/A3LetterWords/Bee.jpg  \n       \nphoto  Bin                              =  Bin                                                               \n       url                              =  github://philiprbrenan/vocabulary-0/images/A3LetterWords/Bin.jpg  \n       \nphoto  Bog                              =  Cors                                                              \n       url                              =  github://philiprbrenan/vocabulary-0/images/A3LetterWords/Bog.jpg  \n       \nphoto  Bow                              =  Bow                                                               \n       url                              =  github://philiprbrenan/vocabulary-0/images/A3LetterWords/Bow.jpg  \n       \nphoto  Box                              =  Blwch                                                             \n       url                              =  github://philiprbrenan/vocabulary-0/images/A3LetterWords/Box.jpg  \n       \nphoto  Boy                              =  Bachgen                                                           \n       url                              =  github://philiprbrenan/vocabulary-0/images/A3LetterWords/Boy.jpg  \n       \nphoto  Bug                              =  Bug                                                               \n       url                              =  github://philiprbrenan/vocabulary-0/images/A3LetterWords/Bug.jpg  \n       \nphoto  Bun                              =  Bun                                                               \n       url                              =  github://philiprbrenan/vocabulary-0/images/A3LetterWords/Bun.jpg  \n       \nphoto  Bus                              =  Bws                                                               \n       screenShot                       =                                                                 1  \n       url                              =  github://philiprbrenan/vocabulary-0/images/A3LetterWords/Bus.jpg  \n       \nphoto  Can                              =  Gall                                                              \n       url                              =  github://philiprbrenan/vocabulary-0/images/A3LetterWords/Can.jpg  \n       \nphoto  Cap                              =  Cap                                                               \n       url                              =  github://philiprbrenan/vocabulary-0/images/A3LetterWords/Cap.jpg  \n       \nphoto  Car                              =  Car                                                               \n       screenShot                       =                                                                 1  \n       url                              =  github://philiprbrenan/vocabulary-0/images/A3LetterWords/Car.jpg  \n       \nphoto  Cat                              =  Cat                                                               \n       screenShot                       =                                                                 1  \n       url                              =  github://philiprbrenan/vocabulary-0/images/A3LetterWords/Cat.jpg  \n       \nphoto  Cow                              =  Cow                                                               \n       url                              =  github://philiprbrenan/vocabulary-0/images/A3LetterWords/Cow.jpg  \n       \nphoto  Cup                              =  Cwpan                                                             \n       url                              =  github://philiprbrenan/vocabulary-0/images/A3LetterWords/Cup.jpg  \n       \nphoto  Dam                              =  Dam                                                               \n       url                              =  github://philiprbrenan/vocabulary-0/images/A3LetterWords/Dam.jpg  \n       \nphoto  Dog                              =  C\x{175}n                                                               \n       screenShot                       =                                                                 1  \n       url                              =  github://philiprbrenan/vocabulary-0/images/A3LetterWords/Dog.jpg  \n       \nphoto  Ear                              =  Clust                                                             \n       url                              =  github://philiprbrenan/vocabulary-0/images/A3LetterWords/Ear.jpg  \n       \nphoto  Egg                              =  Wyau                                                              \n       url                              =  github://philiprbrenan/vocabulary-0/images/A3LetterWords/Egg.jpg  \n       \nphoto  Emu                              =  Emu                                                               \n       url                              =  github://philiprbrenan/vocabulary-0/images/A3LetterWords/Emu.jpg  \n       \nphoto  Eye                              =  Llygad                                                            \n       url                              =  github://philiprbrenan/vocabulary-0/images/A3LetterWords/Eye.jpg  \n       \nphoto  Fan                              =  Fan                                                               \n       url                              =  github://philiprbrenan/vocabulary-0/images/A3LetterWords/Fan.jpg  \n       \nphoto  Fin                              =  Gorffen                                                           \n       url                              =  github://philiprbrenan/vocabulary-0/images/A3LetterWords/Fin.jpg  \n       \nphoto  Fox                              =  Fox                                                               \n       url                              =  github://philiprbrenan/vocabulary-0/images/A3LetterWords/Fox.jpg  \n       \nphoto  Hat                              =  Hat                                                               \n       url                              =  github://philiprbrenan/vocabulary-0/images/A3LetterWords/Hat.jpg  \n       \nphoto  Hoe                              =  Hoe                                                               \n       url                              =  github://philiprbrenan/vocabulary-0/images/A3LetterWords/Hoe.jpg  \n       \nphoto  Ice                              =  I\xE2                                                                \n       url                              =  github://philiprbrenan/vocabulary-0/images/A3LetterWords/Ice.jpg  \n       \nphoto  Jar                              =  Jar                                                               \n       url                              =  github://philiprbrenan/vocabulary-0/images/A3LetterWords/Jar.jpg  \n       \nphoto  Jug                              =  Jug                                                               \n       url                              =  github://philiprbrenan/vocabulary-0/images/A3LetterWords/Jug.jpg  \n       \nphoto  Key                              =  Allwedd                                                           \n       url                              =  github://philiprbrenan/vocabulary-0/images/A3LetterWords/Key.jpg  \n       \nphoto  Leg                              =  Cyfnod                                                            \n       url                              =  github://philiprbrenan/vocabulary-0/images/A3LetterWords/Leg.jpg  \n       \nphoto  Lid                              =  Lid                                                               \n       url                              =  github://philiprbrenan/vocabulary-0/images/A3LetterWords/Lid.jpg  \n       \nphoto  Map                              =  Map                                                               \n       url                              =  github://philiprbrenan/vocabulary-0/images/A3LetterWords/Map.jpg  \n       \nphoto  Men                              =  Dynion                                                            \n       url                              =  github://philiprbrenan/vocabulary-0/images/A3LetterWords/Men.jpg  \n       \nphoto  Mug                              =  Mwg                                                               \n       url                              =  github://philiprbrenan/vocabulary-0/images/A3LetterWords/Mug.jpg  \n       \nphoto  Oar                              =  Oar                                                               \n       url                              =  github://philiprbrenan/vocabulary-0/images/A3LetterWords/Oar.jpg  \n       \nphoto  Owl                              =  Owl                                                               \n       url                              =  github://philiprbrenan/vocabulary-0/images/A3LetterWords/Owl.jpg  \n       \nphoto  Pan                              =  Pan                                                               \n       url                              =  github://philiprbrenan/vocabulary-0/images/A3LetterWords/Pan.jpg  \n       \nphoto  Peg                              =  Peg                                                               \n       url                              =  github://philiprbrenan/vocabulary-0/images/A3LetterWords/Peg.jpg  \n       \nphoto  Pen                              =  Pen                                                               \n       url                              =  github://philiprbrenan/vocabulary-0/images/A3LetterWords/Pen.jpg  \n       \nphoto  Pig                              =  Mochyn                                                            \n       url                              =  github://philiprbrenan/vocabulary-0/images/A3LetterWords/Pig.jpg  \n       \nphoto  Pin                              =  Pin                                                               \n       url                              =  github://philiprbrenan/vocabulary-0/images/A3LetterWords/Pin.jpg  \n       \nphoto  Rug                              =  Ryg                                                               \n       url                              =  github://philiprbrenan/vocabulary-0/images/A3LetterWords/Rug.jpg  \n       \nphoto  Sea                              =  M\xF4r                                                               \n       url                              =  github://philiprbrenan/vocabulary-0/images/A3LetterWords/Sea.jpg  \n       \nphoto  Sow                              =  Rhowch                                                            \n       url                              =  github://philiprbrenan/vocabulary-0/images/A3LetterWords/Sow.jpg  \n       \nphoto  Sun                              =  Sul                                                               \n       screenShot                       =                                                                 1  \n       url                              =  github://philiprbrenan/vocabulary-0/images/A3LetterWords/Sun.jpg  \n       \nphoto  Tap                              =  Tap                                                               \n       url                              =  github://philiprbrenan/vocabulary-0/images/A3LetterWords/Tap.jpg  \n       \nphoto  Toe                              =  Toe                                                               \n       url                              =  github://philiprbrenan/vocabulary-0/images/A3LetterWords/Toe.jpg  \n       \nphoto  Van                              =  Van                                                               \n       screenShot                       =                                                                 1  \n       url                              =  github://philiprbrenan/vocabulary-0/images/A3LetterWords/Van.jpg  \n       \nphoto  Wok                              =  Wok                                                               \n       url                              =  github://philiprbrenan/vocabulary-0/images/A3LetterWords/Wok.jpg  \n       \nphoto  Yak                              =  Yak                                                               \n       url                              =  github://philiprbrenan/vocabulary-0/images/A3LetterWords/Yak.jpg  \n       \nphoto  Zip                              =  Zipper                                                            \n       url                              =  github://philiprbrenan/vocabulary-0/images/A3LetterWords/Zip.jpg  \n",
    sourceFileSha => "a91077993c484b4ac79b1aff0fe8e7b592b99bdb",
    step => "completed",
    time => 1515093611,
  }, "Manifest");
  $a->{parsedCmds}[0] = $a->{app};
  $a;
}