Failed.

2018-01-09 at 17:00:18 Generate AppaAppsPhotoApp version 20180109-1 philiprbrenan/vocabulary/g/A3LetterWords/l/de/

2018-01-09 at 17:00:20 Step: parseSource
2018-01-09 at 17:00:20 <b>Good source file!</b>
2018-01-09 at 17:00:20 Duplicate titles on lines 136 and 139:
Krug
Krug

2018-01-09 at 17:00:20 Duplicate titles on lines 72 and 148:
Deckel
Deckel

2018-01-09 at 17:00:20 Duplicate titles on lines 175 and 182:
Stift
Stift

--------------------------------------------------------------------------------
do {
  my $a = bless({
    app => bless({
      cmd => "app",
      defaulted => { maxImages => 1, ordered => 1, rightInARow => 1 },
      end => 8,
      index => 0,
      name => "vocabulary.g.A3LetterWords.l.de",
      parsedKeys => bless({
        author            => "philiprbrenan",
        cmd               => "app",
        description       => "Lerne \xFCber drei Buchstaben W\xF6rter",
        email             => "philiprbrenan\@gmail.com",
        emphasis          => 12,
        icon              => "github://philiprbrenan/vocabulary-0/images/A3LetterWords/Eye.jpg",
        language          => "de",
        maxImages         => 12,
        name              => "vocabulary.g.A3LetterWords.l.de",
        ordered           => "never",
        rightInARow       => 7,
        saveScreenShotsTo => "philiprbrenan/screenShots-0",
        screenShots       => undef,
        speakers          => "Hans Marlene Vicki",
        title             => "Three-Letter Words in German",
      }, "ParsedKeys"),
      start => 1,
      title => "Three-Letter Words in German",
    }, "ParsedCmd"),
    dateTimeStamp => "2018-01-09 at 17:00:18",
    error => 3,
    log => [
      "\n2018-01-09 at 17:00:18 Generate AppaAppsPhotoApp version 20180109-1 philiprbrenan/vocabulary/g/A3LetterWords/l/de/\n",
      "2018-01-09 at 17:00:20 Step: parseSource",
      "2018-01-09 at 17:00:20 <b>Good source file!</b>",
      "2018-01-09 at 17:00:20 Duplicate titles on lines 136 and 139:\nKrug\nKrug\n",
      "2018-01-09 at 17:00:20 Duplicate titles on lines 72 and 148:\nDeckel\nDeckel\n",
      "2018-01-09 at 17:00:20 Duplicate titles on lines 175 and 182:\nStift\nStift\n",
    ],
    parsedCmds => [
      'fix',
      bless({
        cmd => "photo",
        defaulted => { level => 1, titleFile => 1 },
        end => 13,
        index => 0,
        name => "Ant",
        parsedKeys => bless({
          aFewChars => undef,
          cmd => "photo",
          level => 1,
          name => "Ant",
          pointsOfInterest => "(57, 39)",
          say => undef,
          screenShot => "true",
          title => "Ameise",
          titleFile => "ameise",
          url => "github://philiprbrenan/vocabulary-0/images/A3LetterWords/Ant.jpg",
        }, "ParsedKeys"),
        say => undef,
        start => 10,
        title => "Ameise",
        titleFile => "ameise",
      }, "ParsedCmd"),
      bless({
        cmd => "photo",
        defaulted => { level => 1, titleFile => 1 },
        end => 16,
        index => 1,
        name => "Ape",
        parsedKeys => bless({
          aFewChars => undef,
          cmd => "photo",
          level => 1,
          name => "Ape",
          say => undef,
          title => "Affe",
          titleFile => "affe",
          url => "github://philiprbrenan/vocabulary-0/images/A3LetterWords/Ape.jpg",
        }, "ParsedKeys"),
        say => undef,
        start => 15,
        title => "Affe",
        titleFile => "affe",
      }, "ParsedCmd"),
      bless({
        cmd => "photo",
        defaulted => { level => 1, titleFile => 1 },
        end => 19,
        index => 2,
        name => "Arm",
        parsedKeys => bless({
          aFewChars => undef,
          cmd => "photo",
          level => 1,
          name => "Arm",
          say => undef,
          title => "Arm",
          titleFile => "arm",
          url => "github://philiprbrenan/vocabulary-0/images/A3LetterWords/Arm.jpg",
        }, "ParsedKeys"),
        say => undef,
        start => 18,
        title => "Arm",
        titleFile => "arm",
      }, "ParsedCmd"),
      bless({
        cmd => "photo",
        defaulted => { level => 1, titleFile => 1 },
        end => 22,
        index => 3,
        name => "Bag",
        parsedKeys => bless({
          aFewChars => undef,
          cmd => "photo",
          level => 1,
          name => "Bag",
          say => undef,
          title => "Tasche",
          titleFile => "tasche",
          url => "github://philiprbrenan/vocabulary-0/images/A3LetterWords/Bag.jpg",
        }, "ParsedKeys"),
        say => undef,
        start => 21,
        title => "Tasche",
        titleFile => "tasche",
      }, "ParsedCmd"),
      bless({
        cmd => "photo",
        defaulted => { level => 1, titleFile => 1 },
        end => 26,
        index => 4,
        name => "Bat",
        parsedKeys => bless({
          aFewChars => undef,
          cmd => "photo",
          level => 1,
          name => "Bat",
          pointsOfInterest => "(51, 45)",
          say => undef,
          title => "Fledermaus",
          titleFile => "fledermaus",
          url => "github://philiprbrenan/vocabulary-0/images/A3LetterWords/Bat.jpg",
        }, "ParsedKeys"),
        say => undef,
        start => 24,
        title => "Fledermaus",
        titleFile => "fledermaus",
      }, "ParsedCmd"),
      bless({
        cmd => "photo",
        defaulted => { level => 1, titleFile => 1 },
        end => 30,
        index => 5,
        name => "Bay",
        parsedKeys => bless({
          aFewChars => undef,
          cmd => "photo",
          level => 1,
          name => "Bay",
          say => undef,
          screenShot => "true",
          title => "Bucht",
          titleFile => "bucht",
          url => "github://philiprbrenan/vocabulary-0/images/A3LetterWords/Bay.jpg",
        }, "ParsedKeys"),
        say => undef,
        start => 28,
        title => "Bucht",
        titleFile => "bucht",
      }, "ParsedCmd"),
      bless({
        cmd => "photo",
        defaulted => { level => 1, titleFile => 1 },
        end => 34,
        index => 6,
        name => "Bed",
        parsedKeys => bless({
          aFewChars => undef,
          cmd => "photo",
          level => 1,
          name => "Bed",
          pointsOfInterest => "(51, 4)",
          say => undef,
          title => "Bett",
          titleFile => "bett",
          url => "github://philiprbrenan/vocabulary-0/images/A3LetterWords/Bed.jpg",
        }, "ParsedKeys"),
        say => undef,
        start => 32,
        title => "Bett",
        titleFile => "bett",
      }, "ParsedCmd"),
      bless({
        cmd => "photo",
        defaulted => { level => 1, titleFile => 1 },
        end => 38,
        index => 7,
        name => "Bee",
        parsedKeys => bless({
          aFewChars => undef,
          cmd => "photo",
          level => 1,
          name => "Bee",
          pointsOfInterest => "(47, 4)",
          say => undef,
          title => "Biene",
          titleFile => "biene",
          url => "github://philiprbrenan/vocabulary-0/images/A3LetterWords/Bee.jpg",
        }, "ParsedKeys"),
        say => undef,
        start => 36,
        title => "Biene",
        titleFile => "biene",
      }, "ParsedCmd"),
      bless({
        cmd => "photo",
        defaulted => { level => 1, titleFile => 1 },
        end => 41,
        index => 8,
        name => "Bin",
        parsedKeys => bless({
          aFewChars => undef,
          cmd => "photo",
          level => 1,
          name => "Bin",
          say => undef,
          title => "Beh\xE4lter",
          titleFile => "beh\xE4lter",
          url => "github://philiprbrenan/vocabulary-0/images/A3LetterWords/Bin.jpg",
        }, "ParsedKeys"),
        say => undef,
        start => 40,
        title => "Beh\xE4lter",
        titleFile => "beh\xE4lter",
      }, "ParsedCmd"),
      bless({
        cmd => "photo",
        defaulted => { level => 1, titleFile => 1 },
        end => 44,
        index => 9,
        name => "Bog",
        parsedKeys => bless({
          aFewChars => undef,
          cmd => "photo",
          level => 1,
          name => "Bog",
          say => undef,
          title => "Moor",
          titleFile => "moor",
          url => "github://philiprbrenan/vocabulary-0/images/A3LetterWords/Bog.jpg",
        }, "ParsedKeys"),
        say => undef,
        start => 43,
        title => "Moor",
        titleFile => "moor",
      }, "ParsedCmd"),
      bless({
        cmd => "photo",
        defaulted => { level => 1, titleFile => 1 },
        end => 48,
        index => 10,
        name => "Bow",
        parsedKeys => bless({
          aFewChars => undef,
          cmd => "photo",
          level => 1,
          name => "Bow",
          pointsOfInterest => "(45, 28)",
          say => undef,
          title => "Bogen",
          titleFile => "bogen",
          url => "github://philiprbrenan/vocabulary-0/images/A3LetterWords/Bow.jpg",
        }, "ParsedKeys"),
        say => undef,
        start => 46,
        title => "Bogen",
        titleFile => "bogen",
      }, "ParsedCmd"),
      bless({
        cmd => "photo",
        defaulted => { level => 1, titleFile => 1 },
        end => 51,
        index => 11,
        name => "Box",
        parsedKeys => bless({
          aFewChars => undef,
          cmd => "photo",
          level => 1,
          name => "Box",
          say => undef,
          title => "Box",
          titleFile => "box",
          url => "github://philiprbrenan/vocabulary-0/images/A3LetterWords/Box.jpg",
        }, "ParsedKeys"),
        say => undef,
        start => 50,
        title => "Box",
        titleFile => "box",
      }, "ParsedCmd"),
      bless({
        cmd => "photo",
        defaulted => { level => 1, titleFile => 1 },
        end => 55,
        index => 12,
        name => "Boy",
        parsedKeys => bless({
          aFewChars => undef,
          cmd => "photo",
          level => 1,
          name => "Boy",
          pointsOfInterest => "(66, 43)",
          say => undef,
          title => "Junge",
          titleFile => "junge",
          url => "github://philiprbrenan/vocabulary-0/images/A3LetterWords/Boy.jpg",
        }, "ParsedKeys"),
        say => undef,
        start => 53,
        title => "Junge",
        titleFile => "junge",
      }, "ParsedCmd"),
      bless({
        cmd => "photo",
        defaulted => { level => 1, titleFile => 1 },
        end => 59,
        index => 13,
        name => "Bug",
        parsedKeys => bless({
          aFewChars => undef,
          cmd => "photo",
          level => 1,
          name => "Bug",
          pointsOfInterest => "(46, 46)",
          say => undef,
          title => "Fehler",
          titleFile => "fehler",
          url => "github://philiprbrenan/vocabulary-0/images/A3LetterWords/Bug.jpg",
        }, "ParsedKeys"),
        say => undef,
        start => 57,
        title => "Fehler",
        titleFile => "fehler",
      }, "ParsedCmd"),
      bless({
        cmd => "photo",
        defaulted => { level => 1, titleFile => 1 },
        end => 62,
        index => 14,
        name => "Bun",
        parsedKeys => bless({
          aFewChars => undef,
          cmd => "photo",
          level => 1,
          name => "Bun",
          say => undef,
          title => "Br\xF6tchen",
          titleFile => "br\xF6tchen",
          url => "github://philiprbrenan/vocabulary-0/images/A3LetterWords/Bun.jpg",
        }, "ParsedKeys"),
        say => undef,
        start => 61,
        title => "Br\xF6tchen",
        titleFile => "br\xF6tchen",
      }, "ParsedCmd"),
      bless({
        cmd => "photo",
        defaulted => { level => 1, titleFile => 1 },
        end => 67,
        index => 15,
        name => "Bus",
        parsedKeys => bless({
          aFewChars => undef,
          cmd => "photo",
          level => 1,
          name => "Bus",
          pointsOfInterest => "(64, 51)",
          say => undef,
          screenShot => "true",
          title => "Bus",
          titleFile => "bus",
          url => "github://philiprbrenan/vocabulary-0/images/A3LetterWords/Bus.jpg",
        }, "ParsedKeys"),
        say => undef,
        start => 64,
        title => "Bus",
        titleFile => "bus",
      }, "ParsedCmd"),
      bless({
        cmd => "photo",
        defaulted => { level => 1, titleFile => 1 },
        end => 70,
        index => 16,
        name => "Can",
        parsedKeys => bless({
          aFewChars => undef,
          cmd => "photo",
          level => 1,
          name => "Can",
          say => undef,
          title => "Kann",
          titleFile => "kann",
          url => "github://philiprbrenan/vocabulary-0/images/A3LetterWords/Can.jpg",
        }, "ParsedKeys"),
        say => undef,
        start => 69,
        title => "Kann",
        titleFile => "kann",
      }, "ParsedCmd"),
      bless({
        cmd => "photo",
        defaulted => { level => 1, titleFile => 1 },
        end => 73,
        index => 17,
        name => "Cap",
        parsedKeys => bless({
          aFewChars => undef,
          cmd => "photo",
          level => 1,
          name => "Cap",
          say => undef,
          title => "Deckel",
          titleFile => "deckel",
          url => "github://philiprbrenan/vocabulary-0/images/A3LetterWords/Cap.jpg",
        }, "ParsedKeys"),
        say => undef,
        start => 72,
        title => "Deckel",
        titleFile => "deckel",
      }, "ParsedCmd"),
      bless({
        cmd => "photo",
        defaulted => { level => 1, titleFile => 1 },
        end => 78,
        index => 18,
        name => "Car",
        parsedKeys => bless({
          aFewChars => undef,
          cmd => "photo",
          level => 1,
          name => "Car",
          pointsOfInterest => "(6, 57)",
          say => undef,
          screenShot => "true",
          title => "Auto",
          titleFile => "auto",
          url => "github://philiprbrenan/vocabulary-0/images/A3LetterWords/Car.jpg",
        }, "ParsedKeys"),
        say => undef,
        start => 75,
        title => "Auto",
        titleFile => "auto",
      }, "ParsedCmd"),
      bless({
        cmd => "photo",
        defaulted => { level => 1, titleFile => 1 },
        end => 83,
        index => 19,
        name => "Cat",
        parsedKeys => bless({
          aFewChars => undef,
          cmd => "photo",
          level => 1,
          name => "Cat",
          pointsOfInterest => "(52, 52)",
          say => undef,
          screenShot => "true",
          title => "Katze",
          titleFile => "katze",
          url => "github://philiprbrenan/vocabulary-0/images/A3LetterWords/Cat.jpg",
        }, "ParsedKeys"),
        say => undef,
        start => 80,
        title => "Katze",
        titleFile => "katze",
      }, "ParsedCmd"),
      bless({
        cmd => "photo",
        defaulted => { level => 1, titleFile => 1 },
        end => 87,
        index => 20,
        name => "Cow",
        parsedKeys => bless({
          aFewChars => undef,
          cmd => "photo",
          level => 1,
          name => "Cow",
          pointsOfInterest => "(5, 35)",
          say => undef,
          title => "Kuh",
          titleFile => "kuh",
          url => "github://philiprbrenan/vocabulary-0/images/A3LetterWords/Cow.jpg",
        }, "ParsedKeys"),
        say => undef,
        start => 85,
        title => "Kuh",
        titleFile => "kuh",
      }, "ParsedCmd"),
      bless({
        cmd => "photo",
        defaulted => { level => 1, titleFile => 1 },
        end => 90,
        index => 21,
        name => "Cup",
        parsedKeys => bless({
          aFewChars => undef,
          cmd => "photo",
          level => 1,
          name => "Cup",
          say => undef,
          title => "Tasse",
          titleFile => "tasse",
          url => "github://philiprbrenan/vocabulary-0/images/A3LetterWords/Cup.jpg",
        }, "ParsedKeys"),
        say => undef,
        start => 89,
        title => "Tasse",
        titleFile => "tasse",
      }, "ParsedCmd"),
      bless({
        cmd => "photo",
        defaulted => { level => 1, titleFile => 1 },
        end => 93,
        index => 22,
        name => "Dam",
        parsedKeys => bless({
          aFewChars => undef,
          cmd => "photo",
          level => 1,
          name => "Dam",
          say => undef,
          title => "Damm",
          titleFile => "damm",
          url => "github://philiprbrenan/vocabulary-0/images/A3LetterWords/Dam.jpg",
        }, "ParsedKeys"),
        say => undef,
        start => 92,
        title => "Damm",
        titleFile => "damm",
      }, "ParsedCmd"),
      bless({
        cmd => "photo",
        defaulted => { level => 1, titleFile => 1 },
        end => 98,
        index => 23,
        name => "Dog",
        parsedKeys => bless({
          aFewChars => undef,
          cmd => "photo",
          level => 1,
          name => "Dog",
          pointsOfInterest => "(6, 56)",
          say => undef,
          screenShot => "true",
          title => "Hund",
          titleFile => "hund",
          url => "github://philiprbrenan/vocabulary-0/images/A3LetterWords/Dog.jpg",
        }, "ParsedKeys"),
        say => undef,
        start => 95,
        title => "Hund",
        titleFile => "hund",
      }, "ParsedCmd"),
      bless({
        cmd => "photo",
        defaulted => { level => 1, titleFile => 1 },
        end => 101,
        index => 24,
        name => "Ear",
        parsedKeys => bless({
          aFewChars => undef,
          cmd => "photo",
          level => 1,
          name => "Ear",
          say => undef,
          title => "Ohr",
          titleFile => "ohr",
          url => "github://philiprbrenan/vocabulary-0/images/A3LetterWords/Ear.jpg",
        }, "ParsedKeys"),
        say => undef,
        start => 100,
        title => "Ohr",
        titleFile => "ohr",
      }, "ParsedCmd"),
      bless({
        cmd => "photo",
        defaulted => { level => 1, titleFile => 1 },
        end => 105,
        index => 25,
        name => "Egg",
        parsedKeys => bless({
          aFewChars => undef,
          cmd => "photo",
          level => 1,
          name => "Egg",
          pointsOfInterest => "(46, 26)",
          say => undef,
          title => "Ei",
          titleFile => "ei",
          url => "github://philiprbrenan/vocabulary-0/images/A3LetterWords/Egg.jpg",
        }, "ParsedKeys"),
        say => undef,
        start => 103,
        title => "Ei",
        titleFile => "ei",
      }, "ParsedCmd"),
      bless({
        cmd => "photo",
        defaulted => { level => 1, titleFile => 1 },
        end => 109,
        index => 26,
        name => "Emu",
        parsedKeys => bless({
          aFewChars => undef,
          cmd => "photo",
          level => 1,
          name => "Emu",
          pointsOfInterest => "(32, 22)",
          say => undef,
          title => "Emu",
          titleFile => "emu",
          url => "github://philiprbrenan/vocabulary-0/images/A3LetterWords/Emu.jpg",
        }, "ParsedKeys"),
        say => undef,
        start => 107,
        title => "Emu",
        titleFile => "emu",
      }, "ParsedCmd"),
      bless({
        cmd => "photo",
        defaulted => { level => 1, titleFile => 1 },
        end => 113,
        index => 27,
        name => "Eye",
        parsedKeys => bless({
          aFewChars => undef,
          cmd => "photo",
          level => 1,
          name => "Eye",
          pointsOfInterest => "(45, 51)",
          say => undef,
          title => "Auge",
          titleFile => "auge",
          url => "github://philiprbrenan/vocabulary-0/images/A3LetterWords/Eye.jpg",
        }, "ParsedKeys"),
        say => undef,
        start => 111,
        title => "Auge",
        titleFile => "auge",
      }, "ParsedCmd"),
      bless({
        cmd => "photo",
        defaulted => { level => 1, titleFile => 1 },
        end => 116,
        index => 28,
        name => "Fan",
        parsedKeys => bless({
          aFewChars => undef,
          cmd => "photo",
          level => 1,
          name => "Fan",
          say => undef,
          title => "Ventilator",
          titleFile => "ventilator",
          url => "github://philiprbrenan/vocabulary-0/images/A3LetterWords/Fan.jpg",
        }, "ParsedKeys"),
        say => undef,
        start => 115,
        title => "Ventilator",
        titleFile => "ventilator",
      }, "ParsedCmd"),
      bless({
        cmd => "photo",
        defaulted => { level => 1, titleFile => 1 },
        end => 120,
        index => 29,
        name => "Fin",
        parsedKeys => bless({
          aFewChars => undef,
          cmd => "photo",
          level => 1,
          name => "Fin",
          pointsOfInterest => "(46, 7)",
          say => undef,
          title => "Flosse",
          titleFile => "flosse",
          url => "github://philiprbrenan/vocabulary-0/images/A3LetterWords/Fin.jpg",
        }, "ParsedKeys"),
        say => undef,
        start => 118,
        title => "Flosse",
        titleFile => "flosse",
      }, "ParsedCmd"),
      bless({
        cmd => "photo",
        defaulted => { level => 1, titleFile => 1 },
        end => 124,
        index => 30,
        name => "Fox",
        parsedKeys => bless({
          aFewChars => undef,
          cmd => "photo",
          level => 1,
          name => "Fox",
          pointsOfInterest => "(55, 22)",
          say => undef,
          title => "Fuchs",
          titleFile => "fuchs",
          url => "github://philiprbrenan/vocabulary-0/images/A3LetterWords/Fox.jpg",
        }, "ParsedKeys"),
        say => undef,
        start => 122,
        title => "Fuchs",
        titleFile => "fuchs",
      }, "ParsedCmd"),
      bless({
        cmd => "photo",
        defaulted => { level => 1, titleFile => 1 },
        end => 127,
        index => 31,
        name => "Hat",
        parsedKeys => bless({
          aFewChars => undef,
          cmd => "photo",
          level => 1,
          name => "Hat",
          say => undef,
          title => "Hut",
          titleFile => "hut",
          url => "github://philiprbrenan/vocabulary-0/images/A3LetterWords/Hat.jpg",
        }, "ParsedKeys"),
        say => undef,
        start => 126,
        title => "Hut",
        titleFile => "hut",
      }, "ParsedCmd"),
      bless({
        cmd => "photo",
        defaulted => { level => 1, titleFile => 1 },
        end => 130,
        index => 32,
        name => "Hoe",
        parsedKeys => bless({
          aFewChars => undef,
          cmd => "photo",
          level => 1,
          name => "Hoe",
          say => undef,
          title => "Hacke",
          titleFile => "hacke",
          url => "github://philiprbrenan/vocabulary-0/images/A3LetterWords/Hoe.jpg",
        }, "ParsedKeys"),
        say => undef,
        start => 129,
        title => "Hacke",
        titleFile => "hacke",
      }, "ParsedCmd"),
      bless({
        cmd => "photo",
        defaulted => { level => 1, titleFile => 1 },
        end => 134,
        index => 33,
        name => "Ice",
        parsedKeys => bless({
          aFewChars => undef,
          cmd => "photo",
          level => 1,
          name => "Ice",
          pointsOfInterest => "(56, 39)",
          say => undef,
          title => "Eis",
          titleFile => "eis",
          url => "github://philiprbrenan/vocabulary-0/images/A3LetterWords/Ice.jpg",
        }, "ParsedKeys"),
        say => undef,
        start => 132,
        title => "Eis",
        titleFile => "eis",
      }, "ParsedCmd"),
      bless({
        cmd => "photo",
        defaulted => { level => 1, titleFile => 1 },
        end => 137,
        index => 34,
        name => "Jar",
        parsedKeys => bless({
          aFewChars => undef,
          cmd => "photo",
          level => 1,
          name => "Jar",
          say => undef,
          title => "Krug",
          titleFile => "krug",
          url => "github://philiprbrenan/vocabulary-0/images/A3LetterWords/Jar.jpg",
        }, "ParsedKeys"),
        say => undef,
        start => 136,
        title => "Krug",
        titleFile => "krug",
      }, "ParsedCmd"),
      bless({
        cmd => "photo",
        defaulted => { level => 1, titleFile => 1 },
        end => 140,
        index => 35,
        name => "Jug",
        parsedKeys => bless({
          aFewChars => undef,
          cmd => "photo",
          level => 1,
          name => "Jug",
          say => undef,
          title => "Krug",
          titleFile => "krug",
          url => "github://philiprbrenan/vocabulary-0/images/A3LetterWords/Jug.jpg",
        }, "ParsedKeys"),
        say => undef,
        start => 139,
        title => "Krug",
        titleFile => "krug",
      }, "ParsedCmd"),
      bless({
        cmd => "photo",
        defaulted => { level => 1, titleFile => 1 },
        end => 143,
        index => 36,
        name => "Key",
        parsedKeys => bless({
          aFewChars => undef,
          cmd => "photo",
          level => 1,
          name => "Key",
          say => undef,
          title => "Schl\xFCssel",
          titleFile => "schl\xFCssel",
          url => "github://philiprbrenan/vocabulary-0/images/A3LetterWords/Key.jpg",
        }, "ParsedKeys"),
        say => undef,
        start => 142,
        title => "Schl\xFCssel",
        titleFile => "schl\xFCssel",
      }, "ParsedCmd"),
      bless({
        cmd => "photo",
        defaulted => { level => 1, titleFile => 1 },
        end => 146,
        index => 37,
        name => "Leg",
        parsedKeys => bless({
          aFewChars => undef,
          cmd => "photo",
          level => 1,
          name => "Leg",
          say => undef,
          title => "Bein",
          titleFile => "bein",
          url => "github://philiprbrenan/vocabulary-0/images/A3LetterWords/Leg.jpg",
        }, "ParsedKeys"),
        say => undef,
        start => 145,
        title => "Bein",
        titleFile => "bein",
      }, "ParsedCmd"),
      bless({
        cmd => "photo",
        defaulted => { level => 1, titleFile => 1 },
        end => 149,
        index => 38,
        name => "Lid",
        parsedKeys => bless({
          aFewChars => undef,
          cmd => "photo",
          level => 1,
          name => "Lid",
          say => undef,
          title => "Deckel",
          titleFile => "deckel",
          url => "github://philiprbrenan/vocabulary-0/images/A3LetterWords/Lid.jpg",
        }, "ParsedKeys"),
        say => undef,
        start => 148,
        title => "Deckel",
        titleFile => "deckel",
      }, "ParsedCmd"),
      bless({
        cmd => "photo",
        defaulted => { level => 1, titleFile => 1 },
        end => 152,
        index => 39,
        name => "Map",
        parsedKeys => bless({
          aFewChars => undef,
          cmd => "photo",
          level => 1,
          name => "Map",
          say => undef,
          title => "Karte",
          titleFile => "karte",
          url => "github://philiprbrenan/vocabulary-0/images/A3LetterWords/Map.jpg",
        }, "ParsedKeys"),
        say => undef,
        start => 151,
        title => "Karte",
        titleFile => "karte",
      }, "ParsedCmd"),
      bless({
        cmd => "photo",
        defaulted => { level => 1, titleFile => 1 },
        end => 155,
        index => 40,
        name => "Men",
        parsedKeys => bless({
          aFewChars => undef,
          cmd => "photo",
          level => 1,
          name => "Men",
          say => undef,
          title => "M\xE4nner",
          titleFile => "m\xE4nner",
          url => "github://philiprbrenan/vocabulary-0/images/A3LetterWords/Men.jpg",
        }, "ParsedKeys"),
        say => undef,
        start => 154,
        title => "M\xE4nner",
        titleFile => "m\xE4nner",
      }, "ParsedCmd"),
      bless({
        cmd => "photo",
        defaulted => { level => 1, titleFile => 1 },
        end => 158,
        index => 41,
        name => "Mug",
        parsedKeys => bless({
          aFewChars => undef,
          cmd => "photo",
          level => 1,
          name => "Mug",
          say => undef,
          title => "Becher",
          titleFile => "becher",
          url => "github://philiprbrenan/vocabulary-0/images/A3LetterWords/Mug.jpg",
        }, "ParsedKeys"),
        say => undef,
        start => 157,
        title => "Becher",
        titleFile => "becher",
      }, "ParsedCmd"),
      bless({
        cmd => "photo",
        defaulted => { level => 1, titleFile => 1 },
        end => 162,
        index => 42,
        name => "Oar",
        parsedKeys => bless({
          aFewChars => undef,
          cmd => "photo",
          level => 1,
          name => "Oar",
          pointsOfInterest => "(41, 25)",
          say => undef,
          title => "Ruder",
          titleFile => "ruder",
          url => "github://philiprbrenan/vocabulary-0/images/A3LetterWords/Oar.jpg",
        }, "ParsedKeys"),
        say => undef,
        start => 160,
        title => "Ruder",
        titleFile => "ruder",
      }, "ParsedCmd"),
      bless({
        cmd => "photo",
        defaulted => { level => 1, titleFile => 1 },
        end => 166,
        index => 43,
        name => "Owl",
        parsedKeys => bless({
          aFewChars => undef,
          cmd => "photo",
          level => 1,
          name => "Owl",
          pointsOfInterest => "(55, 29)",
          say => undef,
          title => "Eule",
          titleFile => "eule",
          url => "github://philiprbrenan/vocabulary-0/images/A3LetterWords/Owl.jpg",
        }, "ParsedKeys"),
        say => undef,
        start => 164,
        title => "Eule",
        titleFile => "eule",
      }, "ParsedCmd"),
      bless({
        cmd => "photo",
        defaulted => { level => 1, titleFile => 1 },
        end => 169,
        index => 44,
        name => "Pan",
        parsedKeys => bless({
          aFewChars => undef,
          cmd => "photo",
          level => 1,
          name => "Pan",
          say => undef,
          title => "Pfanne",
          titleFile => "pfanne",
          url => "github://philiprbrenan/vocabulary-0/images/A3LetterWords/Pan.jpg",
        }, "ParsedKeys"),
        say => undef,
        start => 168,
        title => "Pfanne",
        titleFile => "pfanne",
      }, "ParsedCmd"),
      bless({
        cmd => "photo",
        defaulted => { level => 1, titleFile => 1 },
        end => 173,
        index => 45,
        name => "Peg",
        parsedKeys => bless({
          aFewChars => undef,
          cmd => "photo",
          level => 1,
          name => "Peg",
          pointsOfInterest => "(22, 36)",
          say => undef,
          title => "Pflock",
          titleFile => "pflock",
          url => "github://philiprbrenan/vocabulary-0/images/A3LetterWords/Peg.jpg",
        }, "ParsedKeys"),
        say => undef,
        start => 171,
        title => "Pflock",
        titleFile => "pflock",
      }, "ParsedCmd"),
      bless({
        cmd => "photo",
        defaulted => { level => 1, titleFile => 1 },
        end => 176,
        index => 46,
        name => "Pen",
        parsedKeys => bless({
          aFewChars => undef,
          cmd => "photo",
          level => 1,
          name => "Pen",
          say => undef,
          title => "Stift",
          titleFile => "stift",
          url => "github://philiprbrenan/vocabulary-0/images/A3LetterWords/Pen.jpg",
        }, "ParsedKeys"),
        say => undef,
        start => 175,
        title => "Stift",
        titleFile => "stift",
      }, "ParsedCmd"),
      bless({
        cmd => "photo",
        defaulted => { level => 1, titleFile => 1 },
        end => 180,
        index => 47,
        name => "Pig",
        parsedKeys => bless({
          aFewChars => undef,
          cmd => "photo",
          level => 1,
          name => "Pig",
          pointsOfInterest => "(79, 66)",
          say => undef,
          title => "Schwein",
          titleFile => "schwein",
          url => "github://philiprbrenan/vocabulary-0/images/A3LetterWords/Pig.jpg",
        }, "ParsedKeys"),
        say => undef,
        start => 178,
        title => "Schwein",
        titleFile => "schwein",
      }, "ParsedCmd"),
      bless({
        cmd => "photo",
        defaulted => { level => 1, titleFile => 1 },
        end => 184,
        index => 48,
        name => "Pin",
        parsedKeys => bless({
          aFewChars => undef,
          cmd => "photo",
          level => 1,
          name => "Pin",
          pointsOfInterest => "(75, 26)",
          say => undef,
          title => "Stift",
          titleFile => "stift",
          url => "github://philiprbrenan/vocabulary-0/images/A3LetterWords/Pin.jpg",
        }, "ParsedKeys"),
        say => undef,
        start => 182,
        title => "Stift",
        titleFile => "stift",
      }, "ParsedCmd"),
      bless({
        cmd => "photo",
        defaulted => { level => 1, titleFile => 1 },
        end => 187,
        index => 49,
        name => "Rug",
        parsedKeys => bless({
          aFewChars => undef,
          cmd => "photo",
          level => 1,
          name => "Rug",
          say => undef,
          title => "Teppich",
          titleFile => "teppich",
          url => "github://philiprbrenan/vocabulary-0/images/A3LetterWords/Rug.jpg",
        }, "ParsedKeys"),
        say => undef,
        start => 186,
        title => "Teppich",
        titleFile => "teppich",
      }, "ParsedCmd"),
      bless({
        cmd => "photo",
        defaulted => { level => 1, titleFile => 1 },
        end => 191,
        index => 50,
        name => "Sea",
        parsedKeys => bless({
          aFewChars => undef,
          cmd => "photo",
          level => 1,
          name => "Sea",
          pointsOfInterest => "(48, 55)",
          say => undef,
          title => "Meer",
          titleFile => "meer",
          url => "github://philiprbrenan/vocabulary-0/images/A3LetterWords/Sea.jpg",
        }, "ParsedKeys"),
        say => undef,
        start => 189,
        title => "Meer",
        titleFile => "meer",
      }, "ParsedCmd"),
      bless({
        cmd => "photo",
        defaulted => { level => 1, titleFile => 1 },
        end => 195,
        index => 51,
        name => "Sow",
        parsedKeys => bless({
          aFewChars => undef,
          cmd => "photo",
          level => 1,
          name => "Sow",
          pointsOfInterest => "(84, 6)",
          say => undef,
          title => "Sau",
          titleFile => "sau",
          url => "github://philiprbrenan/vocabulary-0/images/A3LetterWords/Sow.jpg",
        }, "ParsedKeys"),
        say => undef,
        start => 193,
        title => "Sau",
        titleFile => "sau",
      }, "ParsedCmd"),
      bless({
        cmd => "photo",
        defaulted => { level => 1, titleFile => 1 },
        end => 200,
        index => 52,
        name => "Sun",
        parsedKeys => bless({
          aFewChars => undef,
          cmd => "photo",
          level => 1,
          name => "Sun",
          pointsOfInterest => "(49, 46)",
          say => undef,
          screenShot => "true",
          title => "Sonne",
          titleFile => "sonne",
          url => "github://philiprbrenan/vocabulary-0/images/A3LetterWords/Sun.jpg",
        }, "ParsedKeys"),
        say => undef,
        start => 197,
        title => "Sonne",
        titleFile => "sonne",
      }, "ParsedCmd"),
      bless({
        cmd => "photo",
        defaulted => { level => 1, titleFile => 1 },
        end => 204,
        index => 53,
        name => "Tap",
        parsedKeys => bless({
          aFewChars => undef,
          cmd => "photo",
          level => 1,
          name => "Tap",
          pointsOfInterest => "(72, 35)",
          say => undef,
          title => "Zapfhahn",
          titleFile => "zapfhahn",
          url => "github://philiprbrenan/vocabulary-0/images/A3LetterWords/Tap.jpg",
        }, "ParsedKeys"),
        say => undef,
        start => 202,
        title => "Zapfhahn",
        titleFile => "zapfhahn",
      }, "ParsedCmd"),
      bless({
        cmd => "photo",
        defaulted => { level => 1, titleFile => 1 },
        end => 208,
        index => 54,
        name => "Toe",
        parsedKeys => bless({
          aFewChars => undef,
          cmd => "photo",
          level => 1,
          name => "Toe",
          pointsOfInterest => "(38, 17)",
          say => undef,
          title => "Zehe",
          titleFile => "zehe",
          url => "github://philiprbrenan/vocabulary-0/images/A3LetterWords/Toe.jpg",
        }, "ParsedKeys"),
        say => undef,
        start => 206,
        title => "Zehe",
        titleFile => "zehe",
      }, "ParsedCmd"),
      bless({
        cmd => "photo",
        defaulted => { level => 1, titleFile => 1 },
        end => 213,
        index => 55,
        name => "Van",
        parsedKeys => bless({
          aFewChars => undef,
          cmd => "photo",
          level => 1,
          name => "Van",
          pointsOfInterest => "(36, 39)",
          say => undef,
          screenShot => "true",
          title => "Van",
          titleFile => "van",
          url => "github://philiprbrenan/vocabulary-0/images/A3LetterWords/Van.jpg",
        }, "ParsedKeys"),
        say => undef,
        start => 210,
        title => "Van",
        titleFile => "van",
      }, "ParsedCmd"),
      bless({
        cmd => "photo",
        defaulted => { level => 1, titleFile => 1 },
        end => 216,
        index => 56,
        name => "Wok",
        parsedKeys => bless({
          aFewChars => undef,
          cmd => "photo",
          level => 1,
          name => "Wok",
          say => undef,
          title => "Wok",
          titleFile => "wok",
          url => "github://philiprbrenan/vocabulary-0/images/A3LetterWords/Wok.jpg",
        }, "ParsedKeys"),
        say => undef,
        start => 215,
        title => "Wok",
        titleFile => "wok",
      }, "ParsedCmd"),
      bless({
        cmd => "photo",
        defaulted => { level => 1, titleFile => 1 },
        end => 220,
        index => 57,
        name => "Yak",
        parsedKeys => bless({
          aFewChars => undef,
          cmd => "photo",
          level => 1,
          name => "Yak",
          pointsOfInterest => "(71, 38)",
          say => undef,
          title => "Yak",
          titleFile => "yak",
          url => "github://philiprbrenan/vocabulary-0/images/A3LetterWords/Yak.jpg",
        }, "ParsedKeys"),
        say => undef,
        start => 218,
        title => "Yak",
        titleFile => "yak",
      }, "ParsedCmd"),
      bless({
        cmd => "photo",
        defaulted => { level => 1, titleFile => 1 },
        end => 224,
        index => 58,
        name => "Zip",
        parsedKeys => bless({
          aFewChars => undef,
          cmd => "photo",
          level => 1,
          name => "Zip",
          pointsOfInterest => "(46, 5)",
          say => undef,
          title => "Rei\xDFverschluss",
          titleFile => "rei\xDFverschluss",
          url => "github://philiprbrenan/vocabulary-0/images/A3LetterWords/Zip.jpg",
        }, "ParsedKeys"),
        say => undef,
        start => 222,
        title => "Rei\xDFverschluss",
        titleFile => "rei\xDFverschluss",
      }, "ParsedCmd"),
    ],
    project => "philiprbrenan/vocabulary/g/A3LetterWords/l/de/",
    source => "app    vocabulary.g.A3LetterWords.l.de  =  Three-Letter Words in German                                      \n       author                           =  philiprbrenan                                                     \n       description                      =  Lerne \xFCber drei Buchstaben W\xF6rter                                 \n       email                            =  philiprbrenan\@gmail.com                                           \n       emphasis                         =                                                                12  \n       icon                             =  github://philiprbrenan/vocabulary-0/images/A3LetterWords/Eye.jpg  \n       saveScreenShotsTo                =  philiprbrenan/screenShots-0                                       \n       language                         =  de                                                                \n       \nphoto  Ant                              =  Ameise                                                            \n       pointsOfInterest                 =  (57, 39)                                                          \n       screenShot                       =  true                                                              \n       url                              =  github://philiprbrenan/vocabulary-0/images/A3LetterWords/Ant.jpg  \n       \nphoto  Ape                              =  Affe                                                              \n       url                              =  github://philiprbrenan/vocabulary-0/images/A3LetterWords/Ape.jpg  \n       \nphoto  Arm                              =  Arm                                                               \n       url                              =  github://philiprbrenan/vocabulary-0/images/A3LetterWords/Arm.jpg  \n       \nphoto  Bag                              =  Tasche                                                            \n       url                              =  github://philiprbrenan/vocabulary-0/images/A3LetterWords/Bag.jpg  \n       \nphoto  Bat                              =  Fledermaus                                                        \n       pointsOfInterest                 =  (51, 45)                                                          \n       url                              =  github://philiprbrenan/vocabulary-0/images/A3LetterWords/Bat.jpg  \n       \nphoto  Bay                              =  Bucht                                                             \n       screenShot                       =  true                                                              \n       url                              =  github://philiprbrenan/vocabulary-0/images/A3LetterWords/Bay.jpg  \n       \nphoto  Bed                              =  Bett                                                              \n       pointsOfInterest                 =  (51, 4)                                                           \n       url                              =  github://philiprbrenan/vocabulary-0/images/A3LetterWords/Bed.jpg  \n       \nphoto  Bee                              =  Biene                                                             \n       pointsOfInterest                 =  (47, 4)                                                           \n       url                              =  github://philiprbrenan/vocabulary-0/images/A3LetterWords/Bee.jpg  \n       \nphoto  Bin                              =  Beh\xE4lter                                                          \n       url                              =  github://philiprbrenan/vocabulary-0/images/A3LetterWords/Bin.jpg  \n       \nphoto  Bog                              =  Moor                                                              \n       url                              =  github://philiprbrenan/vocabulary-0/images/A3LetterWords/Bog.jpg  \n       \nphoto  Bow                              =  Bogen                                                             \n       pointsOfInterest                 =  (45, 28)                                                          \n       url                              =  github://philiprbrenan/vocabulary-0/images/A3LetterWords/Bow.jpg  \n       \nphoto  Box                              =  Box                                                               \n       url                              =  github://philiprbrenan/vocabulary-0/images/A3LetterWords/Box.jpg  \n       \nphoto  Boy                              =  Junge                                                             \n       pointsOfInterest                 =  (66, 43)                                                          \n       url                              =  github://philiprbrenan/vocabulary-0/images/A3LetterWords/Boy.jpg  \n       \nphoto  Bug                              =  Fehler                                                            \n       pointsOfInterest                 =  (46, 46)                                                          \n       url                              =  github://philiprbrenan/vocabulary-0/images/A3LetterWords/Bug.jpg  \n       \nphoto  Bun                              =  Br\xF6tchen                                                          \n       url                              =  github://philiprbrenan/vocabulary-0/images/A3LetterWords/Bun.jpg  \n       \nphoto  Bus                              =  Bus                                                               \n       pointsOfInterest                 =  (64, 51)                                                          \n       screenShot                       =  true                                                              \n       url                              =  github://philiprbrenan/vocabulary-0/images/A3LetterWords/Bus.jpg  \n       \nphoto  Can                              =  Kann                                                              \n       url                              =  github://philiprbrenan/vocabulary-0/images/A3LetterWords/Can.jpg  \n       \nphoto  Cap                              =  Deckel                                                            \n       url                              =  github://philiprbrenan/vocabulary-0/images/A3LetterWords/Cap.jpg  \n       \nphoto  Car                              =  Auto                                                              \n       pointsOfInterest                 =  (6, 57)                                                           \n       screenShot                       =  true                                                              \n       url                              =  github://philiprbrenan/vocabulary-0/images/A3LetterWords/Car.jpg  \n       \nphoto  Cat                              =  Katze                                                             \n       pointsOfInterest                 =  (52, 52)                                                          \n       screenShot                       =  true                                                              \n       url                              =  github://philiprbrenan/vocabulary-0/images/A3LetterWords/Cat.jpg  \n       \nphoto  Cow                              =  Kuh                                                               \n       pointsOfInterest                 =  (5, 35)                                                           \n       url                              =  github://philiprbrenan/vocabulary-0/images/A3LetterWords/Cow.jpg  \n       \nphoto  Cup                              =  Tasse                                                             \n       url                              =  github://philiprbrenan/vocabulary-0/images/A3LetterWords/Cup.jpg  \n       \nphoto  Dam                              =  Damm                                                              \n       url                              =  github://philiprbrenan/vocabulary-0/images/A3LetterWords/Dam.jpg  \n       \nphoto  Dog                              =  Hund                                                              \n       pointsOfInterest                 =  (6, 56)                                                           \n       screenShot                       =  true                                                              \n       url                              =  github://philiprbrenan/vocabulary-0/images/A3LetterWords/Dog.jpg  \n       \nphoto  Ear                              =  Ohr                                                               \n       url                              =  github://philiprbrenan/vocabulary-0/images/A3LetterWords/Ear.jpg  \n       \nphoto  Egg                              =  Ei                                                                \n       pointsOfInterest                 =  (46, 26)                                                          \n       url                              =  github://philiprbrenan/vocabulary-0/images/A3LetterWords/Egg.jpg  \n       \nphoto  Emu                              =  Emu                                                               \n       pointsOfInterest                 =  (32, 22)                                                          \n       url                              =  github://philiprbrenan/vocabulary-0/images/A3LetterWords/Emu.jpg  \n       \nphoto  Eye                              =  Auge                                                              \n       pointsOfInterest                 =  (45, 51)                                                          \n       url                              =  github://philiprbrenan/vocabulary-0/images/A3LetterWords/Eye.jpg  \n       \nphoto  Fan                              =  Ventilator                                                        \n       url                              =  github://philiprbrenan/vocabulary-0/images/A3LetterWords/Fan.jpg  \n       \nphoto  Fin                              =  Flosse                                                            \n       pointsOfInterest                 =  (46, 7)                                                           \n       url                              =  github://philiprbrenan/vocabulary-0/images/A3LetterWords/Fin.jpg  \n       \nphoto  Fox                              =  Fuchs                                                             \n       pointsOfInterest                 =  (55, 22)                                                          \n       url                              =  github://philiprbrenan/vocabulary-0/images/A3LetterWords/Fox.jpg  \n       \nphoto  Hat                              =  Hut                                                               \n       url                              =  github://philiprbrenan/vocabulary-0/images/A3LetterWords/Hat.jpg  \n       \nphoto  Hoe                              =  Hacke                                                             \n       url                              =  github://philiprbrenan/vocabulary-0/images/A3LetterWords/Hoe.jpg  \n       \nphoto  Ice                              =  Eis                                                               \n       pointsOfInterest                 =  (56, 39)                                                          \n       url                              =  github://philiprbrenan/vocabulary-0/images/A3LetterWords/Ice.jpg  \n       \nphoto  Jar                              =  Krug                                                              \n       url                              =  github://philiprbrenan/vocabulary-0/images/A3LetterWords/Jar.jpg  \n       \nphoto  Jug                              =  Krug                                                              \n       url                              =  github://philiprbrenan/vocabulary-0/images/A3LetterWords/Jug.jpg  \n       \nphoto  Key                              =  Schl\xFCssel                                                         \n       url                              =  github://philiprbrenan/vocabulary-0/images/A3LetterWords/Key.jpg  \n       \nphoto  Leg                              =  Bein                                                              \n       url                              =  github://philiprbrenan/vocabulary-0/images/A3LetterWords/Leg.jpg  \n       \nphoto  Lid                              =  Deckel                                                            \n       url                              =  github://philiprbrenan/vocabulary-0/images/A3LetterWords/Lid.jpg  \n       \nphoto  Map                              =  Karte                                                             \n       url                              =  github://philiprbrenan/vocabulary-0/images/A3LetterWords/Map.jpg  \n       \nphoto  Men                              =  M\xE4nner                                                            \n       url                              =  github://philiprbrenan/vocabulary-0/images/A3LetterWords/Men.jpg  \n       \nphoto  Mug                              =  Becher                                                            \n       url                              =  github://philiprbrenan/vocabulary-0/images/A3LetterWords/Mug.jpg  \n       \nphoto  Oar                              =  Ruder                                                             \n       pointsOfInterest                 =  (41, 25)                                                          \n       url                              =  github://philiprbrenan/vocabulary-0/images/A3LetterWords/Oar.jpg  \n       \nphoto  Owl                              =  Eule                                                              \n       pointsOfInterest                 =  (55, 29)                                                          \n       url                              =  github://philiprbrenan/vocabulary-0/images/A3LetterWords/Owl.jpg  \n       \nphoto  Pan                              =  Pfanne                                                            \n       url                              =  github://philiprbrenan/vocabulary-0/images/A3LetterWords/Pan.jpg  \n       \nphoto  Peg                              =  Pflock                                                            \n       pointsOfInterest                 =  (22, 36)                                                          \n       url                              =  github://philiprbrenan/vocabulary-0/images/A3LetterWords/Peg.jpg  \n       \nphoto  Pen                              =  Stift                                                             \n       url                              =  github://philiprbrenan/vocabulary-0/images/A3LetterWords/Pen.jpg  \n       \nphoto  Pig                              =  Schwein                                                           \n       pointsOfInterest                 =  (79, 66)                                                          \n       url                              =  github://philiprbrenan/vocabulary-0/images/A3LetterWords/Pig.jpg  \n       \nphoto  Pin                              =  Stift                                                             \n       pointsOfInterest                 =  (75, 26)                                                          \n       url                              =  github://philiprbrenan/vocabulary-0/images/A3LetterWords/Pin.jpg  \n       \nphoto  Rug                              =  Teppich                                                           \n       url                              =  github://philiprbrenan/vocabulary-0/images/A3LetterWords/Rug.jpg  \n       \nphoto  Sea                              =  Meer                                                              \n       pointsOfInterest                 =  (48, 55)                                                          \n       url                              =  github://philiprbrenan/vocabulary-0/images/A3LetterWords/Sea.jpg  \n       \nphoto  Sow                              =  Sau                                                               \n       pointsOfInterest                 =  (84, 6)                                                           \n       url                              =  github://philiprbrenan/vocabulary-0/images/A3LetterWords/Sow.jpg  \n       \nphoto  Sun                              =  Sonne                                                             \n       pointsOfInterest                 =  (49, 46)                                                          \n       screenShot                       =  true                                                              \n       url                              =  github://philiprbrenan/vocabulary-0/images/A3LetterWords/Sun.jpg  \n       \nphoto  Tap                              =  Zapfhahn                                                          \n       pointsOfInterest                 =  (72, 35)                                                          \n       url                              =  github://philiprbrenan/vocabulary-0/images/A3LetterWords/Tap.jpg  \n       \nphoto  Toe                              =  Zehe                                                              \n       pointsOfInterest                 =  (38, 17)                                                          \n       url                              =  github://philiprbrenan/vocabulary-0/images/A3LetterWords/Toe.jpg  \n       \nphoto  Van                              =  Van                                                               \n       pointsOfInterest                 =  (36, 39)                                                          \n       screenShot                       =  true                                                              \n       url                              =  github://philiprbrenan/vocabulary-0/images/A3LetterWords/Van.jpg  \n       \nphoto  Wok                              =  Wok                                                               \n       url                              =  github://philiprbrenan/vocabulary-0/images/A3LetterWords/Wok.jpg  \n       \nphoto  Yak                              =  Yak                                                               \n       pointsOfInterest                 =  (71, 38)                                                          \n       url                              =  github://philiprbrenan/vocabulary-0/images/A3LetterWords/Yak.jpg  \n       \nphoto  Zip                              =  Rei\xDFverschluss                                                    \n       pointsOfInterest                 =  (46, 5)                                                           \n       url                              =  github://philiprbrenan/vocabulary-0/images/A3LetterWords/Zip.jpg  \n",
    sourceFileSha => "3276041d66a2d8fef58e70939a4e4f84b175c759",
    step => "parseSource",
    time => 1515517218,
  }, "Manifest");
  $a->{parsedCmds}[0] = $a->{app};
  $a;
}