SUCCESS!

2018-01-09 at 17:06:23 Generate AppaAppsPhotoApp version 20180109-1 philiprbrenan/vocabulary/g/A3LetterWords/l/it/

2018-01-09 at 17:06:25 Step: parseSource
2018-01-09 at 17:06:25 <b>Good source file!</b>
2018-01-09 at 17:06:25 Step: loadAssets
2018-01-09 at 17:10:15 232 new, 0 reused audio files
2018-01-09 at 17:10:15 Step: multiplyPhotosByFacts
2018-01-09 at 17:10:15 Step: genJavaManifest
2018-01-09 at 17:10:15 Step: genJsonManifest
2018-01-09 at 17:10:15 Step: genGameHtml
2018-01-09 at 17:10:15 Step: genHtmlAssets
2018-01-09 at 17:10:15 Step: zipAssets
2018-01-09 at 17:10:15 Step: compileApp
2018-01-09 at 17:10:26 Step: copyLinksToGitHub
2018-01-09 at 17:10:28 Step: copyFilesIntoPositionOnWebServer
--------------------------------------------------------------------------------
do {
  my $a = bless({
    android => bless({
      action        => "run",
      activity      => "Activity",
      buildFolder   => "/tmp/AppaAppsPhotoApp/build/",
      buildTools    => "/home/phil/Android/sdk/build-tools/25.0.3/",
      debug         => 0,
      device        => "-s emulator-5554",
      fastIcons     => undef,
      home          => "/root/",
      icon          => "/home/phil/audioImageCache/images/Eye.jpg",
      keyAlias      => "genApp",
      keyStoreFile  => "/home/phil/AppaAppsPhotoApp/keys/genApp.keystore",
      keyStorePwd   => "genApp",
      libs          => [],
      log           => [],
      package       => "com.appaapps.photoapp.philiprbrenanvocabularygA3LetterWordslit",
      parameters    => {
                         appName  => "vocabulary",
                         appPath  => "g/A3LetterWords/l/it/",
                         cTime    => 1515517815,
                         devMode  => 0,
                         download => "http://www.appaapps.com",
                         title    => "Three-Letter Words in Italian",
                         userid   => "philiprbrenan",
                       },
      permissions   => ["INTERNET", "ACCESS_NETWORK_STATE", "WRITE_EXTERNAL_STORAGE"],
      platform      => "/home/phil/Android/sdk/platforms/android-25/",
      platformTools => "/home/phil/Android/sdk/platform-tools/",
      sdkLevels     => [15, 25],
      src           => [
                         "/home/phil/java/appState/AppState.java",
                         "/home/phil/java/choices/Choices.java",
                         "/home/phil/java/congratulations/Congratulations.java",
                         "/home/phil/java/coloursTransformed/ColoursTransformed.java",
                         "/home/phil/java/download/Download.java",
                         "/home/phil/java/downloadAndUnzip/DownloadAndUnzip.java",
                         "/home/phil/java/email/Email.java",
                         "/home/phil/java/fourier/Fourier.java",
                         "/home/phil/java/gradients/Gradients.java",
                         "/home/phil/java/log/Log.java",
                         "/home/phil/java/maths/Maths.java",
                         "/home/phil/java/randomChoice/RandomChoice.java",
                         "/home/phil/java/save/Save.java",
                         "/home/phil/java/say/Say.java",
                         "/home/phil/java/sound/Midi.java",
                         "/home/phil/java/sound/Speech.java",
                         "/home/phil/java/svg/Svg.java",
                         "/home/phil/java/time/Time.java",
                         "/home/phil/java/translations/Translations.java",
                         "/home/phil/java/translations/TextTranslations.java",
                         "/home/phil/java/unpackappdescription/Unpackappdescription.java",
                         "/home/phil/java/upload/UploadStream.java",
                         "/home/phil/java/upload/GitHubUploadStream.java",
                         "/home/phil/java/unzip/Unzip.java",
                       ],
      title         => "Three-Letter Words in Italian",
      titles        => undef,
      verifyApk     => undef,
      version       => 20180109,
    }, "Android::Build"),
    app => bless({
      cmd => "app",
      defaulted => { maxImages => 1, ordered => 1, rightInARow => 1 },
      end => 8,
      index => 0,
      name => "vocabulary.g.A3LetterWords.l.it",
      parsedKeys => bless({
        author               => "philiprbrenan",
        cmd                  => "app",
        description          => "Scopri le parole di tre lettere",
        email                => "philiprbrenan\@gmail.com",
        emphasis             => 12,
        fullNameOnGooglePlay => undef,
        icon                 => "github://philiprbrenan/vocabulary-0/images/A3LetterWords/Eye.jpg",
        language             => "it",
        maxImages            => 12,
        name                 => "vocabulary.g.A3LetterWords.l.it",
        ordered              => "never",
        rightInARow          => 7,
        saveScreenShotsTo    => "philiprbrenan/screenShots-0",
        screenShots          => undef,
        speakers             => "Carla Giorgio",
        title                => "Three-Letter Words in Italian",
      }, "ParsedKeys"),
      start => 1,
      title => "Three-Letter Words in Italian",
      titleFile => undef,
    }, "ParsedCmd"),
    dateTimeStamp => "2018-01-09 at 17:06:23",
    error => 0,
    iconFile => "/home/phil/audioImageCache/images/Eye.jpg",
    log => [
      "\n2018-01-09 at 17:06:23 Generate AppaAppsPhotoApp version 20180109-1 philiprbrenan/vocabulary/g/A3LetterWords/l/it/\n",
      "2018-01-09 at 17:06:25 Step: parseSource",
      "2018-01-09 at 17:06:25 <b>Good source file!</b>",
      "2018-01-09 at 17:06:25 Step: loadAssets",
      "2018-01-09 at 17:10:15 232 new, 0 reused audio files",
      "2018-01-09 at 17:10:15 Step: multiplyPhotosByFacts",
      "2018-01-09 at 17:10:15 Step: genJavaManifest",
      "2018-01-09 at 17:10:15 Step: genJsonManifest",
      "2018-01-09 at 17:10:15 Step: genGameHtml",
      "2018-01-09 at 17:10:15 Step: genHtmlAssets",
      "2018-01-09 at 17:10:15 Step: zipAssets",
      "2018-01-09 at 17:10:15 Step: compileApp",
      "2018-01-09 at 17:10:26 Step: copyLinksToGitHub",
      "2018-01-09 at 17:10:28 Step: copyFilesIntoPositionOnWebServer",
    ],
    parsedCmds => [
      'fix',
      bless({
        cmd => "photo",
        defaulted => { level => 1, titleFile => 1 },
        end => 13,
        index => 0,
        name => "Ant",
        parsedKeys => bless({
          aFewChars        => undef,
          cmd              => "photo",
          height           => 1330,
          level            => 1,
          name             => "Ant",
          pointsOfInterest => "(57, 39)",
          say              => undef,
          screenShot       => "true",
          title            => "Formica",
          titleFile        => "formica",
          url              => "github://philiprbrenan/vocabulary-0/images/A3LetterWords/Ant.jpg",
          width            => 1326,
        }, "ParsedKeys"),
        say => undef,
        start => 10,
        title => "Formica",
        titleFile => "formica",
      }, "ParsedCmd"),
      bless({
        cmd => "photo",
        defaulted => { level => 1, titleFile => 1 },
        end => 16,
        index => 1,
        name => "Ape",
        parsedKeys => bless({
          aFewChars => undef,
          cmd => "photo",
          height => 1458,
          level => 1,
          name => "Ape",
          say => undef,
          title => "Scimmia",
          titleFile => "scimmia",
          url => "github://philiprbrenan/vocabulary-0/images/A3LetterWords/Ape.jpg",
          width => 1456,
        }, "ParsedKeys"),
        say => undef,
        start => 15,
        title => "Scimmia",
        titleFile => "scimmia",
      }, "ParsedCmd"),
      bless({
        cmd => "photo",
        defaulted => { level => 1, titleFile => 1 },
        end => 19,
        index => 2,
        name => "Arm",
        parsedKeys => bless({
          aFewChars => undef,
          cmd => "photo",
          height => 1054,
          level => 1,
          name => "Arm",
          say => undef,
          title => "Braccio",
          titleFile => "braccio",
          url => "github://philiprbrenan/vocabulary-0/images/A3LetterWords/Arm.jpg",
          width => 1052,
        }, "ParsedKeys"),
        say => undef,
        start => 18,
        title => "Braccio",
        titleFile => "braccio",
      }, "ParsedCmd"),
      bless({
        cmd => "photo",
        defaulted => { level => 1, titleFile => 1 },
        end => 22,
        index => 3,
        name => "Bag",
        parsedKeys => bless({
          aFewChars => undef,
          cmd => "photo",
          height => 1867,
          level => 1,
          name => "Bag",
          say => undef,
          title => "Borsa",
          titleFile => "borsa",
          url => "github://philiprbrenan/vocabulary-0/images/A3LetterWords/Bag.jpg",
          width => 1864,
        }, "ParsedKeys"),
        say => undef,
        start => 21,
        title => "Borsa",
        titleFile => "borsa",
      }, "ParsedCmd"),
      bless({
        cmd => "photo",
        defaulted => { level => 1, titleFile => 1 },
        end => 26,
        index => 4,
        name => "Bat",
        parsedKeys => bless({
          aFewChars        => undef,
          cmd              => "photo",
          height           => 407,
          level            => 1,
          name             => "Bat",
          pointsOfInterest => "(51, 45)",
          say              => undef,
          title            => "Pipistrello",
          titleFile        => "pipistrello",
          url              => "github://philiprbrenan/vocabulary-0/images/A3LetterWords/Bat.jpg",
          width            => 407,
        }, "ParsedKeys"),
        say => undef,
        start => 24,
        title => "Pipistrello",
        titleFile => "pipistrello",
      }, "ParsedCmd"),
      bless({
        cmd => "photo",
        defaulted => { level => 1, titleFile => 1 },
        end => 30,
        index => 5,
        name => "Bay",
        parsedKeys => bless({
          aFewChars => undef,
          cmd => "photo",
          height => 1940,
          level => 1,
          name => "Bay",
          say => undef,
          screenShot => "true",
          title => "Baia",
          titleFile => "baia",
          url => "github://philiprbrenan/vocabulary-0/images/A3LetterWords/Bay.jpg",
          width => 1937,
        }, "ParsedKeys"),
        say => undef,
        start => 28,
        title => "Baia",
        titleFile => "baia",
      }, "ParsedCmd"),
      bless({
        cmd => "photo",
        defaulted => { level => 1, titleFile => 1 },
        end => 34,
        index => 6,
        name => "Bed",
        parsedKeys => bless({
          aFewChars        => undef,
          cmd              => "photo",
          height           => 1818,
          level            => 1,
          name             => "Bed",
          pointsOfInterest => "(51, 4)",
          say              => undef,
          title            => "Letto",
          titleFile        => "letto",
          url              => "github://philiprbrenan/vocabulary-0/images/A3LetterWords/Bed.jpg",
          width            => 1814,
        }, "ParsedKeys"),
        say => undef,
        start => 32,
        title => "Letto",
        titleFile => "letto",
      }, "ParsedCmd"),
      bless({
        cmd => "photo",
        defaulted => { level => 1, titleFile => 1 },
        end => 38,
        index => 7,
        name => "Bee",
        parsedKeys => bless({
          aFewChars        => undef,
          cmd              => "photo",
          height           => 659,
          level            => 1,
          name             => "Bee",
          pointsOfInterest => "(47, 4)",
          say              => undef,
          title            => "Ape",
          titleFile        => "ape",
          url              => "github://philiprbrenan/vocabulary-0/images/A3LetterWords/Bee.jpg",
          width            => 658,
        }, "ParsedKeys"),
        say => undef,
        start => 36,
        title => "Ape",
        titleFile => "ape",
      }, "ParsedCmd"),
      bless({
        cmd => "photo",
        defaulted => { level => 1, titleFile => 1 },
        end => 41,
        index => 8,
        name => "Bin",
        parsedKeys => bless({
          aFewChars => undef,
          cmd => "photo",
          height => 1622,
          level => 1,
          name => "Bin",
          say => undef,
          title => "Bidone",
          titleFile => "bidone",
          url => "github://philiprbrenan/vocabulary-0/images/A3LetterWords/Bin.jpg",
          width => 1620,
        }, "ParsedKeys"),
        say => undef,
        start => 40,
        title => "Bidone",
        titleFile => "bidone",
      }, "ParsedCmd"),
      bless({
        cmd => "photo",
        defaulted => { level => 1, titleFile => 1 },
        end => 44,
        index => 9,
        name => "Bog",
        parsedKeys => bless({
          aFewChars => undef,
          cmd => "photo",
          height => 904,
          level => 1,
          name => "Bog",
          say => undef,
          title => "Palude",
          titleFile => "palude",
          url => "github://philiprbrenan/vocabulary-0/images/A3LetterWords/Bog.jpg",
          width => 904,
        }, "ParsedKeys"),
        say => undef,
        start => 43,
        title => "Palude",
        titleFile => "palude",
      }, "ParsedCmd"),
      bless({
        cmd => "photo",
        defaulted => { level => 1, titleFile => 1 },
        end => 48,
        index => 10,
        name => "Bow",
        parsedKeys => bless({
          aFewChars        => undef,
          cmd              => "photo",
          height           => 1589,
          level            => 1,
          name             => "Bow",
          pointsOfInterest => "(45, 28)",
          say              => undef,
          title            => "Arco",
          titleFile        => "arco",
          url              => "github://philiprbrenan/vocabulary-0/images/A3LetterWords/Bow.jpg",
          width            => 1587,
        }, "ParsedKeys"),
        say => undef,
        start => 46,
        title => "Arco",
        titleFile => "arco",
      }, "ParsedCmd"),
      bless({
        cmd => "photo",
        defaulted => { level => 1, titleFile => 1 },
        end => 51,
        index => 11,
        name => "Box",
        parsedKeys => bless({
          aFewChars => undef,
          cmd => "photo",
          height => 1728,
          level => 1,
          name => "Box",
          say => undef,
          title => "Scatola",
          titleFile => "scatola",
          url => "github://philiprbrenan/vocabulary-0/images/A3LetterWords/Box.jpg",
          width => 1726,
        }, "ParsedKeys"),
        say => undef,
        start => 50,
        title => "Scatola",
        titleFile => "scatola",
      }, "ParsedCmd"),
      bless({
        cmd => "photo",
        defaulted => { level => 1, titleFile => 1 },
        end => 55,
        index => 12,
        name => "Boy",
        parsedKeys => bless({
          aFewChars        => undef,
          cmd              => "photo",
          height           => 465,
          level            => 1,
          name             => "Boy",
          pointsOfInterest => "(66, 43)",
          say              => undef,
          title            => "Ragazzo",
          titleFile        => "ragazzo",
          url              => "github://philiprbrenan/vocabulary-0/images/A3LetterWords/Boy.jpg",
          width            => 465,
        }, "ParsedKeys"),
        say => undef,
        start => 53,
        title => "Ragazzo",
        titleFile => "ragazzo",
      }, "ParsedCmd"),
      bless({
        cmd => "photo",
        defaulted => { level => 1, titleFile => 1 },
        end => 59,
        index => 13,
        name => "Bug",
        parsedKeys => bless({
          aFewChars        => undef,
          cmd              => "photo",
          height           => 2656,
          level            => 1,
          name             => "Bug",
          pointsOfInterest => "(46, 46)",
          say              => undef,
          title            => "Insetto",
          titleFile        => "insetto",
          url              => "github://philiprbrenan/vocabulary-0/images/A3LetterWords/Bug.jpg",
          width            => 2652,
        }, "ParsedKeys"),
        say => undef,
        start => 57,
        title => "Insetto",
        titleFile => "insetto",
      }, "ParsedCmd"),
      bless({
        cmd => "photo",
        defaulted => { level => 1, titleFile => 1 },
        end => 62,
        index => 14,
        name => "Bun",
        parsedKeys => bless({
          aFewChars => undef,
          cmd => "photo",
          height => 1536,
          level => 1,
          name => "Bun",
          say => undef,
          title => "Ciambella",
          titleFile => "ciambella",
          url => "github://philiprbrenan/vocabulary-0/images/A3LetterWords/Bun.jpg",
          width => 1534,
        }, "ParsedKeys"),
        say => undef,
        start => 61,
        title => "Ciambella",
        titleFile => "ciambella",
      }, "ParsedCmd"),
      bless({
        cmd => "photo",
        defaulted => { level => 1, titleFile => 1 },
        end => 67,
        index => 15,
        name => "Bus",
        parsedKeys => bless({
          aFewChars        => undef,
          cmd              => "photo",
          height           => 1363,
          level            => 1,
          name             => "Bus",
          pointsOfInterest => "(64, 51)",
          say              => undef,
          screenShot       => "true",
          title            => "Autobus",
          titleFile        => "autobus",
          url              => "github://philiprbrenan/vocabulary-0/images/A3LetterWords/Bus.jpg",
          width            => 1361,
        }, "ParsedKeys"),
        say => undef,
        start => 64,
        title => "Autobus",
        titleFile => "autobus",
      }, "ParsedCmd"),
      bless({
        cmd => "photo",
        defaulted => { level => 1, titleFile => 1 },
        end => 70,
        index => 16,
        name => "Can",
        parsedKeys => bless({
          aFewChars => undef,
          cmd => "photo",
          height => 1400,
          level => 1,
          name => "Can",
          say => undef,
          title => "Pu\xF2",
          titleFile => "pu\xF2",
          url => "github://philiprbrenan/vocabulary-0/images/A3LetterWords/Can.jpg",
          width => 1398,
        }, "ParsedKeys"),
        say => undef,
        start => 69,
        title => "Pu\xF2",
        titleFile => "pu\xF2",
      }, "ParsedCmd"),
      bless({
        cmd => "photo",
        defaulted => { level => 1, titleFile => 1 },
        end => 73,
        index => 17,
        name => "Cap",
        parsedKeys => bless({
          aFewChars => undef,
          cmd => "photo",
          height => 1389,
          level => 1,
          name => "Cap",
          say => undef,
          title => "Berretto",
          titleFile => "berretto",
          url => "github://philiprbrenan/vocabulary-0/images/A3LetterWords/Cap.jpg",
          width => 1388,
        }, "ParsedKeys"),
        say => undef,
        start => 72,
        title => "Berretto",
        titleFile => "berretto",
      }, "ParsedCmd"),
      bless({
        cmd => "photo",
        defaulted => { level => 1, titleFile => 1 },
        end => 78,
        index => 18,
        name => "Car",
        parsedKeys => bless({
          aFewChars        => undef,
          cmd              => "photo",
          height           => 318,
          level            => 1,
          name             => "Car",
          pointsOfInterest => "(6, 57)",
          say              => undef,
          screenShot       => "true",
          title            => "Auto",
          titleFile        => "auto",
          url              => "github://philiprbrenan/vocabulary-0/images/A3LetterWords/Car.jpg",
          width            => 318,
        }, "ParsedKeys"),
        say => undef,
        start => 75,
        title => "Auto",
        titleFile => "auto",
      }, "ParsedCmd"),
      bless({
        cmd => "photo",
        defaulted => { level => 1, titleFile => 1 },
        end => 83,
        index => 19,
        name => "Cat",
        parsedKeys => bless({
          aFewChars        => undef,
          cmd              => "photo",
          height           => 884,
          level            => 1,
          name             => "Cat",
          pointsOfInterest => "(52, 52)",
          say              => undef,
          screenShot       => "true",
          title            => "Gatto",
          titleFile        => "gatto",
          url              => "github://philiprbrenan/vocabulary-0/images/A3LetterWords/Cat.jpg",
          width            => 885,
        }, "ParsedKeys"),
        say => undef,
        start => 80,
        title => "Gatto",
        titleFile => "gatto",
      }, "ParsedCmd"),
      bless({
        cmd => "photo",
        defaulted => { level => 1, titleFile => 1 },
        end => 87,
        index => 20,
        name => "Cow",
        parsedKeys => bless({
          aFewChars        => undef,
          cmd              => "photo",
          height           => 1462,
          level            => 1,
          name             => "Cow",
          pointsOfInterest => "(5, 35)",
          say              => undef,
          title            => "Mucca",
          titleFile        => "mucca",
          url              => "github://philiprbrenan/vocabulary-0/images/A3LetterWords/Cow.jpg",
          width            => 1462,
        }, "ParsedKeys"),
        say => undef,
        start => 85,
        title => "Mucca",
        titleFile => "mucca",
      }, "ParsedCmd"),
      bless({
        cmd => "photo",
        defaulted => { level => 1, titleFile => 1 },
        end => 90,
        index => 21,
        name => "Cup",
        parsedKeys => bless({
          aFewChars => undef,
          cmd => "photo",
          height => 1592,
          level => 1,
          name => "Cup",
          say => undef,
          title => "Tazza",
          titleFile => "tazza",
          url => "github://philiprbrenan/vocabulary-0/images/A3LetterWords/Cup.jpg",
          width => 1588,
        }, "ParsedKeys"),
        say => undef,
        start => 89,
        title => "Tazza",
        titleFile => "tazza",
      }, "ParsedCmd"),
      bless({
        cmd => "photo",
        defaulted => { level => 1, titleFile => 1 },
        end => 93,
        index => 22,
        name => "Dam",
        parsedKeys => bless({
          aFewChars => undef,
          cmd => "photo",
          height => 2315,
          level => 1,
          name => "Dam",
          say => undef,
          title => "Diga",
          titleFile => "diga",
          url => "github://philiprbrenan/vocabulary-0/images/A3LetterWords/Dam.jpg",
          width => 2321,
        }, "ParsedKeys"),
        say => undef,
        start => 92,
        title => "Diga",
        titleFile => "diga",
      }, "ParsedCmd"),
      bless({
        cmd => "photo",
        defaulted => { level => 1, titleFile => 1 },
        end => 98,
        index => 23,
        name => "Dog",
        parsedKeys => bless({
          aFewChars        => undef,
          cmd              => "photo",
          height           => 1520,
          level            => 1,
          name             => "Dog",
          pointsOfInterest => "(6, 56)",
          say              => undef,
          screenShot       => "true",
          title            => "Cane",
          titleFile        => "cane",
          url              => "github://philiprbrenan/vocabulary-0/images/A3LetterWords/Dog.jpg",
          width            => 1514,
        }, "ParsedKeys"),
        say => undef,
        start => 95,
        title => "Cane",
        titleFile => "cane",
      }, "ParsedCmd"),
      bless({
        cmd => "photo",
        defaulted => { level => 1, titleFile => 1 },
        end => 101,
        index => 24,
        name => "Ear",
        parsedKeys => bless({
          aFewChars => undef,
          cmd => "photo",
          height => 1132,
          level => 1,
          name => "Ear",
          say => undef,
          title => "Orecchio",
          titleFile => "orecchio",
          url => "github://philiprbrenan/vocabulary-0/images/A3LetterWords/Ear.jpg",
          width => 1130,
        }, "ParsedKeys"),
        say => undef,
        start => 100,
        title => "Orecchio",
        titleFile => "orecchio",
      }, "ParsedCmd"),
      bless({
        cmd => "photo",
        defaulted => { level => 1, titleFile => 1 },
        end => 105,
        index => 25,
        name => "Egg",
        parsedKeys => bless({
          aFewChars        => undef,
          cmd              => "photo",
          height           => 432,
          level            => 1,
          name             => "Egg",
          pointsOfInterest => "(46, 26)",
          say              => undef,
          title            => "Uovo",
          titleFile        => "uovo",
          url              => "github://philiprbrenan/vocabulary-0/images/A3LetterWords/Egg.jpg",
          width            => 431,
        }, "ParsedKeys"),
        say => undef,
        start => 103,
        title => "Uovo",
        titleFile => "uovo",
      }, "ParsedCmd"),
      bless({
        cmd => "photo",
        defaulted => { level => 1, titleFile => 1 },
        end => 109,
        index => 26,
        name => "Emu",
        parsedKeys => bless({
          aFewChars        => undef,
          cmd              => "photo",
          height           => 2283,
          level            => 1,
          name             => "Emu",
          pointsOfInterest => "(32, 22)",
          say              => undef,
          title            => "Emu",
          titleFile        => "emu",
          url              => "github://philiprbrenan/vocabulary-0/images/A3LetterWords/Emu.jpg",
          width            => 2282,
        }, "ParsedKeys"),
        say => undef,
        start => 107,
        title => "Emu",
        titleFile => "emu",
      }, "ParsedCmd"),
      bless({
        cmd => "photo",
        defaulted => { level => 1, titleFile => 1 },
        end => 113,
        index => 27,
        name => "Eye",
        parsedKeys => bless({
          aFewChars        => undef,
          cmd              => "photo",
          height           => 1329,
          level            => 1,
          name             => "Eye",
          pointsOfInterest => "(45, 51)",
          say              => undef,
          title            => "Occhio",
          titleFile        => "occhio",
          url              => "github://philiprbrenan/vocabulary-0/images/A3LetterWords/Eye.jpg",
          width            => 1327,
        }, "ParsedKeys"),
        say => undef,
        start => 111,
        title => "Occhio",
        titleFile => "occhio",
      }, "ParsedCmd"),
      bless({
        cmd => "photo",
        defaulted => { level => 1, titleFile => 1 },
        end => 116,
        index => 28,
        name => "Fan",
        parsedKeys => bless({
          aFewChars => undef,
          cmd => "photo",
          height => 1631,
          level => 1,
          name => "Fan",
          say => undef,
          title => "Fan",
          titleFile => "fan",
          url => "github://philiprbrenan/vocabulary-0/images/A3LetterWords/Fan.jpg",
          width => 1629,
        }, "ParsedKeys"),
        say => undef,
        start => 115,
        title => "Fan",
        titleFile => "fan",
      }, "ParsedCmd"),
      bless({
        cmd => "photo",
        defaulted => { level => 1, titleFile => 1 },
        end => 120,
        index => 29,
        name => "Fin",
        parsedKeys => bless({
          aFewChars        => undef,
          cmd              => "photo",
          height           => 976,
          level            => 1,
          name             => "Fin",
          pointsOfInterest => "(46, 7)",
          say              => undef,
          title            => "Pinna",
          titleFile        => "pinna",
          url              => "github://philiprbrenan/vocabulary-0/images/A3LetterWords/Fin.jpg",
          width            => 975,
        }, "ParsedKeys"),
        say => undef,
        start => 118,
        title => "Pinna",
        titleFile => "pinna",
      }, "ParsedCmd"),
      bless({
        cmd => "photo",
        defaulted => { level => 1, titleFile => 1 },
        end => 124,
        index => 30,
        name => "Fox",
        parsedKeys => bless({
          aFewChars        => undef,
          cmd              => "photo",
          height           => 401,
          level            => 1,
          name             => "Fox",
          pointsOfInterest => "(55, 22)",
          say              => undef,
          title            => "Volpe",
          titleFile        => "volpe",
          url              => "github://philiprbrenan/vocabulary-0/images/A3LetterWords/Fox.jpg",
          width            => 400,
        }, "ParsedKeys"),
        say => undef,
        start => 122,
        title => "Volpe",
        titleFile => "volpe",
      }, "ParsedCmd"),
      bless({
        cmd => "photo",
        defaulted => { level => 1, titleFile => 1 },
        end => 127,
        index => 31,
        name => "Hat",
        parsedKeys => bless({
          aFewChars => undef,
          cmd => "photo",
          height => 1667,
          level => 1,
          name => "Hat",
          say => undef,
          title => "Cappello",
          titleFile => "cappello",
          url => "github://philiprbrenan/vocabulary-0/images/A3LetterWords/Hat.jpg",
          width => 1664,
        }, "ParsedKeys"),
        say => undef,
        start => 126,
        title => "Cappello",
        titleFile => "cappello",
      }, "ParsedCmd"),
      bless({
        cmd => "photo",
        defaulted => { level => 1, titleFile => 1 },
        end => 130,
        index => 32,
        name => "Hoe",
        parsedKeys => bless({
          aFewChars => undef,
          cmd => "photo",
          height => 1958,
          level => 1,
          name => "Hoe",
          say => undef,
          title => "Zappa",
          titleFile => "zappa",
          url => "github://philiprbrenan/vocabulary-0/images/A3LetterWords/Hoe.jpg",
          width => 1956,
        }, "ParsedKeys"),
        say => undef,
        start => 129,
        title => "Zappa",
        titleFile => "zappa",
      }, "ParsedCmd"),
      bless({
        cmd => "photo",
        defaulted => { level => 1, titleFile => 1 },
        end => 134,
        index => 33,
        name => "Ice",
        parsedKeys => bless({
          aFewChars        => undef,
          cmd              => "photo",
          height           => 1461,
          level            => 1,
          name             => "Ice",
          pointsOfInterest => "(56, 39)",
          say              => undef,
          title            => "Ghiaccio",
          titleFile        => "ghiaccio",
          url              => "github://philiprbrenan/vocabulary-0/images/A3LetterWords/Ice.jpg",
          width            => 1460,
        }, "ParsedKeys"),
        say => undef,
        start => 132,
        title => "Ghiaccio",
        titleFile => "ghiaccio",
      }, "ParsedCmd"),
      bless({
        cmd => "photo",
        defaulted => { level => 1, titleFile => 1 },
        end => 137,
        index => 34,
        name => "Jar",
        parsedKeys => bless({
          aFewChars => undef,
          cmd => "photo",
          height => 1150,
          level => 1,
          name => "Jar",
          say => undef,
          title => "Vaso",
          titleFile => "vaso",
          url => "github://philiprbrenan/vocabulary-0/images/A3LetterWords/Jar.jpg",
          width => 1148,
        }, "ParsedKeys"),
        say => undef,
        start => 136,
        title => "Vaso",
        titleFile => "vaso",
      }, "ParsedCmd"),
      bless({
        cmd => "photo",
        defaulted => { level => 1, titleFile => 1 },
        end => 140,
        index => 35,
        name => "Jug",
        parsedKeys => bless({
          aFewChars => undef,
          cmd => "photo",
          height => 1586,
          level => 1,
          name => "Jug",
          say => undef,
          title => "Brocca",
          titleFile => "brocca",
          url => "github://philiprbrenan/vocabulary-0/images/A3LetterWords/Jug.jpg",
          width => 1583,
        }, "ParsedKeys"),
        say => undef,
        start => 139,
        title => "Brocca",
        titleFile => "brocca",
      }, "ParsedCmd"),
      bless({
        cmd => "photo",
        defaulted => { level => 1, titleFile => 1 },
        end => 143,
        index => 36,
        name => "Key",
        parsedKeys => bless({
          aFewChars => undef,
          cmd => "photo",
          height => 1492,
          level => 1,
          name => "Key",
          say => undef,
          title => "Chiave",
          titleFile => "chiave",
          url => "github://philiprbrenan/vocabulary-0/images/A3LetterWords/Key.jpg",
          width => 1490,
        }, "ParsedKeys"),
        say => undef,
        start => 142,
        title => "Chiave",
        titleFile => "chiave",
      }, "ParsedCmd"),
      bless({
        cmd => "photo",
        defaulted => { level => 1, titleFile => 1 },
        end => 146,
        index => 37,
        name => "Leg",
        parsedKeys => bless({
          aFewChars => undef,
          cmd => "photo",
          height => 1037,
          level => 1,
          name => "Leg",
          say => undef,
          title => "Gamba",
          titleFile => "gamba",
          url => "github://philiprbrenan/vocabulary-0/images/A3LetterWords/Leg.jpg",
          width => 1035,
        }, "ParsedKeys"),
        say => undef,
        start => 145,
        title => "Gamba",
        titleFile => "gamba",
      }, "ParsedCmd"),
      bless({
        cmd => "photo",
        defaulted => { level => 1, titleFile => 1 },
        end => 149,
        index => 38,
        name => "Lid",
        parsedKeys => bless({
          aFewChars => undef,
          cmd => "photo",
          height => 1739,
          level => 1,
          name => "Lid",
          say => undef,
          title => "Coperchio",
          titleFile => "coperchio",
          url => "github://philiprbrenan/vocabulary-0/images/A3LetterWords/Lid.jpg",
          width => 1737,
        }, "ParsedKeys"),
        say => undef,
        start => 148,
        title => "Coperchio",
        titleFile => "coperchio",
      }, "ParsedCmd"),
      bless({
        cmd => "photo",
        defaulted => { level => 1, titleFile => 1 },
        end => 152,
        index => 39,
        name => "Map",
        parsedKeys => bless({
          aFewChars => undef,
          cmd => "photo",
          height => 442,
          level => 1,
          name => "Map",
          say => undef,
          title => "Carta geografica",
          titleFile => "cartaGeografica",
          url => "github://philiprbrenan/vocabulary-0/images/A3LetterWords/Map.jpg",
          width => 441,
        }, "ParsedKeys"),
        say => undef,
        start => 151,
        title => "Carta geografica",
        titleFile => "cartaGeografica",
      }, "ParsedCmd"),
      bless({
        cmd => "photo",
        defaulted => { level => 1, titleFile => 1 },
        end => 155,
        index => 40,
        name => "Men",
        parsedKeys => bless({
          aFewChars => undef,
          cmd => "photo",
          height => 1725,
          level => 1,
          name => "Men",
          say => undef,
          title => "Uomini",
          titleFile => "uomini",
          url => "github://philiprbrenan/vocabulary-0/images/A3LetterWords/Men.jpg",
          width => 1723,
        }, "ParsedKeys"),
        say => undef,
        start => 154,
        title => "Uomini",
        titleFile => "uomini",
      }, "ParsedCmd"),
      bless({
        cmd => "photo",
        defaulted => { level => 1, titleFile => 1 },
        end => 158,
        index => 41,
        name => "Mug",
        parsedKeys => bless({
          aFewChars => undef,
          cmd => "photo",
          height => 1230,
          level => 1,
          name => "Mug",
          say => undef,
          title => "Boccale",
          titleFile => "boccale",
          url => "github://philiprbrenan/vocabulary-0/images/A3LetterWords/Mug.jpg",
          width => 1228,
        }, "ParsedKeys"),
        say => undef,
        start => 157,
        title => "Boccale",
        titleFile => "boccale",
      }, "ParsedCmd"),
      bless({
        cmd => "photo",
        defaulted => { level => 1, titleFile => 1 },
        end => 162,
        index => 42,
        name => "Oar",
        parsedKeys => bless({
          aFewChars        => undef,
          cmd              => "photo",
          height           => 1492,
          level            => 1,
          name             => "Oar",
          pointsOfInterest => "(41, 25)",
          say              => undef,
          title            => "Remo",
          titleFile        => "remo",
          url              => "github://philiprbrenan/vocabulary-0/images/A3LetterWords/Oar.jpg",
          width            => 1490,
        }, "ParsedKeys"),
        say => undef,
        start => 160,
        title => "Remo",
        titleFile => "remo",
      }, "ParsedCmd"),
      bless({
        cmd => "photo",
        defaulted => { level => 1, titleFile => 1 },
        end => 166,
        index => 43,
        name => "Owl",
        parsedKeys => bless({
          aFewChars        => undef,
          cmd              => "photo",
          height           => 1435,
          level            => 1,
          name             => "Owl",
          pointsOfInterest => "(55, 29)",
          say              => undef,
          title            => "Gufo",
          titleFile        => "gufo",
          url              => "github://philiprbrenan/vocabulary-0/images/A3LetterWords/Owl.jpg",
          width            => 1431,
        }, "ParsedKeys"),
        say => undef,
        start => 164,
        title => "Gufo",
        titleFile => "gufo",
      }, "ParsedCmd"),
      bless({
        cmd => "photo",
        defaulted => { level => 1, titleFile => 1 },
        end => 169,
        index => 44,
        name => "Pan",
        parsedKeys => bless({
          aFewChars => undef,
          cmd => "photo",
          height => 1528,
          level => 1,
          name => "Pan",
          say => undef,
          title => "Pan",
          titleFile => "pan",
          url => "github://philiprbrenan/vocabulary-0/images/A3LetterWords/Pan.jpg",
          width => 1524,
        }, "ParsedKeys"),
        say => undef,
        start => 168,
        title => "Pan",
        titleFile => "pan",
      }, "ParsedCmd"),
      bless({
        cmd => "photo",
        defaulted => { level => 1, titleFile => 1 },
        end => 173,
        index => 45,
        name => "Peg",
        parsedKeys => bless({
          aFewChars        => undef,
          cmd              => "photo",
          height           => 1723,
          level            => 1,
          name             => "Peg",
          pointsOfInterest => "(22, 36)",
          say              => undef,
          title            => "Piolo",
          titleFile        => "piolo",
          url              => "github://philiprbrenan/vocabulary-0/images/A3LetterWords/Peg.jpg",
          width            => 1721,
        }, "ParsedKeys"),
        say => undef,
        start => 171,
        title => "Piolo",
        titleFile => "piolo",
      }, "ParsedCmd"),
      bless({
        cmd => "photo",
        defaulted => { level => 1, titleFile => 1 },
        end => 176,
        index => 46,
        name => "Pen",
        parsedKeys => bless({
          aFewChars => undef,
          cmd => "photo",
          height => 1365,
          level => 1,
          name => "Pen",
          say => undef,
          title => "Penna",
          titleFile => "penna",
          url => "github://philiprbrenan/vocabulary-0/images/A3LetterWords/Pen.jpg",
          width => 1363,
        }, "ParsedKeys"),
        say => undef,
        start => 175,
        title => "Penna",
        titleFile => "penna",
      }, "ParsedCmd"),
      bless({
        cmd => "photo",
        defaulted => { level => 1, titleFile => 1 },
        end => 180,
        index => 47,
        name => "Pig",
        parsedKeys => bless({
          aFewChars        => undef,
          cmd              => "photo",
          height           => 1834,
          level            => 1,
          name             => "Pig",
          pointsOfInterest => "(79, 66)",
          say              => undef,
          title            => "Maiale",
          titleFile        => "maiale",
          url              => "github://philiprbrenan/vocabulary-0/images/A3LetterWords/Pig.jpg",
          width            => 1830,
        }, "ParsedKeys"),
        say => undef,
        start => 178,
        title => "Maiale",
        titleFile => "maiale",
      }, "ParsedCmd"),
      bless({
        cmd => "photo",
        defaulted => { level => 1, titleFile => 1 },
        end => 184,
        index => 48,
        name => "Pin",
        parsedKeys => bless({
          aFewChars        => undef,
          cmd              => "photo",
          height           => 1299,
          level            => 1,
          name             => "Pin",
          pointsOfInterest => "(75, 26)",
          say              => undef,
          title            => "Perno",
          titleFile        => "perno",
          url              => "github://philiprbrenan/vocabulary-0/images/A3LetterWords/Pin.jpg",
          width            => 1296,
        }, "ParsedKeys"),
        say => undef,
        start => 182,
        title => "Perno",
        titleFile => "perno",
      }, "ParsedCmd"),
      bless({
        cmd => "photo",
        defaulted => { level => 1, titleFile => 1 },
        end => 187,
        index => 49,
        name => "Rug",
        parsedKeys => bless({
          aFewChars => undef,
          cmd => "photo",
          height => 1837,
          level => 1,
          name => "Rug",
          say => undef,
          title => "Tappeto",
          titleFile => "tappeto",
          url => "github://philiprbrenan/vocabulary-0/images/A3LetterWords/Rug.jpg",
          width => 1834,
        }, "ParsedKeys"),
        say => undef,
        start => 186,
        title => "Tappeto",
        titleFile => "tappeto",
      }, "ParsedCmd"),
      bless({
        cmd => "photo",
        defaulted => { level => 1, titleFile => 1 },
        end => 191,
        index => 50,
        name => "Sea",
        parsedKeys => bless({
          aFewChars        => undef,
          cmd              => "photo",
          height           => 1519,
          level            => 1,
          name             => "Sea",
          pointsOfInterest => "(48, 55)",
          say              => undef,
          title            => "Mare",
          titleFile        => "mare",
          url              => "github://philiprbrenan/vocabulary-0/images/A3LetterWords/Sea.jpg",
          width            => 1516,
        }, "ParsedKeys"),
        say => undef,
        start => 189,
        title => "Mare",
        titleFile => "mare",
      }, "ParsedCmd"),
      bless({
        cmd => "photo",
        defaulted => { level => 1, titleFile => 1 },
        end => 195,
        index => 51,
        name => "Sow",
        parsedKeys => bless({
          aFewChars        => undef,
          cmd              => "photo",
          height           => 2387,
          level            => 1,
          name             => "Sow",
          pointsOfInterest => "(84, 6)",
          say              => undef,
          title            => "Seminare",
          titleFile        => "seminare",
          url              => "github://philiprbrenan/vocabulary-0/images/A3LetterWords/Sow.jpg",
          width            => 2382,
        }, "ParsedKeys"),
        say => undef,
        start => 193,
        title => "Seminare",
        titleFile => "seminare",
      }, "ParsedCmd"),
      bless({
        cmd => "photo",
        defaulted => { level => 1, titleFile => 1 },
        end => 200,
        index => 52,
        name => "Sun",
        parsedKeys => bless({
          aFewChars        => undef,
          cmd              => "photo",
          height           => 1819,
          level            => 1,
          name             => "Sun",
          pointsOfInterest => "(49, 46)",
          say              => undef,
          screenShot       => "true",
          title            => "Sole",
          titleFile        => "sole",
          url              => "github://philiprbrenan/vocabulary-0/images/A3LetterWords/Sun.jpg",
          width            => 1814,
        }, "ParsedKeys"),
        say => undef,
        start => 197,
        title => "Sole",
        titleFile => "sole",
      }, "ParsedCmd"),
      bless({
        cmd => "photo",
        defaulted => { level => 1, titleFile => 1 },
        end => 204,
        index => 53,
        name => "Tap",
        parsedKeys => bless({
          aFewChars        => undef,
          cmd              => "photo",
          height           => 1796,
          level            => 1,
          name             => "Tap",
          pointsOfInterest => "(72, 35)",
          say              => undef,
          title            => "Rubinetto",
          titleFile        => "rubinetto",
          url              => "github://philiprbrenan/vocabulary-0/images/A3LetterWords/Tap.jpg",
          width            => 1794,
        }, "ParsedKeys"),
        say => undef,
        start => 202,
        title => "Rubinetto",
        titleFile => "rubinetto",
      }, "ParsedCmd"),
      bless({
        cmd => "photo",
        defaulted => { level => 1, titleFile => 1 },
        end => 208,
        index => 54,
        name => "Toe",
        parsedKeys => bless({
          aFewChars        => undef,
          cmd              => "photo",
          height           => 1216,
          level            => 1,
          name             => "Toe",
          pointsOfInterest => "(38, 17)",
          say              => undef,
          title            => "Dito del piede",
          titleFile        => "ditoDelPiede",
          url              => "github://philiprbrenan/vocabulary-0/images/A3LetterWords/Toe.jpg",
          width            => 1217,
        }, "ParsedKeys"),
        say => undef,
        start => 206,
        title => "Dito del piede",
        titleFile => "ditoDelPiede",
      }, "ParsedCmd"),
      bless({
        cmd => "photo",
        defaulted => { level => 1, titleFile => 1 },
        end => 213,
        index => 55,
        name => "Van",
        parsedKeys => bless({
          aFewChars        => undef,
          cmd              => "photo",
          height           => 1920,
          level            => 1,
          name             => "Van",
          pointsOfInterest => "(36, 39)",
          say              => undef,
          screenShot       => "true",
          title            => "Furgone",
          titleFile        => "furgone",
          url              => "github://philiprbrenan/vocabulary-0/images/A3LetterWords/Van.jpg",
          width            => 1918,
        }, "ParsedKeys"),
        say => undef,
        start => 210,
        title => "Furgone",
        titleFile => "furgone",
      }, "ParsedCmd"),
      bless({
        cmd => "photo",
        defaulted => { level => 1, titleFile => 1 },
        end => 216,
        index => 56,
        name => "Wok",
        parsedKeys => bless({
          aFewChars => undef,
          cmd => "photo",
          height => 1533,
          level => 1,
          name => "Wok",
          say => undef,
          title => "Wok",
          titleFile => "wok",
          url => "github://philiprbrenan/vocabulary-0/images/A3LetterWords/Wok.jpg",
          width => 1529,
        }, "ParsedKeys"),
        say => undef,
        start => 215,
        title => "Wok",
        titleFile => "wok",
      }, "ParsedCmd"),
      bless({
        cmd => "photo",
        defaulted => { level => 1, titleFile => 1 },
        end => 220,
        index => 57,
        name => "Yak",
        parsedKeys => bless({
          aFewChars        => undef,
          cmd              => "photo",
          height           => 2501,
          level            => 1,
          name             => "Yak",
          pointsOfInterest => "(71, 38)",
          say              => undef,
          title            => "Yak",
          titleFile        => "yak",
          url              => "github://philiprbrenan/vocabulary-0/images/A3LetterWords/Yak.jpg",
          width            => 2497,
        }, "ParsedKeys"),
        say => undef,
        start => 218,
        title => "Yak",
        titleFile => "yak",
      }, "ParsedCmd"),
      bless({
        cmd => "photo",
        defaulted => { level => 1, titleFile => 1 },
        end => 224,
        index => 58,
        name => "Zip",
        parsedKeys => bless({
          aFewChars        => undef,
          cmd              => "photo",
          height           => 1318,
          level            => 1,
          name             => "Zip",
          pointsOfInterest => "(46, 5)",
          say              => undef,
          title            => "Cerniera",
          titleFile        => "cerniera",
          url              => "github://philiprbrenan/vocabulary-0/images/A3LetterWords/Zip.jpg",
          width            => 1316,
        }, "ParsedKeys"),
        say => undef,
        start => 222,
        title => "Cerniera",
        titleFile => "cerniera",
      }, "ParsedCmd"),
    ],
    project => "philiprbrenan/vocabulary/g/A3LetterWords/l/it/",
    source => "app    vocabulary.g.A3LetterWords.l.it  =  Three-Letter Words in Italian                                     \n       author                           =  philiprbrenan                                                     \n       description                      =  Scopri le parole di tre lettere                                   \n       email                            =  philiprbrenan\@gmail.com                                           \n       emphasis                         =                                                                12  \n       icon                             =  github://philiprbrenan/vocabulary-0/images/A3LetterWords/Eye.jpg  \n       saveScreenShotsTo                =  philiprbrenan/screenShots-0                                       \n       language                         =  it                                                                \n       \nphoto  Ant                              =  Formica                                                           \n       pointsOfInterest                 =  (57, 39)                                                          \n       screenShot                       =  true                                                              \n       url                              =  github://philiprbrenan/vocabulary-0/images/A3LetterWords/Ant.jpg  \n       \nphoto  Ape                              =  Scimmia                                                           \n       url                              =  github://philiprbrenan/vocabulary-0/images/A3LetterWords/Ape.jpg  \n       \nphoto  Arm                              =  Braccio                                                           \n       url                              =  github://philiprbrenan/vocabulary-0/images/A3LetterWords/Arm.jpg  \n       \nphoto  Bag                              =  Borsa                                                             \n       url                              =  github://philiprbrenan/vocabulary-0/images/A3LetterWords/Bag.jpg  \n       \nphoto  Bat                              =  Pipistrello                                                       \n       pointsOfInterest                 =  (51, 45)                                                          \n       url                              =  github://philiprbrenan/vocabulary-0/images/A3LetterWords/Bat.jpg  \n       \nphoto  Bay                              =  Baia                                                              \n       screenShot                       =  true                                                              \n       url                              =  github://philiprbrenan/vocabulary-0/images/A3LetterWords/Bay.jpg  \n       \nphoto  Bed                              =  Letto                                                             \n       pointsOfInterest                 =  (51, 4)                                                           \n       url                              =  github://philiprbrenan/vocabulary-0/images/A3LetterWords/Bed.jpg  \n       \nphoto  Bee                              =  Ape                                                               \n       pointsOfInterest                 =  (47, 4)                                                           \n       url                              =  github://philiprbrenan/vocabulary-0/images/A3LetterWords/Bee.jpg  \n       \nphoto  Bin                              =  Bidone                                                            \n       url                              =  github://philiprbrenan/vocabulary-0/images/A3LetterWords/Bin.jpg  \n       \nphoto  Bog                              =  Palude                                                            \n       url                              =  github://philiprbrenan/vocabulary-0/images/A3LetterWords/Bog.jpg  \n       \nphoto  Bow                              =  Arco                                                              \n       pointsOfInterest                 =  (45, 28)                                                          \n       url                              =  github://philiprbrenan/vocabulary-0/images/A3LetterWords/Bow.jpg  \n       \nphoto  Box                              =  Scatola                                                           \n       url                              =  github://philiprbrenan/vocabulary-0/images/A3LetterWords/Box.jpg  \n       \nphoto  Boy                              =  Ragazzo                                                           \n       pointsOfInterest                 =  (66, 43)                                                          \n       url                              =  github://philiprbrenan/vocabulary-0/images/A3LetterWords/Boy.jpg  \n       \nphoto  Bug                              =  Insetto                                                           \n       pointsOfInterest                 =  (46, 46)                                                          \n       url                              =  github://philiprbrenan/vocabulary-0/images/A3LetterWords/Bug.jpg  \n       \nphoto  Bun                              =  Ciambella                                                         \n       url                              =  github://philiprbrenan/vocabulary-0/images/A3LetterWords/Bun.jpg  \n       \nphoto  Bus                              =  Autobus                                                           \n       pointsOfInterest                 =  (64, 51)                                                          \n       screenShot                       =  true                                                              \n       url                              =  github://philiprbrenan/vocabulary-0/images/A3LetterWords/Bus.jpg  \n       \nphoto  Can                              =  Pu\xF2                                                               \n       url                              =  github://philiprbrenan/vocabulary-0/images/A3LetterWords/Can.jpg  \n       \nphoto  Cap                              =  Berretto                                                          \n       url                              =  github://philiprbrenan/vocabulary-0/images/A3LetterWords/Cap.jpg  \n       \nphoto  Car                              =  Auto                                                              \n       pointsOfInterest                 =  (6, 57)                                                           \n       screenShot                       =  true                                                              \n       url                              =  github://philiprbrenan/vocabulary-0/images/A3LetterWords/Car.jpg  \n       \nphoto  Cat                              =  Gatto                                                             \n       pointsOfInterest                 =  (52, 52)                                                          \n       screenShot                       =  true                                                              \n       url                              =  github://philiprbrenan/vocabulary-0/images/A3LetterWords/Cat.jpg  \n       \nphoto  Cow                              =  Mucca                                                             \n       pointsOfInterest                 =  (5, 35)                                                           \n       url                              =  github://philiprbrenan/vocabulary-0/images/A3LetterWords/Cow.jpg  \n       \nphoto  Cup                              =  Tazza                                                             \n       url                              =  github://philiprbrenan/vocabulary-0/images/A3LetterWords/Cup.jpg  \n       \nphoto  Dam                              =  Diga                                                              \n       url                              =  github://philiprbrenan/vocabulary-0/images/A3LetterWords/Dam.jpg  \n       \nphoto  Dog                              =  Cane                                                              \n       pointsOfInterest                 =  (6, 56)                                                           \n       screenShot                       =  true                                                              \n       url                              =  github://philiprbrenan/vocabulary-0/images/A3LetterWords/Dog.jpg  \n       \nphoto  Ear                              =  Orecchio                                                          \n       url                              =  github://philiprbrenan/vocabulary-0/images/A3LetterWords/Ear.jpg  \n       \nphoto  Egg                              =  Uovo                                                              \n       pointsOfInterest                 =  (46, 26)                                                          \n       url                              =  github://philiprbrenan/vocabulary-0/images/A3LetterWords/Egg.jpg  \n       \nphoto  Emu                              =  Emu                                                               \n       pointsOfInterest                 =  (32, 22)                                                          \n       url                              =  github://philiprbrenan/vocabulary-0/images/A3LetterWords/Emu.jpg  \n       \nphoto  Eye                              =  Occhio                                                            \n       pointsOfInterest                 =  (45, 51)                                                          \n       url                              =  github://philiprbrenan/vocabulary-0/images/A3LetterWords/Eye.jpg  \n       \nphoto  Fan                              =  Fan                                                               \n       url                              =  github://philiprbrenan/vocabulary-0/images/A3LetterWords/Fan.jpg  \n       \nphoto  Fin                              =  Pinna                                                             \n       pointsOfInterest                 =  (46, 7)                                                           \n       url                              =  github://philiprbrenan/vocabulary-0/images/A3LetterWords/Fin.jpg  \n       \nphoto  Fox                              =  Volpe                                                             \n       pointsOfInterest                 =  (55, 22)                                                          \n       url                              =  github://philiprbrenan/vocabulary-0/images/A3LetterWords/Fox.jpg  \n       \nphoto  Hat                              =  Cappello                                                          \n       url                              =  github://philiprbrenan/vocabulary-0/images/A3LetterWords/Hat.jpg  \n       \nphoto  Hoe                              =  Zappa                                                             \n       url                              =  github://philiprbrenan/vocabulary-0/images/A3LetterWords/Hoe.jpg  \n       \nphoto  Ice                              =  Ghiaccio                                                          \n       pointsOfInterest                 =  (56, 39)                                                          \n       url                              =  github://philiprbrenan/vocabulary-0/images/A3LetterWords/Ice.jpg  \n       \nphoto  Jar                              =  Vaso                                                              \n       url                              =  github://philiprbrenan/vocabulary-0/images/A3LetterWords/Jar.jpg  \n       \nphoto  Jug                              =  Brocca                                                            \n       url                              =  github://philiprbrenan/vocabulary-0/images/A3LetterWords/Jug.jpg  \n       \nphoto  Key                              =  Chiave                                                            \n       url                              =  github://philiprbrenan/vocabulary-0/images/A3LetterWords/Key.jpg  \n       \nphoto  Leg                              =  Gamba                                                             \n       url                              =  github://philiprbrenan/vocabulary-0/images/A3LetterWords/Leg.jpg  \n       \nphoto  Lid                              =  Coperchio                                                         \n       url                              =  github://philiprbrenan/vocabulary-0/images/A3LetterWords/Lid.jpg  \n       \nphoto  Map                              =  Carta geografica                                                  \n       url                              =  github://philiprbrenan/vocabulary-0/images/A3LetterWords/Map.jpg  \n       \nphoto  Men                              =  Uomini                                                            \n       url                              =  github://philiprbrenan/vocabulary-0/images/A3LetterWords/Men.jpg  \n       \nphoto  Mug                              =  Boccale                                                           \n       url                              =  github://philiprbrenan/vocabulary-0/images/A3LetterWords/Mug.jpg  \n       \nphoto  Oar                              =  Remo                                                              \n       pointsOfInterest                 =  (41, 25)                                                          \n       url                              =  github://philiprbrenan/vocabulary-0/images/A3LetterWords/Oar.jpg  \n       \nphoto  Owl                              =  Gufo                                                              \n       pointsOfInterest                 =  (55, 29)                                                          \n       url                              =  github://philiprbrenan/vocabulary-0/images/A3LetterWords/Owl.jpg  \n       \nphoto  Pan                              =  Pan                                                               \n       url                              =  github://philiprbrenan/vocabulary-0/images/A3LetterWords/Pan.jpg  \n       \nphoto  Peg                              =  Piolo                                                             \n       pointsOfInterest                 =  (22, 36)                                                          \n       url                              =  github://philiprbrenan/vocabulary-0/images/A3LetterWords/Peg.jpg  \n       \nphoto  Pen                              =  Penna                                                             \n       url                              =  github://philiprbrenan/vocabulary-0/images/A3LetterWords/Pen.jpg  \n       \nphoto  Pig                              =  Maiale                                                            \n       pointsOfInterest                 =  (79, 66)                                                          \n       url                              =  github://philiprbrenan/vocabulary-0/images/A3LetterWords/Pig.jpg  \n       \nphoto  Pin                              =  Perno                                                             \n       pointsOfInterest                 =  (75, 26)                                                          \n       url                              =  github://philiprbrenan/vocabulary-0/images/A3LetterWords/Pin.jpg  \n       \nphoto  Rug                              =  Tappeto                                                           \n       url                              =  github://philiprbrenan/vocabulary-0/images/A3LetterWords/Rug.jpg  \n       \nphoto  Sea                              =  Mare                                                              \n       pointsOfInterest                 =  (48, 55)                                                          \n       url                              =  github://philiprbrenan/vocabulary-0/images/A3LetterWords/Sea.jpg  \n       \nphoto  Sow                              =  Seminare                                                          \n       pointsOfInterest                 =  (84, 6)                                                           \n       url                              =  github://philiprbrenan/vocabulary-0/images/A3LetterWords/Sow.jpg  \n       \nphoto  Sun                              =  Sole                                                              \n       pointsOfInterest                 =  (49, 46)                                                          \n       screenShot                       =  true                                                              \n       url                              =  github://philiprbrenan/vocabulary-0/images/A3LetterWords/Sun.jpg  \n       \nphoto  Tap                              =  Rubinetto                                                         \n       pointsOfInterest                 =  (72, 35)                                                          \n       url                              =  github://philiprbrenan/vocabulary-0/images/A3LetterWords/Tap.jpg  \n       \nphoto  Toe                              =  Dito del piede                                                    \n       pointsOfInterest                 =  (38, 17)                                                          \n       url                              =  github://philiprbrenan/vocabulary-0/images/A3LetterWords/Toe.jpg  \n       \nphoto  Van                              =  Furgone                                                           \n       pointsOfInterest                 =  (36, 39)                                                          \n       screenShot                       =  true                                                              \n       url                              =  github://philiprbrenan/vocabulary-0/images/A3LetterWords/Van.jpg  \n       \nphoto  Wok                              =  Wok                                                               \n       url                              =  github://philiprbrenan/vocabulary-0/images/A3LetterWords/Wok.jpg  \n       \nphoto  Yak                              =  Yak                                                               \n       pointsOfInterest                 =  (71, 38)                                                          \n       url                              =  github://philiprbrenan/vocabulary-0/images/A3LetterWords/Yak.jpg  \n       \nphoto  Zip                              =  Cerniera                                                          \n       pointsOfInterest                 =  (46, 5)                                                           \n       url                              =  github://philiprbrenan/vocabulary-0/images/A3LetterWords/Zip.jpg  \n",
    sourceFileSha => "ce086cd888ceacfc5944f058722e2cbeb89137b8",
    step => "completed",
    time => 1515517583,
  }, "Manifest");
  $a->{parsedCmds}[0] = $a->{app};
  $a;
}