Failed.

2018-01-09 at 17:52:07 Generate AppaAppsPhotoApp version 20180109-1 philiprbrenan/vocabulary/g/A3LetterWords/l/ja

2018-01-09 at 17:52:11 Step: parseSource
2018-01-09 at 17:52:11 <b>Good source file!</b>
2018-01-09 at 17:52:11 Duplicate titles on lines 61 and 210:
バン
バン

--------------------------------------------------------------------------------
do {
  my $a = bless({
    app => bless({
      cmd => "app",
      defaulted => { maxImages => 1, ordered => 1, rightInARow => 1 },
      end => 8,
      index => 0,
      name => "vocabulary.g.A3LetterWords.l.ja",
      parsedKeys => bless({
        author            => "philiprbrenan",
        cmd               => "app",
        description       => "3\x{6587}\x{5B57}\x{306E}\x{5358}\x{8A9E}\x{306B}\x{3064}\x{3044}\x{3066}\x{5B66}\x{3076}",
        email             => "philiprbrenan\@gmail.com",
        emphasis          => 12,
        icon              => "github://philiprbrenan/vocabulary-0/images/A3LetterWords/Eye.jpg",
        language          => "ja",
        maxImages         => 12,
        name              => "vocabulary.g.A3LetterWords.l.ja",
        ordered           => "never",
        rightInARow       => 7,
        saveScreenShotsTo => "philiprbrenan/screenShots-0",
        screenShots       => undef,
        speakers          => "Mizuki Takumi",
        title             => "Three-Letter Words in Japanese",
      }, "ParsedKeys"),
      start => 1,
      title => "Three-Letter Words in Japanese",
    }, "ParsedCmd"),
    dateTimeStamp => "2018-01-09 at 17:52:07",
    error => 1,
    log => [
      "\n2018-01-09 at 17:52:07 Generate AppaAppsPhotoApp version 20180109-1 philiprbrenan/vocabulary/g/A3LetterWords/l/ja\n",
      "2018-01-09 at 17:52:11 Step: parseSource",
      "2018-01-09 at 17:52:11 <b>Good source file!</b>",
      "2018-01-09 at 17:52:11 Duplicate titles on lines 61 and 210:\n\x{30D0}\x{30F3}\n\x{30D0}\x{30F3}\n",
    ],
    parsedCmds => [
      'fix',
      bless({
        cmd => "photo",
        defaulted => { level => 1, titleFile => 1 },
        end => 13,
        index => 0,
        name => "Ant",
        parsedKeys => bless({
          aFewChars => undef,
          cmd => "photo",
          level => 1,
          name => "Ant",
          pointsOfInterest => "(57, 39)",
          say => undef,
          screenShot => "true",
          title => "\x{87FB}",
          titleFile => "\x{87FB}",
          url => "github://philiprbrenan/vocabulary-0/images/A3LetterWords/Ant.jpg",
        }, "ParsedKeys"),
        say => undef,
        start => 10,
        title => "\x{87FB}",
        titleFile => "\x{87FB}",
      }, "ParsedCmd"),
      bless({
        cmd => "photo",
        defaulted => { level => 1, titleFile => 1 },
        end => 16,
        index => 1,
        name => "Ape",
        parsedKeys => bless({
          aFewChars => undef,
          cmd => "photo",
          level => 1,
          name => "Ape",
          say => undef,
          title => "\x{733F}",
          titleFile => "\x{733F}",
          url => "github://philiprbrenan/vocabulary-0/images/A3LetterWords/Ape.jpg",
        }, "ParsedKeys"),
        say => undef,
        start => 15,
        title => "\x{733F}",
        titleFile => "\x{733F}",
      }, "ParsedCmd"),
      bless({
        cmd => "photo",
        defaulted => { level => 1, titleFile => 1 },
        end => 19,
        index => 2,
        name => "Arm",
        parsedKeys => bless({
          aFewChars => undef,
          cmd => "photo",
          level => 1,
          name => "Arm",
          say => undef,
          title => "\x{8155}",
          titleFile => "\x{8155}",
          url => "github://philiprbrenan/vocabulary-0/images/A3LetterWords/Arm.jpg",
        }, "ParsedKeys"),
        say => undef,
        start => 18,
        title => "\x{8155}",
        titleFile => "\x{8155}",
      }, "ParsedCmd"),
      bless({
        cmd => "photo",
        defaulted => { level => 1, titleFile => 1 },
        end => 22,
        index => 3,
        name => "Bag",
        parsedKeys => bless({
          aFewChars => undef,
          cmd => "photo",
          level => 1,
          name => "Bag",
          say => undef,
          title => "\x{30D0}\x{30C3}\x{30B0}",
          titleFile => "\x{30D0}\x{30C3}\x{30B0}",
          url => "github://philiprbrenan/vocabulary-0/images/A3LetterWords/Bag.jpg",
        }, "ParsedKeys"),
        say => undef,
        start => 21,
        title => "\x{30D0}\x{30C3}\x{30B0}",
        titleFile => "\x{30D0}\x{30C3}\x{30B0}",
      }, "ParsedCmd"),
      bless({
        cmd => "photo",
        defaulted => { level => 1, titleFile => 1 },
        end => 26,
        index => 4,
        name => "Bat",
        parsedKeys => bless({
          aFewChars => undef,
          cmd => "photo",
          level => 1,
          name => "Bat",
          pointsOfInterest => "(51, 45)",
          say => undef,
          title => "\x{30B3}\x{30A6}\x{30E2}\x{30EA}",
          titleFile => "\x{30B3}\x{30A6}\x{30E2}\x{30EA}",
          url => "github://philiprbrenan/vocabulary-0/images/A3LetterWords/Bat.jpg",
        }, "ParsedKeys"),
        say => undef,
        start => 24,
        title => "\x{30B3}\x{30A6}\x{30E2}\x{30EA}",
        titleFile => "\x{30B3}\x{30A6}\x{30E2}\x{30EA}",
      }, "ParsedCmd"),
      bless({
        cmd => "photo",
        defaulted => { level => 1, titleFile => 1 },
        end => 30,
        index => 5,
        name => "Bay",
        parsedKeys => bless({
          aFewChars => undef,
          cmd => "photo",
          level => 1,
          name => "Bay",
          say => undef,
          screenShot => "true",
          title => "\x{6E7E}",
          titleFile => "\x{6E7E}",
          url => "github://philiprbrenan/vocabulary-0/images/A3LetterWords/Bay.jpg",
        }, "ParsedKeys"),
        say => undef,
        start => 28,
        title => "\x{6E7E}",
        titleFile => "\x{6E7E}",
      }, "ParsedCmd"),
      bless({
        cmd => "photo",
        defaulted => { level => 1, titleFile => 1 },
        end => 34,
        index => 6,
        name => "Bed",
        parsedKeys => bless({
          aFewChars => undef,
          cmd => "photo",
          level => 1,
          name => "Bed",
          pointsOfInterest => "(51, 4)",
          say => undef,
          title => "\x{30D9}\x{30C3}\x{30C9}",
          titleFile => "\x{30D9}\x{30C3}\x{30C9}",
          url => "github://philiprbrenan/vocabulary-0/images/A3LetterWords/Bed.jpg",
        }, "ParsedKeys"),
        say => undef,
        start => 32,
        title => "\x{30D9}\x{30C3}\x{30C9}",
        titleFile => "\x{30D9}\x{30C3}\x{30C9}",
      }, "ParsedCmd"),
      bless({
        cmd => "photo",
        defaulted => { level => 1, titleFile => 1 },
        end => 38,
        index => 7,
        name => "Bee",
        parsedKeys => bless({
          aFewChars => undef,
          cmd => "photo",
          level => 1,
          name => "Bee",
          pointsOfInterest => "(47, 4)",
          say => undef,
          title => "\x{8702}",
          titleFile => "\x{8702}",
          url => "github://philiprbrenan/vocabulary-0/images/A3LetterWords/Bee.jpg",
        }, "ParsedKeys"),
        say => undef,
        start => 36,
        title => "\x{8702}",
        titleFile => "\x{8702}",
      }, "ParsedCmd"),
      bless({
        cmd => "photo",
        defaulted => { level => 1, titleFile => 1 },
        end => 41,
        index => 8,
        name => "Bin",
        parsedKeys => bless({
          aFewChars => undef,
          cmd => "photo",
          level => 1,
          name => "Bin",
          say => undef,
          title => "\x{30D3}\x{30F3}",
          titleFile => "\x{30D3}\x{30F3}",
          url => "github://philiprbrenan/vocabulary-0/images/A3LetterWords/Bin.jpg",
        }, "ParsedKeys"),
        say => undef,
        start => 40,
        title => "\x{30D3}\x{30F3}",
        titleFile => "\x{30D3}\x{30F3}",
      }, "ParsedCmd"),
      bless({
        cmd => "photo",
        defaulted => { level => 1, titleFile => 1 },
        end => 44,
        index => 9,
        name => "Bog",
        parsedKeys => bless({
          aFewChars => undef,
          cmd => "photo",
          level => 1,
          name => "Bog",
          say => undef,
          title => "\x{6CBC}\x{5730}",
          titleFile => "\x{6CBC}\x{5730}",
          url => "github://philiprbrenan/vocabulary-0/images/A3LetterWords/Bog.jpg",
        }, "ParsedKeys"),
        say => undef,
        start => 43,
        title => "\x{6CBC}\x{5730}",
        titleFile => "\x{6CBC}\x{5730}",
      }, "ParsedCmd"),
      bless({
        cmd => "photo",
        defaulted => { level => 1, titleFile => 1 },
        end => 48,
        index => 10,
        name => "Bow",
        parsedKeys => bless({
          aFewChars => undef,
          cmd => "photo",
          level => 1,
          name => "Bow",
          pointsOfInterest => "(45, 28)",
          say => undef,
          title => "\x{5F13}",
          titleFile => "\x{5F13}",
          url => "github://philiprbrenan/vocabulary-0/images/A3LetterWords/Bow.jpg",
        }, "ParsedKeys"),
        say => undef,
        start => 46,
        title => "\x{5F13}",
        titleFile => "\x{5F13}",
      }, "ParsedCmd"),
      bless({
        cmd => "photo",
        defaulted => { level => 1, titleFile => 1 },
        end => 51,
        index => 11,
        name => "Box",
        parsedKeys => bless({
          aFewChars => undef,
          cmd => "photo",
          level => 1,
          name => "Box",
          say => undef,
          title => "\x{30DC}\x{30C3}\x{30AF}\x{30B9}",
          titleFile => "\x{30DC}\x{30C3}\x{30AF}\x{30B9}",
          url => "github://philiprbrenan/vocabulary-0/images/A3LetterWords/Box.jpg",
        }, "ParsedKeys"),
        say => undef,
        start => 50,
        title => "\x{30DC}\x{30C3}\x{30AF}\x{30B9}",
        titleFile => "\x{30DC}\x{30C3}\x{30AF}\x{30B9}",
      }, "ParsedCmd"),
      bless({
        cmd => "photo",
        defaulted => { level => 1, titleFile => 1 },
        end => 55,
        index => 12,
        name => "Boy",
        parsedKeys => bless({
          aFewChars => undef,
          cmd => "photo",
          level => 1,
          name => "Boy",
          pointsOfInterest => "(66, 43)",
          say => undef,
          title => "\x{7537}\x{306E}\x{5B50}",
          titleFile => "\x{7537}\x{306E}\x{5B50}",
          url => "github://philiprbrenan/vocabulary-0/images/A3LetterWords/Boy.jpg",
        }, "ParsedKeys"),
        say => undef,
        start => 53,
        title => "\x{7537}\x{306E}\x{5B50}",
        titleFile => "\x{7537}\x{306E}\x{5B50}",
      }, "ParsedCmd"),
      bless({
        cmd => "photo",
        defaulted => { level => 1, titleFile => 1 },
        end => 59,
        index => 13,
        name => "Bug",
        parsedKeys => bless({
          aFewChars => undef,
          cmd => "photo",
          level => 1,
          name => "Bug",
          pointsOfInterest => "(46, 46)",
          say => undef,
          title => "\x{30D0}\x{30B0}",
          titleFile => "\x{30D0}\x{30B0}",
          url => "github://philiprbrenan/vocabulary-0/images/A3LetterWords/Bug.jpg",
        }, "ParsedKeys"),
        say => undef,
        start => 57,
        title => "\x{30D0}\x{30B0}",
        titleFile => "\x{30D0}\x{30B0}",
      }, "ParsedCmd"),
      bless({
        cmd => "photo",
        defaulted => { level => 1, titleFile => 1 },
        end => 62,
        index => 14,
        name => "Bun",
        parsedKeys => bless({
          aFewChars => undef,
          cmd => "photo",
          level => 1,
          name => "Bun",
          say => undef,
          title => "\x{30D0}\x{30F3}",
          titleFile => "\x{30D0}\x{30F3}",
          url => "github://philiprbrenan/vocabulary-0/images/A3LetterWords/Bun.jpg",
        }, "ParsedKeys"),
        say => undef,
        start => 61,
        title => "\x{30D0}\x{30F3}",
        titleFile => "\x{30D0}\x{30F3}",
      }, "ParsedCmd"),
      bless({
        cmd => "photo",
        defaulted => { level => 1, titleFile => 1 },
        end => 67,
        index => 15,
        name => "Bus",
        parsedKeys => bless({
          aFewChars => undef,
          cmd => "photo",
          level => 1,
          name => "Bus",
          pointsOfInterest => "(64, 51)",
          say => undef,
          screenShot => "true",
          title => "\x{30D0}\x{30B9}",
          titleFile => "\x{30D0}\x{30B9}",
          url => "github://philiprbrenan/vocabulary-0/images/A3LetterWords/Bus.jpg",
        }, "ParsedKeys"),
        say => undef,
        start => 64,
        title => "\x{30D0}\x{30B9}",
        titleFile => "\x{30D0}\x{30B9}",
      }, "ParsedCmd"),
      bless({
        cmd => "photo",
        defaulted => { level => 1, titleFile => 1 },
        end => 70,
        index => 16,
        name => "Can",
        parsedKeys => bless({
          aFewChars => undef,
          cmd => "photo",
          level => 1,
          name => "Can",
          say => undef,
          title => "\x{3067}\x{304D}\x{308B}",
          titleFile => "\x{3067}\x{304D}\x{308B}",
          url => "github://philiprbrenan/vocabulary-0/images/A3LetterWords/Can.jpg",
        }, "ParsedKeys"),
        say => undef,
        start => 69,
        title => "\x{3067}\x{304D}\x{308B}",
        titleFile => "\x{3067}\x{304D}\x{308B}",
      }, "ParsedCmd"),
      bless({
        cmd => "photo",
        defaulted => { level => 1, titleFile => 1 },
        end => 73,
        index => 17,
        name => "Cap",
        parsedKeys => bless({
          aFewChars => undef,
          cmd => "photo",
          level => 1,
          name => "Cap",
          say => undef,
          title => "\x{30AD}\x{30E3}\x{30C3}\x{30D7}",
          titleFile => "\x{30AD}\x{30E3}\x{30C3}\x{30D7}",
          url => "github://philiprbrenan/vocabulary-0/images/A3LetterWords/Cap.jpg",
        }, "ParsedKeys"),
        say => undef,
        start => 72,
        title => "\x{30AD}\x{30E3}\x{30C3}\x{30D7}",
        titleFile => "\x{30AD}\x{30E3}\x{30C3}\x{30D7}",
      }, "ParsedCmd"),
      bless({
        cmd => "photo",
        defaulted => { level => 1, titleFile => 1 },
        end => 78,
        index => 18,
        name => "Car",
        parsedKeys => bless({
          aFewChars => undef,
          cmd => "photo",
          level => 1,
          name => "Car",
          pointsOfInterest => "(6, 57)",
          say => undef,
          screenShot => "true",
          title => "\x{8ECA}",
          titleFile => "\x{8ECA}",
          url => "github://philiprbrenan/vocabulary-0/images/A3LetterWords/Car.jpg",
        }, "ParsedKeys"),
        say => undef,
        start => 75,
        title => "\x{8ECA}",
        titleFile => "\x{8ECA}",
      }, "ParsedCmd"),
      bless({
        cmd => "photo",
        defaulted => { level => 1, titleFile => 1 },
        end => 83,
        index => 19,
        name => "Cat",
        parsedKeys => bless({
          aFewChars => undef,
          cmd => "photo",
          level => 1,
          name => "Cat",
          pointsOfInterest => "(52, 52)",
          say => undef,
          screenShot => "true",
          title => "\x{30CD}\x{30B3}",
          titleFile => "\x{30CD}\x{30B3}",
          url => "github://philiprbrenan/vocabulary-0/images/A3LetterWords/Cat.jpg",
        }, "ParsedKeys"),
        say => undef,
        start => 80,
        title => "\x{30CD}\x{30B3}",
        titleFile => "\x{30CD}\x{30B3}",
      }, "ParsedCmd"),
      bless({
        cmd => "photo",
        defaulted => { level => 1, titleFile => 1 },
        end => 87,
        index => 20,
        name => "Cow",
        parsedKeys => bless({
          aFewChars => undef,
          cmd => "photo",
          level => 1,
          name => "Cow",
          pointsOfInterest => "(5, 35)",
          say => undef,
          title => "\x{725B}",
          titleFile => "\x{725B}",
          url => "github://philiprbrenan/vocabulary-0/images/A3LetterWords/Cow.jpg",
        }, "ParsedKeys"),
        say => undef,
        start => 85,
        title => "\x{725B}",
        titleFile => "\x{725B}",
      }, "ParsedCmd"),
      bless({
        cmd => "photo",
        defaulted => { level => 1, titleFile => 1 },
        end => 90,
        index => 21,
        name => "Cup",
        parsedKeys => bless({
          aFewChars => undef,
          cmd => "photo",
          level => 1,
          name => "Cup",
          say => undef,
          title => "\x{30AB}\x{30C3}\x{30D7}",
          titleFile => "\x{30AB}\x{30C3}\x{30D7}",
          url => "github://philiprbrenan/vocabulary-0/images/A3LetterWords/Cup.jpg",
        }, "ParsedKeys"),
        say => undef,
        start => 89,
        title => "\x{30AB}\x{30C3}\x{30D7}",
        titleFile => "\x{30AB}\x{30C3}\x{30D7}",
      }, "ParsedCmd"),
      bless({
        cmd => "photo",
        defaulted => { level => 1, titleFile => 1 },
        end => 93,
        index => 22,
        name => "Dam",
        parsedKeys => bless({
          aFewChars => undef,
          cmd => "photo",
          level => 1,
          name => "Dam",
          say => undef,
          title => "\x{30C0}\x{30E0}",
          titleFile => "\x{30C0}\x{30E0}",
          url => "github://philiprbrenan/vocabulary-0/images/A3LetterWords/Dam.jpg",
        }, "ParsedKeys"),
        say => undef,
        start => 92,
        title => "\x{30C0}\x{30E0}",
        titleFile => "\x{30C0}\x{30E0}",
      }, "ParsedCmd"),
      bless({
        cmd => "photo",
        defaulted => { level => 1, titleFile => 1 },
        end => 98,
        index => 23,
        name => "Dog",
        parsedKeys => bless({
          aFewChars => undef,
          cmd => "photo",
          level => 1,
          name => "Dog",
          pointsOfInterest => "(6, 56)",
          say => undef,
          screenShot => "true",
          title => "\x{72AC}",
          titleFile => "\x{72AC}",
          url => "github://philiprbrenan/vocabulary-0/images/A3LetterWords/Dog.jpg",
        }, "ParsedKeys"),
        say => undef,
        start => 95,
        title => "\x{72AC}",
        titleFile => "\x{72AC}",
      }, "ParsedCmd"),
      bless({
        cmd => "photo",
        defaulted => { level => 1, titleFile => 1 },
        end => 101,
        index => 24,
        name => "Ear",
        parsedKeys => bless({
          aFewChars => undef,
          cmd => "photo",
          level => 1,
          name => "Ear",
          say => undef,
          title => "\x{8033}",
          titleFile => "\x{8033}",
          url => "github://philiprbrenan/vocabulary-0/images/A3LetterWords/Ear.jpg",
        }, "ParsedKeys"),
        say => undef,
        start => 100,
        title => "\x{8033}",
        titleFile => "\x{8033}",
      }, "ParsedCmd"),
      bless({
        cmd => "photo",
        defaulted => { level => 1, titleFile => 1 },
        end => 105,
        index => 25,
        name => "Egg",
        parsedKeys => bless({
          aFewChars => undef,
          cmd => "photo",
          level => 1,
          name => "Egg",
          pointsOfInterest => "(46, 26)",
          say => undef,
          title => "\x{5375}",
          titleFile => "\x{5375}",
          url => "github://philiprbrenan/vocabulary-0/images/A3LetterWords/Egg.jpg",
        }, "ParsedKeys"),
        say => undef,
        start => 103,
        title => "\x{5375}",
        titleFile => "\x{5375}",
      }, "ParsedCmd"),
      bless({
        cmd => "photo",
        defaulted => { level => 1, titleFile => 1 },
        end => 109,
        index => 26,
        name => "Emu",
        parsedKeys => bless({
          aFewChars => undef,
          cmd => "photo",
          level => 1,
          name => "Emu",
          pointsOfInterest => "(32, 22)",
          say => undef,
          title => "\x{30A8}\x{30DF}\x{30E5}",
          titleFile => "\x{30A8}\x{30DF}\x{30E5}",
          url => "github://philiprbrenan/vocabulary-0/images/A3LetterWords/Emu.jpg",
        }, "ParsedKeys"),
        say => undef,
        start => 107,
        title => "\x{30A8}\x{30DF}\x{30E5}",
        titleFile => "\x{30A8}\x{30DF}\x{30E5}",
      }, "ParsedCmd"),
      bless({
        cmd => "photo",
        defaulted => { level => 1, titleFile => 1 },
        end => 113,
        index => 27,
        name => "Eye",
        parsedKeys => bless({
          aFewChars => undef,
          cmd => "photo",
          level => 1,
          name => "Eye",
          pointsOfInterest => "(45, 51)",
          say => undef,
          title => "\x{773C}",
          titleFile => "\x{773C}",
          url => "github://philiprbrenan/vocabulary-0/images/A3LetterWords/Eye.jpg",
        }, "ParsedKeys"),
        say => undef,
        start => 111,
        title => "\x{773C}",
        titleFile => "\x{773C}",
      }, "ParsedCmd"),
      bless({
        cmd => "photo",
        defaulted => { level => 1, titleFile => 1 },
        end => 116,
        index => 28,
        name => "Fan",
        parsedKeys => bless({
          aFewChars => undef,
          cmd => "photo",
          level => 1,
          name => "Fan",
          say => undef,
          title => "\x{30D5}\x{30A1}\x{30F3}",
          titleFile => "\x{30D5}\x{30A1}\x{30F3}",
          url => "github://philiprbrenan/vocabulary-0/images/A3LetterWords/Fan.jpg",
        }, "ParsedKeys"),
        say => undef,
        start => 115,
        title => "\x{30D5}\x{30A1}\x{30F3}",
        titleFile => "\x{30D5}\x{30A1}\x{30F3}",
      }, "ParsedCmd"),
      bless({
        cmd => "photo",
        defaulted => { level => 1, titleFile => 1 },
        end => 120,
        index => 29,
        name => "Fin",
        parsedKeys => bless({
          aFewChars => undef,
          cmd => "photo",
          level => 1,
          name => "Fin",
          pointsOfInterest => "(46, 7)",
          say => undef,
          title => "\x{30D5}\x{30A3}\x{30F3}",
          titleFile => "\x{30D5}\x{30A3}\x{30F3}",
          url => "github://philiprbrenan/vocabulary-0/images/A3LetterWords/Fin.jpg",
        }, "ParsedKeys"),
        say => undef,
        start => 118,
        title => "\x{30D5}\x{30A3}\x{30F3}",
        titleFile => "\x{30D5}\x{30A3}\x{30F3}",
      }, "ParsedCmd"),
      bless({
        cmd => "photo",
        defaulted => { level => 1, titleFile => 1 },
        end => 124,
        index => 30,
        name => "Fox",
        parsedKeys => bless({
          aFewChars => undef,
          cmd => "photo",
          level => 1,
          name => "Fox",
          pointsOfInterest => "(55, 22)",
          say => undef,
          title => "\x{72D0}",
          titleFile => "\x{72D0}",
          url => "github://philiprbrenan/vocabulary-0/images/A3LetterWords/Fox.jpg",
        }, "ParsedKeys"),
        say => undef,
        start => 122,
        title => "\x{72D0}",
        titleFile => "\x{72D0}",
      }, "ParsedCmd"),
      bless({
        cmd => "photo",
        defaulted => { level => 1, titleFile => 1 },
        end => 127,
        index => 31,
        name => "Hat",
        parsedKeys => bless({
          aFewChars => undef,
          cmd => "photo",
          level => 1,
          name => "Hat",
          say => undef,
          title => "\x{5E3D}\x{5B50}",
          titleFile => "\x{5E3D}\x{5B50}",
          url => "github://philiprbrenan/vocabulary-0/images/A3LetterWords/Hat.jpg",
        }, "ParsedKeys"),
        say => undef,
        start => 126,
        title => "\x{5E3D}\x{5B50}",
        titleFile => "\x{5E3D}\x{5B50}",
      }, "ParsedCmd"),
      bless({
        cmd => "photo",
        defaulted => { level => 1, titleFile => 1 },
        end => 130,
        index => 32,
        name => "Hoe",
        parsedKeys => bless({
          aFewChars => undef,
          cmd => "photo",
          level => 1,
          name => "Hoe",
          say => undef,
          title => "\x{936C}",
          titleFile => "\x{936C}",
          url => "github://philiprbrenan/vocabulary-0/images/A3LetterWords/Hoe.jpg",
        }, "ParsedKeys"),
        say => undef,
        start => 129,
        title => "\x{936C}",
        titleFile => "\x{936C}",
      }, "ParsedCmd"),
      bless({
        cmd => "photo",
        defaulted => { level => 1, titleFile => 1 },
        end => 134,
        index => 33,
        name => "Ice",
        parsedKeys => bless({
          aFewChars => undef,
          cmd => "photo",
          level => 1,
          name => "Ice",
          pointsOfInterest => "(56, 39)",
          say => undef,
          title => "\x{6C37}",
          titleFile => "\x{6C37}",
          url => "github://philiprbrenan/vocabulary-0/images/A3LetterWords/Ice.jpg",
        }, "ParsedKeys"),
        say => undef,
        start => 132,
        title => "\x{6C37}",
        titleFile => "\x{6C37}",
      }, "ParsedCmd"),
      bless({
        cmd => "photo",
        defaulted => { level => 1, titleFile => 1 },
        end => 137,
        index => 34,
        name => "Jar",
        parsedKeys => bless({
          aFewChars => undef,
          cmd => "photo",
          level => 1,
          name => "Jar",
          say => undef,
          title => "\x{74F6}",
          titleFile => "\x{74F6}",
          url => "github://philiprbrenan/vocabulary-0/images/A3LetterWords/Jar.jpg",
        }, "ParsedKeys"),
        say => undef,
        start => 136,
        title => "\x{74F6}",
        titleFile => "\x{74F6}",
      }, "ParsedCmd"),
      bless({
        cmd => "photo",
        defaulted => { level => 1, titleFile => 1 },
        end => 140,
        index => 35,
        name => "Jug",
        parsedKeys => bless({
          aFewChars => undef,
          cmd => "photo",
          level => 1,
          name => "Jug",
          say => undef,
          title => "\x{30B8}\x{30E3}\x{30B0}",
          titleFile => "\x{30B8}\x{30E3}\x{30B0}",
          url => "github://philiprbrenan/vocabulary-0/images/A3LetterWords/Jug.jpg",
        }, "ParsedKeys"),
        say => undef,
        start => 139,
        title => "\x{30B8}\x{30E3}\x{30B0}",
        titleFile => "\x{30B8}\x{30E3}\x{30B0}",
      }, "ParsedCmd"),
      bless({
        cmd => "photo",
        defaulted => { level => 1, titleFile => 1 },
        end => 143,
        index => 36,
        name => "Key",
        parsedKeys => bless({
          aFewChars => undef,
          cmd => "photo",
          level => 1,
          name => "Key",
          say => undef,
          title => "\x{30AD}\x{30FC}",
          titleFile => "\x{30AD}\x{30FC}",
          url => "github://philiprbrenan/vocabulary-0/images/A3LetterWords/Key.jpg",
        }, "ParsedKeys"),
        say => undef,
        start => 142,
        title => "\x{30AD}\x{30FC}",
        titleFile => "\x{30AD}\x{30FC}",
      }, "ParsedCmd"),
      bless({
        cmd => "photo",
        defaulted => { level => 1, titleFile => 1 },
        end => 146,
        index => 37,
        name => "Leg",
        parsedKeys => bless({
          aFewChars => undef,
          cmd => "photo",
          level => 1,
          name => "Leg",
          say => undef,
          title => "\x{811A}",
          titleFile => "\x{811A}",
          url => "github://philiprbrenan/vocabulary-0/images/A3LetterWords/Leg.jpg",
        }, "ParsedKeys"),
        say => undef,
        start => 145,
        title => "\x{811A}",
        titleFile => "\x{811A}",
      }, "ParsedCmd"),
      bless({
        cmd => "photo",
        defaulted => { level => 1, titleFile => 1 },
        end => 149,
        index => 38,
        name => "Lid",
        parsedKeys => bless({
          aFewChars => undef,
          cmd => "photo",
          level => 1,
          name => "Lid",
          say => undef,
          title => "\x{84CB}",
          titleFile => "\x{84CB}",
          url => "github://philiprbrenan/vocabulary-0/images/A3LetterWords/Lid.jpg",
        }, "ParsedKeys"),
        say => undef,
        start => 148,
        title => "\x{84CB}",
        titleFile => "\x{84CB}",
      }, "ParsedCmd"),
      bless({
        cmd => "photo",
        defaulted => { level => 1, titleFile => 1 },
        end => 152,
        index => 39,
        name => "Map",
        parsedKeys => bless({
          aFewChars => undef,
          cmd => "photo",
          level => 1,
          name => "Map",
          say => undef,
          title => "\x{5730}\x{56F3}",
          titleFile => "\x{5730}\x{56F3}",
          url => "github://philiprbrenan/vocabulary-0/images/A3LetterWords/Map.jpg",
        }, "ParsedKeys"),
        say => undef,
        start => 151,
        title => "\x{5730}\x{56F3}",
        titleFile => "\x{5730}\x{56F3}",
      }, "ParsedCmd"),
      bless({
        cmd => "photo",
        defaulted => { level => 1, titleFile => 1 },
        end => 155,
        index => 40,
        name => "Men",
        parsedKeys => bless({
          aFewChars => undef,
          cmd => "photo",
          level => 1,
          name => "Men",
          say => undef,
          title => "\x{7537}\x{6027}",
          titleFile => "\x{7537}\x{6027}",
          url => "github://philiprbrenan/vocabulary-0/images/A3LetterWords/Men.jpg",
        }, "ParsedKeys"),
        say => undef,
        start => 154,
        title => "\x{7537}\x{6027}",
        titleFile => "\x{7537}\x{6027}",
      }, "ParsedCmd"),
      bless({
        cmd => "photo",
        defaulted => { level => 1, titleFile => 1 },
        end => 158,
        index => 41,
        name => "Mug",
        parsedKeys => bless({
          aFewChars => undef,
          cmd => "photo",
          level => 1,
          name => "Mug",
          say => undef,
          title => "\x{30DE}\x{30B0}",
          titleFile => "\x{30DE}\x{30B0}",
          url => "github://philiprbrenan/vocabulary-0/images/A3LetterWords/Mug.jpg",
        }, "ParsedKeys"),
        say => undef,
        start => 157,
        title => "\x{30DE}\x{30B0}",
        titleFile => "\x{30DE}\x{30B0}",
      }, "ParsedCmd"),
      bless({
        cmd => "photo",
        defaulted => { level => 1, titleFile => 1 },
        end => 162,
        index => 42,
        name => "Oar",
        parsedKeys => bless({
          aFewChars => undef,
          cmd => "photo",
          level => 1,
          name => "Oar",
          pointsOfInterest => "(41, 25)",
          say => undef,
          title => "\x{30AA}\x{30FC}\x{30EB}",
          titleFile => "\x{30AA}\x{30FC}\x{30EB}",
          url => "github://philiprbrenan/vocabulary-0/images/A3LetterWords/Oar.jpg",
        }, "ParsedKeys"),
        say => undef,
        start => 160,
        title => "\x{30AA}\x{30FC}\x{30EB}",
        titleFile => "\x{30AA}\x{30FC}\x{30EB}",
      }, "ParsedCmd"),
      bless({
        cmd => "photo",
        defaulted => { level => 1, titleFile => 1 },
        end => 166,
        index => 43,
        name => "Owl",
        parsedKeys => bless({
          aFewChars => undef,
          cmd => "photo",
          level => 1,
          name => "Owl",
          pointsOfInterest => "(55, 29)",
          say => undef,
          title => "\x{30D5}\x{30AF}\x{30ED}\x{30A6}",
          titleFile => "\x{30D5}\x{30AF}\x{30ED}\x{30A6}",
          url => "github://philiprbrenan/vocabulary-0/images/A3LetterWords/Owl.jpg",
        }, "ParsedKeys"),
        say => undef,
        start => 164,
        title => "\x{30D5}\x{30AF}\x{30ED}\x{30A6}",
        titleFile => "\x{30D5}\x{30AF}\x{30ED}\x{30A6}",
      }, "ParsedCmd"),
      bless({
        cmd => "photo",
        defaulted => { level => 1, titleFile => 1 },
        end => 169,
        index => 44,
        name => "Pan",
        parsedKeys => bless({
          aFewChars => undef,
          cmd => "photo",
          level => 1,
          name => "Pan",
          say => undef,
          title => "\x{30D1}\x{30F3}",
          titleFile => "\x{30D1}\x{30F3}",
          url => "github://philiprbrenan/vocabulary-0/images/A3LetterWords/Pan.jpg",
        }, "ParsedKeys"),
        say => undef,
        start => 168,
        title => "\x{30D1}\x{30F3}",
        titleFile => "\x{30D1}\x{30F3}",
      }, "ParsedCmd"),
      bless({
        cmd => "photo",
        defaulted => { level => 1, titleFile => 1 },
        end => 173,
        index => 45,
        name => "Peg",
        parsedKeys => bless({
          aFewChars => undef,
          cmd => "photo",
          level => 1,
          name => "Peg",
          pointsOfInterest => "(22, 36)",
          say => undef,
          title => "\x{30DA}\x{30B0}",
          titleFile => "\x{30DA}\x{30B0}",
          url => "github://philiprbrenan/vocabulary-0/images/A3LetterWords/Peg.jpg",
        }, "ParsedKeys"),
        say => undef,
        start => 171,
        title => "\x{30DA}\x{30B0}",
        titleFile => "\x{30DA}\x{30B0}",
      }, "ParsedCmd"),
      bless({
        cmd => "photo",
        defaulted => { level => 1, titleFile => 1 },
        end => 176,
        index => 46,
        name => "Pen",
        parsedKeys => bless({
          aFewChars => undef,
          cmd => "photo",
          level => 1,
          name => "Pen",
          say => undef,
          title => "\x{30DA}\x{30F3}",
          titleFile => "\x{30DA}\x{30F3}",
          url => "github://philiprbrenan/vocabulary-0/images/A3LetterWords/Pen.jpg",
        }, "ParsedKeys"),
        say => undef,
        start => 175,
        title => "\x{30DA}\x{30F3}",
        titleFile => "\x{30DA}\x{30F3}",
      }, "ParsedCmd"),
      bless({
        cmd => "photo",
        defaulted => { level => 1, titleFile => 1 },
        end => 180,
        index => 47,
        name => "Pig",
        parsedKeys => bless({
          aFewChars => undef,
          cmd => "photo",
          level => 1,
          name => "Pig",
          pointsOfInterest => "(79, 66)",
          say => undef,
          title => "\x{8C5A}",
          titleFile => "\x{8C5A}",
          url => "github://philiprbrenan/vocabulary-0/images/A3LetterWords/Pig.jpg",
        }, "ParsedKeys"),
        say => undef,
        start => 178,
        title => "\x{8C5A}",
        titleFile => "\x{8C5A}",
      }, "ParsedCmd"),
      bless({
        cmd => "photo",
        defaulted => { level => 1, titleFile => 1 },
        end => 184,
        index => 48,
        name => "Pin",
        parsedKeys => bless({
          aFewChars => undef,
          cmd => "photo",
          level => 1,
          name => "Pin",
          pointsOfInterest => "(75, 26)",
          say => undef,
          title => "\x{30D4}\x{30F3}",
          titleFile => "\x{30D4}\x{30F3}",
          url => "github://philiprbrenan/vocabulary-0/images/A3LetterWords/Pin.jpg",
        }, "ParsedKeys"),
        say => undef,
        start => 182,
        title => "\x{30D4}\x{30F3}",
        titleFile => "\x{30D4}\x{30F3}",
      }, "ParsedCmd"),
      bless({
        cmd => "photo",
        defaulted => { level => 1, titleFile => 1 },
        end => 187,
        index => 49,
        name => "Rug",
        parsedKeys => bless({
          aFewChars => undef,
          cmd => "photo",
          level => 1,
          name => "Rug",
          say => undef,
          title => "\x{30E9}\x{30B0}",
          titleFile => "\x{30E9}\x{30B0}",
          url => "github://philiprbrenan/vocabulary-0/images/A3LetterWords/Rug.jpg",
        }, "ParsedKeys"),
        say => undef,
        start => 186,
        title => "\x{30E9}\x{30B0}",
        titleFile => "\x{30E9}\x{30B0}",
      }, "ParsedCmd"),
      bless({
        cmd => "photo",
        defaulted => { level => 1, titleFile => 1 },
        end => 191,
        index => 50,
        name => "Sea",
        parsedKeys => bless({
          aFewChars => undef,
          cmd => "photo",
          level => 1,
          name => "Sea",
          pointsOfInterest => "(48, 55)",
          say => undef,
          title => "\x{6D77}",
          titleFile => "\x{6D77}",
          url => "github://philiprbrenan/vocabulary-0/images/A3LetterWords/Sea.jpg",
        }, "ParsedKeys"),
        say => undef,
        start => 189,
        title => "\x{6D77}",
        titleFile => "\x{6D77}",
      }, "ParsedCmd"),
      bless({
        cmd => "photo",
        defaulted => { level => 1, titleFile => 1 },
        end => 195,
        index => 51,
        name => "Sow",
        parsedKeys => bless({
          aFewChars => undef,
          cmd => "photo",
          level => 1,
          name => "Sow",
          pointsOfInterest => "(84, 6)",
          say => undef,
          title => "\x{7A2E}\x{307E}\x{304D}",
          titleFile => "\x{7A2E}\x{307E}\x{304D}",
          url => "github://philiprbrenan/vocabulary-0/images/A3LetterWords/Sow.jpg",
        }, "ParsedKeys"),
        say => undef,
        start => 193,
        title => "\x{7A2E}\x{307E}\x{304D}",
        titleFile => "\x{7A2E}\x{307E}\x{304D}",
      }, "ParsedCmd"),
      bless({
        cmd => "photo",
        defaulted => { level => 1, titleFile => 1 },
        end => 200,
        index => 52,
        name => "Sun",
        parsedKeys => bless({
          aFewChars => undef,
          cmd => "photo",
          level => 1,
          name => "Sun",
          pointsOfInterest => "(49, 46)",
          say => undef,
          screenShot => "true",
          title => "\x{592A}\x{967D}",
          titleFile => "\x{592A}\x{967D}",
          url => "github://philiprbrenan/vocabulary-0/images/A3LetterWords/Sun.jpg",
        }, "ParsedKeys"),
        say => undef,
        start => 197,
        title => "\x{592A}\x{967D}",
        titleFile => "\x{592A}\x{967D}",
      }, "ParsedCmd"),
      bless({
        cmd => "photo",
        defaulted => { level => 1, titleFile => 1 },
        end => 204,
        index => 53,
        name => "Tap",
        parsedKeys => bless({
          aFewChars => undef,
          cmd => "photo",
          level => 1,
          name => "Tap",
          pointsOfInterest => "(72, 35)",
          say => undef,
          title => "\x{30BF}\x{30C3}\x{30D7}",
          titleFile => "\x{30BF}\x{30C3}\x{30D7}",
          url => "github://philiprbrenan/vocabulary-0/images/A3LetterWords/Tap.jpg",
        }, "ParsedKeys"),
        say => undef,
        start => 202,
        title => "\x{30BF}\x{30C3}\x{30D7}",
        titleFile => "\x{30BF}\x{30C3}\x{30D7}",
      }, "ParsedCmd"),
      bless({
        cmd => "photo",
        defaulted => { level => 1, titleFile => 1 },
        end => 208,
        index => 54,
        name => "Toe",
        parsedKeys => bless({
          aFewChars => undef,
          cmd => "photo",
          level => 1,
          name => "Toe",
          pointsOfInterest => "(38, 17)",
          say => undef,
          title => "\x{3064}\x{307E}\x{5148}",
          titleFile => "\x{3064}\x{307E}\x{5148}",
          url => "github://philiprbrenan/vocabulary-0/images/A3LetterWords/Toe.jpg",
        }, "ParsedKeys"),
        say => undef,
        start => 206,
        title => "\x{3064}\x{307E}\x{5148}",
        titleFile => "\x{3064}\x{307E}\x{5148}",
      }, "ParsedCmd"),
      bless({
        cmd => "photo",
        defaulted => { level => 1, titleFile => 1 },
        end => 213,
        index => 55,
        name => "Van",
        parsedKeys => bless({
          aFewChars => undef,
          cmd => "photo",
          level => 1,
          name => "Van",
          pointsOfInterest => "(36, 39)",
          say => undef,
          screenShot => "true",
          title => "\x{30D0}\x{30F3}",
          titleFile => "\x{30D0}\x{30F3}",
          url => "github://philiprbrenan/vocabulary-0/images/A3LetterWords/Van.jpg",
        }, "ParsedKeys"),
        say => undef,
        start => 210,
        title => "\x{30D0}\x{30F3}",
        titleFile => "\x{30D0}\x{30F3}",
      }, "ParsedCmd"),
      bless({
        cmd => "photo",
        defaulted => { level => 1, titleFile => 1 },
        end => 216,
        index => 56,
        name => "Wok",
        parsedKeys => bless({
          aFewChars => undef,
          cmd => "photo",
          level => 1,
          name => "Wok",
          say => undef,
          title => "\x{30A6}\x{30A9}\x{30C3}\x{30AF}",
          titleFile => "\x{30A6}\x{30A9}\x{30C3}\x{30AF}",
          url => "github://philiprbrenan/vocabulary-0/images/A3LetterWords/Wok.jpg",
        }, "ParsedKeys"),
        say => undef,
        start => 215,
        title => "\x{30A6}\x{30A9}\x{30C3}\x{30AF}",
        titleFile => "\x{30A6}\x{30A9}\x{30C3}\x{30AF}",
      }, "ParsedCmd"),
      bless({
        cmd => "photo",
        defaulted => { level => 1, titleFile => 1 },
        end => 220,
        index => 57,
        name => "Yak",
        parsedKeys => bless({
          aFewChars => undef,
          cmd => "photo",
          level => 1,
          name => "Yak",
          pointsOfInterest => "(71, 38)",
          say => undef,
          title => "\x{30E4}\x{30AF}",
          titleFile => "\x{30E4}\x{30AF}",
          url => "github://philiprbrenan/vocabulary-0/images/A3LetterWords/Yak.jpg",
        }, "ParsedKeys"),
        say => undef,
        start => 218,
        title => "\x{30E4}\x{30AF}",
        titleFile => "\x{30E4}\x{30AF}",
      }, "ParsedCmd"),
      bless({
        cmd => "photo",
        defaulted => { level => 1, titleFile => 1 },
        end => 224,
        index => 58,
        name => "Zip",
        parsedKeys => bless({
          aFewChars => undef,
          cmd => "photo",
          level => 1,
          name => "Zip",
          pointsOfInterest => "(46, 5)",
          say => undef,
          title => "\x{30B8}\x{30C3}\x{30D1}\x{30FC}",
          titleFile => "\x{30B8}\x{30C3}\x{30D1}\x{30FC}",
          url => "github://philiprbrenan/vocabulary-0/images/A3LetterWords/Zip.jpg",
        }, "ParsedKeys"),
        say => undef,
        start => 222,
        title => "\x{30B8}\x{30C3}\x{30D1}\x{30FC}",
        titleFile => "\x{30B8}\x{30C3}\x{30D1}\x{30FC}",
      }, "ParsedCmd"),
    ],
    project => "philiprbrenan/vocabulary/g/A3LetterWords/l/ja",
    source => "app    vocabulary.g.A3LetterWords.l.ja  =  Three-Letter Words in Japanese                                    \n       author                           =  philiprbrenan                                                     \n       description                      =  3\x{6587}\x{5B57}\x{306E}\x{5358}\x{8A9E}\x{306B}\x{3064}\x{3044}\x{3066}\x{5B66}\x{3076}                                                      \n       email                            =  philiprbrenan\@gmail.com                                           \n       emphasis                         =                                                                12  \n       icon                             =  github://philiprbrenan/vocabulary-0/images/A3LetterWords/Eye.jpg  \n       saveScreenShotsTo                =  philiprbrenan/screenShots-0                                       \n       language                         =  ja                                                                \n       \nphoto  Ant                              =  \x{87FB}                                                                 \n       pointsOfInterest                 =  (57, 39)                                                          \n       screenShot                       =  true                                                              \n       url                              =  github://philiprbrenan/vocabulary-0/images/A3LetterWords/Ant.jpg  \n       \nphoto  Ape                              =  \x{733F}                                                                 \n       url                              =  github://philiprbrenan/vocabulary-0/images/A3LetterWords/Ape.jpg  \n       \nphoto  Arm                              =  \x{8155}                                                                 \n       url                              =  github://philiprbrenan/vocabulary-0/images/A3LetterWords/Arm.jpg  \n       \nphoto  Bag                              =  \x{30D0}\x{30C3}\x{30B0}                                                               \n       url                              =  github://philiprbrenan/vocabulary-0/images/A3LetterWords/Bag.jpg  \n       \nphoto  Bat                              =  \x{30B3}\x{30A6}\x{30E2}\x{30EA}                                                              \n       pointsOfInterest                 =  (51, 45)                                                          \n       url                              =  github://philiprbrenan/vocabulary-0/images/A3LetterWords/Bat.jpg  \n       \nphoto  Bay                              =  \x{6E7E}                                                                 \n       screenShot                       =  true                                                              \n       url                              =  github://philiprbrenan/vocabulary-0/images/A3LetterWords/Bay.jpg  \n       \nphoto  Bed                              =  \x{30D9}\x{30C3}\x{30C9}                                                               \n       pointsOfInterest                 =  (51, 4)                                                           \n       url                              =  github://philiprbrenan/vocabulary-0/images/A3LetterWords/Bed.jpg  \n       \nphoto  Bee                              =  \x{8702}                                                                 \n       pointsOfInterest                 =  (47, 4)                                                           \n       url                              =  github://philiprbrenan/vocabulary-0/images/A3LetterWords/Bee.jpg  \n       \nphoto  Bin                              =  \x{30D3}\x{30F3}                                                                \n       url                              =  github://philiprbrenan/vocabulary-0/images/A3LetterWords/Bin.jpg  \n       \nphoto  Bog                              =  \x{6CBC}\x{5730}                                                                \n       url                              =  github://philiprbrenan/vocabulary-0/images/A3LetterWords/Bog.jpg  \n       \nphoto  Bow                              =  \x{5F13}                                                                 \n       pointsOfInterest                 =  (45, 28)                                                          \n       url                              =  github://philiprbrenan/vocabulary-0/images/A3LetterWords/Bow.jpg  \n       \nphoto  Box                              =  \x{30DC}\x{30C3}\x{30AF}\x{30B9}                                                              \n       url                              =  github://philiprbrenan/vocabulary-0/images/A3LetterWords/Box.jpg  \n       \nphoto  Boy                              =  \x{7537}\x{306E}\x{5B50}                                                               \n       pointsOfInterest                 =  (66, 43)                                                          \n       url                              =  github://philiprbrenan/vocabulary-0/images/A3LetterWords/Boy.jpg  \n       \nphoto  Bug                              =  \x{30D0}\x{30B0}                                                                \n       pointsOfInterest                 =  (46, 46)                                                          \n       url                              =  github://philiprbrenan/vocabulary-0/images/A3LetterWords/Bug.jpg  \n       \nphoto  Bun                              =  \x{30D0}\x{30F3}                                                                \n       url                              =  github://philiprbrenan/vocabulary-0/images/A3LetterWords/Bun.jpg  \n       \nphoto  Bus                              =  \x{30D0}\x{30B9}                                                                \n       pointsOfInterest                 =  (64, 51)                                                          \n       screenShot                       =  true                                                              \n       url                              =  github://philiprbrenan/vocabulary-0/images/A3LetterWords/Bus.jpg  \n       \nphoto  Can                              =  \x{3067}\x{304D}\x{308B}                                                               \n       url                              =  github://philiprbrenan/vocabulary-0/images/A3LetterWords/Can.jpg  \n       \nphoto  Cap                              =  \x{30AD}\x{30E3}\x{30C3}\x{30D7}                                                              \n       url                              =  github://philiprbrenan/vocabulary-0/images/A3LetterWords/Cap.jpg  \n       \nphoto  Car                              =  \x{8ECA}                                                                 \n       pointsOfInterest                 =  (6, 57)                                                           \n       screenShot                       =  true                                                              \n       url                              =  github://philiprbrenan/vocabulary-0/images/A3LetterWords/Car.jpg  \n       \nphoto  Cat                              =  \x{30CD}\x{30B3}                                                                \n       pointsOfInterest                 =  (52, 52)                                                          \n       screenShot                       =  true                                                              \n       url                              =  github://philiprbrenan/vocabulary-0/images/A3LetterWords/Cat.jpg  \n       \nphoto  Cow                              =  \x{725B}                                                                 \n       pointsOfInterest                 =  (5, 35)                                                           \n       url                              =  github://philiprbrenan/vocabulary-0/images/A3LetterWords/Cow.jpg  \n       \nphoto  Cup                              =  \x{30AB}\x{30C3}\x{30D7}                                                               \n       url                              =  github://philiprbrenan/vocabulary-0/images/A3LetterWords/Cup.jpg  \n       \nphoto  Dam                              =  \x{30C0}\x{30E0}                                                                \n       url                              =  github://philiprbrenan/vocabulary-0/images/A3LetterWords/Dam.jpg  \n       \nphoto  Dog                              =  \x{72AC}                                                                 \n       pointsOfInterest                 =  (6, 56)                                                           \n       screenShot                       =  true                                                              \n       url                              =  github://philiprbrenan/vocabulary-0/images/A3LetterWords/Dog.jpg  \n       \nphoto  Ear                              =  \x{8033}                                                                 \n       url                              =  github://philiprbrenan/vocabulary-0/images/A3LetterWords/Ear.jpg  \n       \nphoto  Egg                              =  \x{5375}                                                                 \n       pointsOfInterest                 =  (46, 26)                                                          \n       url                              =  github://philiprbrenan/vocabulary-0/images/A3LetterWords/Egg.jpg  \n       \nphoto  Emu                              =  \x{30A8}\x{30DF}\x{30E5}                                                               \n       pointsOfInterest                 =  (32, 22)                                                          \n       url                              =  github://philiprbrenan/vocabulary-0/images/A3LetterWords/Emu.jpg  \n       \nphoto  Eye                              =  \x{773C}                                                                 \n       pointsOfInterest                 =  (45, 51)                                                          \n       url                              =  github://philiprbrenan/vocabulary-0/images/A3LetterWords/Eye.jpg  \n       \nphoto  Fan                              =  \x{30D5}\x{30A1}\x{30F3}                                                               \n       url                              =  github://philiprbrenan/vocabulary-0/images/A3LetterWords/Fan.jpg  \n       \nphoto  Fin                              =  \x{30D5}\x{30A3}\x{30F3}                                                               \n       pointsOfInterest                 =  (46, 7)                                                           \n       url                              =  github://philiprbrenan/vocabulary-0/images/A3LetterWords/Fin.jpg  \n       \nphoto  Fox                              =  \x{72D0}                                                                 \n       pointsOfInterest                 =  (55, 22)                                                          \n       url                              =  github://philiprbrenan/vocabulary-0/images/A3LetterWords/Fox.jpg  \n       \nphoto  Hat                              =  \x{5E3D}\x{5B50}                                                                \n       url                              =  github://philiprbrenan/vocabulary-0/images/A3LetterWords/Hat.jpg  \n       \nphoto  Hoe                              =  \x{936C}                                                                 \n       url                              =  github://philiprbrenan/vocabulary-0/images/A3LetterWords/Hoe.jpg  \n       \nphoto  Ice                              =  \x{6C37}                                                                 \n       pointsOfInterest                 =  (56, 39)                                                          \n       url                              =  github://philiprbrenan/vocabulary-0/images/A3LetterWords/Ice.jpg  \n       \nphoto  Jar                              =  \x{74F6}                                                                 \n       url                              =  github://philiprbrenan/vocabulary-0/images/A3LetterWords/Jar.jpg  \n       \nphoto  Jug                              =  \x{30B8}\x{30E3}\x{30B0}                                                               \n       url                              =  github://philiprbrenan/vocabulary-0/images/A3LetterWords/Jug.jpg  \n       \nphoto  Key                              =  \x{30AD}\x{30FC}                                                                \n       url                              =  github://philiprbrenan/vocabulary-0/images/A3LetterWords/Key.jpg  \n       \nphoto  Leg                              =  \x{811A}                                                                 \n       url                              =  github://philiprbrenan/vocabulary-0/images/A3LetterWords/Leg.jpg  \n       \nphoto  Lid                              =  \x{84CB}                                                                 \n       url                              =  github://philiprbrenan/vocabulary-0/images/A3LetterWords/Lid.jpg  \n       \nphoto  Map                              =  \x{5730}\x{56F3}                                                                \n       url                              =  github://philiprbrenan/vocabulary-0/images/A3LetterWords/Map.jpg  \n       \nphoto  Men                              =  \x{7537}\x{6027}                                                                \n       url                              =  github://philiprbrenan/vocabulary-0/images/A3LetterWords/Men.jpg  \n       \nphoto  Mug                              =  \x{30DE}\x{30B0}                                                                \n       url                              =  github://philiprbrenan/vocabulary-0/images/A3LetterWords/Mug.jpg  \n       \nphoto  Oar                              =  \x{30AA}\x{30FC}\x{30EB}                                                               \n       pointsOfInterest                 =  (41, 25)                                                          \n       url                              =  github://philiprbrenan/vocabulary-0/images/A3LetterWords/Oar.jpg  \n       \nphoto  Owl                              =  \x{30D5}\x{30AF}\x{30ED}\x{30A6}                                                              \n       pointsOfInterest                 =  (55, 29)                                                          \n       url                              =  github://philiprbrenan/vocabulary-0/images/A3LetterWords/Owl.jpg  \n       \nphoto  Pan                              =  \x{30D1}\x{30F3}                                                                \n       url                              =  github://philiprbrenan/vocabulary-0/images/A3LetterWords/Pan.jpg  \n       \nphoto  Peg                              =  \x{30DA}\x{30B0}                                                                \n       pointsOfInterest                 =  (22, 36)                                                          \n       url                              =  github://philiprbrenan/vocabulary-0/images/A3LetterWords/Peg.jpg  \n       \nphoto  Pen                              =  \x{30DA}\x{30F3}                                                                \n       url                              =  github://philiprbrenan/vocabulary-0/images/A3LetterWords/Pen.jpg  \n       \nphoto  Pig                              =  \x{8C5A}                                                                 \n       pointsOfInterest                 =  (79, 66)                                                          \n       url                              =  github://philiprbrenan/vocabulary-0/images/A3LetterWords/Pig.jpg  \n       \nphoto  Pin                              =  \x{30D4}\x{30F3}                                                                \n       pointsOfInterest                 =  (75, 26)                                                          \n       url                              =  github://philiprbrenan/vocabulary-0/images/A3LetterWords/Pin.jpg  \n       \nphoto  Rug                              =  \x{30E9}\x{30B0}                                                                \n       url                              =  github://philiprbrenan/vocabulary-0/images/A3LetterWords/Rug.jpg  \n       \nphoto  Sea                              =  \x{6D77}                                                                 \n       pointsOfInterest                 =  (48, 55)                                                          \n       url                              =  github://philiprbrenan/vocabulary-0/images/A3LetterWords/Sea.jpg  \n       \nphoto  Sow                              =  \x{7A2E}\x{307E}\x{304D}                                                               \n       pointsOfInterest                 =  (84, 6)                                                           \n       url                              =  github://philiprbrenan/vocabulary-0/images/A3LetterWords/Sow.jpg  \n       \nphoto  Sun                              =  \x{592A}\x{967D}                                                                \n       pointsOfInterest                 =  (49, 46)                                                          \n       screenShot                       =  true                                                              \n       url                              =  github://philiprbrenan/vocabulary-0/images/A3LetterWords/Sun.jpg  \n       \nphoto  Tap                              =  \x{30BF}\x{30C3}\x{30D7}                                                               \n       pointsOfInterest                 =  (72, 35)                                                          \n       url                              =  github://philiprbrenan/vocabulary-0/images/A3LetterWords/Tap.jpg  \n       \nphoto  Toe                              =  \x{3064}\x{307E}\x{5148}                                                               \n       pointsOfInterest                 =  (38, 17)                                                          \n       url                              =  github://philiprbrenan/vocabulary-0/images/A3LetterWords/Toe.jpg  \n       \nphoto  Van                              =  \x{30D0}\x{30F3}                                                                \n       pointsOfInterest                 =  (36, 39)                                                          \n       screenShot                       =  true                                                              \n       url                              =  github://philiprbrenan/vocabulary-0/images/A3LetterWords/Van.jpg  \n       \nphoto  Wok                              =  \x{30A6}\x{30A9}\x{30C3}\x{30AF}                                                              \n       url                              =  github://philiprbrenan/vocabulary-0/images/A3LetterWords/Wok.jpg  \n       \nphoto  Yak                              =  \x{30E4}\x{30AF}                                                                \n       pointsOfInterest                 =  (71, 38)                                                          \n       url                              =  github://philiprbrenan/vocabulary-0/images/A3LetterWords/Yak.jpg  \n       \nphoto  Zip                              =  \x{30B8}\x{30C3}\x{30D1}\x{30FC}                                                              \n       pointsOfInterest                 =  (46, 5)                                                           \n       url                              =  github://philiprbrenan/vocabulary-0/images/A3LetterWords/Zip.jpg  \n",
    sourceFileSha => "6c4248fb4fcf1c1cf5bf534eb819ee320795c043",
    step => "parseSource",
    time => 1515520327,
  }, "Manifest");
  $a->{parsedCmds}[0] = $a->{app};
  $a;
}