SUCCESS!

2018-01-09 at 17:00:35 Generate AppaAppsPhotoApp version 20180109-1 philiprbrenan/vocabulary/g/A3LetterWords/l/fr/

2018-01-09 at 17:00:36 Step: parseSource
2018-01-09 at 17:00:36 <b>Good source file!</b>
2018-01-09 at 17:00:36 Step: loadAssets
2018-01-09 at 17:05:57 345 new, 0 reused audio files
2018-01-09 at 17:05:57 Step: multiplyPhotosByFacts
2018-01-09 at 17:05:57 Step: genJavaManifest
2018-01-09 at 17:05:57 Step: genJsonManifest
2018-01-09 at 17:05:57 Step: genGameHtml
2018-01-09 at 17:05:57 Step: genHtmlAssets
2018-01-09 at 17:05:57 Step: zipAssets
2018-01-09 at 17:05:58 Step: compileApp
2018-01-09 at 17:06:08 Step: copyLinksToGitHub
2018-01-09 at 17:06:10 Step: copyFilesIntoPositionOnWebServer
--------------------------------------------------------------------------------
do {
  my $a = bless({
    android => bless({
      action        => "run",
      activity      => "Activity",
      buildFolder   => "/tmp/AppaAppsPhotoApp/build/",
      buildTools    => "/home/phil/Android/sdk/build-tools/25.0.3/",
      debug         => 0,
      device        => "-s emulator-5554",
      fastIcons     => undef,
      home          => "/root/",
      icon          => "/home/phil/audioImageCache/images/Eye.jpg",
      keyAlias      => "genApp",
      keyStoreFile  => "/home/phil/AppaAppsPhotoApp/keys/genApp.keystore",
      keyStorePwd   => "genApp",
      libs          => [],
      log           => [],
      package       => "com.appaapps.photoapp.philiprbrenanvocabularygA3LetterWordslfr",
      parameters    => {
                         appName  => "vocabulary",
                         appPath  => "g/A3LetterWords/l/fr/",
                         cTime    => 1515517558,
                         devMode  => 0,
                         download => "http://www.appaapps.com",
                         title    => "Three-Letter Words in French",
                         userid   => "philiprbrenan",
                       },
      permissions   => ["INTERNET", "ACCESS_NETWORK_STATE", "WRITE_EXTERNAL_STORAGE"],
      platform      => "/home/phil/Android/sdk/platforms/android-25/",
      platformTools => "/home/phil/Android/sdk/platform-tools/",
      sdkLevels     => [15, 25],
      src           => [
                         "/home/phil/java/appState/AppState.java",
                         "/home/phil/java/choices/Choices.java",
                         "/home/phil/java/congratulations/Congratulations.java",
                         "/home/phil/java/coloursTransformed/ColoursTransformed.java",
                         "/home/phil/java/download/Download.java",
                         "/home/phil/java/downloadAndUnzip/DownloadAndUnzip.java",
                         "/home/phil/java/email/Email.java",
                         "/home/phil/java/fourier/Fourier.java",
                         "/home/phil/java/gradients/Gradients.java",
                         "/home/phil/java/log/Log.java",
                         "/home/phil/java/maths/Maths.java",
                         "/home/phil/java/randomChoice/RandomChoice.java",
                         "/home/phil/java/save/Save.java",
                         "/home/phil/java/say/Say.java",
                         "/home/phil/java/sound/Midi.java",
                         "/home/phil/java/sound/Speech.java",
                         "/home/phil/java/svg/Svg.java",
                         "/home/phil/java/time/Time.java",
                         "/home/phil/java/translations/Translations.java",
                         "/home/phil/java/translations/TextTranslations.java",
                         "/home/phil/java/unpackappdescription/Unpackappdescription.java",
                         "/home/phil/java/upload/UploadStream.java",
                         "/home/phil/java/upload/GitHubUploadStream.java",
                         "/home/phil/java/unzip/Unzip.java",
                       ],
      title         => "Three-Letter Words in French",
      titles        => undef,
      verifyApk     => undef,
      version       => 20180109,
    }, "Android::Build"),
    app => bless({
      cmd => "app",
      defaulted => { maxImages => 1, ordered => 1, rightInARow => 1 },
      end => 8,
      index => 0,
      name => "vocabulary.g.A3LetterWords.l.fr",
      parsedKeys => bless({
        author               => "philiprbrenan",
        cmd                  => "app",
        description          => "En savoir plus sur les mots de trois lettres",
        email                => "philiprbrenan\@gmail.com",
        emphasis             => 12,
        fullNameOnGooglePlay => undef,
        icon                 => "github://philiprbrenan/vocabulary-0/images/A3LetterWords/Eye.jpg",
        language             => "fr",
        maxImages            => 12,
        name                 => "vocabulary.g.A3LetterWords.l.fr",
        ordered              => "never",
        rightInARow          => 7,
        saveScreenShotsTo    => "philiprbrenan/screenShots-0",
        screenShots          => undef,
        speakers             => "Celine Chantal Mathieu",
        title                => "Three-Letter Words in French",
      }, "ParsedKeys"),
      start => 1,
      title => "Three-Letter Words in French",
      titleFile => undef,
    }, "ParsedCmd"),
    dateTimeStamp => "2018-01-09 at 17:00:35",
    error => 0,
    iconFile => "/home/phil/audioImageCache/images/Eye.jpg",
    log => [
      "\n2018-01-09 at 17:00:35 Generate AppaAppsPhotoApp version 20180109-1 philiprbrenan/vocabulary/g/A3LetterWords/l/fr/\n",
      "2018-01-09 at 17:00:36 Step: parseSource",
      "2018-01-09 at 17:00:36 <b>Good source file!</b>",
      "2018-01-09 at 17:00:36 Step: loadAssets",
      "2018-01-09 at 17:05:57 345 new, 0 reused audio files",
      "2018-01-09 at 17:05:57 Step: multiplyPhotosByFacts",
      "2018-01-09 at 17:05:57 Step: genJavaManifest",
      "2018-01-09 at 17:05:57 Step: genJsonManifest",
      "2018-01-09 at 17:05:57 Step: genGameHtml",
      "2018-01-09 at 17:05:57 Step: genHtmlAssets",
      "2018-01-09 at 17:05:57 Step: zipAssets",
      "2018-01-09 at 17:05:58 Step: compileApp",
      "2018-01-09 at 17:06:08 Step: copyLinksToGitHub",
      "2018-01-09 at 17:06:10 Step: copyFilesIntoPositionOnWebServer",
    ],
    parsedCmds => [
      'fix',
      bless({
        cmd => "photo",
        defaulted => { level => 1, titleFile => 1 },
        end => 13,
        index => 0,
        name => "Ant",
        parsedKeys => bless({
          aFewChars        => undef,
          cmd              => "photo",
          height           => 1330,
          level            => 1,
          name             => "Ant",
          pointsOfInterest => "(57, 39)",
          say              => undef,
          screenShot       => "true",
          title            => "Fourmi",
          titleFile        => "fourmi",
          url              => "github://philiprbrenan/vocabulary-0/images/A3LetterWords/Ant.jpg",
          width            => 1326,
        }, "ParsedKeys"),
        say => undef,
        start => 10,
        title => "Fourmi",
        titleFile => "fourmi",
      }, "ParsedCmd"),
      bless({
        cmd => "photo",
        defaulted => { level => 1, titleFile => 1 },
        end => 16,
        index => 1,
        name => "Ape",
        parsedKeys => bless({
          aFewChars => undef,
          cmd => "photo",
          height => 1458,
          level => 1,
          name => "Ape",
          say => undef,
          title => "Singe",
          titleFile => "singe",
          url => "github://philiprbrenan/vocabulary-0/images/A3LetterWords/Ape.jpg",
          width => 1456,
        }, "ParsedKeys"),
        say => undef,
        start => 15,
        title => "Singe",
        titleFile => "singe",
      }, "ParsedCmd"),
      bless({
        cmd => "photo",
        defaulted => { level => 1, titleFile => 1 },
        end => 19,
        index => 2,
        name => "Arm",
        parsedKeys => bless({
          aFewChars => undef,
          cmd => "photo",
          height => 1054,
          level => 1,
          name => "Arm",
          say => undef,
          title => "Bras",
          titleFile => "bras",
          url => "github://philiprbrenan/vocabulary-0/images/A3LetterWords/Arm.jpg",
          width => 1052,
        }, "ParsedKeys"),
        say => undef,
        start => 18,
        title => "Bras",
        titleFile => "bras",
      }, "ParsedCmd"),
      bless({
        cmd => "photo",
        defaulted => { level => 1, titleFile => 1 },
        end => 22,
        index => 3,
        name => "Bag",
        parsedKeys => bless({
          aFewChars => undef,
          cmd => "photo",
          height => 1867,
          level => 1,
          name => "Bag",
          say => undef,
          title => "Sac",
          titleFile => "sac",
          url => "github://philiprbrenan/vocabulary-0/images/A3LetterWords/Bag.jpg",
          width => 1864,
        }, "ParsedKeys"),
        say => undef,
        start => 21,
        title => "Sac",
        titleFile => "sac",
      }, "ParsedCmd"),
      bless({
        cmd => "photo",
        defaulted => { level => 1, titleFile => 1 },
        end => 26,
        index => 4,
        name => "Bat",
        parsedKeys => bless({
          aFewChars        => undef,
          cmd              => "photo",
          height           => 407,
          level            => 1,
          name             => "Bat",
          pointsOfInterest => "(51, 45)",
          say              => undef,
          title            => "Chauve souris",
          titleFile        => "chauveSouris",
          url              => "github://philiprbrenan/vocabulary-0/images/A3LetterWords/Bat.jpg",
          width            => 407,
        }, "ParsedKeys"),
        say => undef,
        start => 24,
        title => "Chauve souris",
        titleFile => "chauveSouris",
      }, "ParsedCmd"),
      bless({
        cmd => "photo",
        defaulted => { level => 1, titleFile => 1 },
        end => 30,
        index => 5,
        name => "Bay",
        parsedKeys => bless({
          aFewChars => undef,
          cmd => "photo",
          height => 1940,
          level => 1,
          name => "Bay",
          say => undef,
          screenShot => "true",
          title => "Baie",
          titleFile => "baie",
          url => "github://philiprbrenan/vocabulary-0/images/A3LetterWords/Bay.jpg",
          width => 1937,
        }, "ParsedKeys"),
        say => undef,
        start => 28,
        title => "Baie",
        titleFile => "baie",
      }, "ParsedCmd"),
      bless({
        cmd => "photo",
        defaulted => { level => 1, titleFile => 1 },
        end => 34,
        index => 6,
        name => "Bed",
        parsedKeys => bless({
          aFewChars        => undef,
          cmd              => "photo",
          height           => 1818,
          level            => 1,
          name             => "Bed",
          pointsOfInterest => "(51, 4)",
          say              => undef,
          title            => "Lit",
          titleFile        => "lit",
          url              => "github://philiprbrenan/vocabulary-0/images/A3LetterWords/Bed.jpg",
          width            => 1814,
        }, "ParsedKeys"),
        say => undef,
        start => 32,
        title => "Lit",
        titleFile => "lit",
      }, "ParsedCmd"),
      bless({
        cmd => "photo",
        defaulted => { level => 1, titleFile => 1 },
        end => 38,
        index => 7,
        name => "Bee",
        parsedKeys => bless({
          aFewChars        => undef,
          cmd              => "photo",
          height           => 659,
          level            => 1,
          name             => "Bee",
          pointsOfInterest => "(47, 4)",
          say              => undef,
          title            => "Abeille",
          titleFile        => "abeille",
          url              => "github://philiprbrenan/vocabulary-0/images/A3LetterWords/Bee.jpg",
          width            => 658,
        }, "ParsedKeys"),
        say => undef,
        start => 36,
        title => "Abeille",
        titleFile => "abeille",
      }, "ParsedCmd"),
      bless({
        cmd => "photo",
        defaulted => { level => 1, titleFile => 1 },
        end => 41,
        index => 8,
        name => "Bin",
        parsedKeys => bless({
          aFewChars => undef,
          cmd => "photo",
          height => 1622,
          level => 1,
          name => "Bin",
          say => undef,
          title => "Poubelle",
          titleFile => "poubelle",
          url => "github://philiprbrenan/vocabulary-0/images/A3LetterWords/Bin.jpg",
          width => 1620,
        }, "ParsedKeys"),
        say => undef,
        start => 40,
        title => "Poubelle",
        titleFile => "poubelle",
      }, "ParsedCmd"),
      bless({
        cmd => "photo",
        defaulted => { level => 1, titleFile => 1 },
        end => 44,
        index => 9,
        name => "Bog",
        parsedKeys => bless({
          aFewChars => undef,
          cmd => "photo",
          height => 904,
          level => 1,
          name => "Bog",
          say => undef,
          title => "Tourbi\xE8re",
          titleFile => "tourbi\xE8re",
          url => "github://philiprbrenan/vocabulary-0/images/A3LetterWords/Bog.jpg",
          width => 904,
        }, "ParsedKeys"),
        say => undef,
        start => 43,
        title => "Tourbi\xE8re",
        titleFile => "tourbi\xE8re",
      }, "ParsedCmd"),
      bless({
        cmd => "photo",
        defaulted => { level => 1, titleFile => 1 },
        end => 48,
        index => 10,
        name => "Bow",
        parsedKeys => bless({
          aFewChars        => undef,
          cmd              => "photo",
          height           => 1589,
          level            => 1,
          name             => "Bow",
          pointsOfInterest => "(45, 28)",
          say              => undef,
          title            => "Arc",
          titleFile        => "arc",
          url              => "github://philiprbrenan/vocabulary-0/images/A3LetterWords/Bow.jpg",
          width            => 1587,
        }, "ParsedKeys"),
        say => undef,
        start => 46,
        title => "Arc",
        titleFile => "arc",
      }, "ParsedCmd"),
      bless({
        cmd => "photo",
        defaulted => { level => 1, titleFile => 1 },
        end => 51,
        index => 11,
        name => "Box",
        parsedKeys => bless({
          aFewChars => undef,
          cmd => "photo",
          height => 1728,
          level => 1,
          name => "Box",
          say => undef,
          title => "Bo\xEEte",
          titleFile => "bo\xEEte",
          url => "github://philiprbrenan/vocabulary-0/images/A3LetterWords/Box.jpg",
          width => 1726,
        }, "ParsedKeys"),
        say => undef,
        start => 50,
        title => "Bo\xEEte",
        titleFile => "bo\xEEte",
      }, "ParsedCmd"),
      bless({
        cmd => "photo",
        defaulted => { level => 1, titleFile => 1 },
        end => 55,
        index => 12,
        name => "Boy",
        parsedKeys => bless({
          aFewChars        => undef,
          cmd              => "photo",
          height           => 465,
          level            => 1,
          name             => "Boy",
          pointsOfInterest => "(66, 43)",
          say              => undef,
          title            => "Gar\xE7on",
          titleFile        => "gar\xE7on",
          url              => "github://philiprbrenan/vocabulary-0/images/A3LetterWords/Boy.jpg",
          width            => 465,
        }, "ParsedKeys"),
        say => undef,
        start => 53,
        title => "Gar\xE7on",
        titleFile => "gar\xE7on",
      }, "ParsedCmd"),
      bless({
        cmd => "photo",
        defaulted => { level => 1, titleFile => 1 },
        end => 59,
        index => 13,
        name => "Bug",
        parsedKeys => bless({
          aFewChars        => undef,
          cmd              => "photo",
          height           => 2656,
          level            => 1,
          name             => "Bug",
          pointsOfInterest => "(46, 46)",
          say              => undef,
          title            => "Punaise",
          titleFile        => "punaise",
          url              => "github://philiprbrenan/vocabulary-0/images/A3LetterWords/Bug.jpg",
          width            => 2652,
        }, "ParsedKeys"),
        say => undef,
        start => 57,
        title => "Punaise",
        titleFile => "punaise",
      }, "ParsedCmd"),
      bless({
        cmd => "photo",
        defaulted => { level => 1, titleFile => 1 },
        end => 62,
        index => 14,
        name => "Bun",
        parsedKeys => bless({
          aFewChars => undef,
          cmd => "photo",
          height => 1536,
          level => 1,
          name => "Bun",
          say => undef,
          title => "Chignon",
          titleFile => "chignon",
          url => "github://philiprbrenan/vocabulary-0/images/A3LetterWords/Bun.jpg",
          width => 1534,
        }, "ParsedKeys"),
        say => undef,
        start => 61,
        title => "Chignon",
        titleFile => "chignon",
      }, "ParsedCmd"),
      bless({
        cmd => "photo",
        defaulted => { level => 1, titleFile => 1 },
        end => 67,
        index => 15,
        name => "Bus",
        parsedKeys => bless({
          aFewChars        => undef,
          cmd              => "photo",
          height           => 1363,
          level            => 1,
          name             => "Bus",
          pointsOfInterest => "(64, 51)",
          say              => undef,
          screenShot       => "true",
          title            => "Autobus",
          titleFile        => "autobus",
          url              => "github://philiprbrenan/vocabulary-0/images/A3LetterWords/Bus.jpg",
          width            => 1361,
        }, "ParsedKeys"),
        say => undef,
        start => 64,
        title => "Autobus",
        titleFile => "autobus",
      }, "ParsedCmd"),
      bless({
        cmd => "photo",
        defaulted => { level => 1, titleFile => 1 },
        end => 70,
        index => 16,
        name => "Can",
        parsedKeys => bless({
          aFewChars => undef,
          cmd => "photo",
          height => 1400,
          level => 1,
          name => "Can",
          say => undef,
          title => "Pouvez",
          titleFile => "pouvez",
          url => "github://philiprbrenan/vocabulary-0/images/A3LetterWords/Can.jpg",
          width => 1398,
        }, "ParsedKeys"),
        say => undef,
        start => 69,
        title => "Pouvez",
        titleFile => "pouvez",
      }, "ParsedCmd"),
      bless({
        cmd => "photo",
        defaulted => { level => 1, titleFile => 1 },
        end => 73,
        index => 17,
        name => "Cap",
        parsedKeys => bless({
          aFewChars => undef,
          cmd => "photo",
          height => 1389,
          level => 1,
          name => "Cap",
          say => undef,
          title => "Casquette",
          titleFile => "casquette",
          url => "github://philiprbrenan/vocabulary-0/images/A3LetterWords/Cap.jpg",
          width => 1388,
        }, "ParsedKeys"),
        say => undef,
        start => 72,
        title => "Casquette",
        titleFile => "casquette",
      }, "ParsedCmd"),
      bless({
        cmd => "photo",
        defaulted => { level => 1, titleFile => 1 },
        end => 78,
        index => 18,
        name => "Car",
        parsedKeys => bless({
          aFewChars        => undef,
          cmd              => "photo",
          height           => 318,
          level            => 1,
          name             => "Car",
          pointsOfInterest => "(6, 57)",
          say              => undef,
          screenShot       => "true",
          title            => "Voiture",
          titleFile        => "voiture",
          url              => "github://philiprbrenan/vocabulary-0/images/A3LetterWords/Car.jpg",
          width            => 318,
        }, "ParsedKeys"),
        say => undef,
        start => 75,
        title => "Voiture",
        titleFile => "voiture",
      }, "ParsedCmd"),
      bless({
        cmd => "photo",
        defaulted => { level => 1, titleFile => 1 },
        end => 83,
        index => 19,
        name => "Cat",
        parsedKeys => bless({
          aFewChars        => undef,
          cmd              => "photo",
          height           => 884,
          level            => 1,
          name             => "Cat",
          pointsOfInterest => "(52, 52)",
          say              => undef,
          screenShot       => "true",
          title            => "Chat",
          titleFile        => "chat",
          url              => "github://philiprbrenan/vocabulary-0/images/A3LetterWords/Cat.jpg",
          width            => 885,
        }, "ParsedKeys"),
        say => undef,
        start => 80,
        title => "Chat",
        titleFile => "chat",
      }, "ParsedCmd"),
      bless({
        cmd => "photo",
        defaulted => { level => 1, titleFile => 1 },
        end => 87,
        index => 20,
        name => "Cow",
        parsedKeys => bless({
          aFewChars        => undef,
          cmd              => "photo",
          height           => 1462,
          level            => 1,
          name             => "Cow",
          pointsOfInterest => "(5, 35)",
          say              => undef,
          title            => "Vache",
          titleFile        => "vache",
          url              => "github://philiprbrenan/vocabulary-0/images/A3LetterWords/Cow.jpg",
          width            => 1462,
        }, "ParsedKeys"),
        say => undef,
        start => 85,
        title => "Vache",
        titleFile => "vache",
      }, "ParsedCmd"),
      bless({
        cmd => "photo",
        defaulted => { level => 1, titleFile => 1 },
        end => 90,
        index => 21,
        name => "Cup",
        parsedKeys => bless({
          aFewChars => undef,
          cmd => "photo",
          height => 1592,
          level => 1,
          name => "Cup",
          say => undef,
          title => "Coupe",
          titleFile => "coupe",
          url => "github://philiprbrenan/vocabulary-0/images/A3LetterWords/Cup.jpg",
          width => 1588,
        }, "ParsedKeys"),
        say => undef,
        start => 89,
        title => "Coupe",
        titleFile => "coupe",
      }, "ParsedCmd"),
      bless({
        cmd => "photo",
        defaulted => { level => 1, titleFile => 1 },
        end => 93,
        index => 22,
        name => "Dam",
        parsedKeys => bless({
          aFewChars => undef,
          cmd => "photo",
          height => 2315,
          level => 1,
          name => "Dam",
          say => undef,
          title => "Barrage",
          titleFile => "barrage",
          url => "github://philiprbrenan/vocabulary-0/images/A3LetterWords/Dam.jpg",
          width => 2321,
        }, "ParsedKeys"),
        say => undef,
        start => 92,
        title => "Barrage",
        titleFile => "barrage",
      }, "ParsedCmd"),
      bless({
        cmd => "photo",
        defaulted => { level => 1, titleFile => 1 },
        end => 98,
        index => 23,
        name => "Dog",
        parsedKeys => bless({
          aFewChars        => undef,
          cmd              => "photo",
          height           => 1520,
          level            => 1,
          name             => "Dog",
          pointsOfInterest => "(6, 56)",
          say              => undef,
          screenShot       => "true",
          title            => "Chien",
          titleFile        => "chien",
          url              => "github://philiprbrenan/vocabulary-0/images/A3LetterWords/Dog.jpg",
          width            => 1514,
        }, "ParsedKeys"),
        say => undef,
        start => 95,
        title => "Chien",
        titleFile => "chien",
      }, "ParsedCmd"),
      bless({
        cmd => "photo",
        defaulted => { level => 1, titleFile => 1 },
        end => 101,
        index => 24,
        name => "Ear",
        parsedKeys => bless({
          aFewChars => undef,
          cmd => "photo",
          height => 1132,
          level => 1,
          name => "Ear",
          say => undef,
          title => "Oreille",
          titleFile => "oreille",
          url => "github://philiprbrenan/vocabulary-0/images/A3LetterWords/Ear.jpg",
          width => 1130,
        }, "ParsedKeys"),
        say => undef,
        start => 100,
        title => "Oreille",
        titleFile => "oreille",
      }, "ParsedCmd"),
      bless({
        cmd => "photo",
        defaulted => { level => 1, titleFile => 1 },
        end => 105,
        index => 25,
        name => "Egg",
        parsedKeys => bless({
          aFewChars        => undef,
          cmd              => "photo",
          height           => 432,
          level            => 1,
          name             => "Egg",
          pointsOfInterest => "(46, 26)",
          say              => undef,
          title            => "Oeuf",
          titleFile        => "oeuf",
          url              => "github://philiprbrenan/vocabulary-0/images/A3LetterWords/Egg.jpg",
          width            => 431,
        }, "ParsedKeys"),
        say => undef,
        start => 103,
        title => "Oeuf",
        titleFile => "oeuf",
      }, "ParsedCmd"),
      bless({
        cmd => "photo",
        defaulted => { level => 1, titleFile => 1 },
        end => 109,
        index => 26,
        name => "Emu",
        parsedKeys => bless({
          aFewChars        => undef,
          cmd              => "photo",
          height           => 2283,
          level            => 1,
          name             => "Emu",
          pointsOfInterest => "(32, 22)",
          say              => undef,
          title            => "\xC9meu",
          titleFile        => "\xE9meu",
          url              => "github://philiprbrenan/vocabulary-0/images/A3LetterWords/Emu.jpg",
          width            => 2282,
        }, "ParsedKeys"),
        say => undef,
        start => 107,
        title => "\xC9meu",
        titleFile => "\xE9meu",
      }, "ParsedCmd"),
      bless({
        cmd => "photo",
        defaulted => { level => 1, titleFile => 1 },
        end => 113,
        index => 27,
        name => "Eye",
        parsedKeys => bless({
          aFewChars        => undef,
          cmd              => "photo",
          height           => 1329,
          level            => 1,
          name             => "Eye",
          pointsOfInterest => "(45, 51)",
          say              => undef,
          title            => "\x{152}il",
          titleFile        => "\x{153}il",
          url              => "github://philiprbrenan/vocabulary-0/images/A3LetterWords/Eye.jpg",
          width            => 1327,
        }, "ParsedKeys"),
        say => undef,
        start => 111,
        title => "\x{152}il",
        titleFile => "\x{153}il",
      }, "ParsedCmd"),
      bless({
        cmd => "photo",
        defaulted => { level => 1, titleFile => 1 },
        end => 116,
        index => 28,
        name => "Fan",
        parsedKeys => bless({
          aFewChars => undef,
          cmd => "photo",
          height => 1631,
          level => 1,
          name => "Fan",
          say => undef,
          title => "Ventilateur",
          titleFile => "ventilateur",
          url => "github://philiprbrenan/vocabulary-0/images/A3LetterWords/Fan.jpg",
          width => 1629,
        }, "ParsedKeys"),
        say => undef,
        start => 115,
        title => "Ventilateur",
        titleFile => "ventilateur",
      }, "ParsedCmd"),
      bless({
        cmd => "photo",
        defaulted => { level => 1, titleFile => 1 },
        end => 120,
        index => 29,
        name => "Fin",
        parsedKeys => bless({
          aFewChars        => undef,
          cmd              => "photo",
          height           => 976,
          level            => 1,
          name             => "Fin",
          pointsOfInterest => "(46, 7)",
          say              => undef,
          title            => "Ailette",
          titleFile        => "ailette",
          url              => "github://philiprbrenan/vocabulary-0/images/A3LetterWords/Fin.jpg",
          width            => 975,
        }, "ParsedKeys"),
        say => undef,
        start => 118,
        title => "Ailette",
        titleFile => "ailette",
      }, "ParsedCmd"),
      bless({
        cmd => "photo",
        defaulted => { level => 1, titleFile => 1 },
        end => 124,
        index => 30,
        name => "Fox",
        parsedKeys => bless({
          aFewChars        => undef,
          cmd              => "photo",
          height           => 401,
          level            => 1,
          name             => "Fox",
          pointsOfInterest => "(55, 22)",
          say              => undef,
          title            => "Renard",
          titleFile        => "renard",
          url              => "github://philiprbrenan/vocabulary-0/images/A3LetterWords/Fox.jpg",
          width            => 400,
        }, "ParsedKeys"),
        say => undef,
        start => 122,
        title => "Renard",
        titleFile => "renard",
      }, "ParsedCmd"),
      bless({
        cmd => "photo",
        defaulted => { level => 1, titleFile => 1 },
        end => 127,
        index => 31,
        name => "Hat",
        parsedKeys => bless({
          aFewChars => undef,
          cmd => "photo",
          height => 1667,
          level => 1,
          name => "Hat",
          say => undef,
          title => "Chapeau",
          titleFile => "chapeau",
          url => "github://philiprbrenan/vocabulary-0/images/A3LetterWords/Hat.jpg",
          width => 1664,
        }, "ParsedKeys"),
        say => undef,
        start => 126,
        title => "Chapeau",
        titleFile => "chapeau",
      }, "ParsedCmd"),
      bless({
        cmd => "photo",
        defaulted => { level => 1, titleFile => 1 },
        end => 130,
        index => 32,
        name => "Hoe",
        parsedKeys => bless({
          aFewChars => undef,
          cmd => "photo",
          height => 1958,
          level => 1,
          name => "Hoe",
          say => undef,
          title => "Houe",
          titleFile => "houe",
          url => "github://philiprbrenan/vocabulary-0/images/A3LetterWords/Hoe.jpg",
          width => 1956,
        }, "ParsedKeys"),
        say => undef,
        start => 129,
        title => "Houe",
        titleFile => "houe",
      }, "ParsedCmd"),
      bless({
        cmd => "photo",
        defaulted => { level => 1, titleFile => 1 },
        end => 134,
        index => 33,
        name => "Ice",
        parsedKeys => bless({
          aFewChars        => undef,
          cmd              => "photo",
          height           => 1461,
          level            => 1,
          name             => "Ice",
          pointsOfInterest => "(56, 39)",
          say              => undef,
          title            => "La glace",
          titleFile        => "laGlace",
          url              => "github://philiprbrenan/vocabulary-0/images/A3LetterWords/Ice.jpg",
          width            => 1460,
        }, "ParsedKeys"),
        say => undef,
        start => 132,
        title => "La glace",
        titleFile => "laGlace",
      }, "ParsedCmd"),
      bless({
        cmd => "photo",
        defaulted => { level => 1, titleFile => 1 },
        end => 137,
        index => 34,
        name => "Jar",
        parsedKeys => bless({
          aFewChars => undef,
          cmd => "photo",
          height => 1150,
          level => 1,
          name => "Jar",
          say => undef,
          title => "Pot",
          titleFile => "pot",
          url => "github://philiprbrenan/vocabulary-0/images/A3LetterWords/Jar.jpg",
          width => 1148,
        }, "ParsedKeys"),
        say => undef,
        start => 136,
        title => "Pot",
        titleFile => "pot",
      }, "ParsedCmd"),
      bless({
        cmd => "photo",
        defaulted => { level => 1, titleFile => 1 },
        end => 140,
        index => 35,
        name => "Jug",
        parsedKeys => bless({
          aFewChars => undef,
          cmd => "photo",
          height => 1586,
          level => 1,
          name => "Jug",
          say => undef,
          title => "Cruche",
          titleFile => "cruche",
          url => "github://philiprbrenan/vocabulary-0/images/A3LetterWords/Jug.jpg",
          width => 1583,
        }, "ParsedKeys"),
        say => undef,
        start => 139,
        title => "Cruche",
        titleFile => "cruche",
      }, "ParsedCmd"),
      bless({
        cmd => "photo",
        defaulted => { level => 1, titleFile => 1 },
        end => 143,
        index => 36,
        name => "Key",
        parsedKeys => bless({
          aFewChars => undef,
          cmd => "photo",
          height => 1492,
          level => 1,
          name => "Key",
          say => undef,
          title => "Cl\xE9",
          titleFile => "cl\xE9",
          url => "github://philiprbrenan/vocabulary-0/images/A3LetterWords/Key.jpg",
          width => 1490,
        }, "ParsedKeys"),
        say => undef,
        start => 142,
        title => "Cl\xE9",
        titleFile => "cl\xE9",
      }, "ParsedCmd"),
      bless({
        cmd => "photo",
        defaulted => { level => 1, titleFile => 1 },
        end => 146,
        index => 37,
        name => "Leg",
        parsedKeys => bless({
          aFewChars => undef,
          cmd => "photo",
          height => 1037,
          level => 1,
          name => "Leg",
          say => undef,
          title => "Jambe",
          titleFile => "jambe",
          url => "github://philiprbrenan/vocabulary-0/images/A3LetterWords/Leg.jpg",
          width => 1035,
        }, "ParsedKeys"),
        say => undef,
        start => 145,
        title => "Jambe",
        titleFile => "jambe",
      }, "ParsedCmd"),
      bless({
        cmd => "photo",
        defaulted => { level => 1, titleFile => 1 },
        end => 149,
        index => 38,
        name => "Lid",
        parsedKeys => bless({
          aFewChars => undef,
          cmd => "photo",
          height => 1739,
          level => 1,
          name => "Lid",
          say => undef,
          title => "Couvercle",
          titleFile => "couvercle",
          url => "github://philiprbrenan/vocabulary-0/images/A3LetterWords/Lid.jpg",
          width => 1737,
        }, "ParsedKeys"),
        say => undef,
        start => 148,
        title => "Couvercle",
        titleFile => "couvercle",
      }, "ParsedCmd"),
      bless({
        cmd => "photo",
        defaulted => { level => 1, titleFile => 1 },
        end => 152,
        index => 39,
        name => "Map",
        parsedKeys => bless({
          aFewChars => undef,
          cmd => "photo",
          height => 442,
          level => 1,
          name => "Map",
          say => undef,
          title => "Carte",
          titleFile => "carte",
          url => "github://philiprbrenan/vocabulary-0/images/A3LetterWords/Map.jpg",
          width => 441,
        }, "ParsedKeys"),
        say => undef,
        start => 151,
        title => "Carte",
        titleFile => "carte",
      }, "ParsedCmd"),
      bless({
        cmd => "photo",
        defaulted => { level => 1, titleFile => 1 },
        end => 155,
        index => 40,
        name => "Men",
        parsedKeys => bless({
          aFewChars => undef,
          cmd => "photo",
          height => 1725,
          level => 1,
          name => "Men",
          say => undef,
          title => "Hommes",
          titleFile => "hommes",
          url => "github://philiprbrenan/vocabulary-0/images/A3LetterWords/Men.jpg",
          width => 1723,
        }, "ParsedKeys"),
        say => undef,
        start => 154,
        title => "Hommes",
        titleFile => "hommes",
      }, "ParsedCmd"),
      bless({
        cmd => "photo",
        defaulted => { level => 1, titleFile => 1 },
        end => 158,
        index => 41,
        name => "Mug",
        parsedKeys => bless({
          aFewChars => undef,
          cmd => "photo",
          height => 1230,
          level => 1,
          name => "Mug",
          say => undef,
          title => "Agresser",
          titleFile => "agresser",
          url => "github://philiprbrenan/vocabulary-0/images/A3LetterWords/Mug.jpg",
          width => 1228,
        }, "ParsedKeys"),
        say => undef,
        start => 157,
        title => "Agresser",
        titleFile => "agresser",
      }, "ParsedCmd"),
      bless({
        cmd => "photo",
        defaulted => { level => 1, titleFile => 1 },
        end => 162,
        index => 42,
        name => "Oar",
        parsedKeys => bless({
          aFewChars        => undef,
          cmd              => "photo",
          height           => 1492,
          level            => 1,
          name             => "Oar",
          pointsOfInterest => "(41, 25)",
          say              => undef,
          title            => "Rame",
          titleFile        => "rame",
          url              => "github://philiprbrenan/vocabulary-0/images/A3LetterWords/Oar.jpg",
          width            => 1490,
        }, "ParsedKeys"),
        say => undef,
        start => 160,
        title => "Rame",
        titleFile => "rame",
      }, "ParsedCmd"),
      bless({
        cmd => "photo",
        defaulted => { level => 1, titleFile => 1 },
        end => 166,
        index => 43,
        name => "Owl",
        parsedKeys => bless({
          aFewChars        => undef,
          cmd              => "photo",
          height           => 1435,
          level            => 1,
          name             => "Owl",
          pointsOfInterest => "(55, 29)",
          say              => undef,
          title            => "Hibou",
          titleFile        => "hibou",
          url              => "github://philiprbrenan/vocabulary-0/images/A3LetterWords/Owl.jpg",
          width            => 1431,
        }, "ParsedKeys"),
        say => undef,
        start => 164,
        title => "Hibou",
        titleFile => "hibou",
      }, "ParsedCmd"),
      bless({
        cmd => "photo",
        defaulted => { level => 1, titleFile => 1 },
        end => 169,
        index => 44,
        name => "Pan",
        parsedKeys => bless({
          aFewChars => undef,
          cmd => "photo",
          height => 1528,
          level => 1,
          name => "Pan",
          say => undef,
          title => "La po\xEAle",
          titleFile => "laPo\xEAle",
          url => "github://philiprbrenan/vocabulary-0/images/A3LetterWords/Pan.jpg",
          width => 1524,
        }, "ParsedKeys"),
        say => undef,
        start => 168,
        title => "La po\xEAle",
        titleFile => "laPo\xEAle",
      }, "ParsedCmd"),
      bless({
        cmd => "photo",
        defaulted => { level => 1, titleFile => 1 },
        end => 173,
        index => 45,
        name => "Peg",
        parsedKeys => bless({
          aFewChars        => undef,
          cmd              => "photo",
          height           => 1723,
          level            => 1,
          name             => "Peg",
          pointsOfInterest => "(22, 36)",
          say              => undef,
          title            => "Cheville",
          titleFile        => "cheville",
          url              => "github://philiprbrenan/vocabulary-0/images/A3LetterWords/Peg.jpg",
          width            => 1721,
        }, "ParsedKeys"),
        say => undef,
        start => 171,
        title => "Cheville",
        titleFile => "cheville",
      }, "ParsedCmd"),
      bless({
        cmd => "photo",
        defaulted => { level => 1, titleFile => 1 },
        end => 176,
        index => 46,
        name => "Pen",
        parsedKeys => bless({
          aFewChars => undef,
          cmd => "photo",
          height => 1365,
          level => 1,
          name => "Pen",
          say => undef,
          title => "Stylo",
          titleFile => "stylo",
          url => "github://philiprbrenan/vocabulary-0/images/A3LetterWords/Pen.jpg",
          width => 1363,
        }, "ParsedKeys"),
        say => undef,
        start => 175,
        title => "Stylo",
        titleFile => "stylo",
      }, "ParsedCmd"),
      bless({
        cmd => "photo",
        defaulted => { level => 1, titleFile => 1 },
        end => 180,
        index => 47,
        name => "Pig",
        parsedKeys => bless({
          aFewChars        => undef,
          cmd              => "photo",
          height           => 1834,
          level            => 1,
          name             => "Pig",
          pointsOfInterest => "(79, 66)",
          say              => undef,
          title            => "Porc",
          titleFile        => "porc",
          url              => "github://philiprbrenan/vocabulary-0/images/A3LetterWords/Pig.jpg",
          width            => 1830,
        }, "ParsedKeys"),
        say => undef,
        start => 178,
        title => "Porc",
        titleFile => "porc",
      }, "ParsedCmd"),
      bless({
        cmd => "photo",
        defaulted => { level => 1, titleFile => 1 },
        end => 184,
        index => 48,
        name => "Pin",
        parsedKeys => bless({
          aFewChars        => undef,
          cmd              => "photo",
          height           => 1299,
          level            => 1,
          name             => "Pin",
          pointsOfInterest => "(75, 26)",
          say              => undef,
          title            => "\xC9pingle",
          titleFile        => "\xE9pingle",
          url              => "github://philiprbrenan/vocabulary-0/images/A3LetterWords/Pin.jpg",
          width            => 1296,
        }, "ParsedKeys"),
        say => undef,
        start => 182,
        title => "\xC9pingle",
        titleFile => "\xE9pingle",
      }, "ParsedCmd"),
      bless({
        cmd => "photo",
        defaulted => { level => 1, titleFile => 1 },
        end => 187,
        index => 49,
        name => "Rug",
        parsedKeys => bless({
          aFewChars => undef,
          cmd => "photo",
          height => 1837,
          level => 1,
          name => "Rug",
          say => undef,
          title => "Couverture",
          titleFile => "couverture",
          url => "github://philiprbrenan/vocabulary-0/images/A3LetterWords/Rug.jpg",
          width => 1834,
        }, "ParsedKeys"),
        say => undef,
        start => 186,
        title => "Couverture",
        titleFile => "couverture",
      }, "ParsedCmd"),
      bless({
        cmd => "photo",
        defaulted => { level => 1, titleFile => 1 },
        end => 191,
        index => 50,
        name => "Sea",
        parsedKeys => bless({
          aFewChars        => undef,
          cmd              => "photo",
          height           => 1519,
          level            => 1,
          name             => "Sea",
          pointsOfInterest => "(48, 55)",
          say              => undef,
          title            => "Mer",
          titleFile        => "mer",
          url              => "github://philiprbrenan/vocabulary-0/images/A3LetterWords/Sea.jpg",
          width            => 1516,
        }, "ParsedKeys"),
        say => undef,
        start => 189,
        title => "Mer",
        titleFile => "mer",
      }, "ParsedCmd"),
      bless({
        cmd => "photo",
        defaulted => { level => 1, titleFile => 1 },
        end => 195,
        index => 51,
        name => "Sow",
        parsedKeys => bless({
          aFewChars        => undef,
          cmd              => "photo",
          height           => 2387,
          level            => 1,
          name             => "Sow",
          pointsOfInterest => "(84, 6)",
          say              => undef,
          title            => "Truie",
          titleFile        => "truie",
          url              => "github://philiprbrenan/vocabulary-0/images/A3LetterWords/Sow.jpg",
          width            => 2382,
        }, "ParsedKeys"),
        say => undef,
        start => 193,
        title => "Truie",
        titleFile => "truie",
      }, "ParsedCmd"),
      bless({
        cmd => "photo",
        defaulted => { level => 1, titleFile => 1 },
        end => 200,
        index => 52,
        name => "Sun",
        parsedKeys => bless({
          aFewChars        => undef,
          cmd              => "photo",
          height           => 1819,
          level            => 1,
          name             => "Sun",
          pointsOfInterest => "(49, 46)",
          say              => undef,
          screenShot       => "true",
          title            => "Soleil",
          titleFile        => "soleil",
          url              => "github://philiprbrenan/vocabulary-0/images/A3LetterWords/Sun.jpg",
          width            => 1814,
        }, "ParsedKeys"),
        say => undef,
        start => 197,
        title => "Soleil",
        titleFile => "soleil",
      }, "ParsedCmd"),
      bless({
        cmd => "photo",
        defaulted => { level => 1, titleFile => 1 },
        end => 204,
        index => 53,
        name => "Tap",
        parsedKeys => bless({
          aFewChars        => undef,
          cmd              => "photo",
          height           => 1796,
          level            => 1,
          name             => "Tap",
          pointsOfInterest => "(72, 35)",
          say              => undef,
          title            => "Robinet",
          titleFile        => "robinet",
          url              => "github://philiprbrenan/vocabulary-0/images/A3LetterWords/Tap.jpg",
          width            => 1794,
        }, "ParsedKeys"),
        say => undef,
        start => 202,
        title => "Robinet",
        titleFile => "robinet",
      }, "ParsedCmd"),
      bless({
        cmd => "photo",
        defaulted => { level => 1, titleFile => 1 },
        end => 208,
        index => 54,
        name => "Toe",
        parsedKeys => bless({
          aFewChars        => undef,
          cmd              => "photo",
          height           => 1216,
          level            => 1,
          name             => "Toe",
          pointsOfInterest => "(38, 17)",
          say              => undef,
          title            => "Doigt de pied",
          titleFile        => "doigtDePied",
          url              => "github://philiprbrenan/vocabulary-0/images/A3LetterWords/Toe.jpg",
          width            => 1217,
        }, "ParsedKeys"),
        say => undef,
        start => 206,
        title => "Doigt de pied",
        titleFile => "doigtDePied",
      }, "ParsedCmd"),
      bless({
        cmd => "photo",
        defaulted => { level => 1, titleFile => 1 },
        end => 213,
        index => 55,
        name => "Van",
        parsedKeys => bless({
          aFewChars        => undef,
          cmd              => "photo",
          height           => 1920,
          level            => 1,
          name             => "Van",
          pointsOfInterest => "(36, 39)",
          say              => undef,
          screenShot       => "true",
          title            => "Van",
          titleFile        => "van",
          url              => "github://philiprbrenan/vocabulary-0/images/A3LetterWords/Van.jpg",
          width            => 1918,
        }, "ParsedKeys"),
        say => undef,
        start => 210,
        title => "Van",
        titleFile => "van",
      }, "ParsedCmd"),
      bless({
        cmd => "photo",
        defaulted => { level => 1, titleFile => 1 },
        end => 216,
        index => 56,
        name => "Wok",
        parsedKeys => bless({
          aFewChars => undef,
          cmd => "photo",
          height => 1533,
          level => 1,
          name => "Wok",
          say => undef,
          title => "Wok",
          titleFile => "wok",
          url => "github://philiprbrenan/vocabulary-0/images/A3LetterWords/Wok.jpg",
          width => 1529,
        }, "ParsedKeys"),
        say => undef,
        start => 215,
        title => "Wok",
        titleFile => "wok",
      }, "ParsedCmd"),
      bless({
        cmd => "photo",
        defaulted => { level => 1, titleFile => 1 },
        end => 220,
        index => 57,
        name => "Yak",
        parsedKeys => bless({
          aFewChars        => undef,
          cmd              => "photo",
          height           => 2501,
          level            => 1,
          name             => "Yak",
          pointsOfInterest => "(71, 38)",
          say              => undef,
          title            => "Yak",
          titleFile        => "yak",
          url              => "github://philiprbrenan/vocabulary-0/images/A3LetterWords/Yak.jpg",
          width            => 2497,
        }, "ParsedKeys"),
        say => undef,
        start => 218,
        title => "Yak",
        titleFile => "yak",
      }, "ParsedCmd"),
      bless({
        cmd => "photo",
        defaulted => { level => 1, titleFile => 1 },
        end => 224,
        index => 58,
        name => "Zip",
        parsedKeys => bless({
          aFewChars        => undef,
          cmd              => "photo",
          height           => 1318,
          level            => 1,
          name             => "Zip",
          pointsOfInterest => "(46, 5)",
          say              => undef,
          title            => "Fermeture \xE9clair",
          titleFile        => "fermeture\xC9clair",
          url              => "github://philiprbrenan/vocabulary-0/images/A3LetterWords/Zip.jpg",
          width            => 1316,
        }, "ParsedKeys"),
        say => undef,
        start => 222,
        title => "Fermeture \xE9clair",
        titleFile => "fermeture\xC9clair",
      }, "ParsedCmd"),
    ],
    project => "philiprbrenan/vocabulary/g/A3LetterWords/l/fr/",
    source => "app    vocabulary.g.A3LetterWords.l.fr  =  Three-Letter Words in French                                      \n       author                           =  philiprbrenan                                                     \n       description                      =  En savoir plus sur les mots de trois lettres                      \n       email                            =  philiprbrenan\@gmail.com                                           \n       emphasis                         =                                                                12  \n       icon                             =  github://philiprbrenan/vocabulary-0/images/A3LetterWords/Eye.jpg  \n       saveScreenShotsTo                =  philiprbrenan/screenShots-0                                       \n       language                         =  fr                                                                \n       \nphoto  Ant                              =  Fourmi                                                            \n       pointsOfInterest                 =  (57, 39)                                                          \n       screenShot                       =  true                                                              \n       url                              =  github://philiprbrenan/vocabulary-0/images/A3LetterWords/Ant.jpg  \n       \nphoto  Ape                              =  Singe                                                             \n       url                              =  github://philiprbrenan/vocabulary-0/images/A3LetterWords/Ape.jpg  \n       \nphoto  Arm                              =  Bras                                                              \n       url                              =  github://philiprbrenan/vocabulary-0/images/A3LetterWords/Arm.jpg  \n       \nphoto  Bag                              =  Sac                                                               \n       url                              =  github://philiprbrenan/vocabulary-0/images/A3LetterWords/Bag.jpg  \n       \nphoto  Bat                              =  Chauve souris                                                     \n       pointsOfInterest                 =  (51, 45)                                                          \n       url                              =  github://philiprbrenan/vocabulary-0/images/A3LetterWords/Bat.jpg  \n       \nphoto  Bay                              =  Baie                                                              \n       screenShot                       =  true                                                              \n       url                              =  github://philiprbrenan/vocabulary-0/images/A3LetterWords/Bay.jpg  \n       \nphoto  Bed                              =  Lit                                                               \n       pointsOfInterest                 =  (51, 4)                                                           \n       url                              =  github://philiprbrenan/vocabulary-0/images/A3LetterWords/Bed.jpg  \n       \nphoto  Bee                              =  Abeille                                                           \n       pointsOfInterest                 =  (47, 4)                                                           \n       url                              =  github://philiprbrenan/vocabulary-0/images/A3LetterWords/Bee.jpg  \n       \nphoto  Bin                              =  Poubelle                                                          \n       url                              =  github://philiprbrenan/vocabulary-0/images/A3LetterWords/Bin.jpg  \n       \nphoto  Bog                              =  Tourbi\xE8re                                                         \n       url                              =  github://philiprbrenan/vocabulary-0/images/A3LetterWords/Bog.jpg  \n       \nphoto  Bow                              =  Arc                                                               \n       pointsOfInterest                 =  (45, 28)                                                          \n       url                              =  github://philiprbrenan/vocabulary-0/images/A3LetterWords/Bow.jpg  \n       \nphoto  Box                              =  Bo\xEEte                                                             \n       url                              =  github://philiprbrenan/vocabulary-0/images/A3LetterWords/Box.jpg  \n       \nphoto  Boy                              =  Gar\xE7on                                                            \n       pointsOfInterest                 =  (66, 43)                                                          \n       url                              =  github://philiprbrenan/vocabulary-0/images/A3LetterWords/Boy.jpg  \n       \nphoto  Bug                              =  Punaise                                                           \n       pointsOfInterest                 =  (46, 46)                                                          \n       url                              =  github://philiprbrenan/vocabulary-0/images/A3LetterWords/Bug.jpg  \n       \nphoto  Bun                              =  Chignon                                                           \n       url                              =  github://philiprbrenan/vocabulary-0/images/A3LetterWords/Bun.jpg  \n       \nphoto  Bus                              =  Autobus                                                           \n       pointsOfInterest                 =  (64, 51)                                                          \n       screenShot                       =  true                                                              \n       url                              =  github://philiprbrenan/vocabulary-0/images/A3LetterWords/Bus.jpg  \n       \nphoto  Can                              =  Pouvez                                                            \n       url                              =  github://philiprbrenan/vocabulary-0/images/A3LetterWords/Can.jpg  \n       \nphoto  Cap                              =  Casquette                                                         \n       url                              =  github://philiprbrenan/vocabulary-0/images/A3LetterWords/Cap.jpg  \n       \nphoto  Car                              =  Voiture                                                           \n       pointsOfInterest                 =  (6, 57)                                                           \n       screenShot                       =  true                                                              \n       url                              =  github://philiprbrenan/vocabulary-0/images/A3LetterWords/Car.jpg  \n       \nphoto  Cat                              =  Chat                                                              \n       pointsOfInterest                 =  (52, 52)                                                          \n       screenShot                       =  true                                                              \n       url                              =  github://philiprbrenan/vocabulary-0/images/A3LetterWords/Cat.jpg  \n       \nphoto  Cow                              =  Vache                                                             \n       pointsOfInterest                 =  (5, 35)                                                           \n       url                              =  github://philiprbrenan/vocabulary-0/images/A3LetterWords/Cow.jpg  \n       \nphoto  Cup                              =  Coupe                                                             \n       url                              =  github://philiprbrenan/vocabulary-0/images/A3LetterWords/Cup.jpg  \n       \nphoto  Dam                              =  Barrage                                                           \n       url                              =  github://philiprbrenan/vocabulary-0/images/A3LetterWords/Dam.jpg  \n       \nphoto  Dog                              =  Chien                                                             \n       pointsOfInterest                 =  (6, 56)                                                           \n       screenShot                       =  true                                                              \n       url                              =  github://philiprbrenan/vocabulary-0/images/A3LetterWords/Dog.jpg  \n       \nphoto  Ear                              =  Oreille                                                           \n       url                              =  github://philiprbrenan/vocabulary-0/images/A3LetterWords/Ear.jpg  \n       \nphoto  Egg                              =  Oeuf                                                              \n       pointsOfInterest                 =  (46, 26)                                                          \n       url                              =  github://philiprbrenan/vocabulary-0/images/A3LetterWords/Egg.jpg  \n       \nphoto  Emu                              =  \xC9meu                                                              \n       pointsOfInterest                 =  (32, 22)                                                          \n       url                              =  github://philiprbrenan/vocabulary-0/images/A3LetterWords/Emu.jpg  \n       \nphoto  Eye                              =  \x{152}il                                                               \n       pointsOfInterest                 =  (45, 51)                                                          \n       url                              =  github://philiprbrenan/vocabulary-0/images/A3LetterWords/Eye.jpg  \n       \nphoto  Fan                              =  Ventilateur                                                       \n       url                              =  github://philiprbrenan/vocabulary-0/images/A3LetterWords/Fan.jpg  \n       \nphoto  Fin                              =  Ailette                                                           \n       pointsOfInterest                 =  (46, 7)                                                           \n       url                              =  github://philiprbrenan/vocabulary-0/images/A3LetterWords/Fin.jpg  \n       \nphoto  Fox                              =  Renard                                                            \n       pointsOfInterest                 =  (55, 22)                                                          \n       url                              =  github://philiprbrenan/vocabulary-0/images/A3LetterWords/Fox.jpg  \n       \nphoto  Hat                              =  Chapeau                                                           \n       url                              =  github://philiprbrenan/vocabulary-0/images/A3LetterWords/Hat.jpg  \n       \nphoto  Hoe                              =  Houe                                                              \n       url                              =  github://philiprbrenan/vocabulary-0/images/A3LetterWords/Hoe.jpg  \n       \nphoto  Ice                              =  La glace                                                          \n       pointsOfInterest                 =  (56, 39)                                                          \n       url                              =  github://philiprbrenan/vocabulary-0/images/A3LetterWords/Ice.jpg  \n       \nphoto  Jar                              =  Pot                                                               \n       url                              =  github://philiprbrenan/vocabulary-0/images/A3LetterWords/Jar.jpg  \n       \nphoto  Jug                              =  Cruche                                                            \n       url                              =  github://philiprbrenan/vocabulary-0/images/A3LetterWords/Jug.jpg  \n       \nphoto  Key                              =  Cl\xE9                                                               \n       url                              =  github://philiprbrenan/vocabulary-0/images/A3LetterWords/Key.jpg  \n       \nphoto  Leg                              =  Jambe                                                             \n       url                              =  github://philiprbrenan/vocabulary-0/images/A3LetterWords/Leg.jpg  \n       \nphoto  Lid                              =  Couvercle                                                         \n       url                              =  github://philiprbrenan/vocabulary-0/images/A3LetterWords/Lid.jpg  \n       \nphoto  Map                              =  Carte                                                             \n       url                              =  github://philiprbrenan/vocabulary-0/images/A3LetterWords/Map.jpg  \n       \nphoto  Men                              =  Hommes                                                            \n       url                              =  github://philiprbrenan/vocabulary-0/images/A3LetterWords/Men.jpg  \n       \nphoto  Mug                              =  Agresser                                                          \n       url                              =  github://philiprbrenan/vocabulary-0/images/A3LetterWords/Mug.jpg  \n       \nphoto  Oar                              =  Rame                                                              \n       pointsOfInterest                 =  (41, 25)                                                          \n       url                              =  github://philiprbrenan/vocabulary-0/images/A3LetterWords/Oar.jpg  \n       \nphoto  Owl                              =  Hibou                                                             \n       pointsOfInterest                 =  (55, 29)                                                          \n       url                              =  github://philiprbrenan/vocabulary-0/images/A3LetterWords/Owl.jpg  \n       \nphoto  Pan                              =  La po\xEAle                                                          \n       url                              =  github://philiprbrenan/vocabulary-0/images/A3LetterWords/Pan.jpg  \n       \nphoto  Peg                              =  Cheville                                                          \n       pointsOfInterest                 =  (22, 36)                                                          \n       url                              =  github://philiprbrenan/vocabulary-0/images/A3LetterWords/Peg.jpg  \n       \nphoto  Pen                              =  Stylo                                                             \n       url                              =  github://philiprbrenan/vocabulary-0/images/A3LetterWords/Pen.jpg  \n       \nphoto  Pig                              =  Porc                                                              \n       pointsOfInterest                 =  (79, 66)                                                          \n       url                              =  github://philiprbrenan/vocabulary-0/images/A3LetterWords/Pig.jpg  \n       \nphoto  Pin                              =  \xC9pingle                                                           \n       pointsOfInterest                 =  (75, 26)                                                          \n       url                              =  github://philiprbrenan/vocabulary-0/images/A3LetterWords/Pin.jpg  \n       \nphoto  Rug                              =  Couverture                                                        \n       url                              =  github://philiprbrenan/vocabulary-0/images/A3LetterWords/Rug.jpg  \n       \nphoto  Sea                              =  Mer                                                               \n       pointsOfInterest                 =  (48, 55)                                                          \n       url                              =  github://philiprbrenan/vocabulary-0/images/A3LetterWords/Sea.jpg  \n       \nphoto  Sow                              =  Truie                                                             \n       pointsOfInterest                 =  (84, 6)                                                           \n       url                              =  github://philiprbrenan/vocabulary-0/images/A3LetterWords/Sow.jpg  \n       \nphoto  Sun                              =  Soleil                                                            \n       pointsOfInterest                 =  (49, 46)                                                          \n       screenShot                       =  true                                                              \n       url                              =  github://philiprbrenan/vocabulary-0/images/A3LetterWords/Sun.jpg  \n       \nphoto  Tap                              =  Robinet                                                           \n       pointsOfInterest                 =  (72, 35)                                                          \n       url                              =  github://philiprbrenan/vocabulary-0/images/A3LetterWords/Tap.jpg  \n       \nphoto  Toe                              =  Doigt de pied                                                     \n       pointsOfInterest                 =  (38, 17)                                                          \n       url                              =  github://philiprbrenan/vocabulary-0/images/A3LetterWords/Toe.jpg  \n       \nphoto  Van                              =  Van                                                               \n       pointsOfInterest                 =  (36, 39)                                                          \n       screenShot                       =  true                                                              \n       url                              =  github://philiprbrenan/vocabulary-0/images/A3LetterWords/Van.jpg  \n       \nphoto  Wok                              =  Wok                                                               \n       url                              =  github://philiprbrenan/vocabulary-0/images/A3LetterWords/Wok.jpg  \n       \nphoto  Yak                              =  Yak                                                               \n       pointsOfInterest                 =  (71, 38)                                                          \n       url                              =  github://philiprbrenan/vocabulary-0/images/A3LetterWords/Yak.jpg  \n       \nphoto  Zip                              =  Fermeture \xE9clair                                                  \n       pointsOfInterest                 =  (46, 5)                                                           \n       url                              =  github://philiprbrenan/vocabulary-0/images/A3LetterWords/Zip.jpg  \n",
    sourceFileSha => "9ff50e8baa8c25ded8998868b09d9ddd84e6f79e",
    step => "completed",
    time => 1515517235,
  }, "Manifest");
  $a->{parsedCmds}[0] = $a->{app};
  $a;
}